[0.163s] DEBUG:colcon:Command line arguments: ['/usr/bin/colcon', 'build', '--cmake-args', '-DBUILD_TESTING=ON']
[0.163s] DEBUG:colcon:Parsed command line arguments: Namespace(log_base=None, log_level=None, verb_name='build', build_base='build', install_base='install', merge_install=False, symlink_install=False, test_result_base=None, continue_on_error=False, executor='parallel', parallel_workers=5, event_handlers=None, ignore_user_meta=False, metas=['./colcon.meta'], base_paths=['.'], packages_ignore=None, packages_ignore_regex=None, paths=None, packages_up_to=None, packages_up_to_regex=None, packages_above=None, packages_above_and_dependencies=None, packages_above_depth=None, packages_select_by_dep=None, packages_skip_by_dep=None, packages_skip_up_to=None, packages_select_build_failed=False, packages_skip_build_finished=False, packages_select_test_failures=False, packages_skip_test_passed=False, packages_select=None, packages_skip=None, packages_select_regex=None, packages_skip_regex=None, packages_start=None, packages_end=None, allow_overriding=[], cmake_args=['-DBUILD_TESTING=ON'], cmake_target=None, cmake_target_skip_unavailable=False, cmake_clean_cache=False, cmake_clean_first=False, cmake_force_configure=False, ament_cmake_args=None, catkin_cmake_args=None, catkin_skip_building_tests=False, verb_parser=<colcon_defaults.argument_parser.defaults.DefaultArgumentsDecorator object at 0xffffae223ee0>, verb_extension=<colcon_core.verb.build.BuildVerb object at 0xffffae1960e0>, main=<bound method BuildVerb.main of <colcon_core.verb.build.BuildVerb object at 0xffffae1960e0>>)
[0.179s] Level 1:colcon.colcon_core.package_discovery:discover_packages(colcon_meta) check parameters
[0.179s] Level 1:colcon.colcon_core.package_discovery:discover_packages(recursive) check parameters
[0.179s] Level 1:colcon.colcon_core.package_discovery:discover_packages(ignore) check parameters
[0.179s] Level 1:colcon.colcon_core.package_discovery:discover_packages(path) check parameters
[0.179s] Level 1:colcon.colcon_core.package_discovery:discover_packages(colcon_meta) discover
[0.179s] Level 1:colcon.colcon_core.package_discovery:discover_packages(recursive) discover
[0.179s] INFO:colcon.colcon_core.package_discovery:Crawling recursively for packages in '/home/ubuntu/dev_ws'
[0.179s] Level 1:colcon.colcon_core.package_identification:_identify(.) by extensions ['ignore', 'ignore_ament_install']
[0.179s] Level 1:colcon.colcon_core.package_identification:_identify(.) by extension 'ignore'
[0.179s] Level 1:colcon.colcon_core.package_identification:_identify(.) by extension 'ignore_ament_install'
[0.179s] Level 1:colcon.colcon_core.package_identification:_identify(.) by extensions ['colcon_pkg']
[0.179s] Level 1:colcon.colcon_core.package_identification:_identify(.) by extension 'colcon_pkg'
[0.179s] Level 1:colcon.colcon_core.package_identification:_identify(.) by extensions ['colcon_meta']
[0.179s] Level 1:colcon.colcon_core.package_identification:_identify(.) by extension 'colcon_meta'
[0.179s] Level 1:colcon.colcon_core.package_identification:_identify(.) by extensions ['ros']
[0.179s] Level 1:colcon.colcon_core.package_identification:_identify(.) by extension 'ros'
[0.185s] Level 1:colcon.colcon_core.package_identification:_identify(.) by extensions ['cmake', 'python']
[0.185s] Level 1:colcon.colcon_core.package_identification:_identify(.) by extension 'cmake'
[0.185s] Level 1:colcon.colcon_core.package_identification:_identify(.) by extension 'python'
[0.185s] Level 1:colcon.colcon_core.package_identification:_identify(.) by extensions ['python_setup_py']
[0.185s] Level 1:colcon.colcon_core.package_identification:_identify(.) by extension 'python_setup_py'
[0.185s] Level 1:colcon.colcon_core.package_identification:_identify(build) by extensions ['ignore', 'ignore_ament_install']
[0.185s] Level 1:colcon.colcon_core.package_identification:_identify(build) by extension 'ignore'
[0.186s] Level 1:colcon.colcon_core.package_identification:_identify(build) ignored
[0.186s] Level 1:colcon.colcon_core.package_identification:_identify(install) by extensions ['ignore', 'ignore_ament_install']
[0.186s] Level 1:colcon.colcon_core.package_identification:_identify(install) by extension 'ignore'
[0.186s] Level 1:colcon.colcon_core.package_identification:_identify(install) ignored
[0.186s] Level 1:colcon.colcon_core.package_identification:_identify(log) by extensions ['ignore', 'ignore_ament_install']
[0.186s] Level 1:colcon.colcon_core.package_identification:_identify(log) by extension 'ignore'
[0.186s] Level 1:colcon.colcon_core.package_identification:_identify(log) ignored
[0.186s] Level 1:colcon.colcon_core.package_identification:_identify(src) by extensions ['ignore', 'ignore_ament_install']
[0.186s] Level 1:colcon.colcon_core.package_identification:_identify(src) by extension 'ignore'
[0.186s] Level 1:colcon.colcon_core.package_identification:_identify(src) by extension 'ignore_ament_install'
[0.186s] Level 1:colcon.colcon_core.package_identification:_identify(src) by extensions ['colcon_pkg']
[0.186s] Level 1:colcon.colcon_core.package_identification:_identify(src) by extension 'colcon_pkg'
[0.186s] Level 1:colcon.colcon_core.package_identification:_identify(src) by extensions ['colcon_meta']
[0.186s] Level 1:colcon.colcon_core.package_identification:_identify(src) by extension 'colcon_meta'
[0.186s] Level 1:colcon.colcon_core.package_identification:_identify(src) by extensions ['ros']
[0.186s] Level 1:colcon.colcon_core.package_identification:_identify(src) by extension 'ros'
[0.186s] Level 1:colcon.colcon_core.package_identification:_identify(src) by extensions ['cmake', 'python']
[0.186s] Level 1:colcon.colcon_core.package_identification:_identify(src) by extension 'cmake'
[0.186s] Level 1:colcon.colcon_core.package_identification:_identify(src) by extension 'python'
[0.186s] Level 1:colcon.colcon_core.package_identification:_identify(src) by extensions ['python_setup_py']
[0.186s] Level 1:colcon.colcon_core.package_identification:_identify(src) by extension 'python_setup_py'
[0.186s] Level 1:colcon.colcon_core.package_identification:_identify(src/ros_gz_example_application) by extensions ['ignore', 'ignore_ament_install']
[0.186s] Level 1:colcon.colcon_core.package_identification:_identify(src/ros_gz_example_application) by extension 'ignore'
[0.186s] Level 1:colcon.colcon_core.package_identification:_identify(src/ros_gz_example_application) by extension 'ignore_ament_install'
[0.186s] Level 1:colcon.colcon_core.package_identification:_identify(src/ros_gz_example_application) by extensions ['colcon_pkg']
[0.186s] Level 1:colcon.colcon_core.package_identification:_identify(src/ros_gz_example_application) by extension 'colcon_pkg'
[0.186s] Level 1:colcon.colcon_core.package_identification:_identify(src/ros_gz_example_application) by extensions ['colcon_meta']
[0.186s] Level 1:colcon.colcon_core.package_identification:_identify(src/ros_gz_example_application) by extension 'colcon_meta'
[0.186s] Level 1:colcon.colcon_core.package_identification:_identify(src/ros_gz_example_application) by extensions ['ros']
[0.186s] Level 1:colcon.colcon_core.package_identification:_identify(src/ros_gz_example_application) by extension 'ros'
[0.187s] DEBUG:colcon.colcon_core.package_identification:Package 'src/ros_gz_example_application' with type 'ros.ament_cmake' and name 'ros_gz_example_application'
[0.188s] Level 1:colcon.colcon_core.package_identification:_identify(src/ros_gz_example_bringup) by extensions ['ignore', 'ignore_ament_install']
[0.188s] Level 1:colcon.colcon_core.package_identification:_identify(src/ros_gz_example_bringup) by extension 'ignore'
[0.188s] Level 1:colcon.colcon_core.package_identification:_identify(src/ros_gz_example_bringup) by extension 'ignore_ament_install'
[0.188s] Level 1:colcon.colcon_core.package_identification:_identify(src/ros_gz_example_bringup) by extensions ['colcon_pkg']
[0.188s] Level 1:colcon.colcon_core.package_identification:_identify(src/ros_gz_example_bringup) by extension 'colcon_pkg'
[0.188s] Level 1:colcon.colcon_core.package_identification:_identify(src/ros_gz_example_bringup) by extensions ['colcon_meta']
[0.188s] Level 1:colcon.colcon_core.package_identification:_identify(src/ros_gz_example_bringup) by extension 'colcon_meta'
[0.188s] Level 1:colcon.colcon_core.package_identification:_identify(src/ros_gz_example_bringup) by extensions ['ros']
[0.188s] Level 1:colcon.colcon_core.package_identification:_identify(src/ros_gz_example_bringup) by extension 'ros'
[0.188s] DEBUG:colcon.colcon_core.package_identification:Package 'src/ros_gz_example_bringup' with type 'ros.ament_cmake' and name 'ros_gz_example_bringup'
[0.188s] Level 1:colcon.colcon_core.package_identification:_identify(src/ros_gz_example_description) by extensions ['ignore', 'ignore_ament_install']
[0.188s] Level 1:colcon.colcon_core.package_identification:_identify(src/ros_gz_example_description) by extension 'ignore'
[0.188s] Level 1:colcon.colcon_core.package_identification:_identify(src/ros_gz_example_description) by extension 'ignore_ament_install'
[0.188s] Level 1:colcon.colcon_core.package_identification:_identify(src/ros_gz_example_description) by extensions ['colcon_pkg']
[0.188s] Level 1:colcon.colcon_core.package_identification:_identify(src/ros_gz_example_description) by extension 'colcon_pkg'
[0.188s] Level 1:colcon.colcon_core.package_identification:_identify(src/ros_gz_example_description) by extensions ['colcon_meta']
[0.188s] Level 1:colcon.colcon_core.package_identification:_identify(src/ros_gz_example_description) by extension 'colcon_meta'
[0.188s] Level 1:colcon.colcon_core.package_identification:_identify(src/ros_gz_example_description) by extensions ['ros']
[0.188s] Level 1:colcon.colcon_core.package_identification:_identify(src/ros_gz_example_description) by extension 'ros'
[0.188s] DEBUG:colcon.colcon_core.package_identification:Package 'src/ros_gz_example_description' with type 'ros.ament_cmake' and name 'ros_gz_example_description'
[0.188s] Level 1:colcon.colcon_core.package_identification:_identify(src/ros_gz_example_gazebo) by extensions ['ignore', 'ignore_ament_install']
[0.189s] Level 1:colcon.colcon_core.package_identification:_identify(src/ros_gz_example_gazebo) by extension 'ignore'
[0.189s] Level 1:colcon.colcon_core.package_identification:_identify(src/ros_gz_example_gazebo) by extension 'ignore_ament_install'
[0.189s] Level 1:colcon.colcon_core.package_identification:_identify(src/ros_gz_example_gazebo) by extensions ['colcon_pkg']
[0.189s] Level 1:colcon.colcon_core.package_identification:_identify(src/ros_gz_example_gazebo) by extension 'colcon_pkg'
[0.189s] Level 1:colcon.colcon_core.package_identification:_identify(src/ros_gz_example_gazebo) by extensions ['colcon_meta']
[0.189s] Level 1:colcon.colcon_core.package_identification:_identify(src/ros_gz_example_gazebo) by extension 'colcon_meta'
[0.189s] Level 1:colcon.colcon_core.package_identification:_identify(src/ros_gz_example_gazebo) by extensions ['ros']
[0.189s] Level 1:colcon.colcon_core.package_identification:_identify(src/ros_gz_example_gazebo) by extension 'ros'
[0.189s] DEBUG:colcon.colcon_core.package_identification:Package 'src/ros_gz_example_gazebo' with type 'ros.ament_cmake' and name 'ros_gz_example_gazebo'
[0.189s] Level 1:colcon.colcon_core.package_identification:_identify(src/ros_gz_project_template) by extensions ['ignore', 'ignore_ament_install']
[0.189s] Level 1:colcon.colcon_core.package_identification:_identify(src/ros_gz_project_template) by extension 'ignore'
[0.189s] Level 1:colcon.colcon_core.package_identification:_identify(src/ros_gz_project_template) by extension 'ignore_ament_install'
[0.189s] Level 1:colcon.colcon_core.package_identification:_identify(src/ros_gz_project_template) by extensions ['colcon_pkg']
[0.189s] Level 1:colcon.colcon_core.package_identification:_identify(src/ros_gz_project_template) by extension 'colcon_pkg'
[0.189s] Level 1:colcon.colcon_core.package_identification:_identify(src/ros_gz_project_template) by extensions ['colcon_meta']
[0.189s] Level 1:colcon.colcon_core.package_identification:_identify(src/ros_gz_project_template) by extension 'colcon_meta'
[0.189s] Level 1:colcon.colcon_core.package_identification:_identify(src/ros_gz_project_template) by extensions ['ros']
[0.189s] Level 1:colcon.colcon_core.package_identification:_identify(src/ros_gz_project_template) by extension 'ros'
[0.189s] Level 1:colcon.colcon_core.package_identification:_identify(src/ros_gz_project_template) by extensions ['cmake', 'python']
[0.189s] Level 1:colcon.colcon_core.package_identification:_identify(src/ros_gz_project_template) by extension 'cmake'
[0.189s] Level 1:colcon.colcon_core.package_identification:_identify(src/ros_gz_project_template) by extension 'python'
[0.189s] Level 1:colcon.colcon_core.package_identification:_identify(src/ros_gz_project_template) by extensions ['python_setup_py']
[0.189s] Level 1:colcon.colcon_core.package_identification:_identify(src/ros_gz_project_template) by extension 'python_setup_py'
[0.189s] Level 1:colcon.colcon_core.package_discovery:discover_packages(recursive) using defaults
[0.189s] Level 1:colcon.colcon_core.package_discovery:discover_packages(ignore) discover
[0.189s] Level 1:colcon.colcon_core.package_discovery:discover_packages(ignore) using defaults
[0.189s] Level 1:colcon.colcon_core.package_discovery:discover_packages(path) discover
[0.189s] Level 1:colcon.colcon_core.package_discovery:discover_packages(path) using defaults
[0.201s] Level 1:colcon.colcon_core.package_discovery:discover_packages(prefix_path) check parameters
[0.201s] Level 1:colcon.colcon_core.package_discovery:discover_packages(prefix_path) discover
[0.203s] DEBUG:colcon.colcon_installed_package_information.package_discovery:Found 304 installed packages in /opt/ros/humble
[0.204s] Level 1:colcon.colcon_core.package_discovery:discover_packages(prefix_path) using defaults
[0.238s] Level 5:colcon.colcon_core.verb:set package 'ros_gz_example_application' build argument 'cmake_args' from command line to '['-DBUILD_TESTING=ON']'
[0.238s] Level 5:colcon.colcon_core.verb:set package 'ros_gz_example_application' build argument 'cmake_target' from command line to 'None'
[0.238s] Level 5:colcon.colcon_core.verb:set package 'ros_gz_example_application' build argument 'cmake_target_skip_unavailable' from command line to 'False'
[0.238s] Level 5:colcon.colcon_core.verb:set package 'ros_gz_example_application' build argument 'cmake_clean_cache' from command line to 'False'
[0.238s] Level 5:colcon.colcon_core.verb:set package 'ros_gz_example_application' build argument 'cmake_clean_first' from command line to 'False'
[0.238s] Level 5:colcon.colcon_core.verb:set package 'ros_gz_example_application' build argument 'cmake_force_configure' from command line to 'False'
[0.238s] Level 5:colcon.colcon_core.verb:set package 'ros_gz_example_application' build argument 'ament_cmake_args' from command line to 'None'
[0.238s] Level 5:colcon.colcon_core.verb:set package 'ros_gz_example_application' build argument 'catkin_cmake_args' from command line to 'None'
[0.238s] Level 5:colcon.colcon_core.verb:set package 'ros_gz_example_application' build argument 'catkin_skip_building_tests' from command line to 'False'
[0.238s] DEBUG:colcon.colcon_core.verb:Building package 'ros_gz_example_application' with the following arguments: {'ament_cmake_args': None, 'build_base': '/home/ubuntu/dev_ws/build/ros_gz_example_application', 'catkin_cmake_args': None, 'catkin_skip_building_tests': False, 'cmake_args': ['-DBUILD_TESTING=ON'], 'cmake_clean_cache': False, 'cmake_clean_first': False, 'cmake_force_configure': False, 'cmake_target': None, 'cmake_target_skip_unavailable': False, 'install_base': '/home/ubuntu/dev_ws/install/ros_gz_example_application', 'merge_install': False, 'path': '/home/ubuntu/dev_ws/src/ros_gz_example_application', 'symlink_install': False, 'test_result_base': None}
[0.238s] Level 5:colcon.colcon_core.verb:set package 'ros_gz_example_bringup' build argument 'cmake_args' from command line to '['-DBUILD_TESTING=ON']'
[0.238s] Level 5:colcon.colcon_core.verb:set package 'ros_gz_example_bringup' build argument 'cmake_target' from command line to 'None'
[0.238s] Level 5:colcon.colcon_core.verb:set package 'ros_gz_example_bringup' build argument 'cmake_target_skip_unavailable' from command line to 'False'
[0.238s] Level 5:colcon.colcon_core.verb:set package 'ros_gz_example_bringup' build argument 'cmake_clean_cache' from command line to 'False'
[0.238s] Level 5:colcon.colcon_core.verb:set package 'ros_gz_example_bringup' build argument 'cmake_clean_first' from command line to 'False'
[0.239s] Level 5:colcon.colcon_core.verb:set package 'ros_gz_example_bringup' build argument 'cmake_force_configure' from command line to 'False'
[0.239s] Level 5:colcon.colcon_core.verb:set package 'ros_gz_example_bringup' build argument 'ament_cmake_args' from command line to 'None'
[0.239s] Level 5:colcon.colcon_core.verb:set package 'ros_gz_example_bringup' build argument 'catkin_cmake_args' from command line to 'None'
[0.239s] Level 5:colcon.colcon_core.verb:set package 'ros_gz_example_bringup' build argument 'catkin_skip_building_tests' from command line to 'False'
[0.239s] DEBUG:colcon.colcon_core.verb:Building package 'ros_gz_example_bringup' with the following arguments: {'ament_cmake_args': None, 'build_base': '/home/ubuntu/dev_ws/build/ros_gz_example_bringup', 'catkin_cmake_args': None, 'catkin_skip_building_tests': False, 'cmake_args': ['-DBUILD_TESTING=ON'], 'cmake_clean_cache': False, 'cmake_clean_first': False, 'cmake_force_configure': False, 'cmake_target': None, 'cmake_target_skip_unavailable': False, 'install_base': '/home/ubuntu/dev_ws/install/ros_gz_example_bringup', 'merge_install': False, 'path': '/home/ubuntu/dev_ws/src/ros_gz_example_bringup', 'symlink_install': False, 'test_result_base': None}
[0.239s] Level 5:colcon.colcon_core.verb:set package 'ros_gz_example_description' build argument 'cmake_args' from command line to '['-DBUILD_TESTING=ON']'
[0.239s] Level 5:colcon.colcon_core.verb:set package 'ros_gz_example_description' build argument 'cmake_target' from command line to 'None'
[0.239s] Level 5:colcon.colcon_core.verb:set package 'ros_gz_example_description' build argument 'cmake_target_skip_unavailable' from command line to 'False'
[0.239s] Level 5:colcon.colcon_core.verb:set package 'ros_gz_example_description' build argument 'cmake_clean_cache' from command line to 'False'
[0.239s] Level 5:colcon.colcon_core.verb:set package 'ros_gz_example_description' build argument 'cmake_clean_first' from command line to 'False'
[0.239s] Level 5:colcon.colcon_core.verb:set package 'ros_gz_example_description' build argument 'cmake_force_configure' from command line to 'False'
[0.239s] Level 5:colcon.colcon_core.verb:set package 'ros_gz_example_description' build argument 'ament_cmake_args' from command line to 'None'
[0.239s] Level 5:colcon.colcon_core.verb:set package 'ros_gz_example_description' build argument 'catkin_cmake_args' from command line to 'None'
[0.239s] Level 5:colcon.colcon_core.verb:set package 'ros_gz_example_description' build argument 'catkin_skip_building_tests' from command line to 'False'
[0.239s] DEBUG:colcon.colcon_core.verb:Building package 'ros_gz_example_description' with the following arguments: {'ament_cmake_args': None, 'build_base': '/home/ubuntu/dev_ws/build/ros_gz_example_description', 'catkin_cmake_args': None, 'catkin_skip_building_tests': False, 'cmake_args': ['-DBUILD_TESTING=ON'], 'cmake_clean_cache': False, 'cmake_clean_first': False, 'cmake_force_configure': False, 'cmake_target': None, 'cmake_target_skip_unavailable': False, 'install_base': '/home/ubuntu/dev_ws/install/ros_gz_example_description', 'merge_install': False, 'path': '/home/ubuntu/dev_ws/src/ros_gz_example_description', 'symlink_install': False, 'test_result_base': None}
[0.239s] Level 5:colcon.colcon_core.verb:set package 'ros_gz_example_gazebo' build argument 'cmake_args' from command line to '['-DBUILD_TESTING=ON']'
[0.240s] Level 5:colcon.colcon_core.verb:set package 'ros_gz_example_gazebo' build argument 'cmake_target' from command line to 'None'
[0.240s] Level 5:colcon.colcon_core.verb:set package 'ros_gz_example_gazebo' build argument 'cmake_target_skip_unavailable' from command line to 'False'
[0.240s] Level 5:colcon.colcon_core.verb:set package 'ros_gz_example_gazebo' build argument 'cmake_clean_cache' from command line to 'False'
[0.240s] Level 5:colcon.colcon_core.verb:set package 'ros_gz_example_gazebo' build argument 'cmake_clean_first' from command line to 'False'
[0.240s] Level 5:colcon.colcon_core.verb:set package 'ros_gz_example_gazebo' build argument 'cmake_force_configure' from command line to 'False'
[0.240s] Level 5:colcon.colcon_core.verb:set package 'ros_gz_example_gazebo' build argument 'ament_cmake_args' from command line to 'None'
[0.240s] Level 5:colcon.colcon_core.verb:set package 'ros_gz_example_gazebo' build argument 'catkin_cmake_args' from command line to 'None'
[0.240s] Level 5:colcon.colcon_core.verb:set package 'ros_gz_example_gazebo' build argument 'catkin_skip_building_tests' from command line to 'False'
[0.240s] DEBUG:colcon.colcon_core.verb:Building package 'ros_gz_example_gazebo' with the following arguments: {'ament_cmake_args': None, 'build_base': '/home/ubuntu/dev_ws/build/ros_gz_example_gazebo', 'catkin_cmake_args': None, 'catkin_skip_building_tests': False, 'cmake_args': ['-DBUILD_TESTING=ON'], 'cmake_clean_cache': False, 'cmake_clean_first': False, 'cmake_force_configure': False, 'cmake_target': None, 'cmake_target_skip_unavailable': False, 'install_base': '/home/ubuntu/dev_ws/install/ros_gz_example_gazebo', 'merge_install': False, 'path': '/home/ubuntu/dev_ws/src/ros_gz_example_gazebo', 'symlink_install': False, 'test_result_base': None}
[0.240s] INFO:colcon.colcon_core.executor:Executing jobs using 'parallel' executor
[0.241s] DEBUG:colcon.colcon_parallel_executor.executor.parallel:run_until_complete
[0.242s] INFO:colcon.colcon_ros.task.ament_cmake.build:Building ROS package in '/home/ubuntu/dev_ws/src/ros_gz_example_application' with build type 'ament_cmake'
[0.242s] INFO:colcon.colcon_cmake.task.cmake.build:Building CMake package in '/home/ubuntu/dev_ws/src/ros_gz_example_application'
[0.244s] INFO:colcon.colcon_core.plugin_system:Skipping extension 'colcon_core.shell.bat': Not used on non-Windows systems
[0.244s] INFO:colcon.colcon_core.shell:Skip shell extension 'powershell' for command environment: Not usable outside of PowerShell
[0.244s] DEBUG:colcon.colcon_core.shell:Skip shell extension 'dsv' for command environment
[0.247s] INFO:colcon.colcon_ros.task.ament_cmake.build:Building ROS package in '/home/ubuntu/dev_ws/src/ros_gz_example_bringup' with build type 'ament_cmake'
[0.247s] INFO:colcon.colcon_cmake.task.cmake.build:Building CMake package in '/home/ubuntu/dev_ws/src/ros_gz_example_bringup'
[0.248s] INFO:colcon.colcon_core.shell:Skip shell extension 'powershell' for command environment: Not usable outside of PowerShell
[0.248s] DEBUG:colcon.colcon_core.shell:Skip shell extension 'dsv' for command environment
[0.250s] INFO:colcon.colcon_ros.task.ament_cmake.build:Building ROS package in '/home/ubuntu/dev_ws/src/ros_gz_example_description' with build type 'ament_cmake'
[0.251s] INFO:colcon.colcon_cmake.task.cmake.build:Building CMake package in '/home/ubuntu/dev_ws/src/ros_gz_example_description'
[0.251s] INFO:colcon.colcon_core.shell:Skip shell extension 'powershell' for command environment: Not usable outside of PowerShell
[0.251s] DEBUG:colcon.colcon_core.shell:Skip shell extension 'dsv' for command environment
[0.253s] INFO:colcon.colcon_ros.task.ament_cmake.build:Building ROS package in '/home/ubuntu/dev_ws/src/ros_gz_example_gazebo' with build type 'ament_cmake'
[0.253s] INFO:colcon.colcon_cmake.task.cmake.build:Building CMake package in '/home/ubuntu/dev_ws/src/ros_gz_example_gazebo'
[0.254s] INFO:colcon.colcon_core.shell:Skip shell extension 'powershell' for command environment: Not usable outside of PowerShell
[0.254s] DEBUG:colcon.colcon_core.shell:Skip shell extension 'dsv' for command environment
[0.260s] DEBUG:colcon.colcon_core.event_handler.log_command:Invoking command in '/home/ubuntu/dev_ws/build/ros_gz_example_application': CMAKE_PREFIX_PATH=/opt/ros/humble /usr/bin/cmake --build /home/ubuntu/dev_ws/build/ros_gz_example_application -- -j5 -l5
[0.263s] DEBUG:colcon.colcon_core.event_handler.log_command:Invoking command in '/home/ubuntu/dev_ws/build/ros_gz_example_bringup': CMAKE_PREFIX_PATH=/opt/ros/humble /usr/bin/cmake --build /home/ubuntu/dev_ws/build/ros_gz_example_bringup -- -j5 -l5
[0.264s] DEBUG:colcon.colcon_core.event_handler.log_command:Invoking command in '/home/ubuntu/dev_ws/build/ros_gz_example_description': CMAKE_PREFIX_PATH=/opt/ros/humble /usr/bin/cmake --build /home/ubuntu/dev_ws/build/ros_gz_example_description -- -j5 -l5
[0.273s] DEBUG:colcon.colcon_core.event_handler.log_command:Invoking command in '/home/ubuntu/dev_ws/build/ros_gz_example_gazebo': CMAKE_PREFIX_PATH=/opt/ros/humble /usr/bin/cmake /home/ubuntu/dev_ws/src/ros_gz_example_gazebo -DBUILD_TESTING=ON -DCMAKE_INSTALL_PREFIX=/home/ubuntu/dev_ws/install/ros_gz_example_gazebo
[0.300s] DEBUG:colcon.colcon_core.event_handler.log_command:Invoked command in '/home/ubuntu/dev_ws/build/ros_gz_example_bringup' returned '0': CMAKE_PREFIX_PATH=/opt/ros/humble /usr/bin/cmake --build /home/ubuntu/dev_ws/build/ros_gz_example_bringup -- -j5 -l5
[0.301s] DEBUG:colcon.colcon_core.event_handler.log_command:Invoked command in '/home/ubuntu/dev_ws/build/ros_gz_example_application' returned '0': CMAKE_PREFIX_PATH=/opt/ros/humble /usr/bin/cmake --build /home/ubuntu/dev_ws/build/ros_gz_example_application -- -j5 -l5
[0.302s] DEBUG:colcon.colcon_core.event_handler.log_command:Invoked command in '/home/ubuntu/dev_ws/build/ros_gz_example_description' returned '0': CMAKE_PREFIX_PATH=/opt/ros/humble /usr/bin/cmake --build /home/ubuntu/dev_ws/build/ros_gz_example_description -- -j5 -l5
[0.330s] DEBUG:colcon.colcon_core.event_handler.log_command:Invoking command in '/home/ubuntu/dev_ws/build/ros_gz_example_application': CMAKE_PREFIX_PATH=/opt/ros/humble /usr/bin/cmake --install /home/ubuntu/dev_ws/build/ros_gz_example_application
[0.332s] DEBUG:colcon.colcon_core.event_handler.log_command:Invoking command in '/home/ubuntu/dev_ws/build/ros_gz_example_bringup': CMAKE_PREFIX_PATH=/opt/ros/humble /usr/bin/cmake --install /home/ubuntu/dev_ws/build/ros_gz_example_bringup
[0.332s] DEBUG:colcon.colcon_core.event_handler.log_command:Invoking command in '/home/ubuntu/dev_ws/build/ros_gz_example_description': CMAKE_PREFIX_PATH=/opt/ros/humble /usr/bin/cmake --install /home/ubuntu/dev_ws/build/ros_gz_example_description
[0.344s] Level 1:colcon.colcon_core.environment:create_environment_scripts_only(ros_gz_example_bringup)
[0.346s] DEBUG:colcon.colcon_core.event_handler.log_command:Invoked command in '/home/ubuntu/dev_ws/build/ros_gz_example_bringup' returned '0': CMAKE_PREFIX_PATH=/opt/ros/humble /usr/bin/cmake --install /home/ubuntu/dev_ws/build/ros_gz_example_bringup
[0.347s] Level 1:colcon.colcon_core.environment:checking '/home/ubuntu/dev_ws/install/ros_gz_example_bringup' for CMake module files
[0.348s] Level 1:colcon.colcon_core.environment:checking '/home/ubuntu/dev_ws/install/ros_gz_example_bringup' for CMake config files
[0.348s] Level 1:colcon.colcon_core.shell:create_environment_hook('ros_gz_example_bringup', 'cmake_prefix_path')
[0.349s] INFO:colcon.colcon_core.shell:Creating environment hook '/home/ubuntu/dev_ws/install/ros_gz_example_bringup/share/ros_gz_example_bringup/hook/cmake_prefix_path.ps1'
[0.349s] INFO:colcon.colcon_core.shell:Creating environment descriptor '/home/ubuntu/dev_ws/install/ros_gz_example_bringup/share/ros_gz_example_bringup/hook/cmake_prefix_path.dsv'
[0.350s] INFO:colcon.colcon_core.shell:Creating environment hook '/home/ubuntu/dev_ws/install/ros_gz_example_bringup/share/ros_gz_example_bringup/hook/cmake_prefix_path.sh'
[0.351s] Level 1:colcon.colcon_core.environment:checking '/home/ubuntu/dev_ws/install/ros_gz_example_bringup/bin'
[0.351s] Level 1:colcon.colcon_core.environment:checking '/home/ubuntu/dev_ws/install/ros_gz_example_bringup/lib/pkgconfig/ros_gz_example_bringup.pc'
[0.351s] Level 1:colcon.colcon_core.environment:checking '/home/ubuntu/dev_ws/install/ros_gz_example_bringup/lib/python3.10/site-packages'
[0.351s] Level 1:colcon.colcon_core.environment:checking '/home/ubuntu/dev_ws/install/ros_gz_example_bringup/bin'
[0.352s] INFO:colcon.colcon_core.shell:Creating package script '/home/ubuntu/dev_ws/install/ros_gz_example_bringup/share/ros_gz_example_bringup/package.ps1'
[0.352s] INFO:colcon.colcon_core.shell:Creating package descriptor '/home/ubuntu/dev_ws/install/ros_gz_example_bringup/share/ros_gz_example_bringup/package.dsv'
[0.353s] INFO:colcon.colcon_core.shell:Creating package script '/home/ubuntu/dev_ws/install/ros_gz_example_bringup/share/ros_gz_example_bringup/package.sh'
[0.353s] INFO:colcon.colcon_core.shell:Creating package script '/home/ubuntu/dev_ws/install/ros_gz_example_bringup/share/ros_gz_example_bringup/package.bash'
[0.353s] INFO:colcon.colcon_core.shell:Creating package script '/home/ubuntu/dev_ws/install/ros_gz_example_bringup/share/ros_gz_example_bringup/package.zsh'
[0.354s] Level 1:colcon.colcon_core.environment:create_file_with_runtime_dependencies(/home/ubuntu/dev_ws/install/ros_gz_example_bringup/share/colcon-core/packages/ros_gz_example_bringup)
[0.355s] Level 1:colcon.colcon_core.environment:create_environment_scripts_only(ros_gz_example_application)
[0.355s] DEBUG:colcon.colcon_core.event_handler.log_command:Invoked command in '/home/ubuntu/dev_ws/build/ros_gz_example_application' returned '0': CMAKE_PREFIX_PATH=/opt/ros/humble /usr/bin/cmake --install /home/ubuntu/dev_ws/build/ros_gz_example_application
[0.356s] Level 1:colcon.colcon_core.environment:checking '/home/ubuntu/dev_ws/install/ros_gz_example_application' for CMake module files
[0.357s] Level 1:colcon.colcon_core.environment:checking '/home/ubuntu/dev_ws/install/ros_gz_example_application' for CMake config files
[0.357s] Level 1:colcon.colcon_core.shell:create_environment_hook('ros_gz_example_application', 'cmake_prefix_path')
[0.357s] INFO:colcon.colcon_core.shell:Creating environment hook '/home/ubuntu/dev_ws/install/ros_gz_example_application/share/ros_gz_example_application/hook/cmake_prefix_path.ps1'
[0.358s] INFO:colcon.colcon_core.shell:Creating environment descriptor '/home/ubuntu/dev_ws/install/ros_gz_example_application/share/ros_gz_example_application/hook/cmake_prefix_path.dsv'
[0.358s] INFO:colcon.colcon_core.shell:Creating environment hook '/home/ubuntu/dev_ws/install/ros_gz_example_application/share/ros_gz_example_application/hook/cmake_prefix_path.sh'
[0.358s] Level 1:colcon.colcon_core.environment:checking '/home/ubuntu/dev_ws/install/ros_gz_example_application/bin'
[0.358s] Level 1:colcon.colcon_core.environment:checking '/home/ubuntu/dev_ws/install/ros_gz_example_application/lib/pkgconfig/ros_gz_example_application.pc'
[0.358s] Level 1:colcon.colcon_core.environment:checking '/home/ubuntu/dev_ws/install/ros_gz_example_application/lib/python3.10/site-packages'
[0.358s] Level 1:colcon.colcon_core.environment:checking '/home/ubuntu/dev_ws/install/ros_gz_example_application/bin'
[0.359s] INFO:colcon.colcon_core.shell:Creating package script '/home/ubuntu/dev_ws/install/ros_gz_example_application/share/ros_gz_example_application/package.ps1'
[0.359s] INFO:colcon.colcon_core.shell:Creating package descriptor '/home/ubuntu/dev_ws/install/ros_gz_example_application/share/ros_gz_example_application/package.dsv'
[0.359s] INFO:colcon.colcon_core.shell:Creating package script '/home/ubuntu/dev_ws/install/ros_gz_example_application/share/ros_gz_example_application/package.sh'
[0.359s] INFO:colcon.colcon_core.shell:Creating package script '/home/ubuntu/dev_ws/install/ros_gz_example_application/share/ros_gz_example_application/package.bash'
[0.360s] INFO:colcon.colcon_core.shell:Creating package script '/home/ubuntu/dev_ws/install/ros_gz_example_application/share/ros_gz_example_application/package.zsh'
[0.360s] Level 1:colcon.colcon_core.environment:create_file_with_runtime_dependencies(/home/ubuntu/dev_ws/install/ros_gz_example_application/share/colcon-core/packages/ros_gz_example_application)
[0.361s] Level 1:colcon.colcon_core.environment:create_environment_scripts_only(ros_gz_example_description)
[0.361s] DEBUG:colcon.colcon_core.event_handler.log_command:Invoked command in '/home/ubuntu/dev_ws/build/ros_gz_example_description' returned '0': CMAKE_PREFIX_PATH=/opt/ros/humble /usr/bin/cmake --install /home/ubuntu/dev_ws/build/ros_gz_example_description
[0.362s] Level 1:colcon.colcon_core.environment:checking '/home/ubuntu/dev_ws/install/ros_gz_example_description' for CMake module files
[0.362s] Level 1:colcon.colcon_core.environment:checking '/home/ubuntu/dev_ws/install/ros_gz_example_description' for CMake config files
[0.362s] Level 1:colcon.colcon_core.shell:create_environment_hook('ros_gz_example_description', 'cmake_prefix_path')
[0.363s] INFO:colcon.colcon_core.shell:Creating environment hook '/home/ubuntu/dev_ws/install/ros_gz_example_description/share/ros_gz_example_description/hook/cmake_prefix_path.ps1'
[0.363s] INFO:colcon.colcon_core.shell:Creating environment descriptor '/home/ubuntu/dev_ws/install/ros_gz_example_description/share/ros_gz_example_description/hook/cmake_prefix_path.dsv'
[0.364s] INFO:colcon.colcon_core.shell:Creating environment hook '/home/ubuntu/dev_ws/install/ros_gz_example_description/share/ros_gz_example_description/hook/cmake_prefix_path.sh'
[0.364s] Level 1:colcon.colcon_core.environment:checking '/home/ubuntu/dev_ws/install/ros_gz_example_description/bin'
[0.364s] Level 1:colcon.colcon_core.environment:checking '/home/ubuntu/dev_ws/install/ros_gz_example_description/lib/pkgconfig/ros_gz_example_description.pc'
[0.364s] Level 1:colcon.colcon_core.environment:checking '/home/ubuntu/dev_ws/install/ros_gz_example_description/lib/python3.10/site-packages'
[0.364s] Level 1:colcon.colcon_core.environment:checking '/home/ubuntu/dev_ws/install/ros_gz_example_description/bin'
[0.365s] INFO:colcon.colcon_core.shell:Creating package script '/home/ubuntu/dev_ws/install/ros_gz_example_description/share/ros_gz_example_description/package.ps1'
[0.365s] INFO:colcon.colcon_core.shell:Creating package descriptor '/home/ubuntu/dev_ws/install/ros_gz_example_description/share/ros_gz_example_description/package.dsv'
[0.365s] INFO:colcon.colcon_core.shell:Creating package script '/home/ubuntu/dev_ws/install/ros_gz_example_description/share/ros_gz_example_description/package.sh'
[0.365s] INFO:colcon.colcon_core.shell:Creating package script '/home/ubuntu/dev_ws/install/ros_gz_example_description/share/ros_gz_example_description/package.bash'
[0.366s] INFO:colcon.colcon_core.shell:Creating package script '/home/ubuntu/dev_ws/install/ros_gz_example_description/share/ros_gz_example_description/package.zsh'
[0.366s] Level 1:colcon.colcon_core.environment:create_file_with_runtime_dependencies(/home/ubuntu/dev_ws/install/ros_gz_example_description/share/colcon-core/packages/ros_gz_example_description)
[0.377s] Level 1:colcon.colcon_core.environment:create_environment_scripts_only(ros_gz_example_bringup)
[0.378s] Level 1:colcon.colcon_core.environment:checking '/home/ubuntu/dev_ws/install/ros_gz_example_bringup' for CMake module files
[0.378s] Level 1:colcon.colcon_core.environment:checking '/home/ubuntu/dev_ws/install/ros_gz_example_bringup' for CMake config files
[0.378s] Level 1:colcon.colcon_core.shell:create_environment_hook('ros_gz_example_bringup', 'cmake_prefix_path')
[0.379s] INFO:colcon.colcon_core.shell:Creating environment hook '/home/ubuntu/dev_ws/install/ros_gz_example_bringup/share/ros_gz_example_bringup/hook/cmake_prefix_path.ps1'
[0.379s] INFO:colcon.colcon_core.shell:Creating environment descriptor '/home/ubuntu/dev_ws/install/ros_gz_example_bringup/share/ros_gz_example_bringup/hook/cmake_prefix_path.dsv'
[0.379s] INFO:colcon.colcon_core.shell:Creating environment hook '/home/ubuntu/dev_ws/install/ros_gz_example_bringup/share/ros_gz_example_bringup/hook/cmake_prefix_path.sh'
[0.380s] Level 1:colcon.colcon_core.environment:checking '/home/ubuntu/dev_ws/install/ros_gz_example_bringup/bin'
[0.380s] Level 1:colcon.colcon_core.environment:checking '/home/ubuntu/dev_ws/install/ros_gz_example_bringup/lib/pkgconfig/ros_gz_example_bringup.pc'
[0.380s] Level 1:colcon.colcon_core.environment:checking '/home/ubuntu/dev_ws/install/ros_gz_example_bringup/lib/python3.10/site-packages'
[0.380s] Level 1:colcon.colcon_core.environment:checking '/home/ubuntu/dev_ws/install/ros_gz_example_bringup/bin'
[0.381s] INFO:colcon.colcon_core.shell:Creating package script '/home/ubuntu/dev_ws/install/ros_gz_example_bringup/share/ros_gz_example_bringup/package.ps1'
[0.381s] INFO:colcon.colcon_core.shell:Creating package descriptor '/home/ubuntu/dev_ws/install/ros_gz_example_bringup/share/ros_gz_example_bringup/package.dsv'
[0.381s] INFO:colcon.colcon_core.shell:Creating package script '/home/ubuntu/dev_ws/install/ros_gz_example_bringup/share/ros_gz_example_bringup/package.sh'
[0.382s] INFO:colcon.colcon_core.shell:Creating package script '/home/ubuntu/dev_ws/install/ros_gz_example_bringup/share/ros_gz_example_bringup/package.bash'
[0.382s] INFO:colcon.colcon_core.shell:Creating package script '/home/ubuntu/dev_ws/install/ros_gz_example_bringup/share/ros_gz_example_bringup/package.zsh'
[0.382s] Level 1:colcon.colcon_core.environment:create_file_with_runtime_dependencies(/home/ubuntu/dev_ws/install/ros_gz_example_bringup/share/colcon-core/packages/ros_gz_example_bringup)
[0.383s] Level 1:colcon.colcon_core.environment:create_environment_scripts_only(ros_gz_example_application)
[0.384s] Level 1:colcon.colcon_core.environment:checking '/home/ubuntu/dev_ws/install/ros_gz_example_application' for CMake module files
[0.385s] Level 1:colcon.colcon_core.environment:checking '/home/ubuntu/dev_ws/install/ros_gz_example_application' for CMake config files
[0.385s] Level 1:colcon.colcon_core.shell:create_environment_hook('ros_gz_example_application', 'cmake_prefix_path')
[0.386s] INFO:colcon.colcon_core.shell:Creating environment hook '/home/ubuntu/dev_ws/install/ros_gz_example_application/share/ros_gz_example_application/hook/cmake_prefix_path.ps1'
[0.386s] INFO:colcon.colcon_core.shell:Creating environment descriptor '/home/ubuntu/dev_ws/install/ros_gz_example_application/share/ros_gz_example_application/hook/cmake_prefix_path.dsv'
[0.386s] INFO:colcon.colcon_core.shell:Creating environment hook '/home/ubuntu/dev_ws/install/ros_gz_example_application/share/ros_gz_example_application/hook/cmake_prefix_path.sh'
[0.387s] Level 1:colcon.colcon_core.environment:checking '/home/ubuntu/dev_ws/install/ros_gz_example_application/bin'
[0.387s] Level 1:colcon.colcon_core.environment:checking '/home/ubuntu/dev_ws/install/ros_gz_example_application/lib/pkgconfig/ros_gz_example_application.pc'
[0.387s] Level 1:colcon.colcon_core.environment:checking '/home/ubuntu/dev_ws/install/ros_gz_example_application/lib/python3.10/site-packages'
[0.387s] Level 1:colcon.colcon_core.environment:checking '/home/ubuntu/dev_ws/install/ros_gz_example_application/bin'
[0.388s] INFO:colcon.colcon_core.shell:Creating package script '/home/ubuntu/dev_ws/install/ros_gz_example_application/share/ros_gz_example_application/package.ps1'
[0.388s] INFO:colcon.colcon_core.shell:Creating package descriptor '/home/ubuntu/dev_ws/install/ros_gz_example_application/share/ros_gz_example_application/package.dsv'
[0.388s] INFO:colcon.colcon_core.shell:Creating package script '/home/ubuntu/dev_ws/install/ros_gz_example_application/share/ros_gz_example_application/package.sh'
[0.388s] INFO:colcon.colcon_core.shell:Creating package script '/home/ubuntu/dev_ws/install/ros_gz_example_application/share/ros_gz_example_application/package.bash'
[0.389s] INFO:colcon.colcon_core.shell:Creating package script '/home/ubuntu/dev_ws/install/ros_gz_example_application/share/ros_gz_example_application/package.zsh'
[0.389s] Level 1:colcon.colcon_core.environment:create_file_with_runtime_dependencies(/home/ubuntu/dev_ws/install/ros_gz_example_application/share/colcon-core/packages/ros_gz_example_application)
[0.390s] Level 1:colcon.colcon_core.environment:create_environment_scripts_only(ros_gz_example_description)
[0.391s] Level 1:colcon.colcon_core.environment:checking '/home/ubuntu/dev_ws/install/ros_gz_example_description' for CMake module files
[0.391s] Level 1:colcon.colcon_core.environment:checking '/home/ubuntu/dev_ws/install/ros_gz_example_description' for CMake config files
[0.391s] Level 1:colcon.colcon_core.shell:create_environment_hook('ros_gz_example_description', 'cmake_prefix_path')
[0.392s] INFO:colcon.colcon_core.shell:Creating environment hook '/home/ubuntu/dev_ws/install/ros_gz_example_description/share/ros_gz_example_description/hook/cmake_prefix_path.ps1'
[0.392s] INFO:colcon.colcon_core.shell:Creating environment descriptor '/home/ubuntu/dev_ws/install/ros_gz_example_description/share/ros_gz_example_description/hook/cmake_prefix_path.dsv'
[0.392s] INFO:colcon.colcon_core.shell:Creating environment hook '/home/ubuntu/dev_ws/install/ros_gz_example_description/share/ros_gz_example_description/hook/cmake_prefix_path.sh'
[0.393s] Level 1:colcon.colcon_core.environment:checking '/home/ubuntu/dev_ws/install/ros_gz_example_description/bin'
[0.393s] Level 1:colcon.colcon_core.environment:checking '/home/ubuntu/dev_ws/install/ros_gz_example_description/lib/pkgconfig/ros_gz_example_description.pc'
[0.393s] Level 1:colcon.colcon_core.environment:checking '/home/ubuntu/dev_ws/install/ros_gz_example_description/lib/python3.10/site-packages'
[0.393s] Level 1:colcon.colcon_core.environment:checking '/home/ubuntu/dev_ws/install/ros_gz_example_description/bin'
[0.394s] INFO:colcon.colcon_core.shell:Creating package script '/home/ubuntu/dev_ws/install/ros_gz_example_description/share/ros_gz_example_description/package.ps1'
[0.394s] INFO:colcon.colcon_core.shell:Creating package descriptor '/home/ubuntu/dev_ws/install/ros_gz_example_description/share/ros_gz_example_description/package.dsv'
[0.395s] INFO:colcon.colcon_core.shell:Creating package script '/home/ubuntu/dev_ws/install/ros_gz_example_description/share/ros_gz_example_description/package.sh'
[0.395s] INFO:colcon.colcon_core.shell:Creating package script '/home/ubuntu/dev_ws/install/ros_gz_example_description/share/ros_gz_example_description/package.bash'
[0.395s] INFO:colcon.colcon_core.shell:Creating package script '/home/ubuntu/dev_ws/install/ros_gz_example_description/share/ros_gz_example_description/package.zsh'
[0.395s] Level 1:colcon.colcon_core.environment:create_file_with_runtime_dependencies(/home/ubuntu/dev_ws/install/ros_gz_example_description/share/colcon-core/packages/ros_gz_example_description)
[0.402s] DEBUG:colcon.colcon_core.event_handler.log_command:Invoked command in '/home/ubuntu/dev_ws/build/ros_gz_example_gazebo' returned '1': CMAKE_PREFIX_PATH=/opt/ros/humble /usr/bin/cmake /home/ubuntu/dev_ws/src/ros_gz_example_gazebo -DBUILD_TESTING=ON -DCMAKE_INSTALL_PREFIX=/home/ubuntu/dev_ws/install/ros_gz_example_gazebo
[0.413s] Level 1:colcon.colcon_core.environment:create_environment_scripts_only(ros_gz_example_gazebo)
[0.414s] Level 1:colcon.colcon_core.environment:checking '/home/ubuntu/dev_ws/install/ros_gz_example_gazebo' for CMake module files
[0.414s] Level 1:colcon.colcon_core.environment:checking '/home/ubuntu/dev_ws/install/ros_gz_example_gazebo' for CMake config files
[0.414s] Level 1:colcon.colcon_core.environment:checking '/home/ubuntu/dev_ws/install/ros_gz_example_gazebo/bin'
[0.414s] Level 1:colcon.colcon_core.environment:checking '/home/ubuntu/dev_ws/install/ros_gz_example_gazebo/lib/pkgconfig/ros_gz_example_gazebo.pc'
[0.414s] Level 1:colcon.colcon_core.environment:checking '/home/ubuntu/dev_ws/install/ros_gz_example_gazebo/lib/python3.10/site-packages'
[0.414s] Level 1:colcon.colcon_core.environment:checking '/home/ubuntu/dev_ws/install/ros_gz_example_gazebo/bin'
[0.415s] INFO:colcon.colcon_core.shell:Creating package script '/home/ubuntu/dev_ws/install/ros_gz_example_gazebo/share/ros_gz_example_gazebo/package.ps1'
[0.415s] INFO:colcon.colcon_core.shell:Creating package descriptor '/home/ubuntu/dev_ws/install/ros_gz_example_gazebo/share/ros_gz_example_gazebo/package.dsv'
[0.415s] INFO:colcon.colcon_core.shell:Creating package script '/home/ubuntu/dev_ws/install/ros_gz_example_gazebo/share/ros_gz_example_gazebo/package.sh'
[0.415s] INFO:colcon.colcon_core.shell:Creating package script '/home/ubuntu/dev_ws/install/ros_gz_example_gazebo/share/ros_gz_example_gazebo/package.bash'
[0.416s] INFO:colcon.colcon_core.shell:Creating package script '/home/ubuntu/dev_ws/install/ros_gz_example_gazebo/share/ros_gz_example_gazebo/package.zsh'
[0.416s] Level 1:colcon.colcon_core.environment:create_file_with_runtime_dependencies(/home/ubuntu/dev_ws/install/ros_gz_example_gazebo/share/colcon-core/packages/ros_gz_example_gazebo)
[0.426s] DEBUG:colcon.colcon_parallel_executor.executor.parallel:closing loop
[0.427s] DEBUG:colcon.colcon_parallel_executor.executor.parallel:loop closed
[0.427s] DEBUG:colcon.colcon_parallel_executor.executor.parallel:run_until_complete finished with '1'
[0.427s] DEBUG:colcon.colcon_core.event_reactor:joining thread
[0.431s] INFO:colcon.colcon_core.plugin_system:Skipping extension 'colcon_notification.desktop_notification.terminal_notifier': Not used on non-Darwin systems
[0.431s] INFO:colcon.colcon_core.plugin_system:Skipping extension 'colcon_notification.desktop_notification.win32': Not used on non-Windows systems
[0.431s] INFO:colcon.colcon_notification.desktop_notification:Sending desktop notification using 'notify2'
[0.456s] DEBUG:colcon.colcon_core.event_reactor:joined thread
[0.457s] INFO:colcon.colcon_core.shell:Creating prefix script '/home/ubuntu/dev_ws/install/local_setup.ps1'
[0.458s] INFO:colcon.colcon_core.shell:Creating prefix util module '/home/ubuntu/dev_ws/install/_local_setup_util_ps1.py'
[0.459s] INFO:colcon.colcon_core.shell:Creating prefix chain script '/home/ubuntu/dev_ws/install/setup.ps1'
[0.460s] INFO:colcon.colcon_core.shell:Creating prefix script '/home/ubuntu/dev_ws/install/local_setup.sh'
[0.460s] INFO:colcon.colcon_core.shell:Creating prefix util module '/home/ubuntu/dev_ws/install/_local_setup_util_sh.py'
[0.460s] INFO:colcon.colcon_core.shell:Creating prefix chain script '/home/ubuntu/dev_ws/install/setup.sh'
[0.461s] INFO:colcon.colcon_core.shell:Creating prefix script '/home/ubuntu/dev_ws/install/local_setup.bash'
[0.461s] INFO:colcon.colcon_core.shell:Creating prefix chain script '/home/ubuntu/dev_ws/install/setup.bash'
[0.462s] INFO:colcon.colcon_core.shell:Creating prefix script '/home/ubuntu/dev_ws/install/local_setup.zsh'
[0.462s] INFO:colcon.colcon_core.shell:Creating prefix chain script '/home/ubuntu/dev_ws/install/setup.zsh'
