-- Found ament_cmake: 1.3.4 (/opt/ros/humble/share/ament_cmake/cmake)
-- Override CMake install command with custom implementation using symlinks instead of copying resources
-- Found ament_lint_auto: 0.12.6 (/opt/ros/humble/share/ament_lint_auto/cmake)
-- Configuring done
-- Generating done
-- Build files have been written to: /home/ubuntu/dev_ws/build/auv_bringup
-- Install configuration: ""
-- Execute custom install script
-- Symlinking: /home/ubuntu/dev_ws/install/auv_bringup/share/auv_bringup/launch/auv.launch.py
-- Symlinking: /home/ubuntu/dev_ws/install/auv_bringup/share/auv_bringup/config/bridge.yaml
-- Symlinking: /home/ubuntu/dev_ws/install/auv_bringup/share/auv_bringup/config/ros_gz_example_bridge.yaml
-- Symlinking: /home/ubuntu/dev_ws/install/auv_bringup/share/auv_bringup/config/rover.rviz
-- Symlinking: /home/ubuntu/dev_ws/install/auv_bringup/share/ament_index/resource_index/package_run_dependencies/auv_bringup
-- Symlinking: /home/ubuntu/dev_ws/install/auv_bringup/share/ament_index/resource_index/parent_prefix_path/auv_bringup
-- Symlinking: /home/ubuntu/dev_ws/install/auv_bringup/share/auv_bringup/environment/ament_prefix_path.sh
-- Symlinking: /home/ubuntu/dev_ws/install/auv_bringup/share/auv_bringup/environment/ament_prefix_path.dsv
-- Symlinking: /home/ubuntu/dev_ws/install/auv_bringup/share/auv_bringup/environment/path.sh
-- Symlinking: /home/ubuntu/dev_ws/install/auv_bringup/share/auv_bringup/environment/path.dsv
-- Symlinking: /home/ubuntu/dev_ws/install/auv_bringup/share/auv_bringup/local_setup.bash
-- Symlinking: /home/ubuntu/dev_ws/install/auv_bringup/share/auv_bringup/local_setup.sh
-- Symlinking: /home/ubuntu/dev_ws/install/auv_bringup/share/auv_bringup/local_setup.zsh
-- Symlinking: /home/ubuntu/dev_ws/install/auv_bringup/share/auv_bringup/local_setup.dsv
-- Symlinking: /home/ubuntu/dev_ws/install/auv_bringup/share/auv_bringup/package.dsv
-- Symlinking: /home/ubuntu/dev_ws/install/auv_bringup/share/ament_index/resource_index/packages/auv_bringup
-- Symlinking: /home/ubuntu/dev_ws/install/auv_bringup/share/auv_bringup/cmake/auv_bringupConfig.cmake
-- Symlinking: /home/ubuntu/dev_ws/install/auv_bringup/share/auv_bringup/cmake/auv_bringupConfig-version.cmake
-- Symlinking: /home/ubuntu/dev_ws/install/auv_bringup/share/auv_bringup/package.xml
