[0.195s] Invoking command in '/home/ubuntu/dev_ws/build/auv_bringup': CMAKE_PREFIX_PATH=${CMAKE_PREFIX_PATH}:/home/ubuntu/dev_ws/install/auv_app:/opt/ros/humble /usr/bin/cmake /home/ubuntu/dev_ws/src/auv_bringup -DAMENT_CMAKE_SYMLINK_INSTALL=1 -DCMAKE_INSTALL_PREFIX=/home/ubuntu/dev_ws/install/auv_bringup
[0.240s] -- Found ament_cmake: 1.3.4 (/opt/ros/humble/share/ament_cmake/cmake)
[0.418s] -- Override CMake install command with custom implementation using symlinks instead of copying resources
[0.439s] -- Found ament_lint_auto: 0.12.6 (/opt/ros/humble/share/ament_lint_auto/cmake)
[0.594s] -- Configuring done
[0.607s] -- Generating done
[0.624s] -- Build files have been written to: /home/ubuntu/dev_ws/build/auv_bringup
[0.629s] Invoked command in '/home/ubuntu/dev_ws/build/auv_bringup' returned '0': CMAKE_PREFIX_PATH=${CMAKE_PREFIX_PATH}:/home/ubuntu/dev_ws/install/auv_app:/opt/ros/humble /usr/bin/cmake /home/ubuntu/dev_ws/src/auv_bringup -DAMENT_CMAKE_SYMLINK_INSTALL=1 -DCMAKE_INSTALL_PREFIX=/home/ubuntu/dev_ws/install/auv_bringup
[0.635s] Invoking command in '/home/ubuntu/dev_ws/build/auv_bringup': CMAKE_PREFIX_PATH=${CMAKE_PREFIX_PATH}:/home/ubuntu/dev_ws/install/auv_app:/opt/ros/humble /usr/bin/cmake --build /home/ubuntu/dev_ws/build/auv_bringup -- -j5 -l5
[0.698s] Invoked command in '/home/ubuntu/dev_ws/build/auv_bringup' returned '0': CMAKE_PREFIX_PATH=${CMAKE_PREFIX_PATH}:/home/ubuntu/dev_ws/install/auv_app:/opt/ros/humble /usr/bin/cmake --build /home/ubuntu/dev_ws/build/auv_bringup -- -j5 -l5
[0.760s] Invoking command in '/home/ubuntu/dev_ws/build/auv_bringup': CMAKE_PREFIX_PATH=${CMAKE_PREFIX_PATH}:/home/ubuntu/dev_ws/install/auv_app:/opt/ros/humble /usr/bin/cmake --install /home/ubuntu/dev_ws/build/auv_bringup
[0.769s] -- Install configuration: ""
[0.769s] -- Execute custom install script
[0.770s] -- Symlinking: /home/ubuntu/dev_ws/install/auv_bringup/share/auv_bringup/launch/auv.launch.py
[0.779s] -- Symlinking: /home/ubuntu/dev_ws/install/auv_bringup/share/auv_bringup/config/bridge.yaml
[0.788s] -- Symlinking: /home/ubuntu/dev_ws/install/auv_bringup/share/auv_bringup/config/ros_gz_example_bridge.yaml
[0.796s] -- Symlinking: /home/ubuntu/dev_ws/install/auv_bringup/share/auv_bringup/config/rover.rviz
[0.806s] -- Symlinking: /home/ubuntu/dev_ws/install/auv_bringup/share/ament_index/resource_index/package_run_dependencies/auv_bringup
[0.815s] -- Symlinking: /home/ubuntu/dev_ws/install/auv_bringup/share/ament_index/resource_index/parent_prefix_path/auv_bringup
[0.826s] -- Symlinking: /home/ubuntu/dev_ws/install/auv_bringup/share/auv_bringup/environment/ament_prefix_path.sh
[0.841s] -- Symlinking: /home/ubuntu/dev_ws/install/auv_bringup/share/auv_bringup/environment/ament_prefix_path.dsv
[0.851s] -- Symlinking: /home/ubuntu/dev_ws/install/auv_bringup/share/auv_bringup/environment/path.sh
[0.863s] -- Symlinking: /home/ubuntu/dev_ws/install/auv_bringup/share/auv_bringup/environment/path.dsv
[0.905s] -- Symlinking: /home/ubuntu/dev_ws/install/auv_bringup/share/auv_bringup/local_setup.bash
[0.918s] -- Symlinking: /home/ubuntu/dev_ws/install/auv_bringup/share/auv_bringup/local_setup.sh
[0.927s] -- Symlinking: /home/ubuntu/dev_ws/install/auv_bringup/share/auv_bringup/local_setup.zsh
[0.942s] -- Symlinking: /home/ubuntu/dev_ws/install/auv_bringup/share/auv_bringup/local_setup.dsv
[0.953s] -- Symlinking: /home/ubuntu/dev_ws/install/auv_bringup/share/auv_bringup/package.dsv
[0.963s] -- Symlinking: /home/ubuntu/dev_ws/install/auv_bringup/share/ament_index/resource_index/packages/auv_bringup
[0.974s] -- Symlinking: /home/ubuntu/dev_ws/install/auv_bringup/share/auv_bringup/cmake/auv_bringupConfig.cmake
[0.984s] -- Symlinking: /home/ubuntu/dev_ws/install/auv_bringup/share/auv_bringup/cmake/auv_bringupConfig-version.cmake
[0.995s] -- Symlinking: /home/ubuntu/dev_ws/install/auv_bringup/share/auv_bringup/package.xml
[1.008s] Invoked command in '/home/ubuntu/dev_ws/build/auv_bringup' returned '0': CMAKE_PREFIX_PATH=${CMAKE_PREFIX_PATH}:/home/ubuntu/dev_ws/install/auv_app:/opt/ros/humble /usr/bin/cmake --install /home/ubuntu/dev_ws/build/auv_bringup
