[0.164s] Invoking command in '/home/ubuntu/dev_ws/build/auv_gazebo': CMAKE_PREFIX_PATH=/opt/ros/humble /usr/bin/cmake /home/ubuntu/dev_ws/src/auv_gazebo -DCMAKE_INSTALL_PREFIX=/home/ubuntu/dev_ws/install/auv_gazebo
[0.188s] -- Looking for ignition-plugin1 -- found version 1.3.0
[0.189s] -- Searching for dependencies of ignition-plugin1
[0.190s] -- Searching for <ignition-plugin1> component [register]
[0.192s] -- Looking for ignition-plugin1-register -- found version 1.3.0
[0.193s] -- Searching for dependencies of ignition-plugin1-register
[0.193s] -- Looking for ignition-plugin1 - found
[0.193s] 
[0.200s] -- Looking for ignition-gazebo6 -- found version 6.11.0
[0.200s] -- Searching for dependencies of ignition-gazebo6
[0.202s] -- Looking for sdformat12 -- found version 12.5.0
[0.202s] -- Searching for dependencies of sdformat12
[0.208s] -- Checking for module 'tinyxml2'
[0.219s] --   Found tinyxml2, version 9.0.0
[0.261s] -- Looking for ignition-math6 -- found version 6.12.0
[0.262s] -- Searching for dependencies of ignition-math6
[0.266s] -- Looking for ignition-utils1 -- found version 1.4.0
[0.266s] -- Searching for dependencies of ignition-utils1
[0.269s] -- Looking for ignition-plugin1 -- found version 1.3.0
[0.269s] -- Searching for dependencies of ignition-plugin1
[0.269s] -- Searching for <ignition-plugin1> component [loader]
[0.272s] -- Looking for ignition-plugin1-loader -- found version 1.3.0
[0.272s] -- Searching for dependencies of ignition-plugin1-loader
[0.272s] -- Searching for <ignition-plugin1> component [register]
[0.276s] -- Looking for ignition-transport11 -- found version 11.2.0
[0.276s] -- Searching for dependencies of ignition-transport11
[0.470s] -- Found Protobuf: /usr/lib/aarch64-linux-gnu/libprotobuf.so (found suitable version "3.12.4", minimum required is "3") 
[0.489s] -- Config-file not installed for ZeroMQ -- checking for pkg-config
[0.492s] -- Checking for module 'libzmq >= 4'
[0.506s] --   Found libzmq , version 4.3.4
[0.539s] -- Found ZeroMQ: TRUE (Required is at least version "4") 
[0.544s] -- Checking for module 'uuid'
[0.555s] --   Found uuid, version 2.37.2
[0.579s] -- Found UUID: TRUE  
[0.579s] -- Looking for ignition-utils1 -- found version 1.4.0
[0.579s] -- Searching for dependencies of ignition-utils1
[0.579s] -- Searching for <ignition-utils1> component [cli]
[0.582s] -- Looking for ignition-utils1-cli -- found version 1.4.0
[0.582s] -- Searching for dependencies of ignition-utils1-cli
[0.586s] -- Looking for ignition-msgs8 -- found version 8.6.0
[0.586s] -- Searching for dependencies of ignition-msgs8
[0.612s] -- Looking for ignition-math6 -- found version 6.12.0
[0.624s] -- Searching for <ignition-transport11> component [log]
[0.627s] -- Looking for ignition-transport11-log -- found version 11.2.0
[0.627s] -- Searching for dependencies of ignition-transport11-log
[0.628s] -- Looking for ignition-msgs8 -- found version 8.6.0
[0.631s] -- Looking for ignition-common4 -- found version 4.5.2
[0.631s] -- Searching for dependencies of ignition-common4
[0.632s] -- Looking for dlfcn.h - found
[0.632s] -- Looking for libdl - found
[0.633s] -- Found DL: TRUE  
[0.640s] -- Searching for <ignition-common4> component [profiler]
[0.643s] -- Looking for ignition-common4-profiler -- found version 4.5.2
[0.643s] -- Searching for dependencies of ignition-common4-profiler
[0.645s] -- Searching for <ignition-common4> component [events]
[0.647s] -- Looking for ignition-common4-events -- found version 4.5.2
[0.647s] -- Searching for dependencies of ignition-common4-events
[0.648s] -- Looking for ignition-math6 -- found version 6.12.0
[0.649s] -- Searching for <ignition-common4> component [av]
[0.651s] -- Looking for ignition-common4-av -- found version 4.5.2
[0.651s] -- Searching for dependencies of ignition-common4-av
[0.655s] -- Checking for module 'libswscale'
[0.666s] --   Found libswscale, version 5.9.100
[0.693s] -- Found SWSCALE: TRUE  
[0.697s] -- Checking for module 'libavdevice >= 56.4.100'
[0.709s] --   Found libavdevice , version 58.13.100
[0.742s] -- Found AVDEVICE: TRUE (Required is at least version "56.4.100") 
[0.747s] -- Checking for module 'libavformat'
[0.757s] --   Found libavformat, version 58.76.100
[0.783s] -- Found AVFORMAT: TRUE  
[0.787s] -- Checking for module 'libavcodec'
[0.796s] --   Found libavcodec, version 58.134.100
[0.821s] -- Found AVCODEC: TRUE  
[0.825s] -- Checking for module 'libavutil'
[0.834s] --   Found libavutil, version 56.70.100
[0.857s] -- Found AVUTIL: TRUE  
[0.863s] -- Looking for ignition-fuel_tools7 -- found version 7.1.0
[0.863s] -- Searching for dependencies of ignition-fuel_tools7
[0.931s] -- Found CURL: /usr/lib/aarch64-linux-gnu/libcurl.so (found version "7.81.0")  
[0.940s] -- Checking for module 'jsoncpp'
[0.950s] --   Found jsoncpp, version 1.9.5
[0.975s] -- Found JSONCPP: TRUE  
[0.981s] -- Checking for module 'libzip'
[0.993s] --   Found libzip, version 1.7.3
[1.020s] -- Found ZIP: TRUE  
[1.020s] -- Looking for ignition-common4 -- found version 4.5.2
[1.020s] -- Looking for ignition-math6 -- found version 6.12.0
[1.021s] -- Looking for ignition-msgs8 -- found version 8.6.0
[1.024s] -- Looking for ignition-gui6 -- found version 6.6.1
[1.025s] -- Searching for dependencies of ignition-gui6
[1.052s] -- Looking for ignition-math6 -- found version 6.12.0
[1.052s] -- Looking for ignition-common4 -- found version 4.5.2
[1.052s] -- Looking for ignition-plugin1 -- found version 1.3.0
[1.052s] -- Looking for ignition-transport11 -- found version 11.2.0
[1.055s] -- Looking for ignition-rendering6 -- found version 6.5.1
[1.055s] -- Searching for dependencies of ignition-rendering6
[1.056s] -- Looking for ignition-math6 -- found version 6.12.0
[1.056s] -- Searching for dependencies of ignition-math6
[1.056s] -- Searching for <ignition-math6> component [eigen3]
[1.058s] -- Looking for ignition-math6-eigen3 -- found version 6.12.0
[1.059s] -- Searching for dependencies of ignition-math6-eigen3
[1.069s] -- Looking for ignition-common4 -- found version 4.5.2
[1.069s] -- Searching for dependencies of ignition-common4
[1.069s] -- Looking for dlfcn.h - found
[1.069s] -- Looking for libdl - found
[1.075s] -- Searching for <ignition-common4> component [graphics]
[1.078s] -- Looking for ignition-common4-graphics -- found version 4.5.2
[1.079s] -- Searching for dependencies of ignition-common4-graphics
[1.079s] -- Looking for ignition-math6 -- found version 6.12.0
[1.079s] -- Looking for ignition-utils1 -- found version 1.4.0
[1.080s] -- Searching for <ignition-common4> component [events]
[1.081s] -- Looking for ignition-plugin1 -- found version 1.3.0
[1.081s] -- Searching for dependencies of ignition-plugin1
[1.081s] -- Searching for <ignition-plugin1> component [all]
[1.083s] -- Looking for all libraries of ignition-plugin1 -- found version 1.3.0
[1.084s] -- Looking for ignition-plugin1 -- found version 1.3.0
[1.086s] -- Looking for ignition-msgs8 -- found version 8.6.0
[1.121s] -- Looking for ignition-physics5 -- found version 5.2.0
[1.122s] -- Searching for dependencies of ignition-physics5
[1.122s] -- Looking for ignition-math6 -- found version 6.12.0
[1.122s] -- Looking for ignition-plugin1 -- found version 1.3.0
[1.122s] -- Looking for ignition-utils1 -- found version 1.4.0
[1.123s] -- Searching for <ignition-physics5> component [heightmap]
[1.125s] -- Looking for ignition-physics5-heightmap -- found version 5.2.0
[1.126s] -- Searching for dependencies of ignition-physics5-heightmap
[1.126s] -- Looking for ignition-common4 -- found version 4.5.2
[1.127s] -- Searching for <ignition-physics5> component [mesh]
[1.129s] -- Looking for ignition-physics5-mesh -- found version 5.2.0
[1.129s] -- Searching for dependencies of ignition-physics5-mesh
[1.129s] -- Looking for ignition-common4 -- found version 4.5.2
[1.130s] -- Searching for <ignition-physics5> component [sdf]
[1.132s] -- Looking for ignition-physics5-sdf -- found version 5.2.0
[1.132s] -- Searching for dependencies of ignition-physics5-sdf
[1.132s] -- Looking for sdformat12 -- found version 12.5.0
[1.135s] -- Looking for ignition-sensors6 -- found version 6.6.0
[1.136s] -- Searching for dependencies of ignition-sensors6
[1.157s] -- Looking for ignition-math6 -- found version 6.12.0
[1.157s] -- Looking for ignition-common4 -- found version 4.5.2
[1.158s] -- Looking for ignition-transport11 -- found version 11.2.0
[1.158s] -- Looking for ignition-rendering6 -- found version 6.5.1
[1.158s] -- Looking for ignition-msgs8 -- found version 8.6.0
[1.158s] -- Looking for sdformat12 -- found version 12.5.0
[1.159s] -- Searching for <ignition-sensors6> component [air_pressure]
[1.161s] -- Looking for ignition-sensors6-air_pressure -- found version 6.6.0
[1.162s] -- Searching for dependencies of ignition-sensors6-air_pressure
[1.162s] -- Searching for <ignition-sensors6> component [altimeter]
[1.164s] -- Looking for ignition-sensors6-altimeter -- found version 6.6.0
[1.164s] -- Searching for dependencies of ignition-sensors6-altimeter
[1.165s] -- Searching for <ignition-sensors6> component [imu]
[1.168s] -- Looking for ignition-sensors6-imu -- found version 6.6.0
[1.168s] -- Searching for dependencies of ignition-sensors6-imu
[1.168s] -- Searching for <ignition-sensors6> component [force_torque]
[1.171s] -- Looking for ignition-sensors6-force_torque -- found version 6.6.0
[1.171s] -- Searching for dependencies of ignition-sensors6-force_torque
[1.171s] -- Searching for <ignition-sensors6> component [logical_camera]
[1.173s] -- Looking for ignition-sensors6-logical_camera -- found version 6.6.0
[1.174s] -- Searching for dependencies of ignition-sensors6-logical_camera
[1.174s] -- Searching for <ignition-sensors6> component [magnetometer]
[1.176s] -- Looking for ignition-sensors6-magnetometer -- found version 6.6.0
[1.176s] -- Searching for dependencies of ignition-sensors6-magnetometer
[1.177s] -- Searching for <ignition-sensors6> component [navsat]
[1.179s] -- Looking for ignition-sensors6-navsat -- found version 6.6.0
[1.179s] -- Searching for dependencies of ignition-sensors6-navsat
[1.180s] -- Searching for <ignition-sensors6> component [rendering]
[1.182s] -- Looking for ignition-sensors6-rendering -- found version 6.6.0
[1.182s] -- Searching for dependencies of ignition-sensors6-rendering
[1.183s] -- Searching for <ignition-sensors6> component [lidar]
[1.185s] -- Looking for ignition-sensors6-lidar -- found version 6.6.0
[1.185s] -- Searching for dependencies of ignition-sensors6-lidar
[1.186s] -- Searching for <ignition-sensors6> component [gpu_lidar]
[1.188s] -- Looking for ignition-sensors6-gpu_lidar -- found version 6.6.0
[1.188s] -- Searching for dependencies of ignition-sensors6-gpu_lidar
[1.188s] -- Searching for <ignition-sensors6> component [camera]
[1.191s] -- Looking for ignition-sensors6-camera -- found version 6.6.0
[1.191s] -- Searching for dependencies of ignition-sensors6-camera
[1.191s] -- Searching for <ignition-sensors6> component [boundingbox_camera]
[1.194s] -- Looking for ignition-sensors6-boundingbox_camera -- found version 6.6.0
[1.194s] -- Searching for dependencies of ignition-sensors6-boundingbox_camera
[1.194s] -- Searching for <ignition-sensors6> component [segmentation_camera]
[1.197s] -- Looking for ignition-sensors6-segmentation_camera -- found version 6.6.0
[1.197s] -- Searching for dependencies of ignition-sensors6-segmentation_camera
[1.198s] -- Searching for <ignition-sensors6> component [depth_camera]
[1.200s] -- Looking for ignition-sensors6-depth_camera -- found version 6.6.0
[1.200s] -- Searching for dependencies of ignition-sensors6-depth_camera
[1.201s] -- Searching for <ignition-sensors6> component [rgbd_camera]
[1.204s] -- Looking for ignition-sensors6-rgbd_camera -- found version 6.6.0
[1.204s] -- Searching for dependencies of ignition-sensors6-rgbd_camera
[1.204s] -- Searching for <ignition-sensors6> component [thermal_camera]
[1.207s] -- Looking for ignition-sensors6-thermal_camera -- found version 6.6.0
[1.207s] -- Searching for dependencies of ignition-sensors6-thermal_camera
[1.208s] -- Looking for ignition-rendering6 -- found version 6.5.1
[1.208s] -- Looking for ignition-math6 -- found version 6.12.0
[1.211s] -- Looking for ignition-utils1 -- found version 1.4.0
[1.235s] -- Looking for ignition-gazebo6 - found
[1.235s] 
[1.235s] -- Configuring done
[1.238s] [31mCMake Error at CMakeLists.txt:13 (add_library):
[1.238s]   Cannot find source file:
[1.238s] 
[1.238s]     HelloWorld
[1.238s] 
[1.239s]   Tried extensions .c .C .c++ .cc .cpp .cxx .cu .mpp .m .M .mm .ixx .cppm .h
[1.239s]   .hh .h++ .hm .hpp .hxx .in .txx .f .F .for .f77 .f90 .f95 .f03 .hip .ispc
[1.239s] 
[1.239s] [0m
[1.239s] [31mCMake Error at CMakeLists.txt:13 (add_library):
[1.239s]   No SOURCES given to target: HelloWorld
[1.239s] 
[1.239s] [0m
[1.239s] [0mCMake Generate step failed.  Build files cannot be regenerated correctly.[0m
[1.245s] Invoked command in '/home/ubuntu/dev_ws/build/auv_gazebo' returned '1': CMAKE_PREFIX_PATH=/opt/ros/humble /usr/bin/cmake /home/ubuntu/dev_ws/src/auv_gazebo -DCMAKE_INSTALL_PREFIX=/home/ubuntu/dev_ws/install/auv_gazebo
