[0.353s] Invoking command in '/home/ubuntu/dev_ws/src/auv_app': PYTHONPATH=/home/ubuntu/dev_ws/build/auv_app/prefix_override:/home/ubuntu/dev_ws/install/auv_app/lib/python3.10/site-packages:${PYTHONPATH} /usr/bin/python3 setup.py egg_info --egg-base ../../build/auv_app build --build-base /home/ubuntu/dev_ws/build/auv_app/build install --record /home/ubuntu/dev_ws/build/auv_app/install.log --single-version-externally-managed
[0.481s] running egg_info
[0.482s] writing ../../build/auv_app/auv_app.egg-info/PKG-INFO
[0.482s] writing dependency_links to ../../build/auv_app/auv_app.egg-info/dependency_links.txt
[0.482s] writing entry points to ../../build/auv_app/auv_app.egg-info/entry_points.txt
[0.482s] writing requirements to ../../build/auv_app/auv_app.egg-info/requires.txt
[0.482s] writing top-level names to ../../build/auv_app/auv_app.egg-info/top_level.txt
[0.483s] reading manifest file '../../build/auv_app/auv_app.egg-info/SOURCES.txt'
[0.484s] writing manifest file '../../build/auv_app/auv_app.egg-info/SOURCES.txt'
[0.484s] running build
[0.484s] running build_py
[0.484s] running install
[0.484s] /usr/lib/python3/dist-packages/setuptools/command/install.py:34: SetuptoolsDeprecationWarning: setup.py install is deprecated. Use build and pip and other standards-based tools.
[0.484s]   warnings.warn(
[0.484s] running install_lib
[0.485s] running install_data
[0.485s] running install_egg_info
[0.486s] removing '/home/ubuntu/dev_ws/install/auv_app/lib/python3.10/site-packages/auv_app-0.0.0-py3.10.egg-info' (and everything under it)
[0.486s] Copying ../../build/auv_app/auv_app.egg-info to /home/ubuntu/dev_ws/install/auv_app/lib/python3.10/site-packages/auv_app-0.0.0-py3.10.egg-info
[0.487s] running install_scripts
[0.499s] Installing my_node script to /home/ubuntu/dev_ws/install/auv_app/lib/auv_app
[0.500s] writing list of installed files to '/home/ubuntu/dev_ws/build/auv_app/install.log'
[0.516s] Invoked command in '/home/ubuntu/dev_ws/src/auv_app' returned '0': PYTHONPATH=/home/ubuntu/dev_ws/build/auv_app/prefix_override:/home/ubuntu/dev_ws/install/auv_app/lib/python3.10/site-packages:${PYTHONPATH} /usr/bin/python3 setup.py egg_info --egg-base ../../build/auv_app build --build-base /home/ubuntu/dev_ws/build/auv_app/build install --record /home/ubuntu/dev_ws/build/auv_app/install.log --single-version-externally-managed
