running develop
Removing /home/ubuntu/dev_ws/install/auv_app/lib/python3.10/site-packages/auv-app.egg-link (link to .)
running egg_info
writing ../../build/auv_app/auv_app.egg-info/PKG-INFO
writing dependency_links to ../../build/auv_app/auv_app.egg-info/dependency_links.txt
writing entry points to ../../build/auv_app/auv_app.egg-info/entry_points.txt
writing requirements to ../../build/auv_app/auv_app.egg-info/requires.txt
writing top-level names to ../../build/auv_app/auv_app.egg-info/top_level.txt
reading manifest file '../../build/auv_app/auv_app.egg-info/SOURCES.txt'
writing manifest file '../../build/auv_app/auv_app.egg-info/SOURCES.txt'
running build
running build_py
copying auv_app/utils.py -> /home/ubuntu/dev_ws/build/auv_app/build/lib/auv_app
copying auv_app/pose_estimator.py -> /home/ubuntu/dev_ws/build/auv_app/build/lib/auv_app
running install
running install_lib
copying /home/ubuntu/dev_ws/build/auv_app/build/lib/auv_app/__init__.py -> /home/ubuntu/dev_ws/install/auv_app/lib/python3.10/site-packages/auv_app
copying /home/ubuntu/dev_ws/build/auv_app/build/lib/auv_app/utils.py -> /home/ubuntu/dev_ws/install/auv_app/lib/python3.10/site-packages/auv_app
copying /home/ubuntu/dev_ws/build/auv_app/build/lib/auv_app/pose_estimator.py -> /home/ubuntu/dev_ws/install/auv_app/lib/python3.10/site-packages/auv_app
copying /home/ubuntu/dev_ws/build/auv_app/build/lib/auv_app/pose_estimation.py -> /home/ubuntu/dev_ws/install/auv_app/lib/python3.10/site-packages/auv_app
byte-compiling /home/ubuntu/dev_ws/install/auv_app/lib/python3.10/site-packages/auv_app/__init__.py to __init__.cpython-310.pyc
byte-compiling /home/ubuntu/dev_ws/install/auv_app/lib/python3.10/site-packages/auv_app/utils.py to utils.cpython-310.pyc
byte-compiling /home/ubuntu/dev_ws/install/auv_app/lib/python3.10/site-packages/auv_app/pose_estimator.py to pose_estimator.cpython-310.pyc
byte-compiling /home/ubuntu/dev_ws/install/auv_app/lib/python3.10/site-packages/auv_app/pose_estimation.py to pose_estimation.cpython-310.pyc
running install_data
running install_egg_info
Copying ../../build/auv_app/auv_app.egg-info to /home/ubuntu/dev_ws/install/auv_app/lib/python3.10/site-packages/auv_app-0.0.0-py3.10.egg-info
running install_scripts
Installing pose_estimator script to /home/ubuntu/dev_ws/install/auv_app/lib/auv_app
writing list of installed files to '/home/ubuntu/dev_ws/build/auv_app/install.log'
