[0.515s] Invoking command in '/home/ubuntu/dev_ws/build/auv_app': PYTHONPATH=/home/ubuntu/dev_ws/build/auv_app/prefix_override:/home/ubuntu/dev_ws/install/auv_app/lib/python3.10/site-packages:${PYTHONPATH} /usr/bin/python3 setup.py develop --uninstall --editable --build-directory /home/ubuntu/dev_ws/build/auv_app/build
[0.700s] running develop
[0.700s] /usr/lib/python3/dist-packages/setuptools/command/easy_install.py:158: EasyInstallDeprecationWarning: easy_install command is deprecated. Use build and pip and other standards-based tools.
[0.700s]   warnings.warn(
[0.739s] /usr/lib/python3/dist-packages/pkg_resources/__init__.py:116: PkgResourcesDeprecationWarning: 1.16.0-unknown is an invalid version and will not be supported in a future release
[0.739s]   warnings.warn(
[0.739s] /usr/lib/python3/dist-packages/pkg_resources/__init__.py:116: PkgResourcesDeprecationWarning: 0.1.43ubuntu1 is an invalid version and will not be supported in a future release
[0.739s]   warnings.warn(
[0.739s] /usr/lib/python3/dist-packages/pkg_resources/__init__.py:116: PkgResourcesDeprecationWarning: 1.1build1 is an invalid version and will not be supported in a future release
[0.739s]   warnings.warn(
[0.817s] Removing /home/ubuntu/dev_ws/install/auv_app/lib/python3.10/site-packages/auv-app.egg-link (link to .)
[0.839s] Invoked command in '/home/ubuntu/dev_ws/build/auv_app' returned '0': PYTHONPATH=/home/ubuntu/dev_ws/build/auv_app/prefix_override:/home/ubuntu/dev_ws/install/auv_app/lib/python3.10/site-packages:${PYTHONPATH} /usr/bin/python3 setup.py develop --uninstall --editable --build-directory /home/ubuntu/dev_ws/build/auv_app/build
[0.841s] Invoking command in '/home/ubuntu/dev_ws/src/auv_app': PYTHONPATH=/home/ubuntu/dev_ws/build/auv_app/prefix_override:/home/ubuntu/dev_ws/install/auv_app/lib/python3.10/site-packages:${PYTHONPATH} /usr/bin/python3 setup.py egg_info --egg-base ../../build/auv_app build --build-base /home/ubuntu/dev_ws/build/auv_app/build install --record /home/ubuntu/dev_ws/build/auv_app/install.log --single-version-externally-managed
[0.988s] running egg_info
[0.988s] writing ../../build/auv_app/auv_app.egg-info/PKG-INFO
[0.989s] writing dependency_links to ../../build/auv_app/auv_app.egg-info/dependency_links.txt
[0.989s] writing entry points to ../../build/auv_app/auv_app.egg-info/entry_points.txt
[0.989s] writing requirements to ../../build/auv_app/auv_app.egg-info/requires.txt
[0.989s] writing top-level names to ../../build/auv_app/auv_app.egg-info/top_level.txt
[0.990s] reading manifest file '../../build/auv_app/auv_app.egg-info/SOURCES.txt'
[0.991s] writing manifest file '../../build/auv_app/auv_app.egg-info/SOURCES.txt'
[0.991s] running build
[0.991s] running build_py
[0.991s] copying auv_app/utils.py -> /home/ubuntu/dev_ws/build/auv_app/build/lib/auv_app
[0.991s] copying auv_app/pose_estimator.py -> /home/ubuntu/dev_ws/build/auv_app/build/lib/auv_app
[0.991s] running install
[0.992s] running install_lib
[0.992s] copying /home/ubuntu/dev_ws/build/auv_app/build/lib/auv_app/__init__.py -> /home/ubuntu/dev_ws/install/auv_app/lib/python3.10/site-packages/auv_app
[0.992s] copying /home/ubuntu/dev_ws/build/auv_app/build/lib/auv_app/utils.py -> /home/ubuntu/dev_ws/install/auv_app/lib/python3.10/site-packages/auv_app
[0.992s] copying /home/ubuntu/dev_ws/build/auv_app/build/lib/auv_app/pose_estimator.py -> /home/ubuntu/dev_ws/install/auv_app/lib/python3.10/site-packages/auv_app
[0.993s] copying /home/ubuntu/dev_ws/build/auv_app/build/lib/auv_app/pose_estimation.py -> /home/ubuntu/dev_ws/install/auv_app/lib/python3.10/site-packages/auv_app
[0.993s] byte-compiling /home/ubuntu/dev_ws/install/auv_app/lib/python3.10/site-packages/auv_app/__init__.py to __init__.cpython-310.pyc
[0.993s] byte-compiling /home/ubuntu/dev_ws/install/auv_app/lib/python3.10/site-packages/auv_app/utils.py to utils.cpython-310.pyc
[0.994s] byte-compiling /home/ubuntu/dev_ws/install/auv_app/lib/python3.10/site-packages/auv_app/pose_estimator.py to pose_estimator.cpython-310.pyc
[0.994s] byte-compiling /home/ubuntu/dev_ws/install/auv_app/lib/python3.10/site-packages/auv_app/pose_estimation.py to pose_estimation.cpython-310.pyc
[0.995s] running install_data
[0.995s] running install_egg_info
[0.996s] Copying ../../build/auv_app/auv_app.egg-info to /home/ubuntu/dev_ws/install/auv_app/lib/python3.10/site-packages/auv_app-0.0.0-py3.10.egg-info
[0.997s] running install_scripts
[1.011s] Installing pose_estimator script to /home/ubuntu/dev_ws/install/auv_app/lib/auv_app
[1.011s] writing list of installed files to '/home/ubuntu/dev_ws/build/auv_app/install.log'
[1.031s] Invoked command in '/home/ubuntu/dev_ws/src/auv_app' returned '0': PYTHONPATH=/home/ubuntu/dev_ws/build/auv_app/prefix_override:/home/ubuntu/dev_ws/install/auv_app/lib/python3.10/site-packages:${PYTHONPATH} /usr/bin/python3 setup.py egg_info --egg-base ../../build/auv_app build --build-base /home/ubuntu/dev_ws/build/auv_app/build install --record /home/ubuntu/dev_ws/build/auv_app/install.log --single-version-externally-managed
