[0.456s] Invoking command in '/home/ubuntu/dev_ws/src/auv_app': PYTHONPATH=/home/ubuntu/dev_ws/build/auv_app/prefix_override:/home/ubuntu/dev_ws/install/auv_app/lib/python3.10/site-packages:${PYTHONPATH} /usr/bin/python3 setup.py egg_info --egg-base ../../build/auv_app build --build-base /home/ubuntu/dev_ws/build/auv_app/build install --record /home/ubuntu/dev_ws/build/auv_app/install.log --single-version-externally-managed
[0.602s] running egg_info
[0.603s] creating ../../build/auv_app/auv_app.egg-info
[0.603s] writing ../../build/auv_app/auv_app.egg-info/PKG-INFO
[0.603s] writing dependency_links to ../../build/auv_app/auv_app.egg-info/dependency_links.txt
[0.603s] writing entry points to ../../build/auv_app/auv_app.egg-info/entry_points.txt
[0.604s] writing requirements to ../../build/auv_app/auv_app.egg-info/requires.txt
[0.604s] writing top-level names to ../../build/auv_app/auv_app.egg-info/top_level.txt
[0.604s] writing manifest file '../../build/auv_app/auv_app.egg-info/SOURCES.txt'
[0.605s] reading manifest file '../../build/auv_app/auv_app.egg-info/SOURCES.txt'
[0.606s] writing manifest file '../../build/auv_app/auv_app.egg-info/SOURCES.txt'
[0.606s] running build
[0.606s] running build_py
[0.606s] creating /home/ubuntu/dev_ws/build/auv_app/build
[0.606s] creating /home/ubuntu/dev_ws/build/auv_app/build/lib
[0.606s] creating /home/ubuntu/dev_ws/build/auv_app/build/lib/auv_app
[0.606s] copying auv_app/__init__.py -> /home/ubuntu/dev_ws/build/auv_app/build/lib/auv_app
[0.606s] copying auv_app/my_node.py -> /home/ubuntu/dev_ws/build/auv_app/build/lib/auv_app
[0.606s] running install
[0.607s] /usr/lib/python3/dist-packages/setuptools/command/install.py:34: SetuptoolsDeprecationWarning: setup.py install is deprecated. Use build and pip and other standards-based tools.
[0.607s]   warnings.warn(
[0.608s] running install_lib
[0.608s] creating /home/ubuntu/dev_ws/install/auv_app/lib/python3.10/site-packages/auv_app
[0.608s] copying /home/ubuntu/dev_ws/build/auv_app/build/lib/auv_app/__init__.py -> /home/ubuntu/dev_ws/install/auv_app/lib/python3.10/site-packages/auv_app
[0.608s] copying /home/ubuntu/dev_ws/build/auv_app/build/lib/auv_app/my_node.py -> /home/ubuntu/dev_ws/install/auv_app/lib/python3.10/site-packages/auv_app
[0.610s] byte-compiling /home/ubuntu/dev_ws/install/auv_app/lib/python3.10/site-packages/auv_app/__init__.py to __init__.cpython-310.pyc
[0.610s] byte-compiling /home/ubuntu/dev_ws/install/auv_app/lib/python3.10/site-packages/auv_app/my_node.py to my_node.cpython-310.pyc
[0.610s] running install_data
[0.610s] creating /home/ubuntu/dev_ws/install/auv_app/share/ament_index
[0.610s] creating /home/ubuntu/dev_ws/install/auv_app/share/ament_index/resource_index
[0.610s] creating /home/ubuntu/dev_ws/install/auv_app/share/ament_index/resource_index/packages
[0.610s] copying resource/auv_app -> /home/ubuntu/dev_ws/install/auv_app/share/ament_index/resource_index/packages
[0.610s] copying package.xml -> /home/ubuntu/dev_ws/install/auv_app/share/auv_app
[0.610s] running install_egg_info
[0.610s] Copying ../../build/auv_app/auv_app.egg-info to /home/ubuntu/dev_ws/install/auv_app/lib/python3.10/site-packages/auv_app-0.0.0-py3.10.egg-info
[0.611s] running install_scripts
[0.628s] Installing my_node script to /home/ubuntu/dev_ws/install/auv_app/lib/auv_app
[0.628s] writing list of installed files to '/home/ubuntu/dev_ws/build/auv_app/install.log'
[0.650s] Invoked command in '/home/ubuntu/dev_ws/src/auv_app' returned '0': PYTHONPATH=/home/ubuntu/dev_ws/build/auv_app/prefix_override:/home/ubuntu/dev_ws/install/auv_app/lib/python3.10/site-packages:${PYTHONPATH} /usr/bin/python3 setup.py egg_info --egg-base ../../build/auv_app build --build-base /home/ubuntu/dev_ws/build/auv_app/build install --record /home/ubuntu/dev_ws/build/auv_app/install.log --single-version-externally-managed
