[0.158s] Invoking command in '/home/ubuntu/dev_ws/build/auv_description': CMAKE_PREFIX_PATH=/opt/ros/humble /usr/bin/cmake --build /home/ubuntu/dev_ws/build/auv_description -- -j5 -l5
[0.198s] Invoked command in '/home/ubuntu/dev_ws/build/auv_description' returned '0': CMAKE_PREFIX_PATH=/opt/ros/humble /usr/bin/cmake --build /home/ubuntu/dev_ws/build/auv_description -- -j5 -l5
[0.233s] Invoking command in '/home/ubuntu/dev_ws/build/auv_description': CMAKE_PREFIX_PATH=/opt/ros/humble /usr/bin/cmake --install /home/ubuntu/dev_ws/build/auv_description
[0.240s] -- Install configuration: ""
[0.240s] -- Up-to-date: /home/ubuntu/dev_ws/install/auv_description/share/auv_description/model
[0.240s] -- Up-to-date: /home/ubuntu/dev_ws/install/auv_description/share/auv_description/model/auv.xacro
[0.240s] -- Up-to-date: /home/ubuntu/dev_ws/install/auv_description/share/auv_description/model/inertial_macros.xacro
[0.240s] -- Up-to-date: /home/ubuntu/dev_ws/install/auv_description/share/auv_description/model/auv.sdf
[0.240s] -- Installing: /home/ubuntu/dev_ws/install/auv_description/share/auv_description/model/auv.urdf
[0.240s] -- Up-to-date: /home/ubuntu/dev_ws/install/auv_description/share/auv_description/model/materials.xacro
[0.240s] -- Up-to-date: /home/ubuntu/dev_ws/install/auv_description/share/auv_description/environment/auv_description.dsv
[0.240s] -- Up-to-date: /home/ubuntu/dev_ws/install/auv_description/share/auv_description/environment/auv_description.sh
[0.240s] -- Up-to-date: /home/ubuntu/dev_ws/install/auv_description/share/ament_index/resource_index/package_run_dependencies/auv_description
[0.240s] -- Up-to-date: /home/ubuntu/dev_ws/install/auv_description/share/ament_index/resource_index/parent_prefix_path/auv_description
[0.241s] -- Up-to-date: /home/ubuntu/dev_ws/install/auv_description/share/auv_description/environment/ament_prefix_path.sh
[0.241s] -- Up-to-date: /home/ubuntu/dev_ws/install/auv_description/share/auv_description/environment/ament_prefix_path.dsv
[0.241s] -- Up-to-date: /home/ubuntu/dev_ws/install/auv_description/share/auv_description/environment/path.sh
[0.241s] -- Up-to-date: /home/ubuntu/dev_ws/install/auv_description/share/auv_description/environment/path.dsv
[0.241s] -- Up-to-date: /home/ubuntu/dev_ws/install/auv_description/share/auv_description/local_setup.bash
[0.241s] -- Up-to-date: /home/ubuntu/dev_ws/install/auv_description/share/auv_description/local_setup.sh
[0.241s] -- Up-to-date: /home/ubuntu/dev_ws/install/auv_description/share/auv_description/local_setup.zsh
[0.241s] -- Up-to-date: /home/ubuntu/dev_ws/install/auv_description/share/auv_description/local_setup.dsv
[0.241s] -- Installing: /home/ubuntu/dev_ws/install/auv_description/share/auv_description/package.dsv
[0.241s] -- Up-to-date: /home/ubuntu/dev_ws/install/auv_description/share/ament_index/resource_index/packages/auv_description
[0.241s] -- Up-to-date: /home/ubuntu/dev_ws/install/auv_description/share/auv_description/cmake/auv_descriptionConfig.cmake
[0.241s] -- Up-to-date: /home/ubuntu/dev_ws/install/auv_description/share/auv_description/cmake/auv_descriptionConfig-version.cmake
[0.241s] -- Up-to-date: /home/ubuntu/dev_ws/install/auv_description/share/auv_description/package.xml
[0.251s] Invoked command in '/home/ubuntu/dev_ws/build/auv_description' returned '0': CMAKE_PREFIX_PATH=/opt/ros/humble /usr/bin/cmake --install /home/ubuntu/dev_ws/build/auv_description
