[0.193s] DEBUG:colcon:Command line arguments: ['/usr/bin/colcon', 'build']
[0.193s] DEBUG:colcon:Parsed command line arguments: Namespace(log_base=None, log_level=None, verb_name='build', build_base='build', install_base='install', merge_install=False, symlink_install=False, test_result_base=None, continue_on_error=False, executor='parallel', parallel_workers=5, event_handlers=None, ignore_user_meta=False, metas=['./colcon.meta'], base_paths=['.'], packages_ignore=None, packages_ignore_regex=None, paths=None, packages_up_to=None, packages_up_to_regex=None, packages_above=None, packages_above_and_dependencies=None, packages_above_depth=None, packages_select_by_dep=None, packages_skip_by_dep=None, packages_skip_up_to=None, packages_select_build_failed=False, packages_skip_build_finished=False, packages_select_test_failures=False, packages_skip_test_passed=False, packages_select=None, packages_skip=None, packages_select_regex=None, packages_skip_regex=None, packages_start=None, packages_end=None, allow_overriding=[], cmake_args=None, cmake_target=None, cmake_target_skip_unavailable=False, cmake_clean_cache=False, cmake_clean_first=False, cmake_force_configure=False, ament_cmake_args=None, catkin_cmake_args=None, catkin_skip_building_tests=False, verb_parser=<colcon_defaults.argument_parser.defaults.DefaultArgumentsDecorator object at 0xffff902d40a0>, verb_extension=<colcon_core.verb.build.BuildVerb object at 0xffff901f6260>, main=<bound method BuildVerb.main of <colcon_core.verb.build.BuildVerb object at 0xffff901f6260>>)
[0.213s] Level 1:colcon.colcon_core.package_discovery:discover_packages(colcon_meta) check parameters
[0.213s] Level 1:colcon.colcon_core.package_discovery:discover_packages(recursive) check parameters
[0.213s] Level 1:colcon.colcon_core.package_discovery:discover_packages(ignore) check parameters
[0.213s] Level 1:colcon.colcon_core.package_discovery:discover_packages(path) check parameters
[0.213s] Level 1:colcon.colcon_core.package_discovery:discover_packages(colcon_meta) discover
[0.213s] Level 1:colcon.colcon_core.package_discovery:discover_packages(recursive) discover
[0.213s] INFO:colcon.colcon_core.package_discovery:Crawling recursively for packages in '/home/ubuntu/dev_ws'
[0.213s] Level 1:colcon.colcon_core.package_identification:_identify(.) by extensions ['ignore', 'ignore_ament_install']
[0.213s] Level 1:colcon.colcon_core.package_identification:_identify(.) by extension 'ignore'
[0.214s] Level 1:colcon.colcon_core.package_identification:_identify(.) by extension 'ignore_ament_install'
[0.214s] Level 1:colcon.colcon_core.package_identification:_identify(.) by extensions ['colcon_pkg']
[0.214s] Level 1:colcon.colcon_core.package_identification:_identify(.) by extension 'colcon_pkg'
[0.214s] Level 1:colcon.colcon_core.package_identification:_identify(.) by extensions ['colcon_meta']
[0.214s] Level 1:colcon.colcon_core.package_identification:_identify(.) by extension 'colcon_meta'
[0.214s] Level 1:colcon.colcon_core.package_identification:_identify(.) by extensions ['ros']
[0.214s] Level 1:colcon.colcon_core.package_identification:_identify(.) by extension 'ros'
[0.221s] Level 1:colcon.colcon_core.package_identification:_identify(.) by extensions ['cmake', 'python']
[0.221s] Level 1:colcon.colcon_core.package_identification:_identify(.) by extension 'cmake'
[0.221s] Level 1:colcon.colcon_core.package_identification:_identify(.) by extension 'python'
[0.221s] Level 1:colcon.colcon_core.package_identification:_identify(.) by extensions ['python_setup_py']
[0.221s] Level 1:colcon.colcon_core.package_identification:_identify(.) by extension 'python_setup_py'
[0.221s] Level 1:colcon.colcon_core.package_identification:_identify(build) by extensions ['ignore', 'ignore_ament_install']
[0.221s] Level 1:colcon.colcon_core.package_identification:_identify(build) by extension 'ignore'
[0.221s] Level 1:colcon.colcon_core.package_identification:_identify(build) ignored
[0.221s] Level 1:colcon.colcon_core.package_identification:_identify(install) by extensions ['ignore', 'ignore_ament_install']
[0.221s] Level 1:colcon.colcon_core.package_identification:_identify(install) by extension 'ignore'
[0.221s] Level 1:colcon.colcon_core.package_identification:_identify(install) ignored
[0.221s] Level 1:colcon.colcon_core.package_identification:_identify(log) by extensions ['ignore', 'ignore_ament_install']
[0.222s] Level 1:colcon.colcon_core.package_identification:_identify(log) by extension 'ignore'
[0.222s] Level 1:colcon.colcon_core.package_identification:_identify(log) ignored
[0.222s] Level 1:colcon.colcon_core.package_identification:_identify(src) by extensions ['ignore', 'ignore_ament_install']
[0.222s] Level 1:colcon.colcon_core.package_identification:_identify(src) by extension 'ignore'
[0.222s] Level 1:colcon.colcon_core.package_identification:_identify(src) by extension 'ignore_ament_install'
[0.222s] Level 1:colcon.colcon_core.package_identification:_identify(src) by extensions ['colcon_pkg']
[0.222s] Level 1:colcon.colcon_core.package_identification:_identify(src) by extension 'colcon_pkg'
[0.222s] Level 1:colcon.colcon_core.package_identification:_identify(src) by extensions ['colcon_meta']
[0.222s] Level 1:colcon.colcon_core.package_identification:_identify(src) by extension 'colcon_meta'
[0.222s] Level 1:colcon.colcon_core.package_identification:_identify(src) by extensions ['ros']
[0.222s] Level 1:colcon.colcon_core.package_identification:_identify(src) by extension 'ros'
[0.222s] Level 1:colcon.colcon_core.package_identification:_identify(src) by extensions ['cmake', 'python']
[0.222s] Level 1:colcon.colcon_core.package_identification:_identify(src) by extension 'cmake'
[0.222s] Level 1:colcon.colcon_core.package_identification:_identify(src) by extension 'python'
[0.222s] Level 1:colcon.colcon_core.package_identification:_identify(src) by extensions ['python_setup_py']
[0.222s] Level 1:colcon.colcon_core.package_identification:_identify(src) by extension 'python_setup_py'
[0.222s] Level 1:colcon.colcon_core.package_identification:_identify(src/auv_app) by extensions ['ignore', 'ignore_ament_install']
[0.222s] Level 1:colcon.colcon_core.package_identification:_identify(src/auv_app) by extension 'ignore'
[0.222s] Level 1:colcon.colcon_core.package_identification:_identify(src/auv_app) by extension 'ignore_ament_install'
[0.222s] Level 1:colcon.colcon_core.package_identification:_identify(src/auv_app) by extensions ['colcon_pkg']
[0.222s] Level 1:colcon.colcon_core.package_identification:_identify(src/auv_app) by extension 'colcon_pkg'
[0.222s] Level 1:colcon.colcon_core.package_identification:_identify(src/auv_app) by extensions ['colcon_meta']
[0.222s] Level 1:colcon.colcon_core.package_identification:_identify(src/auv_app) by extension 'colcon_meta'
[0.222s] Level 1:colcon.colcon_core.package_identification:_identify(src/auv_app) by extensions ['ros']
[0.222s] Level 1:colcon.colcon_core.package_identification:_identify(src/auv_app) by extension 'ros'
[0.224s] DEBUG:colcon.colcon_core.package_identification:Package 'src/auv_app' with type 'ros.ament_python' and name 'auv_app'
[0.224s] Level 1:colcon.colcon_core.package_identification:_identify(src/auv_bringup) by extensions ['ignore', 'ignore_ament_install']
[0.224s] Level 1:colcon.colcon_core.package_identification:_identify(src/auv_bringup) by extension 'ignore'
[0.224s] Level 1:colcon.colcon_core.package_identification:_identify(src/auv_bringup) by extension 'ignore_ament_install'
[0.224s] Level 1:colcon.colcon_core.package_identification:_identify(src/auv_bringup) by extensions ['colcon_pkg']
[0.224s] Level 1:colcon.colcon_core.package_identification:_identify(src/auv_bringup) by extension 'colcon_pkg'
[0.224s] Level 1:colcon.colcon_core.package_identification:_identify(src/auv_bringup) by extensions ['colcon_meta']
[0.224s] Level 1:colcon.colcon_core.package_identification:_identify(src/auv_bringup) by extension 'colcon_meta'
[0.224s] Level 1:colcon.colcon_core.package_identification:_identify(src/auv_bringup) by extensions ['ros']
[0.224s] Level 1:colcon.colcon_core.package_identification:_identify(src/auv_bringup) by extension 'ros'
[0.224s] DEBUG:colcon.colcon_core.package_identification:Package 'src/auv_bringup' with type 'ros.ament_cmake' and name 'auv_bringup'
[0.225s] Level 1:colcon.colcon_core.package_identification:_identify(src/auv_description) by extensions ['ignore', 'ignore_ament_install']
[0.225s] Level 1:colcon.colcon_core.package_identification:_identify(src/auv_description) by extension 'ignore'
[0.225s] Level 1:colcon.colcon_core.package_identification:_identify(src/auv_description) by extension 'ignore_ament_install'
[0.225s] Level 1:colcon.colcon_core.package_identification:_identify(src/auv_description) by extensions ['colcon_pkg']
[0.225s] Level 1:colcon.colcon_core.package_identification:_identify(src/auv_description) by extension 'colcon_pkg'
[0.225s] Level 1:colcon.colcon_core.package_identification:_identify(src/auv_description) by extensions ['colcon_meta']
[0.225s] Level 1:colcon.colcon_core.package_identification:_identify(src/auv_description) by extension 'colcon_meta'
[0.225s] Level 1:colcon.colcon_core.package_identification:_identify(src/auv_description) by extensions ['ros']
[0.225s] Level 1:colcon.colcon_core.package_identification:_identify(src/auv_description) by extension 'ros'
[0.225s] DEBUG:colcon.colcon_core.package_identification:Package 'src/auv_description' with type 'ros.ament_cmake' and name 'auv_description'
[0.225s] Level 1:colcon.colcon_core.package_identification:_identify(src/auv_gazebo) by extensions ['ignore', 'ignore_ament_install']
[0.225s] Level 1:colcon.colcon_core.package_identification:_identify(src/auv_gazebo) by extension 'ignore'
[0.225s] Level 1:colcon.colcon_core.package_identification:_identify(src/auv_gazebo) by extension 'ignore_ament_install'
[0.225s] Level 1:colcon.colcon_core.package_identification:_identify(src/auv_gazebo) by extensions ['colcon_pkg']
[0.225s] Level 1:colcon.colcon_core.package_identification:_identify(src/auv_gazebo) by extension 'colcon_pkg'
[0.225s] Level 1:colcon.colcon_core.package_identification:_identify(src/auv_gazebo) by extensions ['colcon_meta']
[0.225s] Level 1:colcon.colcon_core.package_identification:_identify(src/auv_gazebo) by extension 'colcon_meta'
[0.225s] Level 1:colcon.colcon_core.package_identification:_identify(src/auv_gazebo) by extensions ['ros']
[0.225s] Level 1:colcon.colcon_core.package_identification:_identify(src/auv_gazebo) by extension 'ros'
[0.226s] DEBUG:colcon.colcon_core.package_identification:Package 'src/auv_gazebo' with type 'ros.ament_cmake' and name 'auv_gazebo'
[0.226s] Level 1:colcon.colcon_core.package_discovery:discover_packages(recursive) using defaults
[0.226s] Level 1:colcon.colcon_core.package_discovery:discover_packages(ignore) discover
[0.226s] Level 1:colcon.colcon_core.package_discovery:discover_packages(ignore) using defaults
[0.226s] Level 1:colcon.colcon_core.package_discovery:discover_packages(path) discover
[0.226s] Level 1:colcon.colcon_core.package_discovery:discover_packages(path) using defaults
[0.240s] Level 1:colcon.colcon_core.package_discovery:discover_packages(prefix_path) check parameters
[0.241s] Level 1:colcon.colcon_core.package_discovery:discover_packages(prefix_path) discover
[0.243s] DEBUG:colcon.colcon_installed_package_information.package_discovery:Found 304 installed packages in /opt/ros/humble
[0.244s] Level 1:colcon.colcon_core.package_discovery:discover_packages(prefix_path) using defaults
[0.283s] Level 5:colcon.colcon_core.verb:set package 'auv_app' build argument 'cmake_args' from command line to 'None'
[0.283s] Level 5:colcon.colcon_core.verb:set package 'auv_app' build argument 'cmake_target' from command line to 'None'
[0.283s] Level 5:colcon.colcon_core.verb:set package 'auv_app' build argument 'cmake_target_skip_unavailable' from command line to 'False'
[0.283s] Level 5:colcon.colcon_core.verb:set package 'auv_app' build argument 'cmake_clean_cache' from command line to 'False'
[0.283s] Level 5:colcon.colcon_core.verb:set package 'auv_app' build argument 'cmake_clean_first' from command line to 'False'
[0.283s] Level 5:colcon.colcon_core.verb:set package 'auv_app' build argument 'cmake_force_configure' from command line to 'False'
[0.283s] Level 5:colcon.colcon_core.verb:set package 'auv_app' build argument 'ament_cmake_args' from command line to 'None'
[0.283s] Level 5:colcon.colcon_core.verb:set package 'auv_app' build argument 'catkin_cmake_args' from command line to 'None'
[0.283s] Level 5:colcon.colcon_core.verb:set package 'auv_app' build argument 'catkin_skip_building_tests' from command line to 'False'
[0.283s] DEBUG:colcon.colcon_core.verb:Building package 'auv_app' with the following arguments: {'ament_cmake_args': None, 'build_base': '/home/ubuntu/dev_ws/build/auv_app', 'catkin_cmake_args': None, 'catkin_skip_building_tests': False, 'cmake_args': None, 'cmake_clean_cache': False, 'cmake_clean_first': False, 'cmake_force_configure': False, 'cmake_target': None, 'cmake_target_skip_unavailable': False, 'install_base': '/home/ubuntu/dev_ws/install/auv_app', 'merge_install': False, 'path': '/home/ubuntu/dev_ws/src/auv_app', 'symlink_install': False, 'test_result_base': None}
[0.284s] Level 5:colcon.colcon_core.verb:set package 'auv_bringup' build argument 'cmake_args' from command line to 'None'
[0.284s] Level 5:colcon.colcon_core.verb:set package 'auv_bringup' build argument 'cmake_target' from command line to 'None'
[0.284s] Level 5:colcon.colcon_core.verb:set package 'auv_bringup' build argument 'cmake_target_skip_unavailable' from command line to 'False'
[0.284s] Level 5:colcon.colcon_core.verb:set package 'auv_bringup' build argument 'cmake_clean_cache' from command line to 'False'
[0.284s] Level 5:colcon.colcon_core.verb:set package 'auv_bringup' build argument 'cmake_clean_first' from command line to 'False'
[0.284s] Level 5:colcon.colcon_core.verb:set package 'auv_bringup' build argument 'cmake_force_configure' from command line to 'False'
[0.284s] Level 5:colcon.colcon_core.verb:set package 'auv_bringup' build argument 'ament_cmake_args' from command line to 'None'
[0.284s] Level 5:colcon.colcon_core.verb:set package 'auv_bringup' build argument 'catkin_cmake_args' from command line to 'None'
[0.284s] Level 5:colcon.colcon_core.verb:set package 'auv_bringup' build argument 'catkin_skip_building_tests' from command line to 'False'
[0.284s] DEBUG:colcon.colcon_core.verb:Building package 'auv_bringup' with the following arguments: {'ament_cmake_args': None, 'build_base': '/home/ubuntu/dev_ws/build/auv_bringup', 'catkin_cmake_args': None, 'catkin_skip_building_tests': False, 'cmake_args': None, 'cmake_clean_cache': False, 'cmake_clean_first': False, 'cmake_force_configure': False, 'cmake_target': None, 'cmake_target_skip_unavailable': False, 'install_base': '/home/ubuntu/dev_ws/install/auv_bringup', 'merge_install': False, 'path': '/home/ubuntu/dev_ws/src/auv_bringup', 'symlink_install': False, 'test_result_base': None}
[0.285s] Level 5:colcon.colcon_core.verb:set package 'auv_description' build argument 'cmake_args' from command line to 'None'
[0.285s] Level 5:colcon.colcon_core.verb:set package 'auv_description' build argument 'cmake_target' from command line to 'None'
[0.285s] Level 5:colcon.colcon_core.verb:set package 'auv_description' build argument 'cmake_target_skip_unavailable' from command line to 'False'
[0.285s] Level 5:colcon.colcon_core.verb:set package 'auv_description' build argument 'cmake_clean_cache' from command line to 'False'
[0.285s] Level 5:colcon.colcon_core.verb:set package 'auv_description' build argument 'cmake_clean_first' from command line to 'False'
[0.285s] Level 5:colcon.colcon_core.verb:set package 'auv_description' build argument 'cmake_force_configure' from command line to 'False'
[0.285s] Level 5:colcon.colcon_core.verb:set package 'auv_description' build argument 'ament_cmake_args' from command line to 'None'
[0.285s] Level 5:colcon.colcon_core.verb:set package 'auv_description' build argument 'catkin_cmake_args' from command line to 'None'
[0.285s] Level 5:colcon.colcon_core.verb:set package 'auv_description' build argument 'catkin_skip_building_tests' from command line to 'False'
[0.285s] DEBUG:colcon.colcon_core.verb:Building package 'auv_description' with the following arguments: {'ament_cmake_args': None, 'build_base': '/home/ubuntu/dev_ws/build/auv_description', 'catkin_cmake_args': None, 'catkin_skip_building_tests': False, 'cmake_args': None, 'cmake_clean_cache': False, 'cmake_clean_first': False, 'cmake_force_configure': False, 'cmake_target': None, 'cmake_target_skip_unavailable': False, 'install_base': '/home/ubuntu/dev_ws/install/auv_description', 'merge_install': False, 'path': '/home/ubuntu/dev_ws/src/auv_description', 'symlink_install': False, 'test_result_base': None}
[0.286s] Level 5:colcon.colcon_core.verb:set package 'auv_gazebo' build argument 'cmake_args' from command line to 'None'
[0.286s] Level 5:colcon.colcon_core.verb:set package 'auv_gazebo' build argument 'cmake_target' from command line to 'None'
[0.286s] Level 5:colcon.colcon_core.verb:set package 'auv_gazebo' build argument 'cmake_target_skip_unavailable' from command line to 'False'
[0.286s] Level 5:colcon.colcon_core.verb:set package 'auv_gazebo' build argument 'cmake_clean_cache' from command line to 'False'
[0.286s] Level 5:colcon.colcon_core.verb:set package 'auv_gazebo' build argument 'cmake_clean_first' from command line to 'False'
[0.286s] Level 5:colcon.colcon_core.verb:set package 'auv_gazebo' build argument 'cmake_force_configure' from command line to 'False'
[0.286s] Level 5:colcon.colcon_core.verb:set package 'auv_gazebo' build argument 'ament_cmake_args' from command line to 'None'
[0.286s] Level 5:colcon.colcon_core.verb:set package 'auv_gazebo' build argument 'catkin_cmake_args' from command line to 'None'
[0.286s] Level 5:colcon.colcon_core.verb:set package 'auv_gazebo' build argument 'catkin_skip_building_tests' from command line to 'False'
[0.286s] DEBUG:colcon.colcon_core.verb:Building package 'auv_gazebo' with the following arguments: {'ament_cmake_args': None, 'build_base': '/home/ubuntu/dev_ws/build/auv_gazebo', 'catkin_cmake_args': None, 'catkin_skip_building_tests': False, 'cmake_args': None, 'cmake_clean_cache': False, 'cmake_clean_first': False, 'cmake_force_configure': False, 'cmake_target': None, 'cmake_target_skip_unavailable': False, 'install_base': '/home/ubuntu/dev_ws/install/auv_gazebo', 'merge_install': False, 'path': '/home/ubuntu/dev_ws/src/auv_gazebo', 'symlink_install': False, 'test_result_base': None}
[0.287s] INFO:colcon.colcon_core.executor:Executing jobs using 'parallel' executor
[0.289s] DEBUG:colcon.colcon_parallel_executor.executor.parallel:run_until_complete
[0.290s] INFO:colcon.colcon_ros.task.ament_python.build:Building ROS package in '/home/ubuntu/dev_ws/src/auv_app' with build type 'ament_python'
[0.290s] Level 1:colcon.colcon_core.shell:create_environment_hook('auv_app', 'ament_prefix_path')
[0.292s] INFO:colcon.colcon_core.plugin_system:Skipping extension 'colcon_core.shell.bat': Not used on non-Windows systems
[0.292s] INFO:colcon.colcon_core.shell:Creating environment hook '/home/ubuntu/dev_ws/install/auv_app/share/auv_app/hook/ament_prefix_path.ps1'
[0.293s] INFO:colcon.colcon_core.shell:Creating environment descriptor '/home/ubuntu/dev_ws/install/auv_app/share/auv_app/hook/ament_prefix_path.dsv'
[0.293s] INFO:colcon.colcon_core.shell:Creating environment hook '/home/ubuntu/dev_ws/install/auv_app/share/auv_app/hook/ament_prefix_path.sh'
[0.294s] INFO:colcon.colcon_core.shell:Skip shell extension 'powershell' for command environment: Not usable outside of PowerShell
[0.294s] DEBUG:colcon.colcon_core.shell:Skip shell extension 'dsv' for command environment
[0.297s] INFO:colcon.colcon_ros.task.ament_cmake.build:Building ROS package in '/home/ubuntu/dev_ws/src/auv_bringup' with build type 'ament_cmake'
[0.298s] INFO:colcon.colcon_cmake.task.cmake.build:Building CMake package in '/home/ubuntu/dev_ws/src/auv_bringup'
[0.298s] INFO:colcon.colcon_core.shell:Skip shell extension 'powershell' for command environment: Not usable outside of PowerShell
[0.298s] DEBUG:colcon.colcon_core.shell:Skip shell extension 'dsv' for command environment
[0.301s] INFO:colcon.colcon_ros.task.ament_cmake.build:Building ROS package in '/home/ubuntu/dev_ws/src/auv_description' with build type 'ament_cmake'
[0.302s] INFO:colcon.colcon_cmake.task.cmake.build:Building CMake package in '/home/ubuntu/dev_ws/src/auv_description'
[0.302s] INFO:colcon.colcon_core.shell:Skip shell extension 'powershell' for command environment: Not usable outside of PowerShell
[0.302s] DEBUG:colcon.colcon_core.shell:Skip shell extension 'dsv' for command environment
[0.311s] INFO:colcon.colcon_ros.task.ament_cmake.build:Building ROS package in '/home/ubuntu/dev_ws/src/auv_gazebo' with build type 'ament_cmake'
[0.311s] INFO:colcon.colcon_cmake.task.cmake.build:Building CMake package in '/home/ubuntu/dev_ws/src/auv_gazebo'
[0.312s] INFO:colcon.colcon_core.shell:Skip shell extension 'powershell' for command environment: Not usable outside of PowerShell
[0.312s] DEBUG:colcon.colcon_core.shell:Skip shell extension 'dsv' for command environment
[0.464s] INFO:colcon.colcon_core.task.python.build:Building Python package in '/home/ubuntu/dev_ws/src/auv_app'
[0.465s] INFO:colcon.colcon_core.shell:Skip shell extension 'powershell' for command environment: Not usable outside of PowerShell
[0.465s] DEBUG:colcon.colcon_core.shell:Skip shell extension 'dsv' for command environment
[0.470s] DEBUG:colcon.colcon_core.event_handler.log_command:Invoking command in '/home/ubuntu/dev_ws/build/auv_bringup': CMAKE_PREFIX_PATH=/opt/ros/humble /usr/bin/cmake --build /home/ubuntu/dev_ws/build/auv_bringup -- -j5 -l5
[0.481s] DEBUG:colcon.colcon_core.event_handler.log_command:Invoking command in '/home/ubuntu/dev_ws/build/auv_description': CMAKE_PREFIX_PATH=/opt/ros/humble /usr/bin/cmake --build /home/ubuntu/dev_ws/build/auv_description -- -j5 -l5
[0.496s] DEBUG:colcon.colcon_core.event_handler.log_command:Invoking command in '/home/ubuntu/dev_ws/build/auv_gazebo': CMAKE_PREFIX_PATH=/opt/ros/humble /usr/bin/cmake --build /home/ubuntu/dev_ws/build/auv_gazebo -- -j5 -l5
[0.519s] DEBUG:colcon.colcon_core.event_handler.log_command:Invoked command in '/home/ubuntu/dev_ws/build/auv_bringup' returned '0': CMAKE_PREFIX_PATH=/opt/ros/humble /usr/bin/cmake --build /home/ubuntu/dev_ws/build/auv_bringup -- -j5 -l5
[0.534s] DEBUG:colcon.colcon_core.event_handler.log_command:Invoked command in '/home/ubuntu/dev_ws/build/auv_description' returned '0': CMAKE_PREFIX_PATH=/opt/ros/humble /usr/bin/cmake --build /home/ubuntu/dev_ws/build/auv_description -- -j5 -l5
[0.596s] DEBUG:colcon.colcon_core.event_handler.log_command:Invoking command in '/home/ubuntu/dev_ws/build/auv_bringup': CMAKE_PREFIX_PATH=/opt/ros/humble /usr/bin/cmake --install /home/ubuntu/dev_ws/build/auv_bringup
[0.607s] DEBUG:colcon.colcon_core.event_handler.log_command:Invoking command in '/home/ubuntu/dev_ws/build/auv_description': CMAKE_PREFIX_PATH=/opt/ros/humble /usr/bin/cmake --install /home/ubuntu/dev_ws/build/auv_description
[0.610s] DEBUG:colcon.colcon_core.event_handler.log_command:Invoked command in '/home/ubuntu/dev_ws/build/auv_gazebo' returned '0': CMAKE_PREFIX_PATH=/opt/ros/humble /usr/bin/cmake --build /home/ubuntu/dev_ws/build/auv_gazebo -- -j5 -l5
[0.610s] Level 1:colcon.colcon_core.environment:create_environment_scripts_only(auv_bringup)
[0.613s] Level 1:colcon.colcon_core.environment:checking '/home/ubuntu/dev_ws/install/auv_bringup' for CMake module files
[0.614s] Level 1:colcon.colcon_core.environment:checking '/home/ubuntu/dev_ws/install/auv_bringup' for CMake config files
[0.614s] Level 1:colcon.colcon_core.shell:create_environment_hook('auv_bringup', 'cmake_prefix_path')
[0.615s] INFO:colcon.colcon_core.shell:Creating environment hook '/home/ubuntu/dev_ws/install/auv_bringup/share/auv_bringup/hook/cmake_prefix_path.ps1'
[0.615s] DEBUG:colcon.colcon_core.event_handler.log_command:Invoked command in '/home/ubuntu/dev_ws/build/auv_bringup' returned '0': CMAKE_PREFIX_PATH=/opt/ros/humble /usr/bin/cmake --install /home/ubuntu/dev_ws/build/auv_bringup
[0.616s] INFO:colcon.colcon_core.shell:Creating environment descriptor '/home/ubuntu/dev_ws/install/auv_bringup/share/auv_bringup/hook/cmake_prefix_path.dsv'
[0.617s] INFO:colcon.colcon_core.shell:Creating environment hook '/home/ubuntu/dev_ws/install/auv_bringup/share/auv_bringup/hook/cmake_prefix_path.sh'
[0.617s] Level 1:colcon.colcon_core.environment:checking '/home/ubuntu/dev_ws/install/auv_bringup/bin'
[0.617s] Level 1:colcon.colcon_core.environment:checking '/home/ubuntu/dev_ws/install/auv_bringup/lib/pkgconfig/auv_bringup.pc'
[0.617s] Level 1:colcon.colcon_core.environment:checking '/home/ubuntu/dev_ws/install/auv_bringup/lib/python3.10/site-packages'
[0.618s] Level 1:colcon.colcon_core.environment:checking '/home/ubuntu/dev_ws/install/auv_bringup/bin'
[0.618s] INFO:colcon.colcon_core.shell:Creating package script '/home/ubuntu/dev_ws/install/auv_bringup/share/auv_bringup/package.ps1'
[0.619s] INFO:colcon.colcon_core.shell:Creating package descriptor '/home/ubuntu/dev_ws/install/auv_bringup/share/auv_bringup/package.dsv'
[0.619s] INFO:colcon.colcon_core.shell:Creating package script '/home/ubuntu/dev_ws/install/auv_bringup/share/auv_bringup/package.sh'
[0.619s] INFO:colcon.colcon_core.shell:Creating package script '/home/ubuntu/dev_ws/install/auv_bringup/share/auv_bringup/package.bash'
[0.620s] INFO:colcon.colcon_core.shell:Creating package script '/home/ubuntu/dev_ws/install/auv_bringup/share/auv_bringup/package.zsh'
[0.620s] Level 1:colcon.colcon_core.environment:create_file_with_runtime_dependencies(/home/ubuntu/dev_ws/install/auv_bringup/share/colcon-core/packages/auv_bringup)
[0.640s] Level 1:colcon.colcon_core.environment:create_environment_scripts_only(auv_description)
[0.640s] DEBUG:colcon.colcon_core.event_handler.log_command:Invoked command in '/home/ubuntu/dev_ws/build/auv_description' returned '0': CMAKE_PREFIX_PATH=/opt/ros/humble /usr/bin/cmake --install /home/ubuntu/dev_ws/build/auv_description
[0.642s] Level 1:colcon.colcon_core.environment:checking '/home/ubuntu/dev_ws/install/auv_description' for CMake module files
[0.642s] Level 1:colcon.colcon_core.environment:checking '/home/ubuntu/dev_ws/install/auv_description' for CMake config files
[0.642s] Level 1:colcon.colcon_core.shell:create_environment_hook('auv_description', 'cmake_prefix_path')
[0.643s] INFO:colcon.colcon_core.shell:Creating environment hook '/home/ubuntu/dev_ws/install/auv_description/share/auv_description/hook/cmake_prefix_path.ps1'
[0.643s] INFO:colcon.colcon_core.shell:Creating environment descriptor '/home/ubuntu/dev_ws/install/auv_description/share/auv_description/hook/cmake_prefix_path.dsv'
[0.643s] INFO:colcon.colcon_core.shell:Creating environment hook '/home/ubuntu/dev_ws/install/auv_description/share/auv_description/hook/cmake_prefix_path.sh'
[0.644s] Level 1:colcon.colcon_core.environment:checking '/home/ubuntu/dev_ws/install/auv_description/bin'
[0.644s] Level 1:colcon.colcon_core.environment:checking '/home/ubuntu/dev_ws/install/auv_description/lib/pkgconfig/auv_description.pc'
[0.644s] Level 1:colcon.colcon_core.environment:checking '/home/ubuntu/dev_ws/install/auv_description/lib/python3.10/site-packages'
[0.644s] Level 1:colcon.colcon_core.environment:checking '/home/ubuntu/dev_ws/install/auv_description/bin'
[0.645s] INFO:colcon.colcon_core.shell:Creating package script '/home/ubuntu/dev_ws/install/auv_description/share/auv_description/package.ps1'
[0.645s] INFO:colcon.colcon_core.shell:Creating package descriptor '/home/ubuntu/dev_ws/install/auv_description/share/auv_description/package.dsv'
[0.645s] INFO:colcon.colcon_core.shell:Creating package script '/home/ubuntu/dev_ws/install/auv_description/share/auv_description/package.sh'
[0.645s] INFO:colcon.colcon_core.shell:Creating package script '/home/ubuntu/dev_ws/install/auv_description/share/auv_description/package.bash'
[0.645s] INFO:colcon.colcon_core.shell:Creating package script '/home/ubuntu/dev_ws/install/auv_description/share/auv_description/package.zsh'
[0.646s] Level 1:colcon.colcon_core.environment:create_file_with_runtime_dependencies(/home/ubuntu/dev_ws/install/auv_description/share/colcon-core/packages/auv_description)
[0.677s] DEBUG:colcon.colcon_core.event_handler.log_command:Invoking command in '/home/ubuntu/dev_ws/build/auv_gazebo': CMAKE_PREFIX_PATH=/opt/ros/humble /usr/bin/cmake --install /home/ubuntu/dev_ws/build/auv_gazebo
[0.695s] Level 1:colcon.colcon_core.environment:create_environment_scripts_only(auv_gazebo)
[0.696s] Level 1:colcon.colcon_core.environment:checking '/home/ubuntu/dev_ws/install/auv_gazebo' for CMake module files
[0.697s] Level 1:colcon.colcon_core.environment:checking '/home/ubuntu/dev_ws/install/auv_gazebo' for CMake config files
[0.697s] Level 1:colcon.colcon_core.shell:create_environment_hook('auv_gazebo', 'cmake_prefix_path')
[0.697s] INFO:colcon.colcon_core.shell:Creating environment hook '/home/ubuntu/dev_ws/install/auv_gazebo/share/auv_gazebo/hook/cmake_prefix_path.ps1'
[0.698s] INFO:colcon.colcon_core.shell:Creating environment descriptor '/home/ubuntu/dev_ws/install/auv_gazebo/share/auv_gazebo/hook/cmake_prefix_path.dsv'
[0.698s] INFO:colcon.colcon_core.shell:Creating environment hook '/home/ubuntu/dev_ws/install/auv_gazebo/share/auv_gazebo/hook/cmake_prefix_path.sh'
[0.698s] Level 1:colcon.colcon_core.environment:checking '/home/ubuntu/dev_ws/install/auv_gazebo/bin'
[0.698s] Level 1:colcon.colcon_core.environment:checking '/home/ubuntu/dev_ws/install/auv_gazebo/lib/pkgconfig/auv_gazebo.pc'
[0.698s] Level 1:colcon.colcon_core.environment:checking '/home/ubuntu/dev_ws/install/auv_gazebo/lib/python3.10/site-packages'
[0.698s] Level 1:colcon.colcon_core.environment:checking '/home/ubuntu/dev_ws/install/auv_gazebo/bin'
[0.699s] INFO:colcon.colcon_core.shell:Creating package script '/home/ubuntu/dev_ws/install/auv_gazebo/share/auv_gazebo/package.ps1'
[0.699s] INFO:colcon.colcon_core.shell:Creating package descriptor '/home/ubuntu/dev_ws/install/auv_gazebo/share/auv_gazebo/package.dsv'
[0.700s] DEBUG:colcon.colcon_core.event_handler.log_command:Invoked command in '/home/ubuntu/dev_ws/build/auv_gazebo' returned '0': CMAKE_PREFIX_PATH=/opt/ros/humble /usr/bin/cmake --install /home/ubuntu/dev_ws/build/auv_gazebo
[0.701s] INFO:colcon.colcon_core.shell:Creating package script '/home/ubuntu/dev_ws/install/auv_gazebo/share/auv_gazebo/package.sh'
[0.701s] INFO:colcon.colcon_core.shell:Creating package script '/home/ubuntu/dev_ws/install/auv_gazebo/share/auv_gazebo/package.bash'
[0.701s] INFO:colcon.colcon_core.shell:Creating package script '/home/ubuntu/dev_ws/install/auv_gazebo/share/auv_gazebo/package.zsh'
[0.701s] Level 1:colcon.colcon_core.environment:create_file_with_runtime_dependencies(/home/ubuntu/dev_ws/install/auv_gazebo/share/colcon-core/packages/auv_gazebo)
[0.704s] Level 1:colcon.colcon_core.environment:create_environment_scripts_only(auv_bringup)
[0.705s] Level 1:colcon.colcon_core.environment:checking '/home/ubuntu/dev_ws/install/auv_bringup' for CMake module files
[0.708s] Level 1:colcon.colcon_core.environment:checking '/home/ubuntu/dev_ws/install/auv_bringup' for CMake config files
[0.708s] Level 1:colcon.colcon_core.shell:create_environment_hook('auv_bringup', 'cmake_prefix_path')
[0.709s] INFO:colcon.colcon_core.shell:Creating environment hook '/home/ubuntu/dev_ws/install/auv_bringup/share/auv_bringup/hook/cmake_prefix_path.ps1'
[0.709s] INFO:colcon.colcon_core.shell:Creating environment descriptor '/home/ubuntu/dev_ws/install/auv_bringup/share/auv_bringup/hook/cmake_prefix_path.dsv'
[0.710s] INFO:colcon.colcon_core.shell:Creating environment hook '/home/ubuntu/dev_ws/install/auv_bringup/share/auv_bringup/hook/cmake_prefix_path.sh'
[0.710s] Level 1:colcon.colcon_core.environment:checking '/home/ubuntu/dev_ws/install/auv_bringup/bin'
[0.711s] Level 1:colcon.colcon_core.environment:checking '/home/ubuntu/dev_ws/install/auv_bringup/lib/pkgconfig/auv_bringup.pc'
[0.712s] Level 1:colcon.colcon_core.environment:checking '/home/ubuntu/dev_ws/install/auv_bringup/lib/python3.10/site-packages'
[0.712s] Level 1:colcon.colcon_core.environment:checking '/home/ubuntu/dev_ws/install/auv_bringup/bin'
[0.718s] INFO:colcon.colcon_core.shell:Creating package script '/home/ubuntu/dev_ws/install/auv_bringup/share/auv_bringup/package.ps1'
[0.718s] INFO:colcon.colcon_core.shell:Creating package descriptor '/home/ubuntu/dev_ws/install/auv_bringup/share/auv_bringup/package.dsv'
[0.719s] INFO:colcon.colcon_core.shell:Creating package script '/home/ubuntu/dev_ws/install/auv_bringup/share/auv_bringup/package.sh'
[0.719s] INFO:colcon.colcon_core.shell:Creating package script '/home/ubuntu/dev_ws/install/auv_bringup/share/auv_bringup/package.bash'
[0.719s] INFO:colcon.colcon_core.shell:Creating package script '/home/ubuntu/dev_ws/install/auv_bringup/share/auv_bringup/package.zsh'
[0.719s] Level 1:colcon.colcon_core.environment:create_file_with_runtime_dependencies(/home/ubuntu/dev_ws/install/auv_bringup/share/colcon-core/packages/auv_bringup)
[0.721s] Level 1:colcon.colcon_core.environment:create_environment_scripts_only(auv_description)
[0.722s] Level 1:colcon.colcon_core.environment:checking '/home/ubuntu/dev_ws/install/auv_description' for CMake module files
[0.723s] Level 1:colcon.colcon_core.environment:checking '/home/ubuntu/dev_ws/install/auv_description' for CMake config files
[0.723s] Level 1:colcon.colcon_core.shell:create_environment_hook('auv_description', 'cmake_prefix_path')
[0.724s] INFO:colcon.colcon_core.shell:Creating environment hook '/home/ubuntu/dev_ws/install/auv_description/share/auv_description/hook/cmake_prefix_path.ps1'
[0.724s] INFO:colcon.colcon_core.shell:Creating environment descriptor '/home/ubuntu/dev_ws/install/auv_description/share/auv_description/hook/cmake_prefix_path.dsv'
[0.724s] INFO:colcon.colcon_core.shell:Creating environment hook '/home/ubuntu/dev_ws/install/auv_description/share/auv_description/hook/cmake_prefix_path.sh'
[0.727s] Level 1:colcon.colcon_core.environment:checking '/home/ubuntu/dev_ws/install/auv_description/bin'
[0.727s] Level 1:colcon.colcon_core.environment:checking '/home/ubuntu/dev_ws/install/auv_description/lib/pkgconfig/auv_description.pc'
[0.727s] Level 1:colcon.colcon_core.environment:checking '/home/ubuntu/dev_ws/install/auv_description/lib/python3.10/site-packages'
[0.727s] Level 1:colcon.colcon_core.environment:checking '/home/ubuntu/dev_ws/install/auv_description/bin'
[0.728s] INFO:colcon.colcon_core.shell:Creating package script '/home/ubuntu/dev_ws/install/auv_description/share/auv_description/package.ps1'
[0.728s] INFO:colcon.colcon_core.shell:Creating package descriptor '/home/ubuntu/dev_ws/install/auv_description/share/auv_description/package.dsv'
[0.729s] INFO:colcon.colcon_core.shell:Creating package script '/home/ubuntu/dev_ws/install/auv_description/share/auv_description/package.sh'
[0.729s] INFO:colcon.colcon_core.shell:Creating package script '/home/ubuntu/dev_ws/install/auv_description/share/auv_description/package.bash'
[0.729s] INFO:colcon.colcon_core.shell:Creating package script '/home/ubuntu/dev_ws/install/auv_description/share/auv_description/package.zsh'
[0.730s] Level 1:colcon.colcon_core.environment:create_file_with_runtime_dependencies(/home/ubuntu/dev_ws/install/auv_description/share/colcon-core/packages/auv_description)
[0.732s] DEBUG:colcon.colcon_core.event_handler.log_command:Invoking command in '/home/ubuntu/dev_ws/src/auv_app': PYTHONPATH=/home/ubuntu/dev_ws/build/auv_app/prefix_override:/home/ubuntu/dev_ws/install/auv_app/lib/python3.10/site-packages:${PYTHONPATH} /usr/bin/python3 setup.py egg_info --egg-base ../../build/auv_app build --build-base /home/ubuntu/dev_ws/build/auv_app/build install --record /home/ubuntu/dev_ws/build/auv_app/install.log --single-version-externally-managed
[0.768s] Level 1:colcon.colcon_core.environment:create_environment_scripts_only(auv_gazebo)
[0.769s] Level 1:colcon.colcon_core.environment:checking '/home/ubuntu/dev_ws/install/auv_gazebo' for CMake module files
[0.770s] Level 1:colcon.colcon_core.environment:checking '/home/ubuntu/dev_ws/install/auv_gazebo' for CMake config files
[0.770s] Level 1:colcon.colcon_core.shell:create_environment_hook('auv_gazebo', 'cmake_prefix_path')
[0.770s] INFO:colcon.colcon_core.shell:Creating environment hook '/home/ubuntu/dev_ws/install/auv_gazebo/share/auv_gazebo/hook/cmake_prefix_path.ps1'
[0.771s] INFO:colcon.colcon_core.shell:Creating environment descriptor '/home/ubuntu/dev_ws/install/auv_gazebo/share/auv_gazebo/hook/cmake_prefix_path.dsv'
[0.771s] INFO:colcon.colcon_core.shell:Creating environment hook '/home/ubuntu/dev_ws/install/auv_gazebo/share/auv_gazebo/hook/cmake_prefix_path.sh'
[0.771s] Level 1:colcon.colcon_core.environment:checking '/home/ubuntu/dev_ws/install/auv_gazebo/bin'
[0.771s] Level 1:colcon.colcon_core.environment:checking '/home/ubuntu/dev_ws/install/auv_gazebo/lib/pkgconfig/auv_gazebo.pc'
[0.771s] Level 1:colcon.colcon_core.environment:checking '/home/ubuntu/dev_ws/install/auv_gazebo/lib/python3.10/site-packages'
[0.772s] Level 1:colcon.colcon_core.environment:checking '/home/ubuntu/dev_ws/install/auv_gazebo/bin'
[0.772s] INFO:colcon.colcon_core.shell:Creating package script '/home/ubuntu/dev_ws/install/auv_gazebo/share/auv_gazebo/package.ps1'
[0.772s] INFO:colcon.colcon_core.shell:Creating package descriptor '/home/ubuntu/dev_ws/install/auv_gazebo/share/auv_gazebo/package.dsv'
[0.773s] INFO:colcon.colcon_core.shell:Creating package script '/home/ubuntu/dev_ws/install/auv_gazebo/share/auv_gazebo/package.sh'
[0.773s] INFO:colcon.colcon_core.shell:Creating package script '/home/ubuntu/dev_ws/install/auv_gazebo/share/auv_gazebo/package.bash'
[0.773s] INFO:colcon.colcon_core.shell:Creating package script '/home/ubuntu/dev_ws/install/auv_gazebo/share/auv_gazebo/package.zsh'
[0.773s] Level 1:colcon.colcon_core.environment:create_file_with_runtime_dependencies(/home/ubuntu/dev_ws/install/auv_gazebo/share/colcon-core/packages/auv_gazebo)
[0.909s] Level 1:colcon.colcon_core.environment:checking '/home/ubuntu/dev_ws/install/auv_app' for CMake module files
[0.909s] Level 1:colcon.colcon_core.environment:checking '/home/ubuntu/dev_ws/install/auv_app' for CMake config files
[0.910s] Level 1:colcon.colcon_core.environment:checking '/home/ubuntu/dev_ws/install/auv_app/lib'
[0.910s] Level 1:colcon.colcon_core.environment:checking '/home/ubuntu/dev_ws/install/auv_app/bin'
[0.910s] Level 1:colcon.colcon_core.environment:checking '/home/ubuntu/dev_ws/install/auv_app/lib/pkgconfig/auv_app.pc'
[0.910s] Level 1:colcon.colcon_core.environment:checking '/home/ubuntu/dev_ws/install/auv_app/lib/python3.10/site-packages'
[0.910s] Level 1:colcon.colcon_core.shell:create_environment_hook('auv_app', 'pythonpath')
[0.911s] INFO:colcon.colcon_core.shell:Creating environment hook '/home/ubuntu/dev_ws/install/auv_app/share/auv_app/hook/pythonpath.ps1'
[0.911s] INFO:colcon.colcon_core.shell:Creating environment descriptor '/home/ubuntu/dev_ws/install/auv_app/share/auv_app/hook/pythonpath.dsv'
[0.911s] INFO:colcon.colcon_core.shell:Creating environment hook '/home/ubuntu/dev_ws/install/auv_app/share/auv_app/hook/pythonpath.sh'
[0.912s] Level 1:colcon.colcon_core.environment:checking '/home/ubuntu/dev_ws/install/auv_app/bin'
[0.912s] Level 1:colcon.colcon_core.environment:create_environment_scripts_only(auv_app)
[0.912s] INFO:colcon.colcon_core.shell:Creating package script '/home/ubuntu/dev_ws/install/auv_app/share/auv_app/package.ps1'
[0.913s] INFO:colcon.colcon_core.shell:Creating package descriptor '/home/ubuntu/dev_ws/install/auv_app/share/auv_app/package.dsv'
[0.913s] INFO:colcon.colcon_core.shell:Creating package script '/home/ubuntu/dev_ws/install/auv_app/share/auv_app/package.sh'
[0.913s] INFO:colcon.colcon_core.shell:Creating package script '/home/ubuntu/dev_ws/install/auv_app/share/auv_app/package.bash'
[0.913s] INFO:colcon.colcon_core.shell:Creating package script '/home/ubuntu/dev_ws/install/auv_app/share/auv_app/package.zsh'
[0.913s] Level 1:colcon.colcon_core.environment:create_file_with_runtime_dependencies(/home/ubuntu/dev_ws/install/auv_app/share/colcon-core/packages/auv_app)
[0.914s] DEBUG:colcon.colcon_parallel_executor.executor.parallel:closing loop
[0.914s] DEBUG:colcon.colcon_parallel_executor.executor.parallel:loop closed
[0.914s] DEBUG:colcon.colcon_parallel_executor.executor.parallel:run_until_complete finished with '0'
[0.914s] DEBUG:colcon.colcon_core.event_reactor:joining thread
[0.914s] DEBUG:colcon.colcon_core.event_handler.log_command:Invoked command in '/home/ubuntu/dev_ws/src/auv_app' returned '0': PYTHONPATH=/home/ubuntu/dev_ws/build/auv_app/prefix_override:/home/ubuntu/dev_ws/install/auv_app/lib/python3.10/site-packages:${PYTHONPATH} /usr/bin/python3 setup.py egg_info --egg-base ../../build/auv_app build --build-base /home/ubuntu/dev_ws/build/auv_app/build install --record /home/ubuntu/dev_ws/build/auv_app/install.log --single-version-externally-managed
[0.918s] INFO:colcon.colcon_core.plugin_system:Skipping extension 'colcon_notification.desktop_notification.terminal_notifier': Not used on non-Darwin systems
[0.918s] INFO:colcon.colcon_core.plugin_system:Skipping extension 'colcon_notification.desktop_notification.win32': Not used on non-Windows systems
[0.919s] INFO:colcon.colcon_notification.desktop_notification:Sending desktop notification using 'notify2'
[1.180s] DEBUG:colcon.colcon_core.event_reactor:joined thread
[1.182s] INFO:colcon.colcon_core.shell:Creating prefix script '/home/ubuntu/dev_ws/install/local_setup.ps1'
[1.182s] INFO:colcon.colcon_core.shell:Creating prefix util module '/home/ubuntu/dev_ws/install/_local_setup_util_ps1.py'
[1.183s] INFO:colcon.colcon_core.shell:Creating prefix chain script '/home/ubuntu/dev_ws/install/setup.ps1'
[1.184s] INFO:colcon.colcon_core.shell:Creating prefix script '/home/ubuntu/dev_ws/install/local_setup.sh'
[1.184s] INFO:colcon.colcon_core.shell:Creating prefix util module '/home/ubuntu/dev_ws/install/_local_setup_util_sh.py'
[1.184s] INFO:colcon.colcon_core.shell:Creating prefix chain script '/home/ubuntu/dev_ws/install/setup.sh'
[1.185s] INFO:colcon.colcon_core.shell:Creating prefix script '/home/ubuntu/dev_ws/install/local_setup.bash'
[1.185s] INFO:colcon.colcon_core.shell:Creating prefix chain script '/home/ubuntu/dev_ws/install/setup.bash'
[1.186s] INFO:colcon.colcon_core.shell:Creating prefix script '/home/ubuntu/dev_ws/install/local_setup.zsh'
[1.186s] INFO:colcon.colcon_core.shell:Creating prefix chain script '/home/ubuntu/dev_ws/install/setup.zsh'
