[0.216s] Invoking command in '/home/ubuntu/dev_ws/build/auv_description': CMAKE_PREFIX_PATH=${CMAKE_PREFIX_PATH}:/home/ubuntu/dev_ws/install/auv_app:/opt/ros/humble /usr/bin/cmake /home/ubuntu/dev_ws/src/auv_description -DCMAKE_INSTALL_PREFIX=/home/ubuntu/dev_ws/install/auv_description
[0.245s] -- Found ament_cmake: 1.3.4 (/opt/ros/humble/share/ament_cmake/cmake)
[0.380s] -- Override CMake install command with custom implementation using symlinks instead of copying resources
[0.386s] -- Found ament_lint_auto: 0.12.6 (/opt/ros/humble/share/ament_lint_auto/cmake)
[0.436s] -- Configuring done
[0.438s] -- Generating done
[0.444s] -- Build files have been written to: /home/ubuntu/dev_ws/build/auv_description
[0.461s] Invoked command in '/home/ubuntu/dev_ws/build/auv_description' returned '0': CMAKE_PREFIX_PATH=${CMAKE_PREFIX_PATH}:/home/ubuntu/dev_ws/install/auv_app:/opt/ros/humble /usr/bin/cmake /home/ubuntu/dev_ws/src/auv_description -DCMAKE_INSTALL_PREFIX=/home/ubuntu/dev_ws/install/auv_description
[0.462s] Invoking command in '/home/ubuntu/dev_ws/build/auv_description': CMAKE_PREFIX_PATH=${CMAKE_PREFIX_PATH}:/home/ubuntu/dev_ws/install/auv_app:/opt/ros/humble /usr/bin/cmake --build /home/ubuntu/dev_ws/build/auv_description -- -j5 -l5
[0.521s] Invoked command in '/home/ubuntu/dev_ws/build/auv_description' returned '0': CMAKE_PREFIX_PATH=${CMAKE_PREFIX_PATH}:/home/ubuntu/dev_ws/install/auv_app:/opt/ros/humble /usr/bin/cmake --build /home/ubuntu/dev_ws/build/auv_description -- -j5 -l5
[0.632s] Invoking command in '/home/ubuntu/dev_ws/build/auv_description': CMAKE_PREFIX_PATH=${CMAKE_PREFIX_PATH}:/home/ubuntu/dev_ws/install/auv_app:/opt/ros/humble /usr/bin/cmake --install /home/ubuntu/dev_ws/build/auv_description
[0.639s] -- Install configuration: ""
[0.640s] -- Execute custom install script
[0.640s] -- Up-to-date symlink: /home/ubuntu/dev_ws/install/auv_description/share/auv_description/model/auv.xacro
[0.640s] -- Up-to-date symlink: /home/ubuntu/dev_ws/install/auv_description/share/auv_description/model/inertial_macros.xacro
[0.640s] -- Up-to-date symlink: /home/ubuntu/dev_ws/install/auv_description/share/auv_description/model/materials.xacro
[0.641s] -- Up-to-date symlink: /home/ubuntu/dev_ws/install/auv_description/share/auv_description/environment/auv_description.dsv
[0.641s] -- Up-to-date symlink: /home/ubuntu/dev_ws/install/auv_description/share/auv_description/environment/auv_description.sh
[0.641s] -- Up-to-date symlink: /home/ubuntu/dev_ws/install/auv_description/share/ament_index/resource_index/package_run_dependencies/auv_description
[0.641s] -- Up-to-date symlink: /home/ubuntu/dev_ws/install/auv_description/share/ament_index/resource_index/parent_prefix_path/auv_description
[0.641s] -- Up-to-date symlink: /home/ubuntu/dev_ws/install/auv_description/share/auv_description/environment/ament_prefix_path.sh
[0.641s] -- Up-to-date symlink: /home/ubuntu/dev_ws/install/auv_description/share/auv_description/environment/ament_prefix_path.dsv
[0.641s] -- Up-to-date symlink: /home/ubuntu/dev_ws/install/auv_description/share/auv_description/environment/path.sh
[0.641s] -- Up-to-date symlink: /home/ubuntu/dev_ws/install/auv_description/share/auv_description/environment/path.dsv
[0.642s] -- Up-to-date symlink: /home/ubuntu/dev_ws/install/auv_description/share/auv_description/local_setup.bash
[0.642s] -- Up-to-date symlink: /home/ubuntu/dev_ws/install/auv_description/share/auv_description/local_setup.sh
[0.642s] -- Up-to-date symlink: /home/ubuntu/dev_ws/install/auv_description/share/auv_description/local_setup.zsh
[0.642s] -- Up-to-date symlink: /home/ubuntu/dev_ws/install/auv_description/share/auv_description/local_setup.dsv
[0.644s] -- Symlinking: /home/ubuntu/dev_ws/install/auv_description/share/auv_description/package.dsv
[0.653s] -- Up-to-date symlink: /home/ubuntu/dev_ws/install/auv_description/share/ament_index/resource_index/packages/auv_description
[0.653s] -- Up-to-date symlink: /home/ubuntu/dev_ws/install/auv_description/share/auv_description/cmake/auv_descriptionConfig.cmake
[0.653s] -- Up-to-date symlink: /home/ubuntu/dev_ws/install/auv_description/share/auv_description/cmake/auv_descriptionConfig-version.cmake
[0.653s] -- Up-to-date symlink: /home/ubuntu/dev_ws/install/auv_description/share/auv_description/package.xml
[0.656s] Invoked command in '/home/ubuntu/dev_ws/build/auv_description' returned '0': CMAKE_PREFIX_PATH=${CMAKE_PREFIX_PATH}:/home/ubuntu/dev_ws/install/auv_app:/opt/ros/humble /usr/bin/cmake --install /home/ubuntu/dev_ws/build/auv_description
