running develop
/usr/lib/python3/dist-packages/setuptools/command/easy_install.py:158: EasyInstallDeprecationWarning: easy_install command is deprecated. Use build and pip and other standards-based tools.
  warnings.warn(
/usr/lib/python3/dist-packages/pkg_resources/__init__.py:116: PkgResourcesDeprecationWarning: 1.16.0-unknown is an invalid version and will not be supported in a future release
  warnings.warn(
/usr/lib/python3/dist-packages/pkg_resources/__init__.py:116: PkgResourcesDeprecationWarning: 0.1.43ubuntu1 is an invalid version and will not be supported in a future release
  warnings.warn(
/usr/lib/python3/dist-packages/pkg_resources/__init__.py:116: PkgResourcesDeprecationWarning: 1.1build1 is an invalid version and will not be supported in a future release
  warnings.warn(
running egg_info
writing auv_app.egg-info/PKG-INFO
writing dependency_links to auv_app.egg-info/dependency_links.txt
writing entry points to auv_app.egg-info/entry_points.txt
writing requirements to auv_app.egg-info/requires.txt
writing top-level names to auv_app.egg-info/top_level.txt
reading manifest file 'auv_app.egg-info/SOURCES.txt'
writing manifest file 'auv_app.egg-info/SOURCES.txt'
running build_ext
Creating /home/ubuntu/dev_ws/install/auv_app/lib/python3.10/site-packages/auv-app.egg-link (link to .)
Installing imu_corrector script to /home/ubuntu/dev_ws/install/auv_app/lib/auv_app
Installing pose_estimator script to /home/ubuntu/dev_ws/install/auv_app/lib/auv_app

Installed /home/ubuntu/dev_ws/build/auv_app
running install_data
