-- Install configuration: ""
-- Installing: /home/ubuntu/dev_ws/install/ros_gz_example_bringup/share/ros_gz_example_bringup/launch
-- Installing: /home/ubuntu/dev_ws/install/ros_gz_example_bringup/share/ros_gz_example_bringup/launch/diff_drive.launch.py
-- Installing: /home/ubuntu/dev_ws/install/ros_gz_example_bringup/share/ros_gz_example_bringup/config
-- Installing: /home/ubuntu/dev_ws/install/ros_gz_example_bringup/share/ros_gz_example_bringup/config/diff_drive.rviz
-- Installing: /home/ubuntu/dev_ws/install/ros_gz_example_bringup/share/ros_gz_example_bringup/config/ros_gz_example_bridge.yaml
-- Installing: /home/ubuntu/dev_ws/install/ros_gz_example_bringup/share/ament_index/resource_index/package_run_dependencies/ros_gz_example_bringup
-- Installing: /home/ubuntu/dev_ws/install/ros_gz_example_bringup/share/ament_index/resource_index/parent_prefix_path/ros_gz_example_bringup
-- Installing: /home/ubuntu/dev_ws/install/ros_gz_example_bringup/share/ros_gz_example_bringup/environment/ament_prefix_path.sh
-- Installing: /home/ubuntu/dev_ws/install/ros_gz_example_bringup/share/ros_gz_example_bringup/environment/ament_prefix_path.dsv
-- Installing: /home/ubuntu/dev_ws/install/ros_gz_example_bringup/share/ros_gz_example_bringup/environment/path.sh
-- Installing: /home/ubuntu/dev_ws/install/ros_gz_example_bringup/share/ros_gz_example_bringup/environment/path.dsv
-- Installing: /home/ubuntu/dev_ws/install/ros_gz_example_bringup/share/ros_gz_example_bringup/local_setup.bash
-- Installing: /home/ubuntu/dev_ws/install/ros_gz_example_bringup/share/ros_gz_example_bringup/local_setup.sh
-- Installing: /home/ubuntu/dev_ws/install/ros_gz_example_bringup/share/ros_gz_example_bringup/local_setup.zsh
-- Installing: /home/ubuntu/dev_ws/install/ros_gz_example_bringup/share/ros_gz_example_bringup/local_setup.dsv
-- Installing: /home/ubuntu/dev_ws/install/ros_gz_example_bringup/share/ros_gz_example_bringup/package.dsv
-- Installing: /home/ubuntu/dev_ws/install/ros_gz_example_bringup/share/ament_index/resource_index/packages/ros_gz_example_bringup
-- Installing: /home/ubuntu/dev_ws/install/ros_gz_example_bringup/share/ros_gz_example_bringup/cmake/ros_gz_example_bringupConfig.cmake
-- Installing: /home/ubuntu/dev_ws/install/ros_gz_example_bringup/share/ros_gz_example_bringup/cmake/ros_gz_example_bringupConfig-version.cmake
-- Installing: /home/ubuntu/dev_ws/install/ros_gz_example_bringup/share/ros_gz_example_bringup/package.xml
