[0.016s] Invoking command in '/home/ubuntu/dev_ws/build/ros_gz_example_bringup': CMAKE_PREFIX_PATH=/opt/ros/humble /usr/bin/cmake --build /home/ubuntu/dev_ws/build/ros_gz_example_bringup -- -j5 -l5
[0.052s] Invoked command in '/home/ubuntu/dev_ws/build/ros_gz_example_bringup' returned '0': CMAKE_PREFIX_PATH=/opt/ros/humble /usr/bin/cmake --build /home/ubuntu/dev_ws/build/ros_gz_example_bringup -- -j5 -l5
[0.085s] Invoking command in '/home/ubuntu/dev_ws/build/ros_gz_example_bringup': CMAKE_PREFIX_PATH=/opt/ros/humble /usr/bin/cmake --install /home/ubuntu/dev_ws/build/ros_gz_example_bringup
[0.090s] -- Install configuration: ""
[0.090s] -- Installing: /home/ubuntu/dev_ws/install/ros_gz_example_bringup/share/ros_gz_example_bringup/launch
[0.094s] -- Installing: /home/ubuntu/dev_ws/install/ros_gz_example_bringup/share/ros_gz_example_bringup/launch/diff_drive.launch.py
[0.094s] -- Installing: /home/ubuntu/dev_ws/install/ros_gz_example_bringup/share/ros_gz_example_bringup/config
[0.094s] -- Installing: /home/ubuntu/dev_ws/install/ros_gz_example_bringup/share/ros_gz_example_bringup/config/diff_drive.rviz
[0.094s] -- Installing: /home/ubuntu/dev_ws/install/ros_gz_example_bringup/share/ros_gz_example_bringup/config/ros_gz_example_bridge.yaml
[0.095s] -- Installing: /home/ubuntu/dev_ws/install/ros_gz_example_bringup/share/ament_index/resource_index/package_run_dependencies/ros_gz_example_bringup
[0.095s] -- Installing: /home/ubuntu/dev_ws/install/ros_gz_example_bringup/share/ament_index/resource_index/parent_prefix_path/ros_gz_example_bringup
[0.095s] -- Installing: /home/ubuntu/dev_ws/install/ros_gz_example_bringup/share/ros_gz_example_bringup/environment/ament_prefix_path.sh
[0.095s] -- Installing: /home/ubuntu/dev_ws/install/ros_gz_example_bringup/share/ros_gz_example_bringup/environment/ament_prefix_path.dsv
[0.095s] -- Installing: /home/ubuntu/dev_ws/install/ros_gz_example_bringup/share/ros_gz_example_bringup/environment/path.sh
[0.095s] -- Installing: /home/ubuntu/dev_ws/install/ros_gz_example_bringup/share/ros_gz_example_bringup/environment/path.dsv
[0.095s] -- Installing: /home/ubuntu/dev_ws/install/ros_gz_example_bringup/share/ros_gz_example_bringup/local_setup.bash
[0.095s] -- Installing: /home/ubuntu/dev_ws/install/ros_gz_example_bringup/share/ros_gz_example_bringup/local_setup.sh
[0.095s] -- Installing: /home/ubuntu/dev_ws/install/ros_gz_example_bringup/share/ros_gz_example_bringup/local_setup.zsh
[0.095s] -- Installing: /home/ubuntu/dev_ws/install/ros_gz_example_bringup/share/ros_gz_example_bringup/local_setup.dsv
[0.095s] -- Installing: /home/ubuntu/dev_ws/install/ros_gz_example_bringup/share/ros_gz_example_bringup/package.dsv
[0.095s] -- Installing: /home/ubuntu/dev_ws/install/ros_gz_example_bringup/share/ament_index/resource_index/packages/ros_gz_example_bringup
[0.095s] -- Installing: /home/ubuntu/dev_ws/install/ros_gz_example_bringup/share/ros_gz_example_bringup/cmake/ros_gz_example_bringupConfig.cmake
[0.095s] -- Installing: /home/ubuntu/dev_ws/install/ros_gz_example_bringup/share/ros_gz_example_bringup/cmake/ros_gz_example_bringupConfig-version.cmake
[0.095s] -- Installing: /home/ubuntu/dev_ws/install/ros_gz_example_bringup/share/ros_gz_example_bringup/package.xml
[0.099s] Invoked command in '/home/ubuntu/dev_ws/build/ros_gz_example_bringup' returned '0': CMAKE_PREFIX_PATH=/opt/ros/humble /usr/bin/cmake --install /home/ubuntu/dev_ws/build/ros_gz_example_bringup
