[0.016s] Invoking command in '/home/ubuntu/dev_ws/build/ros_gz_example_gazebo': CMAKE_PREFIX_PATH=/opt/ros/humble /usr/bin/cmake /home/ubuntu/dev_ws/src/ros_gz_example_gazebo -DBUILD_TESTING=ON -DCMAKE_INSTALL_PREFIX=/home/ubuntu/dev_ws/install/ros_gz_example_gazebo
[0.139s] -- The C compiler identification is GNU 11.3.0
[0.238s] -- The CXX compiler identification is GNU 11.3.0
[0.246s] -- Detecting C compiler ABI info
[0.325s] -- Detecting C compiler ABI info - done
[0.330s] -- Check for working C compiler: /usr/bin/cc - skipped
[0.330s] -- Detecting C compile features
[0.331s] -- Detecting C compile features - done
[0.333s] -- Detecting CXX compiler ABI info
[0.424s] -- Detecting CXX compiler ABI info - done
[0.430s] -- Check for working CXX compiler: /usr/bin/c++ - skipped
[0.430s] -- Detecting CXX compile features
[0.430s] -- Detecting CXX compile features - done
[0.433s] -- Found ament_cmake: 1.3.4 (/opt/ros/humble/share/ament_cmake/cmake)
[0.556s] -- Found Python3: /usr/bin/python3.10 (found version "3.10.6") found components: Interpreter 
[0.661s] [31mCMake Error at CMakeLists.txt:7 (find_package):
[0.661s]   By not providing "Findgz-cmake3.cmake" in CMAKE_MODULE_PATH this project
[0.661s]   has asked CMake to find a package configuration file provided by
[0.661s]   "gz-cmake3", but CMake did not find one.
[0.661s] 
[0.661s]   Could not find a package configuration file provided by "gz-cmake3" with
[0.661s]   any of the following names:
[0.661s] 
[0.661s]     gz-cmake3Config.cmake
[0.661s]     gz-cmake3-config.cmake
[0.661s] 
[0.661s]   Add the installation prefix of "gz-cmake3" to CMAKE_PREFIX_PATH or set
[0.661s]   "gz-cmake3_DIR" to a directory containing one of the above files.  If
[0.662s]   "gz-cmake3" provides a separate development package or SDK, be sure it has
[0.662s]   been installed.
[0.662s] 
[0.662s] [0m
[0.662s] -- Configuring incomplete, errors occurred!
[0.662s] See also "/home/ubuntu/dev_ws/build/ros_gz_example_gazebo/CMakeFiles/CMakeOutput.log".
[0.667s] Invoked command in '/home/ubuntu/dev_ws/build/ros_gz_example_gazebo' returned '1': CMAKE_PREFIX_PATH=/opt/ros/humble /usr/bin/cmake /home/ubuntu/dev_ws/src/ros_gz_example_gazebo -DBUILD_TESTING=ON -DCMAKE_INSTALL_PREFIX=/home/ubuntu/dev_ws/install/ros_gz_example_gazebo
