[0.191s] DEBUG:colcon:Command line arguments: ['/usr/bin/colcon', 'build', '--symlink-install']
[0.191s] DEBUG:colcon:Parsed command line arguments: Namespace(log_base=None, log_level=None, verb_name='build', build_base='build', install_base='install', merge_install=False, symlink_install=True, test_result_base=None, continue_on_error=False, executor='parallel', parallel_workers=5, event_handlers=None, ignore_user_meta=False, metas=['./colcon.meta'], base_paths=['.'], packages_ignore=None, packages_ignore_regex=None, paths=None, packages_up_to=None, packages_up_to_regex=None, packages_above=None, packages_above_and_dependencies=None, packages_above_depth=None, packages_select_by_dep=None, packages_skip_by_dep=None, packages_skip_up_to=None, packages_select_build_failed=False, packages_skip_build_finished=False, packages_select_test_failures=False, packages_skip_test_passed=False, packages_select=None, packages_skip=None, packages_select_regex=None, packages_skip_regex=None, packages_start=None, packages_end=None, allow_overriding=[], cmake_args=None, cmake_target=None, cmake_target_skip_unavailable=False, cmake_clean_cache=False, cmake_clean_first=False, cmake_force_configure=False, ament_cmake_args=None, catkin_cmake_args=None, catkin_skip_building_tests=False, verb_parser=<colcon_defaults.argument_parser.defaults.DefaultArgumentsDecorator object at 0xffff91c88190>, verb_extension=<colcon_core.verb.build.BuildVerb object at 0xffff91baa380>, main=<bound method BuildVerb.main of <colcon_core.verb.build.BuildVerb object at 0xffff91baa380>>)
[0.214s] Level 1:colcon.colcon_core.package_discovery:discover_packages(colcon_meta) check parameters
[0.214s] Level 1:colcon.colcon_core.package_discovery:discover_packages(recursive) check parameters
[0.214s] Level 1:colcon.colcon_core.package_discovery:discover_packages(ignore) check parameters
[0.214s] Level 1:colcon.colcon_core.package_discovery:discover_packages(path) check parameters
[0.214s] Level 1:colcon.colcon_core.package_discovery:discover_packages(colcon_meta) discover
[0.214s] Level 1:colcon.colcon_core.package_discovery:discover_packages(recursive) discover
[0.214s] INFO:colcon.colcon_core.package_discovery:Crawling recursively for packages in '/home/ubuntu/dev_ws'
[0.214s] Level 1:colcon.colcon_core.package_identification:_identify(.) by extensions ['ignore', 'ignore_ament_install']
[0.214s] Level 1:colcon.colcon_core.package_identification:_identify(.) by extension 'ignore'
[0.214s] Level 1:colcon.colcon_core.package_identification:_identify(.) by extension 'ignore_ament_install'
[0.214s] Level 1:colcon.colcon_core.package_identification:_identify(.) by extensions ['colcon_pkg']
[0.214s] Level 1:colcon.colcon_core.package_identification:_identify(.) by extension 'colcon_pkg'
[0.214s] Level 1:colcon.colcon_core.package_identification:_identify(.) by extensions ['colcon_meta']
[0.214s] Level 1:colcon.colcon_core.package_identification:_identify(.) by extension 'colcon_meta'
[0.214s] Level 1:colcon.colcon_core.package_identification:_identify(.) by extensions ['ros']
[0.214s] Level 1:colcon.colcon_core.package_identification:_identify(.) by extension 'ros'
[0.222s] Level 1:colcon.colcon_core.package_identification:_identify(.) by extensions ['cmake', 'python']
[0.222s] Level 1:colcon.colcon_core.package_identification:_identify(.) by extension 'cmake'
[0.222s] Level 1:colcon.colcon_core.package_identification:_identify(.) by extension 'python'
[0.222s] Level 1:colcon.colcon_core.package_identification:_identify(.) by extensions ['python_setup_py']
[0.222s] Level 1:colcon.colcon_core.package_identification:_identify(.) by extension 'python_setup_py'
[0.222s] Level 1:colcon.colcon_core.package_identification:_identify(build) by extensions ['ignore', 'ignore_ament_install']
[0.222s] Level 1:colcon.colcon_core.package_identification:_identify(build) by extension 'ignore'
[0.222s] Level 1:colcon.colcon_core.package_identification:_identify(build) ignored
[0.223s] Level 1:colcon.colcon_core.package_identification:_identify(install) by extensions ['ignore', 'ignore_ament_install']
[0.223s] Level 1:colcon.colcon_core.package_identification:_identify(install) by extension 'ignore'
[0.223s] Level 1:colcon.colcon_core.package_identification:_identify(install) ignored
[0.223s] Level 1:colcon.colcon_core.package_identification:_identify(log) by extensions ['ignore', 'ignore_ament_install']
[0.223s] Level 1:colcon.colcon_core.package_identification:_identify(log) by extension 'ignore'
[0.223s] Level 1:colcon.colcon_core.package_identification:_identify(log) ignored
[0.223s] Level 1:colcon.colcon_core.package_identification:_identify(src) by extensions ['ignore', 'ignore_ament_install']
[0.223s] Level 1:colcon.colcon_core.package_identification:_identify(src) by extension 'ignore'
[0.223s] Level 1:colcon.colcon_core.package_identification:_identify(src) by extension 'ignore_ament_install'
[0.223s] Level 1:colcon.colcon_core.package_identification:_identify(src) by extensions ['colcon_pkg']
[0.223s] Level 1:colcon.colcon_core.package_identification:_identify(src) by extension 'colcon_pkg'
[0.223s] Level 1:colcon.colcon_core.package_identification:_identify(src) by extensions ['colcon_meta']
[0.223s] Level 1:colcon.colcon_core.package_identification:_identify(src) by extension 'colcon_meta'
[0.223s] Level 1:colcon.colcon_core.package_identification:_identify(src) by extensions ['ros']
[0.223s] Level 1:colcon.colcon_core.package_identification:_identify(src) by extension 'ros'
[0.223s] Level 1:colcon.colcon_core.package_identification:_identify(src) by extensions ['cmake', 'python']
[0.223s] Level 1:colcon.colcon_core.package_identification:_identify(src) by extension 'cmake'
[0.223s] Level 1:colcon.colcon_core.package_identification:_identify(src) by extension 'python'
[0.223s] Level 1:colcon.colcon_core.package_identification:_identify(src) by extensions ['python_setup_py']
[0.223s] Level 1:colcon.colcon_core.package_identification:_identify(src) by extension 'python_setup_py'
[0.223s] Level 1:colcon.colcon_core.package_identification:_identify(src/auv_app) by extensions ['ignore', 'ignore_ament_install']
[0.223s] Level 1:colcon.colcon_core.package_identification:_identify(src/auv_app) by extension 'ignore'
[0.223s] Level 1:colcon.colcon_core.package_identification:_identify(src/auv_app) by extension 'ignore_ament_install'
[0.223s] Level 1:colcon.colcon_core.package_identification:_identify(src/auv_app) by extensions ['colcon_pkg']
[0.223s] Level 1:colcon.colcon_core.package_identification:_identify(src/auv_app) by extension 'colcon_pkg'
[0.223s] Level 1:colcon.colcon_core.package_identification:_identify(src/auv_app) by extensions ['colcon_meta']
[0.223s] Level 1:colcon.colcon_core.package_identification:_identify(src/auv_app) by extension 'colcon_meta'
[0.223s] Level 1:colcon.colcon_core.package_identification:_identify(src/auv_app) by extensions ['ros']
[0.223s] Level 1:colcon.colcon_core.package_identification:_identify(src/auv_app) by extension 'ros'
[0.225s] DEBUG:colcon.colcon_core.package_identification:Package 'src/auv_app' with type 'ros.ament_python' and name 'auv_app'
[0.225s] Level 1:colcon.colcon_core.package_identification:_identify(src/auv_bringup) by extensions ['ignore', 'ignore_ament_install']
[0.225s] Level 1:colcon.colcon_core.package_identification:_identify(src/auv_bringup) by extension 'ignore'
[0.225s] Level 1:colcon.colcon_core.package_identification:_identify(src/auv_bringup) by extension 'ignore_ament_install'
[0.225s] Level 1:colcon.colcon_core.package_identification:_identify(src/auv_bringup) by extensions ['colcon_pkg']
[0.225s] Level 1:colcon.colcon_core.package_identification:_identify(src/auv_bringup) by extension 'colcon_pkg'
[0.225s] Level 1:colcon.colcon_core.package_identification:_identify(src/auv_bringup) by extensions ['colcon_meta']
[0.225s] Level 1:colcon.colcon_core.package_identification:_identify(src/auv_bringup) by extension 'colcon_meta'
[0.225s] Level 1:colcon.colcon_core.package_identification:_identify(src/auv_bringup) by extensions ['ros']
[0.225s] Level 1:colcon.colcon_core.package_identification:_identify(src/auv_bringup) by extension 'ros'
[0.225s] DEBUG:colcon.colcon_core.package_identification:Package 'src/auv_bringup' with type 'ros.ament_cmake' and name 'auv_bringup'
[0.225s] Level 1:colcon.colcon_core.package_identification:_identify(src/auv_description) by extensions ['ignore', 'ignore_ament_install']
[0.225s] Level 1:colcon.colcon_core.package_identification:_identify(src/auv_description) by extension 'ignore'
[0.225s] Level 1:colcon.colcon_core.package_identification:_identify(src/auv_description) by extension 'ignore_ament_install'
[0.226s] Level 1:colcon.colcon_core.package_identification:_identify(src/auv_description) by extensions ['colcon_pkg']
[0.226s] Level 1:colcon.colcon_core.package_identification:_identify(src/auv_description) by extension 'colcon_pkg'
[0.226s] Level 1:colcon.colcon_core.package_identification:_identify(src/auv_description) by extensions ['colcon_meta']
[0.226s] Level 1:colcon.colcon_core.package_identification:_identify(src/auv_description) by extension 'colcon_meta'
[0.226s] Level 1:colcon.colcon_core.package_identification:_identify(src/auv_description) by extensions ['ros']
[0.226s] Level 1:colcon.colcon_core.package_identification:_identify(src/auv_description) by extension 'ros'
[0.226s] DEBUG:colcon.colcon_core.package_identification:Package 'src/auv_description' with type 'ros.ament_cmake' and name 'auv_description'
[0.226s] Level 1:colcon.colcon_core.package_identification:_identify(src/auv_gazebo) by extensions ['ignore', 'ignore_ament_install']
[0.226s] Level 1:colcon.colcon_core.package_identification:_identify(src/auv_gazebo) by extension 'ignore'
[0.226s] Level 1:colcon.colcon_core.package_identification:_identify(src/auv_gazebo) by extension 'ignore_ament_install'
[0.226s] Level 1:colcon.colcon_core.package_identification:_identify(src/auv_gazebo) by extensions ['colcon_pkg']
[0.226s] Level 1:colcon.colcon_core.package_identification:_identify(src/auv_gazebo) by extension 'colcon_pkg'
[0.226s] Level 1:colcon.colcon_core.package_identification:_identify(src/auv_gazebo) by extensions ['colcon_meta']
[0.226s] Level 1:colcon.colcon_core.package_identification:_identify(src/auv_gazebo) by extension 'colcon_meta'
[0.226s] Level 1:colcon.colcon_core.package_identification:_identify(src/auv_gazebo) by extensions ['ros']
[0.226s] Level 1:colcon.colcon_core.package_identification:_identify(src/auv_gazebo) by extension 'ros'
[0.226s] DEBUG:colcon.colcon_core.package_identification:Package 'src/auv_gazebo' with type 'ros.ament_cmake' and name 'auv_gazebo'
[0.226s] Level 1:colcon.colcon_core.package_discovery:discover_packages(recursive) using defaults
[0.226s] Level 1:colcon.colcon_core.package_discovery:discover_packages(ignore) discover
[0.226s] Level 1:colcon.colcon_core.package_discovery:discover_packages(ignore) using defaults
[0.226s] Level 1:colcon.colcon_core.package_discovery:discover_packages(path) discover
[0.226s] Level 1:colcon.colcon_core.package_discovery:discover_packages(path) using defaults
[0.241s] Level 1:colcon.colcon_core.package_discovery:discover_packages(prefix_path) check parameters
[0.241s] Level 1:colcon.colcon_core.package_discovery:discover_packages(prefix_path) discover
[0.242s] DEBUG:colcon.colcon_installed_package_information.package_discovery:Found 4 installed packages in /home/ubuntu/dev_ws/install
[0.243s] DEBUG:colcon.colcon_installed_package_information.package_discovery:Found 304 installed packages in /opt/ros/humble
[0.244s] Level 1:colcon.colcon_core.package_discovery:discover_packages(prefix_path) using defaults
[0.282s] Level 5:colcon.colcon_core.verb:set package 'auv_app' build argument 'cmake_args' from command line to 'None'
[0.282s] Level 5:colcon.colcon_core.verb:set package 'auv_app' build argument 'cmake_target' from command line to 'None'
[0.282s] Level 5:colcon.colcon_core.verb:set package 'auv_app' build argument 'cmake_target_skip_unavailable' from command line to 'False'
[0.282s] Level 5:colcon.colcon_core.verb:set package 'auv_app' build argument 'cmake_clean_cache' from command line to 'False'
[0.282s] Level 5:colcon.colcon_core.verb:set package 'auv_app' build argument 'cmake_clean_first' from command line to 'False'
[0.282s] Level 5:colcon.colcon_core.verb:set package 'auv_app' build argument 'cmake_force_configure' from command line to 'False'
[0.282s] Level 5:colcon.colcon_core.verb:set package 'auv_app' build argument 'ament_cmake_args' from command line to 'None'
[0.282s] Level 5:colcon.colcon_core.verb:set package 'auv_app' build argument 'catkin_cmake_args' from command line to 'None'
[0.282s] Level 5:colcon.colcon_core.verb:set package 'auv_app' build argument 'catkin_skip_building_tests' from command line to 'False'
[0.282s] DEBUG:colcon.colcon_core.verb:Building package 'auv_app' with the following arguments: {'ament_cmake_args': None, 'build_base': '/home/ubuntu/dev_ws/build/auv_app', 'catkin_cmake_args': None, 'catkin_skip_building_tests': False, 'cmake_args': None, 'cmake_clean_cache': False, 'cmake_clean_first': False, 'cmake_force_configure': False, 'cmake_target': None, 'cmake_target_skip_unavailable': False, 'install_base': '/home/ubuntu/dev_ws/install/auv_app', 'merge_install': False, 'path': '/home/ubuntu/dev_ws/src/auv_app', 'symlink_install': True, 'test_result_base': None}
[0.283s] Level 5:colcon.colcon_core.verb:set package 'auv_bringup' build argument 'cmake_args' from command line to 'None'
[0.283s] Level 5:colcon.colcon_core.verb:set package 'auv_bringup' build argument 'cmake_target' from command line to 'None'
[0.283s] Level 5:colcon.colcon_core.verb:set package 'auv_bringup' build argument 'cmake_target_skip_unavailable' from command line to 'False'
[0.283s] Level 5:colcon.colcon_core.verb:set package 'auv_bringup' build argument 'cmake_clean_cache' from command line to 'False'
[0.283s] Level 5:colcon.colcon_core.verb:set package 'auv_bringup' build argument 'cmake_clean_first' from command line to 'False'
[0.283s] Level 5:colcon.colcon_core.verb:set package 'auv_bringup' build argument 'cmake_force_configure' from command line to 'False'
[0.283s] Level 5:colcon.colcon_core.verb:set package 'auv_bringup' build argument 'ament_cmake_args' from command line to 'None'
[0.283s] Level 5:colcon.colcon_core.verb:set package 'auv_bringup' build argument 'catkin_cmake_args' from command line to 'None'
[0.283s] Level 5:colcon.colcon_core.verb:set package 'auv_bringup' build argument 'catkin_skip_building_tests' from command line to 'False'
[0.283s] DEBUG:colcon.colcon_core.verb:Building package 'auv_bringup' with the following arguments: {'ament_cmake_args': None, 'build_base': '/home/ubuntu/dev_ws/build/auv_bringup', 'catkin_cmake_args': None, 'catkin_skip_building_tests': False, 'cmake_args': None, 'cmake_clean_cache': False, 'cmake_clean_first': False, 'cmake_force_configure': False, 'cmake_target': None, 'cmake_target_skip_unavailable': False, 'install_base': '/home/ubuntu/dev_ws/install/auv_bringup', 'merge_install': False, 'path': '/home/ubuntu/dev_ws/src/auv_bringup', 'symlink_install': True, 'test_result_base': None}
[0.283s] Level 5:colcon.colcon_core.verb:set package 'auv_description' build argument 'cmake_args' from command line to 'None'
[0.283s] Level 5:colcon.colcon_core.verb:set package 'auv_description' build argument 'cmake_target' from command line to 'None'
[0.283s] Level 5:colcon.colcon_core.verb:set package 'auv_description' build argument 'cmake_target_skip_unavailable' from command line to 'False'
[0.283s] Level 5:colcon.colcon_core.verb:set package 'auv_description' build argument 'cmake_clean_cache' from command line to 'False'
[0.283s] Level 5:colcon.colcon_core.verb:set package 'auv_description' build argument 'cmake_clean_first' from command line to 'False'
[0.283s] Level 5:colcon.colcon_core.verb:set package 'auv_description' build argument 'cmake_force_configure' from command line to 'False'
[0.283s] Level 5:colcon.colcon_core.verb:set package 'auv_description' build argument 'ament_cmake_args' from command line to 'None'
[0.283s] Level 5:colcon.colcon_core.verb:set package 'auv_description' build argument 'catkin_cmake_args' from command line to 'None'
[0.283s] Level 5:colcon.colcon_core.verb:set package 'auv_description' build argument 'catkin_skip_building_tests' from command line to 'False'
[0.283s] DEBUG:colcon.colcon_core.verb:Building package 'auv_description' with the following arguments: {'ament_cmake_args': None, 'build_base': '/home/ubuntu/dev_ws/build/auv_description', 'catkin_cmake_args': None, 'catkin_skip_building_tests': False, 'cmake_args': None, 'cmake_clean_cache': False, 'cmake_clean_first': False, 'cmake_force_configure': False, 'cmake_target': None, 'cmake_target_skip_unavailable': False, 'install_base': '/home/ubuntu/dev_ws/install/auv_description', 'merge_install': False, 'path': '/home/ubuntu/dev_ws/src/auv_description', 'symlink_install': True, 'test_result_base': None}
[0.284s] Level 5:colcon.colcon_core.verb:set package 'auv_gazebo' build argument 'cmake_args' from command line to 'None'
[0.284s] Level 5:colcon.colcon_core.verb:set package 'auv_gazebo' build argument 'cmake_target' from command line to 'None'
[0.284s] Level 5:colcon.colcon_core.verb:set package 'auv_gazebo' build argument 'cmake_target_skip_unavailable' from command line to 'False'
[0.284s] Level 5:colcon.colcon_core.verb:set package 'auv_gazebo' build argument 'cmake_clean_cache' from command line to 'False'
[0.284s] Level 5:colcon.colcon_core.verb:set package 'auv_gazebo' build argument 'cmake_clean_first' from command line to 'False'
[0.284s] Level 5:colcon.colcon_core.verb:set package 'auv_gazebo' build argument 'cmake_force_configure' from command line to 'False'
[0.284s] Level 5:colcon.colcon_core.verb:set package 'auv_gazebo' build argument 'ament_cmake_args' from command line to 'None'
[0.284s] Level 5:colcon.colcon_core.verb:set package 'auv_gazebo' build argument 'catkin_cmake_args' from command line to 'None'
[0.284s] Level 5:colcon.colcon_core.verb:set package 'auv_gazebo' build argument 'catkin_skip_building_tests' from command line to 'False'
[0.284s] DEBUG:colcon.colcon_core.verb:Building package 'auv_gazebo' with the following arguments: {'ament_cmake_args': None, 'build_base': '/home/ubuntu/dev_ws/build/auv_gazebo', 'catkin_cmake_args': None, 'catkin_skip_building_tests': False, 'cmake_args': None, 'cmake_clean_cache': False, 'cmake_clean_first': False, 'cmake_force_configure': False, 'cmake_target': None, 'cmake_target_skip_unavailable': False, 'install_base': '/home/ubuntu/dev_ws/install/auv_gazebo', 'merge_install': False, 'path': '/home/ubuntu/dev_ws/src/auv_gazebo', 'symlink_install': True, 'test_result_base': None}
[0.284s] INFO:colcon.colcon_core.executor:Executing jobs using 'parallel' executor
[0.286s] DEBUG:colcon.colcon_parallel_executor.executor.parallel:run_until_complete
[0.286s] INFO:colcon.colcon_ros.task.ament_python.build:Building ROS package in '/home/ubuntu/dev_ws/src/auv_app' with build type 'ament_python'
[0.286s] Level 1:colcon.colcon_core.shell:create_environment_hook('auv_app', 'ament_prefix_path')
[0.289s] INFO:colcon.colcon_core.plugin_system:Skipping extension 'colcon_core.shell.bat': Not used on non-Windows systems
[0.289s] INFO:colcon.colcon_core.shell:Creating environment hook '/home/ubuntu/dev_ws/install/auv_app/share/auv_app/hook/ament_prefix_path.ps1'
[0.290s] INFO:colcon.colcon_core.shell:Creating environment descriptor '/home/ubuntu/dev_ws/install/auv_app/share/auv_app/hook/ament_prefix_path.dsv'
[0.290s] INFO:colcon.colcon_core.shell:Creating environment hook '/home/ubuntu/dev_ws/install/auv_app/share/auv_app/hook/ament_prefix_path.sh'
[0.291s] INFO:colcon.colcon_core.shell:Skip shell extension 'powershell' for command environment: Not usable outside of PowerShell
[0.291s] DEBUG:colcon.colcon_core.shell:Skip shell extension 'dsv' for command environment
[0.296s] INFO:colcon.colcon_ros.task.ament_cmake.build:Building ROS package in '/home/ubuntu/dev_ws/src/auv_bringup' with build type 'ament_cmake'
[0.296s] INFO:colcon.colcon_cmake.task.cmake.build:Building CMake package in '/home/ubuntu/dev_ws/src/auv_bringup'
[0.297s] INFO:colcon.colcon_core.shell:Skip shell extension 'powershell' for command environment: Not usable outside of PowerShell
[0.297s] DEBUG:colcon.colcon_core.shell:Skip shell extension 'dsv' for command environment
[0.305s] INFO:colcon.colcon_ros.task.ament_cmake.build:Building ROS package in '/home/ubuntu/dev_ws/src/auv_description' with build type 'ament_cmake'
[0.305s] INFO:colcon.colcon_cmake.task.cmake.build:Building CMake package in '/home/ubuntu/dev_ws/src/auv_description'
[0.306s] INFO:colcon.colcon_core.shell:Skip shell extension 'powershell' for command environment: Not usable outside of PowerShell
[0.306s] DEBUG:colcon.colcon_core.shell:Skip shell extension 'dsv' for command environment
[0.310s] INFO:colcon.colcon_ros.task.ament_cmake.build:Building ROS package in '/home/ubuntu/dev_ws/src/auv_gazebo' with build type 'ament_cmake'
[0.310s] INFO:colcon.colcon_cmake.task.cmake.build:Building CMake package in '/home/ubuntu/dev_ws/src/auv_gazebo'
[0.311s] INFO:colcon.colcon_core.shell:Skip shell extension 'powershell' for command environment: Not usable outside of PowerShell
[0.311s] DEBUG:colcon.colcon_core.shell:Skip shell extension 'dsv' for command environment
[0.472s] INFO:colcon.colcon_core.task.python.build:Building Python package in '/home/ubuntu/dev_ws/src/auv_app'
[0.473s] INFO:colcon.colcon_core.shell:Skip shell extension 'powershell' for command environment: Not usable outside of PowerShell
[0.473s] DEBUG:colcon.colcon_core.shell:Skip shell extension 'dsv' for command environment
[0.478s] DEBUG:colcon.colcon_core.event_handler.log_command:Invoking command in '/home/ubuntu/dev_ws/build/auv_bringup': CMAKE_PREFIX_PATH=${CMAKE_PREFIX_PATH}:/home/ubuntu/dev_ws/install/auv_app:/opt/ros/humble /usr/bin/cmake /home/ubuntu/dev_ws/src/auv_bringup -DAMENT_CMAKE_SYMLINK_INSTALL=1 -DCMAKE_INSTALL_PREFIX=/home/ubuntu/dev_ws/install/auv_bringup
[0.481s] DEBUG:colcon.colcon_core.event_handler.log_command:Invoking command in '/home/ubuntu/dev_ws/build/auv_description': CMAKE_PREFIX_PATH=${CMAKE_PREFIX_PATH}:/home/ubuntu/dev_ws/install/auv_app:/opt/ros/humble /usr/bin/cmake /home/ubuntu/dev_ws/src/auv_description -DAMENT_CMAKE_SYMLINK_INSTALL=1 -DCMAKE_INSTALL_PREFIX=/home/ubuntu/dev_ws/install/auv_description
[0.485s] DEBUG:colcon.colcon_core.event_handler.log_command:Invoking command in '/home/ubuntu/dev_ws/build/auv_gazebo': CMAKE_PREFIX_PATH=${CMAKE_PREFIX_PATH}:/home/ubuntu/dev_ws/install/auv_app:/opt/ros/humble /usr/bin/cmake /home/ubuntu/dev_ws/src/auv_gazebo -DAMENT_CMAKE_SYMLINK_INSTALL=1 -DCMAKE_INSTALL_PREFIX=/home/ubuntu/dev_ws/install/auv_gazebo
[0.753s] DEBUG:colcon.colcon_core.event_handler.log_command:Invoked command in '/home/ubuntu/dev_ws/build/auv_bringup' returned '0': CMAKE_PREFIX_PATH=${CMAKE_PREFIX_PATH}:/home/ubuntu/dev_ws/install/auv_app:/opt/ros/humble /usr/bin/cmake /home/ubuntu/dev_ws/src/auv_bringup -DAMENT_CMAKE_SYMLINK_INSTALL=1 -DCMAKE_INSTALL_PREFIX=/home/ubuntu/dev_ws/install/auv_bringup
[0.753s] DEBUG:colcon.colcon_core.event_handler.log_command:Invoking command in '/home/ubuntu/dev_ws/build/auv_bringup': CMAKE_PREFIX_PATH=${CMAKE_PREFIX_PATH}:/home/ubuntu/dev_ws/install/auv_app:/opt/ros/humble /usr/bin/cmake --build /home/ubuntu/dev_ws/build/auv_bringup -- -j5 -l5
[0.789s] DEBUG:colcon.colcon_core.event_handler.log_command:Invoked command in '/home/ubuntu/dev_ws/build/auv_description' returned '0': CMAKE_PREFIX_PATH=${CMAKE_PREFIX_PATH}:/home/ubuntu/dev_ws/install/auv_app:/opt/ros/humble /usr/bin/cmake /home/ubuntu/dev_ws/src/auv_description -DAMENT_CMAKE_SYMLINK_INSTALL=1 -DCMAKE_INSTALL_PREFIX=/home/ubuntu/dev_ws/install/auv_description
[0.790s] DEBUG:colcon.colcon_core.event_handler.log_command:Invoking command in '/home/ubuntu/dev_ws/build/auv_description': CMAKE_PREFIX_PATH=${CMAKE_PREFIX_PATH}:/home/ubuntu/dev_ws/install/auv_app:/opt/ros/humble /usr/bin/cmake --build /home/ubuntu/dev_ws/build/auv_description -- -j5 -l5
[0.831s] DEBUG:colcon.colcon_core.task.python.build:While undoing a previous installation files outside the Python library path are being ignored: /home/ubuntu/dev_ws/install/auv_app/share/ament_index/resource_index/packages/auv_app
[0.832s] DEBUG:colcon.colcon_core.task.python.build:While undoing a previous installation files outside the Python library path are being ignored: /home/ubuntu/dev_ws/install/auv_app/share/auv_app/package.xml
[0.832s] DEBUG:colcon.colcon_core.task.python.build:While undoing a previous installation files outside the Python library path are being ignored: /home/ubuntu/dev_ws/install/auv_app/lib/auv_app/imu_corrector
[0.832s] DEBUG:colcon.colcon_core.task.python.build:While undoing a previous installation files outside the Python library path are being ignored: /home/ubuntu/dev_ws/install/auv_app/lib/auv_app/pose_estimator
[0.840s] DEBUG:colcon.colcon_core.event_handler.log_command:Invoking command in '/home/ubuntu/dev_ws/build/auv_app': PYTHONPATH=/home/ubuntu/dev_ws/build/auv_app/prefix_override:/home/ubuntu/dev_ws/install/auv_app/lib/python3.10/site-packages:${PYTHONPATH} /usr/bin/python3 setup.py develop --editable --build-directory /home/ubuntu/dev_ws/build/auv_app/build --no-deps install_data
[0.842s] DEBUG:colcon.colcon_core.event_handler.log_command:Invoked command in '/home/ubuntu/dev_ws/build/auv_bringup' returned '0': CMAKE_PREFIX_PATH=${CMAKE_PREFIX_PATH}:/home/ubuntu/dev_ws/install/auv_app:/opt/ros/humble /usr/bin/cmake --build /home/ubuntu/dev_ws/build/auv_bringup -- -j5 -l5
[0.868s] DEBUG:colcon.colcon_core.event_handler.log_command:Invoked command in '/home/ubuntu/dev_ws/build/auv_description' returned '0': CMAKE_PREFIX_PATH=${CMAKE_PREFIX_PATH}:/home/ubuntu/dev_ws/install/auv_app:/opt/ros/humble /usr/bin/cmake --build /home/ubuntu/dev_ws/build/auv_description -- -j5 -l5
[0.950s] DEBUG:colcon.colcon_core.event_handler.log_command:Invoking command in '/home/ubuntu/dev_ws/build/auv_description': CMAKE_PREFIX_PATH=${CMAKE_PREFIX_PATH}:/home/ubuntu/dev_ws/install/auv_app:/opt/ros/humble /usr/bin/cmake --install /home/ubuntu/dev_ws/build/auv_description
[0.958s] DEBUG:colcon.colcon_core.event_handler.log_command:Invoking command in '/home/ubuntu/dev_ws/build/auv_bringup': CMAKE_PREFIX_PATH=${CMAKE_PREFIX_PATH}:/home/ubuntu/dev_ws/install/auv_app:/opt/ros/humble /usr/bin/cmake --install /home/ubuntu/dev_ws/build/auv_bringup
[0.982s] Level 1:colcon.colcon_core.environment:create_environment_scripts_only(auv_description)
[0.984s] DEBUG:colcon.colcon_core.event_handler.log_command:Invoked command in '/home/ubuntu/dev_ws/build/auv_description' returned '0': CMAKE_PREFIX_PATH=${CMAKE_PREFIX_PATH}:/home/ubuntu/dev_ws/install/auv_app:/opt/ros/humble /usr/bin/cmake --install /home/ubuntu/dev_ws/build/auv_description
[0.989s] Level 1:colcon.colcon_core.environment:checking '/home/ubuntu/dev_ws/install/auv_description' for CMake module files
[0.990s] Level 1:colcon.colcon_core.environment:checking '/home/ubuntu/dev_ws/install/auv_description' for CMake config files
[0.990s] Level 1:colcon.colcon_core.shell:create_environment_hook('auv_description', 'cmake_prefix_path')
[0.991s] INFO:colcon.colcon_core.shell:Creating environment hook '/home/ubuntu/dev_ws/install/auv_description/share/auv_description/hook/cmake_prefix_path.ps1'
[0.991s] INFO:colcon.colcon_core.shell:Creating environment descriptor '/home/ubuntu/dev_ws/install/auv_description/share/auv_description/hook/cmake_prefix_path.dsv'
[0.991s] INFO:colcon.colcon_core.shell:Creating environment hook '/home/ubuntu/dev_ws/install/auv_description/share/auv_description/hook/cmake_prefix_path.sh'
[0.992s] Level 1:colcon.colcon_core.environment:checking '/home/ubuntu/dev_ws/install/auv_description/bin'
[0.992s] Level 1:colcon.colcon_core.environment:checking '/home/ubuntu/dev_ws/install/auv_description/lib/pkgconfig/auv_description.pc'
[0.992s] Level 1:colcon.colcon_core.environment:checking '/home/ubuntu/dev_ws/install/auv_description/lib/python3.10/site-packages'
[0.993s] Level 1:colcon.colcon_core.environment:checking '/home/ubuntu/dev_ws/install/auv_description/bin'
[0.994s] INFO:colcon.colcon_core.shell:Creating package script '/home/ubuntu/dev_ws/install/auv_description/share/auv_description/package.ps1'
[0.994s] INFO:colcon.colcon_core.shell:Creating package descriptor '/home/ubuntu/dev_ws/install/auv_description/share/auv_description/package.dsv'
[0.995s] INFO:colcon.colcon_core.shell:Creating package script '/home/ubuntu/dev_ws/install/auv_description/share/auv_description/package.sh'
[0.995s] INFO:colcon.colcon_core.shell:Creating package script '/home/ubuntu/dev_ws/install/auv_description/share/auv_description/package.bash'
[0.995s] INFO:colcon.colcon_core.shell:Creating package script '/home/ubuntu/dev_ws/install/auv_description/share/auv_description/package.zsh'
[0.996s] Level 1:colcon.colcon_core.environment:create_file_with_runtime_dependencies(/home/ubuntu/dev_ws/install/auv_description/share/colcon-core/packages/auv_description)
[1.005s] Level 1:colcon.colcon_core.environment:create_environment_scripts_only(auv_bringup)
[1.006s] Level 1:colcon.colcon_core.environment:checking '/home/ubuntu/dev_ws/install/auv_bringup' for CMake module files
[1.007s] DEBUG:colcon.colcon_core.event_handler.log_command:Invoked command in '/home/ubuntu/dev_ws/build/auv_bringup' returned '0': CMAKE_PREFIX_PATH=${CMAKE_PREFIX_PATH}:/home/ubuntu/dev_ws/install/auv_app:/opt/ros/humble /usr/bin/cmake --install /home/ubuntu/dev_ws/build/auv_bringup
[1.007s] Level 1:colcon.colcon_core.environment:checking '/home/ubuntu/dev_ws/install/auv_bringup' for CMake config files
[1.007s] Level 1:colcon.colcon_core.shell:create_environment_hook('auv_bringup', 'cmake_prefix_path')
[1.008s] INFO:colcon.colcon_core.shell:Creating environment hook '/home/ubuntu/dev_ws/install/auv_bringup/share/auv_bringup/hook/cmake_prefix_path.ps1'
[1.008s] INFO:colcon.colcon_core.shell:Creating environment descriptor '/home/ubuntu/dev_ws/install/auv_bringup/share/auv_bringup/hook/cmake_prefix_path.dsv'
[1.008s] INFO:colcon.colcon_core.shell:Creating environment hook '/home/ubuntu/dev_ws/install/auv_bringup/share/auv_bringup/hook/cmake_prefix_path.sh'
[1.009s] Level 1:colcon.colcon_core.environment:checking '/home/ubuntu/dev_ws/install/auv_bringup/bin'
[1.009s] Level 1:colcon.colcon_core.environment:checking '/home/ubuntu/dev_ws/install/auv_bringup/lib/pkgconfig/auv_bringup.pc'
[1.009s] Level 1:colcon.colcon_core.environment:checking '/home/ubuntu/dev_ws/install/auv_bringup/lib/python3.10/site-packages'
[1.009s] Level 1:colcon.colcon_core.environment:checking '/home/ubuntu/dev_ws/install/auv_bringup/bin'
[1.009s] INFO:colcon.colcon_core.shell:Creating package script '/home/ubuntu/dev_ws/install/auv_bringup/share/auv_bringup/package.ps1'
[1.010s] INFO:colcon.colcon_core.shell:Creating package descriptor '/home/ubuntu/dev_ws/install/auv_bringup/share/auv_bringup/package.dsv'
[1.010s] INFO:colcon.colcon_core.shell:Creating package script '/home/ubuntu/dev_ws/install/auv_bringup/share/auv_bringup/package.sh'
[1.010s] INFO:colcon.colcon_core.shell:Creating package script '/home/ubuntu/dev_ws/install/auv_bringup/share/auv_bringup/package.bash'
[1.010s] INFO:colcon.colcon_core.shell:Creating package script '/home/ubuntu/dev_ws/install/auv_bringup/share/auv_bringup/package.zsh'
[1.010s] Level 1:colcon.colcon_core.environment:create_file_with_runtime_dependencies(/home/ubuntu/dev_ws/install/auv_bringup/share/colcon-core/packages/auv_bringup)
[1.066s] Level 1:colcon.colcon_core.environment:create_environment_scripts_only(auv_description)
[1.067s] Level 1:colcon.colcon_core.environment:checking '/home/ubuntu/dev_ws/install/auv_description' for CMake module files
[1.068s] Level 1:colcon.colcon_core.environment:checking '/home/ubuntu/dev_ws/install/auv_description' for CMake config files
[1.068s] Level 1:colcon.colcon_core.shell:create_environment_hook('auv_description', 'cmake_prefix_path')
[1.069s] INFO:colcon.colcon_core.shell:Creating environment hook '/home/ubuntu/dev_ws/install/auv_description/share/auv_description/hook/cmake_prefix_path.ps1'
[1.069s] INFO:colcon.colcon_core.shell:Creating environment descriptor '/home/ubuntu/dev_ws/install/auv_description/share/auv_description/hook/cmake_prefix_path.dsv'
[1.069s] INFO:colcon.colcon_core.shell:Creating environment hook '/home/ubuntu/dev_ws/install/auv_description/share/auv_description/hook/cmake_prefix_path.sh'
[1.069s] Level 1:colcon.colcon_core.environment:checking '/home/ubuntu/dev_ws/install/auv_description/bin'
[1.069s] Level 1:colcon.colcon_core.environment:checking '/home/ubuntu/dev_ws/install/auv_description/lib/pkgconfig/auv_description.pc'
[1.070s] Level 1:colcon.colcon_core.environment:checking '/home/ubuntu/dev_ws/install/auv_description/lib/python3.10/site-packages'
[1.070s] Level 1:colcon.colcon_core.environment:checking '/home/ubuntu/dev_ws/install/auv_description/bin'
[1.070s] INFO:colcon.colcon_core.shell:Creating package script '/home/ubuntu/dev_ws/install/auv_description/share/auv_description/package.ps1'
[1.070s] INFO:colcon.colcon_core.shell:Creating package descriptor '/home/ubuntu/dev_ws/install/auv_description/share/auv_description/package.dsv'
[1.071s] INFO:colcon.colcon_core.shell:Creating package script '/home/ubuntu/dev_ws/install/auv_description/share/auv_description/package.sh'
[1.072s] INFO:colcon.colcon_core.shell:Creating package script '/home/ubuntu/dev_ws/install/auv_description/share/auv_description/package.bash'
[1.072s] INFO:colcon.colcon_core.shell:Creating package script '/home/ubuntu/dev_ws/install/auv_description/share/auv_description/package.zsh'
[1.073s] Level 1:colcon.colcon_core.environment:create_file_with_runtime_dependencies(/home/ubuntu/dev_ws/install/auv_description/share/colcon-core/packages/auv_description)
[1.081s] Level 1:colcon.colcon_core.environment:create_environment_scripts_only(auv_bringup)
[1.082s] Level 1:colcon.colcon_core.environment:checking '/home/ubuntu/dev_ws/install/auv_bringup' for CMake module files
[1.082s] Level 1:colcon.colcon_core.environment:checking '/home/ubuntu/dev_ws/install/auv_bringup' for CMake config files
[1.082s] Level 1:colcon.colcon_core.shell:create_environment_hook('auv_bringup', 'cmake_prefix_path')
[1.083s] INFO:colcon.colcon_core.shell:Creating environment hook '/home/ubuntu/dev_ws/install/auv_bringup/share/auv_bringup/hook/cmake_prefix_path.ps1'
[1.083s] INFO:colcon.colcon_core.shell:Creating environment descriptor '/home/ubuntu/dev_ws/install/auv_bringup/share/auv_bringup/hook/cmake_prefix_path.dsv'
[1.083s] INFO:colcon.colcon_core.shell:Creating environment hook '/home/ubuntu/dev_ws/install/auv_bringup/share/auv_bringup/hook/cmake_prefix_path.sh'
[1.084s] Level 1:colcon.colcon_core.environment:checking '/home/ubuntu/dev_ws/install/auv_bringup/bin'
[1.084s] Level 1:colcon.colcon_core.environment:checking '/home/ubuntu/dev_ws/install/auv_bringup/lib/pkgconfig/auv_bringup.pc'
[1.084s] Level 1:colcon.colcon_core.environment:checking '/home/ubuntu/dev_ws/install/auv_bringup/lib/python3.10/site-packages'
[1.084s] Level 1:colcon.colcon_core.environment:checking '/home/ubuntu/dev_ws/install/auv_bringup/bin'
[1.085s] INFO:colcon.colcon_core.shell:Creating package script '/home/ubuntu/dev_ws/install/auv_bringup/share/auv_bringup/package.ps1'
[1.085s] INFO:colcon.colcon_core.shell:Creating package descriptor '/home/ubuntu/dev_ws/install/auv_bringup/share/auv_bringup/package.dsv'
[1.085s] INFO:colcon.colcon_core.shell:Creating package script '/home/ubuntu/dev_ws/install/auv_bringup/share/auv_bringup/package.sh'
[1.085s] INFO:colcon.colcon_core.shell:Creating package script '/home/ubuntu/dev_ws/install/auv_bringup/share/auv_bringup/package.bash'
[1.086s] INFO:colcon.colcon_core.shell:Creating package script '/home/ubuntu/dev_ws/install/auv_bringup/share/auv_bringup/package.zsh'
[1.086s] Level 1:colcon.colcon_core.environment:create_file_with_runtime_dependencies(/home/ubuntu/dev_ws/install/auv_bringup/share/colcon-core/packages/auv_bringup)
[1.145s] Level 1:colcon.colcon_core.shell:create_environment_hook('auv_app', 'pythonpath_develop')
[1.146s] INFO:colcon.colcon_core.shell:Creating environment hook '/home/ubuntu/dev_ws/build/auv_app/share/auv_app/hook/pythonpath_develop.ps1'
[1.146s] INFO:colcon.colcon_core.shell:Creating environment descriptor '/home/ubuntu/dev_ws/build/auv_app/share/auv_app/hook/pythonpath_develop.dsv'
[1.147s] INFO:colcon.colcon_core.shell:Creating environment hook '/home/ubuntu/dev_ws/build/auv_app/share/auv_app/hook/pythonpath_develop.sh'
[1.148s] Level 1:colcon.colcon_core.environment:checking '/home/ubuntu/dev_ws/install/auv_app' for CMake module files
[1.148s] Level 1:colcon.colcon_core.environment:checking '/home/ubuntu/dev_ws/install/auv_app' for CMake config files
[1.148s] Level 1:colcon.colcon_core.environment:checking '/home/ubuntu/dev_ws/install/auv_app/lib'
[1.148s] Level 1:colcon.colcon_core.environment:checking '/home/ubuntu/dev_ws/install/auv_app/bin'
[1.149s] Level 1:colcon.colcon_core.environment:checking '/home/ubuntu/dev_ws/install/auv_app/lib/pkgconfig/auv_app.pc'
[1.149s] Level 1:colcon.colcon_core.environment:checking '/home/ubuntu/dev_ws/install/auv_app/lib/python3.10/site-packages'
[1.149s] Level 1:colcon.colcon_core.shell:create_environment_hook('auv_app', 'pythonpath')
[1.149s] INFO:colcon.colcon_core.shell:Creating environment hook '/home/ubuntu/dev_ws/install/auv_app/share/auv_app/hook/pythonpath.ps1'
[1.149s] INFO:colcon.colcon_core.shell:Creating environment descriptor '/home/ubuntu/dev_ws/install/auv_app/share/auv_app/hook/pythonpath.dsv'
[1.150s] DEBUG:colcon.colcon_core.event_handler.log_command:Invoked command in '/home/ubuntu/dev_ws/build/auv_app' returned '0': PYTHONPATH=/home/ubuntu/dev_ws/build/auv_app/prefix_override:/home/ubuntu/dev_ws/install/auv_app/lib/python3.10/site-packages:${PYTHONPATH} /usr/bin/python3 setup.py develop --editable --build-directory /home/ubuntu/dev_ws/build/auv_app/build --no-deps install_data
[1.152s] INFO:colcon.colcon_core.shell:Creating environment hook '/home/ubuntu/dev_ws/install/auv_app/share/auv_app/hook/pythonpath.sh'
[1.152s] Level 1:colcon.colcon_core.environment:checking '/home/ubuntu/dev_ws/install/auv_app/bin'
[1.153s] Level 1:colcon.colcon_core.environment:create_environment_scripts_only(auv_app)
[1.155s] INFO:colcon.colcon_core.shell:Creating package script '/home/ubuntu/dev_ws/install/auv_app/share/auv_app/package.ps1'
[1.156s] INFO:colcon.colcon_core.shell:Creating package descriptor '/home/ubuntu/dev_ws/install/auv_app/share/auv_app/package.dsv'
[1.156s] INFO:colcon.colcon_core.shell:Creating package script '/home/ubuntu/dev_ws/install/auv_app/share/auv_app/package.sh'
[1.156s] INFO:colcon.colcon_core.shell:Creating package script '/home/ubuntu/dev_ws/install/auv_app/share/auv_app/package.bash'
[1.156s] INFO:colcon.colcon_core.shell:Creating package script '/home/ubuntu/dev_ws/install/auv_app/share/auv_app/package.zsh'
[1.157s] Level 1:colcon.colcon_core.environment:create_file_with_runtime_dependencies(/home/ubuntu/dev_ws/install/auv_app/share/colcon-core/packages/auv_app)
[1.894s] DEBUG:colcon.colcon_core.event_handler.log_command:Invoked command in '/home/ubuntu/dev_ws/build/auv_gazebo' returned '0': CMAKE_PREFIX_PATH=${CMAKE_PREFIX_PATH}:/home/ubuntu/dev_ws/install/auv_app:/opt/ros/humble /usr/bin/cmake /home/ubuntu/dev_ws/src/auv_gazebo -DAMENT_CMAKE_SYMLINK_INSTALL=1 -DCMAKE_INSTALL_PREFIX=/home/ubuntu/dev_ws/install/auv_gazebo
[1.895s] DEBUG:colcon.colcon_core.event_handler.log_command:Invoking command in '/home/ubuntu/dev_ws/build/auv_gazebo': CMAKE_PREFIX_PATH=${CMAKE_PREFIX_PATH}:/home/ubuntu/dev_ws/install/auv_app:/opt/ros/humble /usr/bin/cmake --build /home/ubuntu/dev_ws/build/auv_gazebo -- -j5 -l5
[1.981s] DEBUG:colcon.colcon_core.event_handler.log_command:Invoked command in '/home/ubuntu/dev_ws/build/auv_gazebo' returned '0': CMAKE_PREFIX_PATH=${CMAKE_PREFIX_PATH}:/home/ubuntu/dev_ws/install/auv_app:/opt/ros/humble /usr/bin/cmake --build /home/ubuntu/dev_ws/build/auv_gazebo -- -j5 -l5
[2.060s] DEBUG:colcon.colcon_core.event_handler.log_command:Invoking command in '/home/ubuntu/dev_ws/build/auv_gazebo': CMAKE_PREFIX_PATH=${CMAKE_PREFIX_PATH}:/home/ubuntu/dev_ws/install/auv_app:/opt/ros/humble /usr/bin/cmake --install /home/ubuntu/dev_ws/build/auv_gazebo
[2.083s] Level 1:colcon.colcon_core.environment:create_environment_scripts_only(auv_gazebo)
[2.084s] Level 1:colcon.colcon_core.environment:checking '/home/ubuntu/dev_ws/install/auv_gazebo' for CMake module files
[2.084s] Level 1:colcon.colcon_core.environment:checking '/home/ubuntu/dev_ws/install/auv_gazebo' for CMake config files
[2.084s] Level 1:colcon.colcon_core.shell:create_environment_hook('auv_gazebo', 'cmake_prefix_path')
[2.085s] INFO:colcon.colcon_core.shell:Creating environment hook '/home/ubuntu/dev_ws/install/auv_gazebo/share/auv_gazebo/hook/cmake_prefix_path.ps1'
[2.085s] INFO:colcon.colcon_core.shell:Creating environment descriptor '/home/ubuntu/dev_ws/install/auv_gazebo/share/auv_gazebo/hook/cmake_prefix_path.dsv'
[2.085s] INFO:colcon.colcon_core.shell:Creating environment hook '/home/ubuntu/dev_ws/install/auv_gazebo/share/auv_gazebo/hook/cmake_prefix_path.sh'
[2.086s] Level 1:colcon.colcon_core.environment:checking '/home/ubuntu/dev_ws/install/auv_gazebo/bin'
[2.086s] Level 1:colcon.colcon_core.environment:checking '/home/ubuntu/dev_ws/install/auv_gazebo/lib/pkgconfig/auv_gazebo.pc'
[2.086s] Level 1:colcon.colcon_core.environment:checking '/home/ubuntu/dev_ws/install/auv_gazebo/lib/python3.10/site-packages'
[2.086s] Level 1:colcon.colcon_core.environment:checking '/home/ubuntu/dev_ws/install/auv_gazebo/bin'
[2.087s] INFO:colcon.colcon_core.shell:Creating package script '/home/ubuntu/dev_ws/install/auv_gazebo/share/auv_gazebo/package.ps1'
[2.087s] DEBUG:colcon.colcon_core.event_handler.log_command:Invoked command in '/home/ubuntu/dev_ws/build/auv_gazebo' returned '0': CMAKE_PREFIX_PATH=${CMAKE_PREFIX_PATH}:/home/ubuntu/dev_ws/install/auv_app:/opt/ros/humble /usr/bin/cmake --install /home/ubuntu/dev_ws/build/auv_gazebo
[2.087s] INFO:colcon.colcon_core.shell:Creating package descriptor '/home/ubuntu/dev_ws/install/auv_gazebo/share/auv_gazebo/package.dsv'
[2.088s] INFO:colcon.colcon_core.shell:Creating package script '/home/ubuntu/dev_ws/install/auv_gazebo/share/auv_gazebo/package.sh'
[2.088s] INFO:colcon.colcon_core.shell:Creating package script '/home/ubuntu/dev_ws/install/auv_gazebo/share/auv_gazebo/package.bash'
[2.088s] INFO:colcon.colcon_core.shell:Creating package script '/home/ubuntu/dev_ws/install/auv_gazebo/share/auv_gazebo/package.zsh'
[2.088s] Level 1:colcon.colcon_core.environment:create_file_with_runtime_dependencies(/home/ubuntu/dev_ws/install/auv_gazebo/share/colcon-core/packages/auv_gazebo)
[2.141s] Level 1:colcon.colcon_core.environment:create_environment_scripts_only(auv_gazebo)
[2.142s] Level 1:colcon.colcon_core.environment:checking '/home/ubuntu/dev_ws/install/auv_gazebo' for CMake module files
[2.142s] Level 1:colcon.colcon_core.environment:checking '/home/ubuntu/dev_ws/install/auv_gazebo' for CMake config files
[2.142s] Level 1:colcon.colcon_core.shell:create_environment_hook('auv_gazebo', 'cmake_prefix_path')
[2.143s] INFO:colcon.colcon_core.shell:Creating environment hook '/home/ubuntu/dev_ws/install/auv_gazebo/share/auv_gazebo/hook/cmake_prefix_path.ps1'
[2.143s] INFO:colcon.colcon_core.shell:Creating environment descriptor '/home/ubuntu/dev_ws/install/auv_gazebo/share/auv_gazebo/hook/cmake_prefix_path.dsv'
[2.143s] INFO:colcon.colcon_core.shell:Creating environment hook '/home/ubuntu/dev_ws/install/auv_gazebo/share/auv_gazebo/hook/cmake_prefix_path.sh'
[2.144s] Level 1:colcon.colcon_core.environment:checking '/home/ubuntu/dev_ws/install/auv_gazebo/bin'
[2.144s] Level 1:colcon.colcon_core.environment:checking '/home/ubuntu/dev_ws/install/auv_gazebo/lib/pkgconfig/auv_gazebo.pc'
[2.144s] Level 1:colcon.colcon_core.environment:checking '/home/ubuntu/dev_ws/install/auv_gazebo/lib/python3.10/site-packages'
[2.144s] Level 1:colcon.colcon_core.environment:checking '/home/ubuntu/dev_ws/install/auv_gazebo/bin'
[2.144s] INFO:colcon.colcon_core.shell:Creating package script '/home/ubuntu/dev_ws/install/auv_gazebo/share/auv_gazebo/package.ps1'
[2.145s] INFO:colcon.colcon_core.shell:Creating package descriptor '/home/ubuntu/dev_ws/install/auv_gazebo/share/auv_gazebo/package.dsv'
[2.145s] INFO:colcon.colcon_core.shell:Creating package script '/home/ubuntu/dev_ws/install/auv_gazebo/share/auv_gazebo/package.sh'
[2.145s] INFO:colcon.colcon_core.shell:Creating package script '/home/ubuntu/dev_ws/install/auv_gazebo/share/auv_gazebo/package.bash'
[2.146s] INFO:colcon.colcon_core.shell:Creating package script '/home/ubuntu/dev_ws/install/auv_gazebo/share/auv_gazebo/package.zsh'
[2.146s] Level 1:colcon.colcon_core.environment:create_file_with_runtime_dependencies(/home/ubuntu/dev_ws/install/auv_gazebo/share/colcon-core/packages/auv_gazebo)
[2.147s] DEBUG:colcon.colcon_parallel_executor.executor.parallel:closing loop
[2.147s] DEBUG:colcon.colcon_parallel_executor.executor.parallel:loop closed
[2.147s] DEBUG:colcon.colcon_parallel_executor.executor.parallel:run_until_complete finished with '0'
[2.147s] DEBUG:colcon.colcon_core.event_reactor:joining thread
[2.153s] INFO:colcon.colcon_core.plugin_system:Skipping extension 'colcon_notification.desktop_notification.terminal_notifier': Not used on non-Darwin systems
[2.153s] INFO:colcon.colcon_core.plugin_system:Skipping extension 'colcon_notification.desktop_notification.win32': Not used on non-Windows systems
[2.153s] INFO:colcon.colcon_notification.desktop_notification:Sending desktop notification using 'notify2'
[2.421s] DEBUG:colcon.colcon_core.event_reactor:joined thread
[2.423s] INFO:colcon.colcon_core.shell:Creating prefix script '/home/ubuntu/dev_ws/install/local_setup.ps1'
[2.424s] INFO:colcon.colcon_core.shell:Creating prefix util module '/home/ubuntu/dev_ws/install/_local_setup_util_ps1.py'
[2.425s] INFO:colcon.colcon_core.shell:Creating prefix chain script '/home/ubuntu/dev_ws/install/setup.ps1'
[2.427s] INFO:colcon.colcon_core.shell:Creating prefix script '/home/ubuntu/dev_ws/install/local_setup.sh'
[2.427s] INFO:colcon.colcon_core.shell:Creating prefix util module '/home/ubuntu/dev_ws/install/_local_setup_util_sh.py'
[2.428s] INFO:colcon.colcon_core.shell:Creating prefix chain script '/home/ubuntu/dev_ws/install/setup.sh'
[2.429s] INFO:colcon.colcon_core.shell:Creating prefix script '/home/ubuntu/dev_ws/install/local_setup.bash'
[2.429s] INFO:colcon.colcon_core.shell:Creating prefix chain script '/home/ubuntu/dev_ws/install/setup.bash'
[2.430s] INFO:colcon.colcon_core.shell:Creating prefix script '/home/ubuntu/dev_ws/install/local_setup.zsh'
[2.432s] INFO:colcon.colcon_core.shell:Creating prefix chain script '/home/ubuntu/dev_ws/install/setup.zsh'
