[0.169s] Invoking command in '/home/ubuntu/dev_ws/build/auv_description': CMAKE_PREFIX_PATH=/opt/ros/humble /usr/bin/cmake /home/ubuntu/dev_ws/src/auv_description -DCMAKE_INSTALL_PREFIX=/home/ubuntu/dev_ws/install/auv_description
[0.255s] -- The C compiler identification is GNU 11.3.0
[0.313s] -- The CXX compiler identification is GNU 11.3.0
[0.320s] -- Detecting C compiler ABI info
[0.395s] -- Detecting C compiler ABI info - done
[0.401s] -- Check for working C compiler: /usr/bin/cc - skipped
[0.402s] -- Detecting C compile features
[0.402s] -- Detecting C compile features - done
[0.405s] -- Detecting CXX compiler ABI info
[0.497s] -- Detecting CXX compiler ABI info - done
[0.503s] -- Check for working CXX compiler: /usr/bin/c++ - skipped
[0.503s] -- Detecting CXX compile features
[0.508s] -- Detecting CXX compile features - done
[0.510s] -- Found ament_cmake: 1.3.4 (/opt/ros/humble/share/ament_cmake/cmake)
[0.643s] -- Found Python3: /usr/bin/python3.10 (found version "3.10.6") found components: Interpreter 
[0.731s] -- Found ament_lint_auto: 0.12.6 (/opt/ros/humble/share/ament_lint_auto/cmake)
[0.774s] [31mCMake Error at /opt/ros/humble/share/ament_cmake_core/cmake/core/assert_file_exists.cmake:20 (message):
[0.774s]   ament_environment_hooks() the passed hook file
[0.774s]   '/home/ubuntu/dev_ws/src/auv_description/hooks/auv_description.dsv.in' does
[0.774s]   not exist
[0.774s] Call Stack (most recent call first):
[0.775s]   /opt/ros/humble/share/ament_cmake_core/cmake/environment_hooks/ament_environment_hooks.cmake:35 (assert_file_exists)
[0.775s]   CMakeLists.txt:18 (ament_environment_hooks)
[0.775s] 
[0.775s] [0m
[0.775s] -- Configuring incomplete, errors occurred!
[0.775s] See also "/home/ubuntu/dev_ws/build/auv_description/CMakeFiles/CMakeOutput.log".
