[0.167s] Invoking command in '/home/ubuntu/dev_ws/build/auv_gazebo': CMAKE_PREFIX_PATH=/opt/ros/humble /usr/bin/cmake /home/ubuntu/dev_ws/src/auv_gazebo -DCMAKE_INSTALL_PREFIX=/home/ubuntu/dev_ws/install/auv_gazebo
[0.251s] -- The C compiler identification is GNU 11.3.0
[0.310s] -- The CXX compiler identification is GNU 11.3.0
[0.317s] -- Detecting C compiler ABI info
[0.401s] -- Detecting C compiler ABI info - done
[0.406s] -- Check for working C compiler: /usr/bin/cc - skipped
[0.407s] -- Detecting C compile features
[0.407s] -- Detecting C compile features - done
[0.409s] -- Detecting CXX compiler ABI info
[0.508s] -- Detecting CXX compiler ABI info - done
[0.514s] -- Check for working CXX compiler: /usr/bin/c++ - skipped
[0.514s] -- Detecting CXX compile features
[0.514s] -- Detecting CXX compile features - done
[0.517s] -- Found ament_cmake: 1.3.4 (/opt/ros/humble/share/ament_cmake/cmake)
[0.643s] -- Found Python3: /usr/bin/python3.10 (found version "3.10.6") found components: Interpreter 
[0.746s] [31mCMake Error at CMakeLists.txt:7 (find_package):
[0.746s]   By not providing "Findgz-cmake3.cmake" in CMAKE_MODULE_PATH this project
[0.746s]   has asked CMake to find a package configuration file provided by
[0.746s]   "gz-cmake3", but CMake did not find one.
[0.746s] 
[0.746s]   Could not find a package configuration file provided by "gz-cmake3" with
[0.746s]   any of the following names:
[0.746s] 
[0.746s]     gz-cmake3Config.cmake
[0.746s]     gz-cmake3-config.cmake
[0.746s] 
[0.747s]   Add the installation prefix of "gz-cmake3" to CMAKE_PREFIX_PATH or set
[0.747s]   "gz-cmake3_DIR" to a directory containing one of the above files.  If
[0.747s]   "gz-cmake3" provides a separate development package or SDK, be sure it has
[0.747s]   been installed.
[0.747s] 
[0.747s] [0m
[0.747s] -- Configuring incomplete, errors occurred!
[0.747s] See also "/home/ubuntu/dev_ws/build/auv_gazebo/CMakeFiles/CMakeOutput.log".
[0.750s] Invoked command in '/home/ubuntu/dev_ws/build/auv_gazebo' returned '1': CMAKE_PREFIX_PATH=/opt/ros/humble /usr/bin/cmake /home/ubuntu/dev_ws/src/auv_gazebo -DCMAKE_INSTALL_PREFIX=/home/ubuntu/dev_ws/install/auv_gazebo
