[0.200s] Invoking command in '/home/ubuntu/dev_ws/build/auv_description': CMAKE_PREFIX_PATH=${CMAKE_PREFIX_PATH}:/home/ubuntu/dev_ws/install/auv_app:/opt/ros/humble /usr/bin/cmake /home/ubuntu/dev_ws/src/auv_description -DAMENT_CMAKE_SYMLINK_INSTALL=1 -DCMAKE_INSTALL_PREFIX=/home/ubuntu/dev_ws/install/auv_description
[0.234s] -- Found ament_cmake: 1.3.4 (/opt/ros/humble/share/ament_cmake/cmake)
[0.470s] -- Override CMake install command with custom implementation using symlinks instead of copying resources
[0.478s] -- Found ament_lint_auto: 0.12.6 (/opt/ros/humble/share/ament_lint_auto/cmake)
[0.541s] -- Configuring done
[0.545s] -- Generating done
[0.546s] -- Build files have been written to: /home/ubuntu/dev_ws/build/auv_description
[0.550s] Invoked command in '/home/ubuntu/dev_ws/build/auv_description' returned '0': CMAKE_PREFIX_PATH=${CMAKE_PREFIX_PATH}:/home/ubuntu/dev_ws/install/auv_app:/opt/ros/humble /usr/bin/cmake /home/ubuntu/dev_ws/src/auv_description -DAMENT_CMAKE_SYMLINK_INSTALL=1 -DCMAKE_INSTALL_PREFIX=/home/ubuntu/dev_ws/install/auv_description
[0.559s] Invoking command in '/home/ubuntu/dev_ws/build/auv_description': CMAKE_PREFIX_PATH=${CMAKE_PREFIX_PATH}:/home/ubuntu/dev_ws/install/auv_app:/opt/ros/humble /usr/bin/cmake --build /home/ubuntu/dev_ws/build/auv_description -- -j5 -l5
[0.642s] Invoked command in '/home/ubuntu/dev_ws/build/auv_description' returned '0': CMAKE_PREFIX_PATH=${CMAKE_PREFIX_PATH}:/home/ubuntu/dev_ws/install/auv_app:/opt/ros/humble /usr/bin/cmake --build /home/ubuntu/dev_ws/build/auv_description -- -j5 -l5
[0.744s] Invoking command in '/home/ubuntu/dev_ws/build/auv_description': CMAKE_PREFIX_PATH=${CMAKE_PREFIX_PATH}:/home/ubuntu/dev_ws/install/auv_app:/opt/ros/humble /usr/bin/cmake --install /home/ubuntu/dev_ws/build/auv_description
[0.752s] -- Install configuration: ""
[0.753s] -- Execute custom install script
[0.753s] -- Symlinking: /home/ubuntu/dev_ws/install/auv_description/share/auv_description/model/auv.xacro
[0.764s] -- Symlinking: /home/ubuntu/dev_ws/install/auv_description/share/auv_description/model/inertial_macros.xacro
[0.779s] -- Symlinking: /home/ubuntu/dev_ws/install/auv_description/share/auv_description/model/materials.xacro
[0.814s] -- Symlinking: /home/ubuntu/dev_ws/install/auv_description/share/auv_description/environment/auv_description.dsv
[0.826s] -- Symlinking: /home/ubuntu/dev_ws/install/auv_description/share/auv_description/environment/auv_description.sh
[0.836s] -- Symlinking: /home/ubuntu/dev_ws/install/auv_description/share/ament_index/resource_index/package_run_dependencies/auv_description
[0.845s] -- Symlinking: /home/ubuntu/dev_ws/install/auv_description/share/ament_index/resource_index/parent_prefix_path/auv_description
[0.854s] -- Symlinking: /home/ubuntu/dev_ws/install/auv_description/share/auv_description/environment/ament_prefix_path.sh
[0.868s] -- Symlinking: /home/ubuntu/dev_ws/install/auv_description/share/auv_description/environment/ament_prefix_path.dsv
[0.879s] -- Symlinking: /home/ubuntu/dev_ws/install/auv_description/share/auv_description/environment/path.sh
[0.894s] -- Symlinking: /home/ubuntu/dev_ws/install/auv_description/share/auv_description/environment/path.dsv
[0.908s] -- Symlinking: /home/ubuntu/dev_ws/install/auv_description/share/auv_description/local_setup.bash
[0.918s] -- Symlinking: /home/ubuntu/dev_ws/install/auv_description/share/auv_description/local_setup.sh
[0.929s] -- Symlinking: /home/ubuntu/dev_ws/install/auv_description/share/auv_description/local_setup.zsh
[0.942s] -- Symlinking: /home/ubuntu/dev_ws/install/auv_description/share/auv_description/local_setup.dsv
[0.956s] -- Symlinking: /home/ubuntu/dev_ws/install/auv_description/share/auv_description/package.dsv
[0.966s] -- Symlinking: /home/ubuntu/dev_ws/install/auv_description/share/ament_index/resource_index/packages/auv_description
[0.976s] -- Symlinking: /home/ubuntu/dev_ws/install/auv_description/share/auv_description/cmake/auv_descriptionConfig.cmake
[0.986s] -- Symlinking: /home/ubuntu/dev_ws/install/auv_description/share/auv_description/cmake/auv_descriptionConfig-version.cmake
[1.021s] -- Symlinking: /home/ubuntu/dev_ws/install/auv_description/share/auv_description/package.xml
[1.058s] Invoked command in '/home/ubuntu/dev_ws/build/auv_description' returned '0': CMAKE_PREFIX_PATH=${CMAKE_PREFIX_PATH}:/home/ubuntu/dev_ws/install/auv_app:/opt/ros/humble /usr/bin/cmake --install /home/ubuntu/dev_ws/build/auv_description
