[0.155s] Invoking command in '/home/ubuntu/dev_ws/build/auv_bringup': CMAKE_PREFIX_PATH=${CMAKE_PREFIX_PATH}:/home/ubuntu/dev_ws/install/auv_app:/opt/ros/humble /usr/bin/cmake --build /home/ubuntu/dev_ws/build/auv_bringup -- -j5 -l5
[0.194s] Invoked command in '/home/ubuntu/dev_ws/build/auv_bringup' returned '0': CMAKE_PREFIX_PATH=${CMAKE_PREFIX_PATH}:/home/ubuntu/dev_ws/install/auv_app:/opt/ros/humble /usr/bin/cmake --build /home/ubuntu/dev_ws/build/auv_bringup -- -j5 -l5
[0.226s] Invoking command in '/home/ubuntu/dev_ws/build/auv_bringup': CMAKE_PREFIX_PATH=${CMAKE_PREFIX_PATH}:/home/ubuntu/dev_ws/install/auv_app:/opt/ros/humble /usr/bin/cmake --install /home/ubuntu/dev_ws/build/auv_bringup
[0.234s] -- Install configuration: ""
[0.234s] -- Execute custom install script
[0.235s] -- Up-to-date symlink: /home/ubuntu/dev_ws/install/auv_bringup/share/auv_bringup/launch/auv.launch.py
[0.235s] -- Up-to-date symlink: /home/ubuntu/dev_ws/install/auv_bringup/share/auv_bringup/config/bridge.yaml
[0.235s] -- Symlinking: /home/ubuntu/dev_ws/install/auv_bringup/share/auv_bringup/config/default.rviz
[0.243s] -- Up-to-date symlink: /home/ubuntu/dev_ws/install/auv_bringup/share/auv_bringup/config/ros_gz_example_bridge.yaml
[0.243s] -- Up-to-date symlink: /home/ubuntu/dev_ws/install/auv_bringup/share/auv_bringup/config/rover.rviz
[0.243s] -- Up-to-date symlink: /home/ubuntu/dev_ws/install/auv_bringup/share/ament_index/resource_index/package_run_dependencies/auv_bringup
[0.243s] -- Up-to-date symlink: /home/ubuntu/dev_ws/install/auv_bringup/share/ament_index/resource_index/parent_prefix_path/auv_bringup
[0.244s] -- Up-to-date symlink: /home/ubuntu/dev_ws/install/auv_bringup/share/auv_bringup/environment/ament_prefix_path.sh
[0.244s] -- Up-to-date symlink: /home/ubuntu/dev_ws/install/auv_bringup/share/auv_bringup/environment/ament_prefix_path.dsv
[0.244s] -- Up-to-date symlink: /home/ubuntu/dev_ws/install/auv_bringup/share/auv_bringup/environment/path.sh
[0.244s] -- Up-to-date symlink: /home/ubuntu/dev_ws/install/auv_bringup/share/auv_bringup/environment/path.dsv
[0.244s] -- Up-to-date symlink: /home/ubuntu/dev_ws/install/auv_bringup/share/auv_bringup/local_setup.bash
[0.244s] -- Up-to-date symlink: /home/ubuntu/dev_ws/install/auv_bringup/share/auv_bringup/local_setup.sh
[0.244s] -- Up-to-date symlink: /home/ubuntu/dev_ws/install/auv_bringup/share/auv_bringup/local_setup.zsh
[0.244s] -- Up-to-date symlink: /home/ubuntu/dev_ws/install/auv_bringup/share/auv_bringup/local_setup.dsv
[0.245s] -- Symlinking: /home/ubuntu/dev_ws/install/auv_bringup/share/auv_bringup/package.dsv
[0.254s] -- Up-to-date symlink: /home/ubuntu/dev_ws/install/auv_bringup/share/ament_index/resource_index/packages/auv_bringup
[0.255s] -- Up-to-date symlink: /home/ubuntu/dev_ws/install/auv_bringup/share/auv_bringup/cmake/auv_bringupConfig.cmake
[0.255s] -- Up-to-date symlink: /home/ubuntu/dev_ws/install/auv_bringup/share/auv_bringup/cmake/auv_bringupConfig-version.cmake
[0.255s] -- Up-to-date symlink: /home/ubuntu/dev_ws/install/auv_bringup/share/auv_bringup/package.xml
[0.261s] Invoked command in '/home/ubuntu/dev_ws/build/auv_bringup' returned '0': CMAKE_PREFIX_PATH=${CMAKE_PREFIX_PATH}:/home/ubuntu/dev_ws/install/auv_app:/opt/ros/humble /usr/bin/cmake --install /home/ubuntu/dev_ws/build/auv_bringup
