[0.019s] Invoking command in '/home/ubuntu/dev_ws/build/Hello_world': /usr/bin/cmake /home/ubuntu/dev_ws/src/hello_world -DCMAKE_INSTALL_PREFIX=/home/ubuntu/dev_ws/install/Hello_world
[0.173s] -- The C compiler identification is GNU 11.3.0
[0.173s] -- The CXX compiler identification is GNU 11.3.0
[0.173s] -- Detecting C compiler ABI info
[0.192s] -- Detecting C compiler ABI info - done
[0.194s] -- Check for working C compiler: /usr/bin/cc - skipped
[0.194s] -- Detecting C compile features
[0.194s] -- Detecting C compile features - done
[0.196s] -- Detecting CXX compiler ABI info
[0.275s] -- Detecting CXX compiler ABI info - done
[0.280s] -- Check for working CXX compiler: /usr/bin/c++ - skipped
[0.281s] -- Detecting CXX compile features
[0.281s] -- Detecting CXX compile features - done
[0.286s] -- Looking for ignition-plugin1 -- found version 1.3.0
[0.286s] -- Searching for dependencies of ignition-plugin1
[0.286s] -- Searching for <ignition-plugin1> component [register]
[0.286s] -- Looking for ignition-plugin1-register -- found version 1.3.0
[0.286s] -- Searching for dependencies of ignition-plugin1-register
[0.287s] -- Looking for ignition-plugin1 - found
[0.287s] 
[0.289s] -- Looking for ignition-gazebo6 -- found version 6.11.0
[0.290s] -- Searching for dependencies of ignition-gazebo6
[0.292s] -- Looking for sdformat12 -- found version 12.5.0
[0.292s] -- Searching for dependencies of sdformat12
[0.296s] -- Checking for module 'tinyxml2'
[0.309s] --   Found tinyxml2, version 9.0.0
[0.344s] -- Looking for ignition-math6 -- found version 6.12.0
[0.344s] -- Searching for dependencies of ignition-math6
[0.346s] -- Looking for ignition-utils1 -- found version 1.4.0
[0.347s] -- Searching for dependencies of ignition-utils1
[0.347s] -- Looking for ignition-plugin1 -- found version 1.3.0
[0.348s] -- Searching for dependencies of ignition-plugin1
[0.348s] -- Searching for <ignition-plugin1> component [loader]
[0.349s] -- Looking for ignition-plugin1-loader -- found version 1.3.0
[0.350s] -- Searching for dependencies of ignition-plugin1-loader
[0.350s] -- Searching for <ignition-plugin1> component [register]
[0.352s] -- Looking for ignition-transport11 -- found version 11.2.0
[0.352s] -- Searching for dependencies of ignition-transport11
[0.515s] -- Found Protobuf: /usr/lib/aarch64-linux-gnu/libprotobuf.so (found suitable version "3.12.4", minimum required is "3") 
[0.530s] -- Config-file not installed for ZeroMQ -- checking for pkg-config
[0.534s] -- Checking for module 'libzmq >= 4'
[0.544s] --   Found libzmq , version 4.3.4
[0.571s] -- Found ZeroMQ: TRUE (Required is at least version "4") 
[0.575s] -- Checking for module 'uuid'
[0.587s] --   Found uuid, version 2.37.2
[0.618s] -- Found UUID: TRUE  
[0.618s] -- Looking for ignition-utils1 -- found version 1.4.0
[0.618s] -- Searching for dependencies of ignition-utils1
[0.618s] -- Searching for <ignition-utils1> component [cli]
[0.620s] -- Looking for ignition-utils1-cli -- found version 1.4.0
[0.620s] -- Searching for dependencies of ignition-utils1-cli
[0.622s] -- Looking for ignition-msgs8 -- found version 8.6.0
[0.623s] -- Searching for dependencies of ignition-msgs8
[0.645s] -- Looking for ignition-math6 -- found version 6.12.0
[0.655s] -- Searching for <ignition-transport11> component [log]
[0.657s] -- Looking for ignition-transport11-log -- found version 11.2.0
[0.658s] -- Searching for dependencies of ignition-transport11-log
[0.658s] -- Looking for ignition-msgs8 -- found version 8.6.0
[0.660s] -- Looking for ignition-common4 -- found version 4.5.2
[0.660s] -- Searching for dependencies of ignition-common4
[0.661s] -- Looking for dlfcn.h - found
[0.661s] -- Looking for libdl - found
[0.662s] -- Found DL: TRUE  
[0.668s] -- Searching for <ignition-common4> component [profiler]
[0.670s] -- Looking for ignition-common4-profiler -- found version 4.5.2
[0.670s] -- Searching for dependencies of ignition-common4-profiler
[0.670s] -- Searching for <ignition-common4> component [events]
[0.672s] -- Looking for ignition-common4-events -- found version 4.5.2
[0.673s] -- Searching for dependencies of ignition-common4-events
[0.673s] -- Looking for ignition-math6 -- found version 6.12.0
[0.673s] -- Searching for <ignition-common4> component [av]
[0.675s] -- Looking for ignition-common4-av -- found version 4.5.2
[0.676s] -- Searching for dependencies of ignition-common4-av
[0.679s] -- Checking for module 'libswscale'
[0.688s] --   Found libswscale, version 5.9.100
[0.715s] -- Found SWSCALE: TRUE  
[0.719s] -- Checking for module 'libavdevice >= 56.4.100'
[0.728s] --   Found libavdevice , version 58.13.100
[0.757s] -- Found AVDEVICE: TRUE (Required is at least version "56.4.100") 
[0.760s] -- Checking for module 'libavformat'
[0.769s] --   Found libavformat, version 58.76.100
[0.795s] -- Found AVFORMAT: TRUE  
[0.798s] -- Checking for module 'libavcodec'
[0.808s] --   Found libavcodec, version 58.134.100
[0.834s] -- Found AVCODEC: TRUE  
[0.837s] -- Checking for module 'libavutil'
[0.847s] --   Found libavutil, version 56.70.100
[0.874s] -- Found AVUTIL: TRUE  
[0.877s] -- Looking for ignition-fuel_tools7 -- found version 7.1.0
[0.877s] -- Searching for dependencies of ignition-fuel_tools7
[0.947s] -- Found CURL: /usr/lib/aarch64-linux-gnu/libcurl.so (found version "7.81.0")  
[0.953s] -- Checking for module 'jsoncpp'
[0.962s] --   Found jsoncpp, version 1.9.5
[0.987s] -- Found JSONCPP: TRUE  
[0.991s] -- Checking for module 'libzip'
[1.000s] --   Found libzip, version 1.7.3
[1.027s] -- Found ZIP: TRUE  
[1.027s] -- Looking for ignition-common4 -- found version 4.5.2
[1.028s] -- Looking for ignition-math6 -- found version 6.12.0
[1.028s] -- Looking for ignition-msgs8 -- found version 8.6.0
[1.030s] -- Looking for ignition-gui6 -- found version 6.6.1
[1.031s] -- Searching for dependencies of ignition-gui6
[1.057s] -- Looking for ignition-math6 -- found version 6.12.0
[1.057s] -- Looking for ignition-common4 -- found version 4.5.2
[1.058s] -- Looking for ignition-plugin1 -- found version 1.3.0
[1.058s] -- Looking for ignition-transport11 -- found version 11.2.0
[1.060s] -- Looking for ignition-rendering6 -- found version 6.5.1
[1.060s] -- Searching for dependencies of ignition-rendering6
[1.060s] -- Looking for ignition-math6 -- found version 6.12.0
[1.061s] -- Searching for dependencies of ignition-math6
[1.061s] -- Searching for <ignition-math6> component [eigen3]
[1.062s] -- Looking for ignition-math6-eigen3 -- found version 6.12.0
[1.063s] -- Searching for dependencies of ignition-math6-eigen3
[1.072s] -- Looking for ignition-common4 -- found version 4.5.2
[1.072s] -- Searching for dependencies of ignition-common4
[1.072s] -- Looking for dlfcn.h - found
[1.072s] -- Looking for libdl - found
[1.078s] -- Searching for <ignition-common4> component [graphics]
[1.080s] -- Looking for ignition-common4-graphics -- found version 4.5.2
[1.080s] -- Searching for dependencies of ignition-common4-graphics
[1.081s] -- Looking for ignition-math6 -- found version 6.12.0
[1.081s] -- Looking for ignition-utils1 -- found version 1.4.0
[1.081s] -- Searching for <ignition-common4> component [events]
[1.082s] -- Looking for ignition-plugin1 -- found version 1.3.0
[1.082s] -- Searching for dependencies of ignition-plugin1
[1.082s] -- Searching for <ignition-plugin1> component [all]
[1.084s] -- Looking for all libraries of ignition-plugin1 -- found version 1.3.0
[1.084s] -- Looking for ignition-plugin1 -- found version 1.3.0
[1.085s] -- Looking for ignition-msgs8 -- found version 8.6.0
[1.100s] -- Looking for ignition-physics5 -- found version 5.2.0
[1.100s] -- Searching for dependencies of ignition-physics5
[1.101s] -- Looking for ignition-math6 -- found version 6.12.0
[1.101s] -- Looking for ignition-plugin1 -- found version 1.3.0
[1.101s] -- Looking for ignition-utils1 -- found version 1.4.0
[1.102s] -- Searching for <ignition-physics5> component [heightmap]
[1.104s] -- Looking for ignition-physics5-heightmap -- found version 5.2.0
[1.104s] -- Searching for dependencies of ignition-physics5-heightmap
[1.104s] -- Looking for ignition-common4 -- found version 4.5.2
[1.104s] -- Searching for <ignition-physics5> component [mesh]
[1.106s] -- Looking for ignition-physics5-mesh -- found version 5.2.0
[1.106s] -- Searching for dependencies of ignition-physics5-mesh
[1.107s] -- Looking for ignition-common4 -- found version 4.5.2
[1.107s] -- Searching for <ignition-physics5> component [sdf]
[1.109s] -- Looking for ignition-physics5-sdf -- found version 5.2.0
[1.109s] -- Searching for dependencies of ignition-physics5-sdf
[1.109s] -- Looking for sdformat12 -- found version 12.5.0
[1.112s] -- Looking for ignition-sensors6 -- found version 6.6.0
[1.112s] -- Searching for dependencies of ignition-sensors6
[1.135s] -- Looking for ignition-math6 -- found version 6.12.0
[1.135s] -- Looking for ignition-common4 -- found version 4.5.2
[1.136s] -- Looking for ignition-transport11 -- found version 11.2.0
[1.136s] -- Looking for ignition-rendering6 -- found version 6.5.1
[1.136s] -- Looking for ignition-msgs8 -- found version 8.6.0
[1.136s] -- Looking for sdformat12 -- found version 12.5.0
[1.137s] -- Searching for <ignition-sensors6> component [air_pressure]
[1.139s] -- Looking for ignition-sensors6-air_pressure -- found version 6.6.0
[1.139s] -- Searching for dependencies of ignition-sensors6-air_pressure
[1.139s] -- Searching for <ignition-sensors6> component [altimeter]
[1.141s] -- Looking for ignition-sensors6-altimeter -- found version 6.6.0
[1.141s] -- Searching for dependencies of ignition-sensors6-altimeter
[1.142s] -- Searching for <ignition-sensors6> component [imu]
[1.144s] -- Looking for ignition-sensors6-imu -- found version 6.6.0
[1.144s] -- Searching for dependencies of ignition-sensors6-imu
[1.144s] -- Searching for <ignition-sensors6> component [force_torque]
[1.146s] -- Looking for ignition-sensors6-force_torque -- found version 6.6.0
[1.146s] -- Searching for dependencies of ignition-sensors6-force_torque
[1.147s] -- Searching for <ignition-sensors6> component [logical_camera]
[1.148s] -- Looking for ignition-sensors6-logical_camera -- found version 6.6.0
[1.149s] -- Searching for dependencies of ignition-sensors6-logical_camera
[1.149s] -- Searching for <ignition-sensors6> component [magnetometer]
[1.151s] -- Looking for ignition-sensors6-magnetometer -- found version 6.6.0
[1.151s] -- Searching for dependencies of ignition-sensors6-magnetometer
[1.151s] -- Searching for <ignition-sensors6> component [navsat]
[1.153s] -- Looking for ignition-sensors6-navsat -- found version 6.6.0
[1.153s] -- Searching for dependencies of ignition-sensors6-navsat
[1.154s] -- Searching for <ignition-sensors6> component [rendering]
[1.155s] -- Looking for ignition-sensors6-rendering -- found version 6.6.0
[1.156s] -- Searching for dependencies of ignition-sensors6-rendering
[1.156s] -- Searching for <ignition-sensors6> component [lidar]
[1.158s] -- Looking for ignition-sensors6-lidar -- found version 6.6.0
[1.158s] -- Searching for dependencies of ignition-sensors6-lidar
[1.158s] -- Searching for <ignition-sensors6> component [gpu_lidar]
[1.160s] -- Looking for ignition-sensors6-gpu_lidar -- found version 6.6.0
[1.160s] -- Searching for dependencies of ignition-sensors6-gpu_lidar
[1.161s] -- Searching for <ignition-sensors6> component [camera]
[1.162s] -- Looking for ignition-sensors6-camera -- found version 6.6.0
[1.163s] -- Searching for dependencies of ignition-sensors6-camera
[1.163s] -- Searching for <ignition-sensors6> component [boundingbox_camera]
[1.165s] -- Looking for ignition-sensors6-boundingbox_camera -- found version 6.6.0
[1.165s] -- Searching for dependencies of ignition-sensors6-boundingbox_camera
[1.165s] -- Searching for <ignition-sensors6> component [segmentation_camera]
[1.167s] -- Looking for ignition-sensors6-segmentation_camera -- found version 6.6.0
[1.167s] -- Searching for dependencies of ignition-sensors6-segmentation_camera
[1.167s] -- Searching for <ignition-sensors6> component [depth_camera]
[1.169s] -- Looking for ignition-sensors6-depth_camera -- found version 6.6.0
[1.169s] -- Searching for dependencies of ignition-sensors6-depth_camera
[1.170s] -- Searching for <ignition-sensors6> component [rgbd_camera]
[1.171s] -- Looking for ignition-sensors6-rgbd_camera -- found version 6.6.0
[1.172s] -- Searching for dependencies of ignition-sensors6-rgbd_camera
[1.172s] -- Searching for <ignition-sensors6> component [thermal_camera]
[1.174s] -- Looking for ignition-sensors6-thermal_camera -- found version 6.6.0
[1.174s] -- Searching for dependencies of ignition-sensors6-thermal_camera
[1.175s] -- Looking for ignition-rendering6 -- found version 6.5.1
[1.175s] -- Looking for ignition-math6 -- found version 6.12.0
[1.177s] -- Looking for ignition-utils1 -- found version 1.4.0
[1.199s] -- Looking for ignition-gazebo6 - found
[1.199s] 
[1.199s] -- Configuring done
[1.202s] [33mCMake Warning (dev) at CMakeLists.txt:13 (add_library):
[1.202s]   Policy CMP0115 is not set: Source file extensions must be explicit.  Run
[1.202s]   "cmake --help-policy CMP0115" for policy details.  Use the cmake_policy
[1.202s]   command to set the policy and suppress this warning.
[1.202s] 
[1.202s]   File:
[1.202s] 
[1.202s]     /home/ubuntu/dev_ws/src/hello_world/HelloWorld.cc
[1.202s] This warning is for project developers.  Use -Wno-dev to suppress it.
[1.202s] [0m
[1.206s] -- Generating done
[1.208s] -- Build files have been written to: /home/ubuntu/dev_ws/build/Hello_world
