[0.160s] Invoking command in '/home/ubuntu/dev_ws/build/auv_gazebo': /usr/bin/cmake --build /home/ubuntu/dev_ws/build/auv_gazebo -- -j5 -l5
[0.185s] -- Looking for ignition-plugin1 -- found version 1.3.0
[0.185s] -- Searching for dependencies of ignition-plugin1
[0.186s] -- Searching for <ignition-plugin1> component [register]
[0.186s] -- Looking for ignition-plugin1-register -- found version 1.3.0
[0.186s] -- Searching for dependencies of ignition-plugin1-register
[0.186s] -- Looking for ignition-plugin1 - found
[0.186s] 
[0.187s] -- Looking for ignition-gazebo6 -- found version 6.11.0
[0.187s] -- Searching for dependencies of ignition-gazebo6
[0.188s] -- Looking for sdformat12 -- found version 12.5.0
[0.188s] -- Searching for dependencies of sdformat12
[0.192s] -- Checking for module 'tinyxml2'
[0.206s] --   Found tinyxml2, version 9.0.0
[0.240s] -- Looking for ignition-math6 -- found version 6.12.0
[0.240s] -- Searching for dependencies of ignition-math6
[0.240s] -- Looking for ignition-utils1 -- found version 1.4.0
[0.241s] -- Searching for dependencies of ignition-utils1
[0.243s] -- Looking for ignition-plugin1 -- found version 1.3.0
[0.243s] -- Searching for dependencies of ignition-plugin1
[0.243s] -- Searching for <ignition-plugin1> component [loader]
[0.243s] -- Looking for ignition-plugin1-loader -- found version 1.3.0
[0.243s] -- Searching for dependencies of ignition-plugin1-loader
[0.243s] -- Searching for <ignition-plugin1> component [register]
[0.244s] -- Looking for ignition-transport11 -- found version 11.2.0
[0.244s] -- Searching for dependencies of ignition-transport11
[0.286s] -- Config-file not installed for ZeroMQ -- checking for pkg-config
[0.290s] -- Checking for module 'libzmq >= 4'
[0.300s] --   Found libzmq , version 4.3.4
[0.334s] -- Checking for module 'uuid'
[0.343s] --   Found uuid, version 2.37.2
[0.371s] -- Looking for ignition-utils1 -- found version 1.4.0
[0.371s] -- Searching for dependencies of ignition-utils1
[0.371s] -- Searching for <ignition-utils1> component [cli]
[0.371s] -- Looking for ignition-utils1-cli -- found version 1.4.0
[0.372s] -- Searching for dependencies of ignition-utils1-cli
[0.372s] -- Looking for ignition-msgs8 -- found version 8.6.0
[0.372s] -- Searching for dependencies of ignition-msgs8
[0.396s] -- Looking for ignition-math6 -- found version 6.12.0
[0.415s] -- Searching for <ignition-transport11> component [log]
[0.415s] -- Looking for ignition-transport11-log -- found version 11.2.0
[0.416s] -- Searching for dependencies of ignition-transport11-log
[0.416s] -- Looking for ignition-msgs8 -- found version 8.6.0
[0.417s] -- Looking for ignition-common4 -- found version 4.5.2
[0.417s] -- Searching for dependencies of ignition-common4
[0.417s] -- Looking for dlfcn.h - found
[0.417s] -- Looking for libdl - found
[0.424s] -- Searching for <ignition-common4> component [profiler]
[0.424s] -- Looking for ignition-common4-profiler -- found version 4.5.2
[0.425s] -- Searching for dependencies of ignition-common4-profiler
[0.425s] -- Searching for <ignition-common4> component [events]
[0.425s] -- Looking for ignition-common4-events -- found version 4.5.2
[0.425s] -- Searching for dependencies of ignition-common4-events
[0.426s] -- Looking for ignition-math6 -- found version 6.12.0
[0.426s] -- Searching for <ignition-common4> component [av]
[0.426s] -- Looking for ignition-common4-av -- found version 4.5.2
[0.427s] -- Searching for dependencies of ignition-common4-av
[0.430s] -- Checking for module 'libswscale'
[0.440s] --   Found libswscale, version 5.9.100
[0.471s] -- Checking for module 'libavdevice >= 56.4.100'
[0.481s] --   Found libavdevice , version 58.13.100
[0.518s] -- Checking for module 'libavformat'
[0.530s] --   Found libavformat, version 58.76.100
[0.560s] -- Checking for module 'libavcodec'
[0.570s] --   Found libavcodec, version 58.134.100
[0.603s] -- Checking for module 'libavutil'
[0.612s] --   Found libavutil, version 56.70.100
[0.639s] -- Looking for ignition-fuel_tools7 -- found version 7.1.0
[0.639s] -- Searching for dependencies of ignition-fuel_tools7
[0.678s] -- Checking for module 'jsoncpp'
[0.689s] --   Found jsoncpp, version 1.9.5
[0.718s] -- Checking for module 'libzip'
[0.729s] --   Found libzip, version 1.7.3
[0.756s] -- Looking for ignition-common4 -- found version 4.5.2
[0.756s] -- Looking for ignition-math6 -- found version 6.12.0
[0.757s] -- Looking for ignition-msgs8 -- found version 8.6.0
[0.757s] -- Looking for ignition-gui6 -- found version 6.6.1
[0.758s] -- Searching for dependencies of ignition-gui6
[0.785s] -- Looking for ignition-math6 -- found version 6.12.0
[0.785s] -- Looking for ignition-common4 -- found version 4.5.2
[0.786s] -- Looking for ignition-plugin1 -- found version 1.3.0
[0.786s] -- Looking for ignition-transport11 -- found version 11.2.0
[0.786s] -- Looking for ignition-rendering6 -- found version 6.5.1
[0.786s] -- Searching for dependencies of ignition-rendering6
[0.787s] -- Looking for ignition-math6 -- found version 6.12.0
[0.787s] -- Searching for dependencies of ignition-math6
[0.787s] -- Searching for <ignition-math6> component [eigen3]
[0.787s] -- Looking for ignition-math6-eigen3 -- found version 6.12.0
[0.788s] -- Searching for dependencies of ignition-math6-eigen3
[0.788s] -- Looking for ignition-common4 -- found version 4.5.2
[0.789s] -- Searching for dependencies of ignition-common4
[0.789s] -- Looking for dlfcn.h - found
[0.789s] -- Looking for libdl - found
[0.796s] -- Searching for <ignition-common4> component [graphics]
[0.796s] -- Looking for ignition-common4-graphics -- found version 4.5.2
[0.796s] -- Searching for dependencies of ignition-common4-graphics
[0.797s] -- Looking for ignition-math6 -- found version 6.12.0
[0.797s] -- Looking for ignition-utils1 -- found version 1.4.0
[0.797s] -- Searching for <ignition-common4> component [events]
[0.798s] -- Looking for ignition-plugin1 -- found version 1.3.0
[0.798s] -- Searching for dependencies of ignition-plugin1
[0.798s] -- Searching for <ignition-plugin1> component [all]
[0.798s] -- Looking for all libraries of ignition-plugin1 -- found version 1.3.0
[0.799s] -- Looking for ignition-plugin1 -- found version 1.3.0
[0.800s] -- Looking for ignition-msgs8 -- found version 8.6.0
[0.810s] -- Looking for ignition-physics5 -- found version 5.2.0
[0.810s] -- Searching for dependencies of ignition-physics5
[0.810s] -- Looking for ignition-math6 -- found version 6.12.0
[0.811s] -- Looking for ignition-plugin1 -- found version 1.3.0
[0.811s] -- Looking for ignition-utils1 -- found version 1.4.0
[0.812s] -- Searching for <ignition-physics5> component [heightmap]
[0.812s] -- Looking for ignition-physics5-heightmap -- found version 5.2.0
[0.812s] -- Searching for dependencies of ignition-physics5-heightmap
[0.813s] -- Looking for ignition-common4 -- found version 4.5.2
[0.813s] -- Searching for <ignition-physics5> component [mesh]
[0.813s] -- Looking for ignition-physics5-mesh -- found version 5.2.0
[0.813s] -- Searching for dependencies of ignition-physics5-mesh
[0.814s] -- Looking for ignition-common4 -- found version 4.5.2
[0.814s] -- Searching for <ignition-physics5> component [sdf]
[0.814s] -- Looking for ignition-physics5-sdf -- found version 5.2.0
[0.815s] -- Searching for dependencies of ignition-physics5-sdf
[0.815s] -- Looking for sdformat12 -- found version 12.5.0
[0.815s] -- Looking for ignition-sensors6 -- found version 6.6.0
[0.816s] -- Searching for dependencies of ignition-sensors6
[0.838s] -- Looking for ignition-math6 -- found version 6.12.0
[0.838s] -- Looking for ignition-common4 -- found version 4.5.2
[0.838s] -- Looking for ignition-transport11 -- found version 11.2.0
[0.838s] -- Looking for ignition-rendering6 -- found version 6.5.1
[0.839s] -- Looking for ignition-msgs8 -- found version 8.6.0
[0.839s] -- Looking for sdformat12 -- found version 12.5.0
[0.839s] -- Searching for <ignition-sensors6> component [air_pressure]
[0.840s] -- Looking for ignition-sensors6-air_pressure -- found version 6.6.0
[0.840s] -- Searching for dependencies of ignition-sensors6-air_pressure
[0.840s] -- Searching for <ignition-sensors6> component [altimeter]
[0.840s] -- Looking for ignition-sensors6-altimeter -- found version 6.6.0
[0.841s] -- Searching for dependencies of ignition-sensors6-altimeter
[0.841s] -- Searching for <ignition-sensors6> component [imu]
[0.841s] -- Looking for ignition-sensors6-imu -- found version 6.6.0
[0.842s] -- Searching for dependencies of ignition-sensors6-imu
[0.842s] -- Searching for <ignition-sensors6> component [force_torque]
[0.842s] -- Looking for ignition-sensors6-force_torque -- found version 6.6.0
[0.842s] -- Searching for dependencies of ignition-sensors6-force_torque
[0.843s] -- Searching for <ignition-sensors6> component [logical_camera]
[0.843s] -- Looking for ignition-sensors6-logical_camera -- found version 6.6.0
[0.843s] -- Searching for dependencies of ignition-sensors6-logical_camera
[0.844s] -- Searching for <ignition-sensors6> component [magnetometer]
[0.844s] -- Looking for ignition-sensors6-magnetometer -- found version 6.6.0
[0.844s] -- Searching for dependencies of ignition-sensors6-magnetometer
[0.844s] -- Searching for <ignition-sensors6> component [navsat]
[0.845s] -- Looking for ignition-sensors6-navsat -- found version 6.6.0
[0.845s] -- Searching for dependencies of ignition-sensors6-navsat
[0.845s] -- Searching for <ignition-sensors6> component [rendering]
[0.846s] -- Looking for ignition-sensors6-rendering -- found version 6.6.0
[0.846s] -- Searching for dependencies of ignition-sensors6-rendering
[0.846s] -- Searching for <ignition-sensors6> component [lidar]
[0.846s] -- Looking for ignition-sensors6-lidar -- found version 6.6.0
[0.847s] -- Searching for dependencies of ignition-sensors6-lidar
[0.847s] -- Searching for <ignition-sensors6> component [gpu_lidar]
[0.847s] -- Looking for ignition-sensors6-gpu_lidar -- found version 6.6.0
[0.848s] -- Searching for dependencies of ignition-sensors6-gpu_lidar
[0.848s] -- Searching for <ignition-sensors6> component [camera]
[0.848s] -- Looking for ignition-sensors6-camera -- found version 6.6.0
[0.848s] -- Searching for dependencies of ignition-sensors6-camera
[0.849s] -- Searching for <ignition-sensors6> component [boundingbox_camera]
[0.849s] -- Looking for ignition-sensors6-boundingbox_camera -- found version 6.6.0
[0.849s] -- Searching for dependencies of ignition-sensors6-boundingbox_camera
[0.849s] -- Searching for <ignition-sensors6> component [segmentation_camera]
[0.850s] -- Looking for ignition-sensors6-segmentation_camera -- found version 6.6.0
[0.850s] -- Searching for dependencies of ignition-sensors6-segmentation_camera
[0.850s] -- Searching for <ignition-sensors6> component [depth_camera]
[0.851s] -- Looking for ignition-sensors6-depth_camera -- found version 6.6.0
[0.851s] -- Searching for dependencies of ignition-sensors6-depth_camera
[0.851s] -- Searching for <ignition-sensors6> component [rgbd_camera]
[0.851s] -- Looking for ignition-sensors6-rgbd_camera -- found version 6.6.0
[0.852s] -- Searching for dependencies of ignition-sensors6-rgbd_camera
[0.852s] -- Searching for <ignition-sensors6> component [thermal_camera]
[0.852s] -- Looking for ignition-sensors6-thermal_camera -- found version 6.6.0
[0.853s] -- Searching for dependencies of ignition-sensors6-thermal_camera
[0.853s] -- Looking for ignition-rendering6 -- found version 6.5.1
[0.854s] -- Looking for ignition-math6 -- found version 6.12.0
[0.854s] -- Looking for ignition-utils1 -- found version 1.4.0
[0.875s] -- Looking for ignition-gazebo6 - found
[0.875s] 
[0.875s] -- Configuring done
[0.878s] [33mCMake Warning (dev) at CMakeLists.txt:13 (add_library):
[0.878s]   Policy CMP0115 is not set: Source file extensions must be explicit.  Run
[0.878s]   "cmake --help-policy CMP0115" for policy details.  Use the cmake_policy
[0.878s]   command to set the policy and suppress this warning.
[0.878s] 
[0.878s]   File:
[0.878s] 
[0.878s]     /home/ubuntu/dev_ws/src/auv_gazebo/src/HelloWorld.cc
[0.878s] This warning is for project developers.  Use -Wno-dev to suppress it.
[0.878s] [0m
[0.882s] -- Generating done
[0.884s] -- Build files have been written to: /home/ubuntu/dev_ws/build/auv_gazebo
[0.915s] [ 50%] [32mBuilding CXX object CMakeFiles/HelloWorld.dir/src/HelloWorld.cc.o[0m
[1.005s] [01m[K/home/ubuntu/dev_ws/src/auv_gazebo/src/HelloWorld.cc:28:10:[m[K [01;31m[Kfatal error: [m[KHelloWorld.hh: No such file or directory
[1.005s]    28 | #include [01;31m[K"HelloWorld.hh"[m[K
[1.005s]       |          [01;31m[K^~~~~~~~~~~~~~~[m[K
[1.005s] compilation terminated.
[1.010s] gmake[2]: *** [CMakeFiles/HelloWorld.dir/build.make:76: CMakeFiles/HelloWorld.dir/src/HelloWorld.cc.o] Error 1
[1.010s] gmake[1]: *** [CMakeFiles/Makefile2:83: CMakeFiles/HelloWorld.dir/all] Error 2
[1.010s] gmake: *** [Makefile:91: all] Error 2
[1.013s] Invoked command in '/home/ubuntu/dev_ws/build/auv_gazebo' returned '2': /usr/bin/cmake --build /home/ubuntu/dev_ws/build/auv_gazebo -- -j5 -l5
