[0.203s] Invoking command in '/home/ubuntu/dev_ws/build/auv_gazebo': CMAKE_PREFIX_PATH=${CMAKE_PREFIX_PATH}:/home/ubuntu/dev_ws/install/auv_app:/opt/ros/humble /usr/bin/cmake /home/ubuntu/dev_ws/src/auv_gazebo -DAMENT_CMAKE_SYMLINK_INSTALL=1 -DCMAKE_INSTALL_PREFIX=/home/ubuntu/dev_ws/install/auv_gazebo
[0.245s] -- Found ament_cmake: 1.3.4 (/opt/ros/humble/share/ament_cmake/cmake)
[0.433s] -- Override CMake install command with custom implementation using symlinks instead of copying resources
[0.443s] -- Looking for ignition-plugin1 -- found version 1.3.0
[0.443s] -- Searching for dependencies of ignition-plugin1
[0.444s] -- Searching for <ignition-plugin1> component [register]
[0.446s] -- Looking for ignition-plugin1-register -- found version 1.3.0
[0.447s] -- Searching for dependencies of ignition-plugin1-register
[0.448s] -- Looking for ignition-plugin1 - found
[0.448s] 
[0.451s] -- Looking for ignition-gazebo6 -- found version 6.11.0
[0.451s] -- Searching for dependencies of ignition-gazebo6
[0.452s] -- Looking for sdformat12 -- found version 12.5.0
[0.452s] -- Searching for dependencies of sdformat12
[0.466s] -- Checking for module 'tinyxml2'
[0.524s] --   Found tinyxml2, version 9.0.0
[0.605s] -- Looking for ignition-math6 -- found version 6.12.0
[0.605s] -- Searching for dependencies of ignition-math6
[0.607s] -- Looking for ignition-utils1 -- found version 1.4.0
[0.608s] -- Searching for dependencies of ignition-utils1
[0.610s] -- Looking for ignition-plugin1 -- found version 1.3.0
[0.610s] -- Searching for dependencies of ignition-plugin1
[0.610s] -- Searching for <ignition-plugin1> component [loader]
[0.611s] -- Looking for ignition-plugin1-loader -- found version 1.3.0
[0.611s] -- Searching for dependencies of ignition-plugin1-loader
[0.612s] -- Searching for <ignition-plugin1> component [register]
[0.614s] -- Looking for ignition-transport11 -- found version 11.2.0
[0.614s] -- Searching for dependencies of ignition-transport11
[0.686s] -- Config-file not installed for ZeroMQ -- checking for pkg-config
[0.689s] -- Checking for module 'libzmq >= 4'
[0.752s] --   Found libzmq , version 4.3.4
[0.863s] -- Checking for module 'uuid'
[0.908s] --   Found uuid, version 2.37.2
[0.982s] -- Looking for ignition-utils1 -- found version 1.4.0
[0.983s] -- Searching for dependencies of ignition-utils1
[0.983s] -- Searching for <ignition-utils1> component [cli]
[0.985s] -- Looking for ignition-utils1-cli -- found version 1.4.0
[0.985s] -- Searching for dependencies of ignition-utils1-cli
[0.988s] -- Looking for ignition-msgs8 -- found version 8.6.0
[0.988s] -- Searching for dependencies of ignition-msgs8
[1.025s] -- Looking for ignition-math6 -- found version 6.12.0
[1.056s] -- Searching for <ignition-transport11> component [log]
[1.056s] -- Looking for ignition-transport11-log -- found version 11.2.0
[1.056s] -- Searching for dependencies of ignition-transport11-log
[1.059s] -- Looking for ignition-msgs8 -- found version 8.6.0
[1.060s] -- Looking for ignition-common4 -- found version 4.5.2
[1.061s] -- Searching for dependencies of ignition-common4
[1.061s] -- Looking for dlfcn.h - found
[1.061s] -- Looking for libdl - found
[1.075s] -- Searching for <ignition-common4> component [profiler]
[1.077s] -- Looking for ignition-common4-profiler -- found version 4.5.2
[1.077s] -- Searching for dependencies of ignition-common4-profiler
[1.085s] -- Searching for <ignition-common4> component [events]
[1.087s] -- Looking for ignition-common4-events -- found version 4.5.2
[1.087s] -- Searching for dependencies of ignition-common4-events
[1.088s] -- Looking for ignition-math6 -- found version 6.12.0
[1.090s] -- Searching for <ignition-common4> component [av]
[1.092s] -- Looking for ignition-common4-av -- found version 4.5.2
[1.093s] -- Searching for dependencies of ignition-common4-av
[1.099s] -- Checking for module 'libswscale'
[1.136s] --   Found libswscale, version 5.9.100
[1.240s] -- Checking for module 'libavdevice >= 56.4.100'
[1.265s] --   Found libavdevice , version 58.13.100
[1.309s] -- Checking for module 'libavformat'
[1.356s] --   Found libavformat, version 58.76.100
[1.429s] -- Checking for module 'libavcodec'
[1.452s] --   Found libavcodec, version 58.134.100
[1.493s] -- Checking for module 'libavutil'
[1.508s] --   Found libavutil, version 56.70.100
[1.592s] -- Looking for ignition-fuel_tools7 -- found version 7.1.0
[1.592s] -- Searching for dependencies of ignition-fuel_tools7
[1.667s] -- Checking for module 'jsoncpp'
[1.684s] --   Found jsoncpp, version 1.9.5
[1.720s] -- Checking for module 'libzip'
[1.733s] --   Found libzip, version 1.7.3
[1.763s] -- Looking for ignition-common4 -- found version 4.5.2
[1.763s] -- Looking for ignition-math6 -- found version 6.12.0
[1.764s] -- Looking for ignition-msgs8 -- found version 8.6.0
[1.766s] -- Looking for ignition-gui6 -- found version 6.6.1
[1.766s] -- Searching for dependencies of ignition-gui6
[1.797s] -- Looking for ignition-math6 -- found version 6.12.0
[1.797s] -- Looking for ignition-common4 -- found version 4.5.2
[1.798s] -- Looking for ignition-plugin1 -- found version 1.3.0
[1.798s] -- Looking for ignition-transport11 -- found version 11.2.0
[1.799s] -- Looking for ignition-rendering6 -- found version 6.5.1
[1.800s] -- Searching for dependencies of ignition-rendering6
[1.800s] -- Looking for ignition-math6 -- found version 6.12.0
[1.801s] -- Searching for dependencies of ignition-math6
[1.801s] -- Searching for <ignition-math6> component [eigen3]
[1.802s] -- Looking for ignition-math6-eigen3 -- found version 6.12.0
[1.802s] -- Searching for dependencies of ignition-math6-eigen3
[1.806s] -- Looking for ignition-common4 -- found version 4.5.2
[1.806s] -- Searching for dependencies of ignition-common4
[1.807s] -- Looking for dlfcn.h - found
[1.807s] -- Looking for libdl - found
[1.815s] -- Searching for <ignition-common4> component [graphics]
[1.816s] -- Looking for ignition-common4-graphics -- found version 4.5.2
[1.817s] -- Searching for dependencies of ignition-common4-graphics
[1.817s] -- Looking for ignition-math6 -- found version 6.12.0
[1.817s] -- Looking for ignition-utils1 -- found version 1.4.0
[1.818s] -- Searching for <ignition-common4> component [events]
[1.819s] -- Looking for ignition-plugin1 -- found version 1.3.0
[1.819s] -- Searching for dependencies of ignition-plugin1
[1.819s] -- Searching for <ignition-plugin1> component [all]
[1.821s] -- Looking for all libraries of ignition-plugin1 -- found version 1.3.0
[1.821s] -- Looking for ignition-plugin1 -- found version 1.3.0
[1.824s] -- Looking for ignition-msgs8 -- found version 8.6.0
[1.890s] -- Looking for ignition-physics5 -- found version 5.2.0
[1.891s] -- Searching for dependencies of ignition-physics5
[1.891s] -- Looking for ignition-math6 -- found version 6.12.0
[1.892s] -- Looking for ignition-plugin1 -- found version 1.3.0
[1.892s] -- Looking for ignition-utils1 -- found version 1.4.0
[1.906s] -- Searching for <ignition-physics5> component [heightmap]
[1.914s] -- Looking for ignition-physics5-heightmap -- found version 5.2.0
[1.915s] -- Searching for dependencies of ignition-physics5-heightmap
[1.915s] -- Looking for ignition-common4 -- found version 4.5.2
[1.916s] -- Searching for <ignition-physics5> component [mesh]
[1.917s] -- Looking for ignition-physics5-mesh -- found version 5.2.0
[1.917s] -- Searching for dependencies of ignition-physics5-mesh
[1.918s] -- Looking for ignition-common4 -- found version 4.5.2
[1.918s] -- Searching for <ignition-physics5> component [sdf]
[1.919s] -- Looking for ignition-physics5-sdf -- found version 5.2.0
[1.920s] -- Searching for dependencies of ignition-physics5-sdf
[1.921s] -- Looking for sdformat12 -- found version 12.5.0
[1.922s] -- Looking for ignition-sensors6 -- found version 6.6.0
[1.923s] -- Searching for dependencies of ignition-sensors6
[1.953s] -- Looking for ignition-math6 -- found version 6.12.0
[1.954s] -- Looking for ignition-common4 -- found version 4.5.2
[1.954s] -- Looking for ignition-transport11 -- found version 11.2.0
[1.955s] -- Looking for ignition-rendering6 -- found version 6.5.1
[1.955s] -- Looking for ignition-msgs8 -- found version 8.6.0
[1.956s] -- Looking for sdformat12 -- found version 12.5.0
[1.957s] -- Searching for <ignition-sensors6> component [air_pressure]
[1.958s] -- Looking for ignition-sensors6-air_pressure -- found version 6.6.0
[1.959s] -- Searching for dependencies of ignition-sensors6-air_pressure
[1.960s] -- Searching for <ignition-sensors6> component [altimeter]
[1.961s] -- Looking for ignition-sensors6-altimeter -- found version 6.6.0
[1.961s] -- Searching for dependencies of ignition-sensors6-altimeter
[1.962s] -- Searching for <ignition-sensors6> component [imu]
[1.963s] -- Looking for ignition-sensors6-imu -- found version 6.6.0
[1.964s] -- Searching for dependencies of ignition-sensors6-imu
[1.965s] -- Searching for <ignition-sensors6> component [force_torque]
[1.966s] -- Looking for ignition-sensors6-force_torque -- found version 6.6.0
[1.966s] -- Searching for dependencies of ignition-sensors6-force_torque
[1.967s] -- Searching for <ignition-sensors6> component [logical_camera]
[1.968s] -- Looking for ignition-sensors6-logical_camera -- found version 6.6.0
[1.969s] -- Searching for dependencies of ignition-sensors6-logical_camera
[1.976s] -- Searching for <ignition-sensors6> component [magnetometer]
[1.976s] -- Looking for ignition-sensors6-magnetometer -- found version 6.6.0
[1.977s] -- Searching for dependencies of ignition-sensors6-magnetometer
[1.978s] -- Searching for <ignition-sensors6> component [navsat]
[1.978s] -- Looking for ignition-sensors6-navsat -- found version 6.6.0
[1.979s] -- Searching for dependencies of ignition-sensors6-navsat
[1.979s] -- Searching for <ignition-sensors6> component [rendering]
[1.980s] -- Looking for ignition-sensors6-rendering -- found version 6.6.0
[1.980s] -- Searching for dependencies of ignition-sensors6-rendering
[1.981s] -- Searching for <ignition-sensors6> component [lidar]
[1.982s] -- Looking for ignition-sensors6-lidar -- found version 6.6.0
[1.983s] -- Searching for dependencies of ignition-sensors6-lidar
[1.985s] -- Searching for <ignition-sensors6> component [gpu_lidar]
[1.986s] -- Looking for ignition-sensors6-gpu_lidar -- found version 6.6.0
[1.986s] -- Searching for dependencies of ignition-sensors6-gpu_lidar
[1.987s] -- Searching for <ignition-sensors6> component [camera]
[1.988s] -- Looking for ignition-sensors6-camera -- found version 6.6.0
[1.988s] -- Searching for dependencies of ignition-sensors6-camera
[1.989s] -- Searching for <ignition-sensors6> component [boundingbox_camera]
[1.990s] -- Looking for ignition-sensors6-boundingbox_camera -- found version 6.6.0
[1.991s] -- Searching for dependencies of ignition-sensors6-boundingbox_camera
[1.992s] -- Searching for <ignition-sensors6> component [segmentation_camera]
[1.994s] -- Looking for ignition-sensors6-segmentation_camera -- found version 6.6.0
[1.995s] -- Searching for dependencies of ignition-sensors6-segmentation_camera
[1.996s] -- Searching for <ignition-sensors6> component [depth_camera]
[1.996s] -- Looking for ignition-sensors6-depth_camera -- found version 6.6.0
[1.997s] -- Searching for dependencies of ignition-sensors6-depth_camera
[1.997s] -- Searching for <ignition-sensors6> component [rgbd_camera]
[1.999s] -- Looking for ignition-sensors6-rgbd_camera -- found version 6.6.0
[2.000s] -- Searching for dependencies of ignition-sensors6-rgbd_camera
[2.000s] -- Searching for <ignition-sensors6> component [thermal_camera]
[2.004s] -- Looking for ignition-sensors6-thermal_camera -- found version 6.6.0
[2.004s] -- Searching for dependencies of ignition-sensors6-thermal_camera
[2.006s] -- Looking for ignition-rendering6 -- found version 6.5.1
[2.006s] -- Looking for ignition-math6 -- found version 6.12.0
[2.007s] -- Looking for ignition-utils1 -- found version 1.4.0
[2.039s] -- Looking for ignition-gazebo6 - found
[2.039s] 
[2.088s] -- Configuring done
[2.091s] [33mCMake Warning (dev) at CMakeLists.txt:14 (add_library):
[2.091s]   Policy CMP0115 is not set: Source file extensions must be explicit.  Run
[2.091s]   "cmake --help-policy CMP0115" for policy details.  Use the cmake_policy
[2.091s]   command to set the policy and suppress this warning.
[2.091s] 
[2.091s]   File:
[2.091s] 
[2.091s]     /home/ubuntu/dev_ws/src/auv_gazebo/src/HelloWorld.cc
[2.091s] This warning is for project developers.  Use -Wno-dev to suppress it.
[2.091s] [0m
[2.105s] -- Generating done
[2.107s] -- Build files have been written to: /home/ubuntu/dev_ws/build/auv_gazebo
[2.113s] Invoked command in '/home/ubuntu/dev_ws/build/auv_gazebo' returned '0': CMAKE_PREFIX_PATH=${CMAKE_PREFIX_PATH}:/home/ubuntu/dev_ws/install/auv_app:/opt/ros/humble /usr/bin/cmake /home/ubuntu/dev_ws/src/auv_gazebo -DAMENT_CMAKE_SYMLINK_INSTALL=1 -DCMAKE_INSTALL_PREFIX=/home/ubuntu/dev_ws/install/auv_gazebo
[2.113s] Invoking command in '/home/ubuntu/dev_ws/build/auv_gazebo': CMAKE_PREFIX_PATH=${CMAKE_PREFIX_PATH}:/home/ubuntu/dev_ws/install/auv_app:/opt/ros/humble /usr/bin/cmake --build /home/ubuntu/dev_ws/build/auv_gazebo -- -j5 -l5
[2.166s] [35m[1mConsolidate compiler generated dependencies of target HelloWorld[0m
[2.184s] [100%] Built target HelloWorld
[2.203s] Invoked command in '/home/ubuntu/dev_ws/build/auv_gazebo' returned '0': CMAKE_PREFIX_PATH=${CMAKE_PREFIX_PATH}:/home/ubuntu/dev_ws/install/auv_app:/opt/ros/humble /usr/bin/cmake --build /home/ubuntu/dev_ws/build/auv_gazebo -- -j5 -l5
[2.245s] Invoking command in '/home/ubuntu/dev_ws/build/auv_gazebo': CMAKE_PREFIX_PATH=${CMAKE_PREFIX_PATH}:/home/ubuntu/dev_ws/install/auv_app:/opt/ros/humble /usr/bin/cmake --install /home/ubuntu/dev_ws/build/auv_gazebo
[2.254s] -- Install configuration: ""
[2.254s] -- Execute custom install script
[2.254s] -- Symlinking: /home/ubuntu/dev_ws/install/auv_gazebo/share/auv_gazebo/worlds/hello_world_plugin.sdf
[2.265s] -- Symlinking: /home/ubuntu/dev_ws/install/auv_gazebo/share/auv_gazebo/worlds/world.sdf
[2.275s] -- Symlinking: /home/ubuntu/dev_ws/install/auv_gazebo/share/ament_index/resource_index/package_run_dependencies/auv_gazebo
[2.284s] -- Symlinking: /home/ubuntu/dev_ws/install/auv_gazebo/share/ament_index/resource_index/parent_prefix_path/auv_gazebo
[2.294s] -- Symlinking: /home/ubuntu/dev_ws/install/auv_gazebo/share/auv_gazebo/environment/ament_prefix_path.sh
[2.304s] -- Symlinking: /home/ubuntu/dev_ws/install/auv_gazebo/share/auv_gazebo/environment/ament_prefix_path.dsv
[2.313s] -- Symlinking: /home/ubuntu/dev_ws/install/auv_gazebo/share/auv_gazebo/environment/path.sh
[2.324s] -- Symlinking: /home/ubuntu/dev_ws/install/auv_gazebo/share/auv_gazebo/environment/path.dsv
[2.333s] -- Symlinking: /home/ubuntu/dev_ws/install/auv_gazebo/share/auv_gazebo/local_setup.bash
[2.342s] -- Symlinking: /home/ubuntu/dev_ws/install/auv_gazebo/share/auv_gazebo/local_setup.sh
[2.351s] -- Symlinking: /home/ubuntu/dev_ws/install/auv_gazebo/share/auv_gazebo/local_setup.zsh
[2.361s] -- Symlinking: /home/ubuntu/dev_ws/install/auv_gazebo/share/auv_gazebo/local_setup.dsv
[2.371s] -- Symlinking: /home/ubuntu/dev_ws/install/auv_gazebo/share/auv_gazebo/package.dsv
[2.380s] -- Symlinking: /home/ubuntu/dev_ws/install/auv_gazebo/share/ament_index/resource_index/packages/auv_gazebo
[2.390s] -- Symlinking: /home/ubuntu/dev_ws/install/auv_gazebo/share/auv_gazebo/cmake/auv_gazeboConfig.cmake
[2.399s] -- Symlinking: /home/ubuntu/dev_ws/install/auv_gazebo/share/auv_gazebo/cmake/auv_gazeboConfig-version.cmake
[2.409s] -- Symlinking: /home/ubuntu/dev_ws/install/auv_gazebo/share/auv_gazebo/package.xml
[2.423s] Invoked command in '/home/ubuntu/dev_ws/build/auv_gazebo' returned '0': CMAKE_PREFIX_PATH=${CMAKE_PREFIX_PATH}:/home/ubuntu/dev_ws/install/auv_app:/opt/ros/humble /usr/bin/cmake --install /home/ubuntu/dev_ws/build/auv_gazebo
