-- Install configuration: ""
-- Installing: /home/ubuntu/dev_ws/install/ros_gz_example_description/share/ros_gz_example_description/models
-- Installing: /home/ubuntu/dev_ws/install/ros_gz_example_description/share/ros_gz_example_description/models/diff_drive
-- Installing: /home/ubuntu/dev_ws/install/ros_gz_example_description/share/ros_gz_example_description/models/diff_drive/model.sdf
-- Installing: /home/ubuntu/dev_ws/install/ros_gz_example_description/share/ros_gz_example_description/models/diff_drive/model.config
-- Installing: /home/ubuntu/dev_ws/install/ros_gz_example_description/share/ros_gz_example_description/environment/ros_gz_example_description.dsv
-- Installing: /home/ubuntu/dev_ws/install/ros_gz_example_description/share/ros_gz_example_description/environment/ros_gz_example_description.sh
-- Installing: /home/ubuntu/dev_ws/install/ros_gz_example_description/share/ament_index/resource_index/package_run_dependencies/ros_gz_example_description
-- Installing: /home/ubuntu/dev_ws/install/ros_gz_example_description/share/ament_index/resource_index/parent_prefix_path/ros_gz_example_description
-- Installing: /home/ubuntu/dev_ws/install/ros_gz_example_description/share/ros_gz_example_description/environment/ament_prefix_path.sh
-- Installing: /home/ubuntu/dev_ws/install/ros_gz_example_description/share/ros_gz_example_description/environment/ament_prefix_path.dsv
-- Installing: /home/ubuntu/dev_ws/install/ros_gz_example_description/share/ros_gz_example_description/environment/path.sh
-- Installing: /home/ubuntu/dev_ws/install/ros_gz_example_description/share/ros_gz_example_description/environment/path.dsv
-- Installing: /home/ubuntu/dev_ws/install/ros_gz_example_description/share/ros_gz_example_description/local_setup.bash
-- Installing: /home/ubuntu/dev_ws/install/ros_gz_example_description/share/ros_gz_example_description/local_setup.sh
-- Installing: /home/ubuntu/dev_ws/install/ros_gz_example_description/share/ros_gz_example_description/local_setup.zsh
-- Installing: /home/ubuntu/dev_ws/install/ros_gz_example_description/share/ros_gz_example_description/local_setup.dsv
-- Installing: /home/ubuntu/dev_ws/install/ros_gz_example_description/share/ros_gz_example_description/package.dsv
-- Installing: /home/ubuntu/dev_ws/install/ros_gz_example_description/share/ament_index/resource_index/packages/ros_gz_example_description
-- Installing: /home/ubuntu/dev_ws/install/ros_gz_example_description/share/ros_gz_example_description/cmake/ros_gz_example_descriptionConfig.cmake
-- Installing: /home/ubuntu/dev_ws/install/ros_gz_example_description/share/ros_gz_example_description/cmake/ros_gz_example_descriptionConfig-version.cmake
-- Installing: /home/ubuntu/dev_ws/install/ros_gz_example_description/share/ros_gz_example_description/package.xml
