[0.014s] Invoking command in '/home/ubuntu/dev_ws/build/ros_gz_example_description': CMAKE_PREFIX_PATH=/opt/ros/humble /usr/bin/cmake --build /home/ubuntu/dev_ws/build/ros_gz_example_description -- -j5 -l5
[0.052s] Invoked command in '/home/ubuntu/dev_ws/build/ros_gz_example_description' returned '0': CMAKE_PREFIX_PATH=/opt/ros/humble /usr/bin/cmake --build /home/ubuntu/dev_ws/build/ros_gz_example_description -- -j5 -l5
[0.082s] Invoking command in '/home/ubuntu/dev_ws/build/ros_gz_example_description': CMAKE_PREFIX_PATH=/opt/ros/humble /usr/bin/cmake --install /home/ubuntu/dev_ws/build/ros_gz_example_description
[0.088s] -- Install configuration: ""
[0.088s] -- Installing: /home/ubuntu/dev_ws/install/ros_gz_example_description/share/ros_gz_example_description/models
[0.088s] -- Installing: /home/ubuntu/dev_ws/install/ros_gz_example_description/share/ros_gz_example_description/models/diff_drive
[0.088s] -- Installing: /home/ubuntu/dev_ws/install/ros_gz_example_description/share/ros_gz_example_description/models/diff_drive/model.sdf
[0.088s] -- Installing: /home/ubuntu/dev_ws/install/ros_gz_example_description/share/ros_gz_example_description/models/diff_drive/model.config
[0.089s] -- Installing: /home/ubuntu/dev_ws/install/ros_gz_example_description/share/ros_gz_example_description/environment/ros_gz_example_description.dsv
[0.089s] -- Installing: /home/ubuntu/dev_ws/install/ros_gz_example_description/share/ros_gz_example_description/environment/ros_gz_example_description.sh
[0.089s] -- Installing: /home/ubuntu/dev_ws/install/ros_gz_example_description/share/ament_index/resource_index/package_run_dependencies/ros_gz_example_description
[0.089s] -- Installing: /home/ubuntu/dev_ws/install/ros_gz_example_description/share/ament_index/resource_index/parent_prefix_path/ros_gz_example_description
[0.089s] -- Installing: /home/ubuntu/dev_ws/install/ros_gz_example_description/share/ros_gz_example_description/environment/ament_prefix_path.sh
[0.090s] -- Installing: /home/ubuntu/dev_ws/install/ros_gz_example_description/share/ros_gz_example_description/environment/ament_prefix_path.dsv
[0.090s] -- Installing: /home/ubuntu/dev_ws/install/ros_gz_example_description/share/ros_gz_example_description/environment/path.sh
[0.091s] -- Installing: /home/ubuntu/dev_ws/install/ros_gz_example_description/share/ros_gz_example_description/environment/path.dsv
[0.092s] -- Installing: /home/ubuntu/dev_ws/install/ros_gz_example_description/share/ros_gz_example_description/local_setup.bash
[0.092s] -- Installing: /home/ubuntu/dev_ws/install/ros_gz_example_description/share/ros_gz_example_description/local_setup.sh
[0.092s] -- Installing: /home/ubuntu/dev_ws/install/ros_gz_example_description/share/ros_gz_example_description/local_setup.zsh
[0.092s] -- Installing: /home/ubuntu/dev_ws/install/ros_gz_example_description/share/ros_gz_example_description/local_setup.dsv
[0.092s] -- Installing: /home/ubuntu/dev_ws/install/ros_gz_example_description/share/ros_gz_example_description/package.dsv
[0.092s] -- Installing: /home/ubuntu/dev_ws/install/ros_gz_example_description/share/ament_index/resource_index/packages/ros_gz_example_description
[0.092s] -- Installing: /home/ubuntu/dev_ws/install/ros_gz_example_description/share/ros_gz_example_description/cmake/ros_gz_example_descriptionConfig.cmake
[0.092s] -- Installing: /home/ubuntu/dev_ws/install/ros_gz_example_description/share/ros_gz_example_description/cmake/ros_gz_example_descriptionConfig-version.cmake
[0.093s] -- Installing: /home/ubuntu/dev_ws/install/ros_gz_example_description/share/ros_gz_example_description/package.xml
[0.110s] Invoked command in '/home/ubuntu/dev_ws/build/ros_gz_example_description' returned '0': CMAKE_PREFIX_PATH=/opt/ros/humble /usr/bin/cmake --install /home/ubuntu/dev_ws/build/ros_gz_example_description
