running develop
/usr/lib/python3/dist-packages/setuptools/command/easy_install.py:158: EasyInstallDeprecationWarning: easy_install command is deprecated. Use build and pip and other standards-based tools.
  warnings.warn(
/usr/lib/python3/dist-packages/pkg_resources/__init__.py:116: PkgResourcesDeprecationWarning: 1.16.0-unknown is an invalid version and will not be supported in a future release
  warnings.warn(
/usr/lib/python3/dist-packages/pkg_resources/__init__.py:116: PkgResourcesDeprecationWarning: 0.1.43ubuntu1 is an invalid version and will not be supported in a future release
  warnings.warn(
/usr/lib/python3/dist-packages/pkg_resources/__init__.py:116: PkgResourcesDeprecationWarning: 1.1build1 is an invalid version and will not be supported in a future release
  warnings.warn(
running egg_info
writing ../../build/auv_app/auv_app.egg-info/PKG-INFO
writing dependency_links to ../../build/auv_app/auv_app.egg-info/dependency_links.txt
writing entry points to ../../build/auv_app/auv_app.egg-info/entry_points.txt
writing requirements to ../../build/auv_app/auv_app.egg-info/requires.txt
writing top-level names to ../../build/auv_app/auv_app.egg-info/top_level.txt
reading manifest file '../../build/auv_app/auv_app.egg-info/SOURCES.txt'
writing manifest file '../../build/auv_app/auv_app.egg-info/SOURCES.txt'
running build
running build_py
copying auv_app/utils.py -> /home/ubuntu/dev_ws/build/auv_app/build/lib/auv_app
copying auv_app/pose_estimator.py -> /home/ubuntu/dev_ws/build/auv_app/build/lib/auv_app
copying auv_app/imu_corrector.py -> /home/ubuntu/dev_ws/build/auv_app/build/lib/auv_app
running install
running install_lib
copying /home/ubuntu/dev_ws/build/auv_app/build/lib/auv_app/utils.py -> /home/ubuntu/dev_ws/install/auv_app/lib/python3.10/site-packages/auv_app
copying /home/ubuntu/dev_ws/build/auv_app/build/lib/auv_app/pose_estimator.py -> /home/ubuntu/dev_ws/install/auv_app/lib/python3.10/site-packages/auv_app
copying /home/ubuntu/dev_ws/build/auv_app/build/lib/auv_app/imu_corrector.py -> /home/ubuntu/dev_ws/install/auv_app/lib/python3.10/site-packages/auv_app
byte-compiling /home/ubuntu/dev_ws/install/auv_app/lib/python3.10/site-packages/auv_app/utils.py to utils.cpython-310.pyc
byte-compiling /home/ubuntu/dev_ws/install/auv_app/lib/python3.10/site-packages/auv_app/pose_estimator.py to pose_estimator.cpython-310.pyc
byte-compiling /home/ubuntu/dev_ws/install/auv_app/lib/python3.10/site-packages/auv_app/imu_corrector.py to imu_corrector.cpython-310.pyc
running install_data
running install_egg_info
removing '/home/ubuntu/dev_ws/install/auv_app/lib/python3.10/site-packages/auv_app-0.0.0-py3.10.egg-info' (and everything under it)
Copying ../../build/auv_app/auv_app.egg-info to /home/ubuntu/dev_ws/install/auv_app/lib/python3.10/site-packages/auv_app-0.0.0-py3.10.egg-info
running install_scripts
Installing imu_corrector script to /home/ubuntu/dev_ws/install/auv_app/lib/auv_app
Installing pose_estimator script to /home/ubuntu/dev_ws/install/auv_app/lib/auv_app
writing list of installed files to '/home/ubuntu/dev_ws/build/auv_app/install.log'
