[0.541s] Invoking command in '/home/ubuntu/dev_ws/build/auv_app': PYTHONPATH=/home/ubuntu/dev_ws/build/auv_app/prefix_override:/home/ubuntu/dev_ws/install/auv_app/lib/python3.10/site-packages:${PYTHONPATH} /usr/bin/python3 setup.py develop --uninstall --editable --build-directory /home/ubuntu/dev_ws/build/auv_app/build
[0.715s] running develop
[0.716s] /usr/lib/python3/dist-packages/setuptools/command/easy_install.py:158: EasyInstallDeprecationWarning: easy_install command is deprecated. Use build and pip and other standards-based tools.
[0.716s]   warnings.warn(
[0.760s] /usr/lib/python3/dist-packages/pkg_resources/__init__.py:116: PkgResourcesDeprecationWarning: 1.16.0-unknown is an invalid version and will not be supported in a future release
[0.760s]   warnings.warn(
[0.760s] /usr/lib/python3/dist-packages/pkg_resources/__init__.py:116: PkgResourcesDeprecationWarning: 0.1.43ubuntu1 is an invalid version and will not be supported in a future release
[0.761s]   warnings.warn(
[0.761s] /usr/lib/python3/dist-packages/pkg_resources/__init__.py:116: PkgResourcesDeprecationWarning: 1.1build1 is an invalid version and will not be supported in a future release
[0.761s]   warnings.warn(
[0.842s] Invoked command in '/home/ubuntu/dev_ws/build/auv_app' returned '0': PYTHONPATH=/home/ubuntu/dev_ws/build/auv_app/prefix_override:/home/ubuntu/dev_ws/install/auv_app/lib/python3.10/site-packages:${PYTHONPATH} /usr/bin/python3 setup.py develop --uninstall --editable --build-directory /home/ubuntu/dev_ws/build/auv_app/build
[0.843s] Invoking command in '/home/ubuntu/dev_ws/src/auv_app': PYTHONPATH=/home/ubuntu/dev_ws/build/auv_app/prefix_override:/home/ubuntu/dev_ws/install/auv_app/lib/python3.10/site-packages:${PYTHONPATH} /usr/bin/python3 setup.py egg_info --egg-base ../../build/auv_app build --build-base /home/ubuntu/dev_ws/build/auv_app/build install --record /home/ubuntu/dev_ws/build/auv_app/install.log --single-version-externally-managed
[0.982s] running egg_info
[0.983s] writing ../../build/auv_app/auv_app.egg-info/PKG-INFO
[0.983s] writing dependency_links to ../../build/auv_app/auv_app.egg-info/dependency_links.txt
[0.983s] writing entry points to ../../build/auv_app/auv_app.egg-info/entry_points.txt
[0.983s] writing requirements to ../../build/auv_app/auv_app.egg-info/requires.txt
[0.984s] writing top-level names to ../../build/auv_app/auv_app.egg-info/top_level.txt
[0.984s] reading manifest file '../../build/auv_app/auv_app.egg-info/SOURCES.txt'
[0.984s] writing manifest file '../../build/auv_app/auv_app.egg-info/SOURCES.txt'
[0.984s] running build
[0.984s] running build_py
[0.985s] copying auv_app/utils.py -> /home/ubuntu/dev_ws/build/auv_app/build/lib/auv_app
[0.985s] copying auv_app/pose_estimator.py -> /home/ubuntu/dev_ws/build/auv_app/build/lib/auv_app
[0.985s] copying auv_app/imu_corrector.py -> /home/ubuntu/dev_ws/build/auv_app/build/lib/auv_app
[0.985s] running install
[0.985s] running install_lib
[0.986s] copying /home/ubuntu/dev_ws/build/auv_app/build/lib/auv_app/utils.py -> /home/ubuntu/dev_ws/install/auv_app/lib/python3.10/site-packages/auv_app
[0.986s] copying /home/ubuntu/dev_ws/build/auv_app/build/lib/auv_app/pose_estimator.py -> /home/ubuntu/dev_ws/install/auv_app/lib/python3.10/site-packages/auv_app
[0.986s] copying /home/ubuntu/dev_ws/build/auv_app/build/lib/auv_app/imu_corrector.py -> /home/ubuntu/dev_ws/install/auv_app/lib/python3.10/site-packages/auv_app
[0.987s] byte-compiling /home/ubuntu/dev_ws/install/auv_app/lib/python3.10/site-packages/auv_app/utils.py to utils.cpython-310.pyc
[0.987s] byte-compiling /home/ubuntu/dev_ws/install/auv_app/lib/python3.10/site-packages/auv_app/pose_estimator.py to pose_estimator.cpython-310.pyc
[0.988s] byte-compiling /home/ubuntu/dev_ws/install/auv_app/lib/python3.10/site-packages/auv_app/imu_corrector.py to imu_corrector.cpython-310.pyc
[0.988s] running install_data
[0.988s] running install_egg_info
[0.989s] removing '/home/ubuntu/dev_ws/install/auv_app/lib/python3.10/site-packages/auv_app-0.0.0-py3.10.egg-info' (and everything under it)
[0.989s] Copying ../../build/auv_app/auv_app.egg-info to /home/ubuntu/dev_ws/install/auv_app/lib/python3.10/site-packages/auv_app-0.0.0-py3.10.egg-info
[0.990s] running install_scripts
[1.013s] Installing imu_corrector script to /home/ubuntu/dev_ws/install/auv_app/lib/auv_app
[1.013s] Installing pose_estimator script to /home/ubuntu/dev_ws/install/auv_app/lib/auv_app
[1.013s] writing list of installed files to '/home/ubuntu/dev_ws/build/auv_app/install.log'
[1.038s] Invoked command in '/home/ubuntu/dev_ws/src/auv_app' returned '0': PYTHONPATH=/home/ubuntu/dev_ws/build/auv_app/prefix_override:/home/ubuntu/dev_ws/install/auv_app/lib/python3.10/site-packages:${PYTHONPATH} /usr/bin/python3 setup.py egg_info --egg-base ../../build/auv_app build --build-base /home/ubuntu/dev_ws/build/auv_app/build install --record /home/ubuntu/dev_ws/build/auv_app/install.log --single-version-externally-managed
