[0.183s] Invoking command in '/home/ubuntu/dev_ws/build/auv_gazebo': CMAKE_PREFIX_PATH=/opt/ros/humble /usr/bin/cmake /home/ubuntu/dev_ws/src/auv_gazebo -DCMAKE_INSTALL_PREFIX=/home/ubuntu/dev_ws/install/auv_gazebo
[0.196s] -- Found ament_cmake: 1.3.4 (/opt/ros/humble/share/ament_cmake/cmake)
[0.338s] [31mCMake Error at CMakeLists.txt:7 (find_package):
[0.338s]   By not providing "Findgz-cmake3.cmake" in CMAKE_MODULE_PATH this project
[0.338s]   has asked CMake to find a package configuration file provided by
[0.338s]   "gz-cmake3", but CMake did not find one.
[0.338s] 
[0.338s]   Could not find a package configuration file provided by "gz-cmake3" with
[0.338s]   any of the following names:
[0.338s] 
[0.338s]     gz-cmake3Config.cmake
[0.338s]     gz-cmake3-config.cmake
[0.338s] 
[0.338s]   Add the installation prefix of "gz-cmake3" to CMAKE_PREFIX_PATH or set
[0.338s]   "gz-cmake3_DIR" to a directory containing one of the above files.  If
[0.338s]   "gz-cmake3" provides a separate development package or SDK, be sure it has
[0.338s]   been installed.
[0.338s] 
[0.338s] [0m
[0.338s] -- Configuring incomplete, errors occurred!
[0.338s] See also "/home/ubuntu/dev_ws/build/auv_gazebo/CMakeFiles/CMakeOutput.log".
[0.341s] Invoked command in '/home/ubuntu/dev_ws/build/auv_gazebo' returned '1': CMAKE_PREFIX_PATH=/opt/ros/humble /usr/bin/cmake /home/ubuntu/dev_ws/src/auv_gazebo -DCMAKE_INSTALL_PREFIX=/home/ubuntu/dev_ws/install/auv_gazebo
