[0.018s] Invoking command in '/home/ubuntu/dev_ws/build/ros_gz_example_application': CMAKE_PREFIX_PATH=/opt/ros/humble /usr/bin/cmake --build /home/ubuntu/dev_ws/build/ros_gz_example_application -- -j5 -l5
[0.059s] Invoked command in '/home/ubuntu/dev_ws/build/ros_gz_example_application' returned '0': CMAKE_PREFIX_PATH=/opt/ros/humble /usr/bin/cmake --build /home/ubuntu/dev_ws/build/ros_gz_example_application -- -j5 -l5
[0.087s] Invoking command in '/home/ubuntu/dev_ws/build/ros_gz_example_application': CMAKE_PREFIX_PATH=/opt/ros/humble /usr/bin/cmake --install /home/ubuntu/dev_ws/build/ros_gz_example_application
[0.095s] -- Install configuration: ""
[0.098s] -- Installing: /home/ubuntu/dev_ws/install/ros_gz_example_application/share/ament_index/resource_index/package_run_dependencies/ros_gz_example_application
[0.098s] -- Installing: /home/ubuntu/dev_ws/install/ros_gz_example_application/share/ament_index/resource_index/parent_prefix_path/ros_gz_example_application
[0.098s] -- Installing: /home/ubuntu/dev_ws/install/ros_gz_example_application/share/ros_gz_example_application/environment/ament_prefix_path.sh
[0.098s] -- Installing: /home/ubuntu/dev_ws/install/ros_gz_example_application/share/ros_gz_example_application/environment/ament_prefix_path.dsv
[0.098s] -- Installing: /home/ubuntu/dev_ws/install/ros_gz_example_application/share/ros_gz_example_application/environment/path.sh
[0.099s] -- Installing: /home/ubuntu/dev_ws/install/ros_gz_example_application/share/ros_gz_example_application/environment/path.dsv
[0.099s] -- Installing: /home/ubuntu/dev_ws/install/ros_gz_example_application/share/ros_gz_example_application/local_setup.bash
[0.101s] -- Installing: /home/ubuntu/dev_ws/install/ros_gz_example_application/share/ros_gz_example_application/local_setup.sh
[0.101s] -- Installing: /home/ubuntu/dev_ws/install/ros_gz_example_application/share/ros_gz_example_application/local_setup.zsh
[0.101s] -- Installing: /home/ubuntu/dev_ws/install/ros_gz_example_application/share/ros_gz_example_application/local_setup.dsv
[0.101s] -- Installing: /home/ubuntu/dev_ws/install/ros_gz_example_application/share/ros_gz_example_application/package.dsv
[0.103s] -- Installing: /home/ubuntu/dev_ws/install/ros_gz_example_application/share/ament_index/resource_index/packages/ros_gz_example_application
[0.104s] -- Installing: /home/ubuntu/dev_ws/install/ros_gz_example_application/share/ros_gz_example_application/cmake/ros_gz_example_applicationConfig.cmake
[0.104s] -- Installing: /home/ubuntu/dev_ws/install/ros_gz_example_application/share/ros_gz_example_application/cmake/ros_gz_example_applicationConfig-version.cmake
[0.104s] -- Installing: /home/ubuntu/dev_ws/install/ros_gz_example_application/share/ros_gz_example_application/package.xml
[0.113s] Invoked command in '/home/ubuntu/dev_ws/build/ros_gz_example_application' returned '0': CMAKE_PREFIX_PATH=/opt/ros/humble /usr/bin/cmake --install /home/ubuntu/dev_ws/build/ros_gz_example_application
