[0.477s] Invoking command in '/home/ubuntu/dev_ws/src/auv_app': PYTHONPATH=/home/ubuntu/dev_ws/build/auv_app/prefix_override:/home/ubuntu/dev_ws/install/auv_app/lib/python3.10/site-packages:${PYTHONPATH} /usr/bin/python3 setup.py egg_info --egg-base ../../build/auv_app build --build-base /home/ubuntu/dev_ws/build/auv_app/build install --record /home/ubuntu/dev_ws/build/auv_app/install.log --single-version-externally-managed
[0.670s] running egg_info
[0.671s] writing ../../build/auv_app/auv_app.egg-info/PKG-INFO
[0.671s] writing dependency_links to ../../build/auv_app/auv_app.egg-info/dependency_links.txt
[0.671s] writing entry points to ../../build/auv_app/auv_app.egg-info/entry_points.txt
[0.671s] writing requirements to ../../build/auv_app/auv_app.egg-info/requires.txt
[0.671s] writing top-level names to ../../build/auv_app/auv_app.egg-info/top_level.txt
[0.673s] reading manifest file '../../build/auv_app/auv_app.egg-info/SOURCES.txt'
[0.673s] writing manifest file '../../build/auv_app/auv_app.egg-info/SOURCES.txt'
[0.673s] running build
[0.673s] running build_py
[0.673s] copying auv_app/utils.py -> /home/ubuntu/dev_ws/build/auv_app/build/lib/auv_app
[0.673s] copying auv_app/pose_estimation.py -> /home/ubuntu/dev_ws/build/auv_app/build/lib/auv_app
[0.673s] running install
[0.673s] running install_lib
[0.677s] copying /home/ubuntu/dev_ws/build/auv_app/build/lib/auv_app/utils.py -> /home/ubuntu/dev_ws/install/auv_app/lib/python3.10/site-packages/auv_app
[0.677s] copying /home/ubuntu/dev_ws/build/auv_app/build/lib/auv_app/pose_estimation.py -> /home/ubuntu/dev_ws/install/auv_app/lib/python3.10/site-packages/auv_app
[0.677s] byte-compiling /home/ubuntu/dev_ws/install/auv_app/lib/python3.10/site-packages/auv_app/utils.py to utils.cpython-310.pyc
[0.677s] byte-compiling /home/ubuntu/dev_ws/install/auv_app/lib/python3.10/site-packages/auv_app/pose_estimation.py to pose_estimation.cpython-310.pyc
[0.677s] running install_data
[0.677s] running install_egg_info
[0.677s] removing '/home/ubuntu/dev_ws/install/auv_app/lib/python3.10/site-packages/auv_app-0.0.0-py3.10.egg-info' (and everything under it)
[0.677s] Copying ../../build/auv_app/auv_app.egg-info to /home/ubuntu/dev_ws/install/auv_app/lib/python3.10/site-packages/auv_app-0.0.0-py3.10.egg-info
[0.677s] running install_scripts
[0.691s] Installing pose_estimation script to /home/ubuntu/dev_ws/install/auv_app/lib/auv_app
[0.693s] writing list of installed files to '/home/ubuntu/dev_ws/build/auv_app/install.log'
[0.714s] Invoked command in '/home/ubuntu/dev_ws/src/auv_app' returned '0': PYTHONPATH=/home/ubuntu/dev_ws/build/auv_app/prefix_override:/home/ubuntu/dev_ws/install/auv_app/lib/python3.10/site-packages:${PYTHONPATH} /usr/bin/python3 setup.py egg_info --egg-base ../../build/auv_app build --build-base /home/ubuntu/dev_ws/build/auv_app/build install --record /home/ubuntu/dev_ws/build/auv_app/install.log --single-version-externally-managed
