[0.164s] Invoking command in '/home/ubuntu/dev_ws/build/auv_description': CMAKE_PREFIX_PATH=/opt/ros/humble /usr/bin/cmake /home/ubuntu/dev_ws/src/auv_description -DCMAKE_INSTALL_PREFIX=/home/ubuntu/dev_ws/install/auv_description
[0.175s] -- Found ament_cmake: 1.3.4 (/opt/ros/humble/share/ament_cmake/cmake)
[0.296s] -- Found ament_lint_auto: 0.12.6 (/opt/ros/humble/share/ament_lint_auto/cmake)
[0.344s] -- Configuring done
[0.348s] -- Generating done
[0.349s] -- Build files have been written to: /home/ubuntu/dev_ws/build/auv_description
[0.351s] Invoked command in '/home/ubuntu/dev_ws/build/auv_description' returned '0': CMAKE_PREFIX_PATH=/opt/ros/humble /usr/bin/cmake /home/ubuntu/dev_ws/src/auv_description -DCMAKE_INSTALL_PREFIX=/home/ubuntu/dev_ws/install/auv_description
[0.353s] Invoking command in '/home/ubuntu/dev_ws/build/auv_description': CMAKE_PREFIX_PATH=/opt/ros/humble /usr/bin/cmake --build /home/ubuntu/dev_ws/build/auv_description -- -j5 -l5
[0.392s] Invoked command in '/home/ubuntu/dev_ws/build/auv_description' returned '0': CMAKE_PREFIX_PATH=/opt/ros/humble /usr/bin/cmake --build /home/ubuntu/dev_ws/build/auv_description -- -j5 -l5
[0.415s] Invoking command in '/home/ubuntu/dev_ws/build/auv_description': CMAKE_PREFIX_PATH=/opt/ros/humble /usr/bin/cmake --install /home/ubuntu/dev_ws/build/auv_description
[0.422s] -- Install configuration: ""
[0.422s] -- Installing: /home/ubuntu/dev_ws/install/auv_description/share/auv_description/auv
[0.422s] -- Installing: /home/ubuntu/dev_ws/install/auv_description/share/auv_description/auv/auv.xacro
[0.423s] -- Installing: /home/ubuntu/dev_ws/install/auv_description/share/auv_description/auv/auv.xml
[0.423s] -- Installing: /home/ubuntu/dev_ws/install/auv_description/share/auv_description/auv/auv.urdf
[0.423s] -- Installing: /home/ubuntu/dev_ws/install/auv_description/share/auv_description/auv/materials.xacro
[0.424s] -- Installing: /home/ubuntu/dev_ws/install/auv_description/share/auv_description/environment/auv_description.dsv
[0.424s] -- Installing: /home/ubuntu/dev_ws/install/auv_description/share/auv_description/environment/auv_description.sh
[0.424s] -- Installing: /home/ubuntu/dev_ws/install/auv_description/share/ament_index/resource_index/package_run_dependencies/auv_description
[0.424s] -- Installing: /home/ubuntu/dev_ws/install/auv_description/share/ament_index/resource_index/parent_prefix_path/auv_description
[0.425s] -- Installing: /home/ubuntu/dev_ws/install/auv_description/share/auv_description/environment/ament_prefix_path.sh
[0.425s] -- Installing: /home/ubuntu/dev_ws/install/auv_description/share/auv_description/environment/ament_prefix_path.dsv
[0.425s] -- Installing: /home/ubuntu/dev_ws/install/auv_description/share/auv_description/environment/path.sh
[0.425s] -- Installing: /home/ubuntu/dev_ws/install/auv_description/share/auv_description/environment/path.dsv
[0.425s] -- Installing: /home/ubuntu/dev_ws/install/auv_description/share/auv_description/local_setup.bash
[0.425s] -- Installing: /home/ubuntu/dev_ws/install/auv_description/share/auv_description/local_setup.sh
[0.425s] -- Installing: /home/ubuntu/dev_ws/install/auv_description/share/auv_description/local_setup.zsh
[0.425s] -- Installing: /home/ubuntu/dev_ws/install/auv_description/share/auv_description/local_setup.dsv
[0.426s] -- Installing: /home/ubuntu/dev_ws/install/auv_description/share/auv_description/package.dsv
[0.426s] -- Installing: /home/ubuntu/dev_ws/install/auv_description/share/ament_index/resource_index/packages/auv_description
[0.426s] -- Installing: /home/ubuntu/dev_ws/install/auv_description/share/auv_description/cmake/auv_descriptionConfig.cmake
[0.426s] -- Installing: /home/ubuntu/dev_ws/install/auv_description/share/auv_description/cmake/auv_descriptionConfig-version.cmake
[0.426s] -- Installing: /home/ubuntu/dev_ws/install/auv_description/share/auv_description/package.xml
[0.429s] Invoked command in '/home/ubuntu/dev_ws/build/auv_description' returned '0': CMAKE_PREFIX_PATH=/opt/ros/humble /usr/bin/cmake --install /home/ubuntu/dev_ws/build/auv_description
