[0.201s] DEBUG:colcon:Command line arguments: ['/usr/bin/colcon', 'build']
[0.201s] DEBUG:colcon:Parsed command line arguments: Namespace(log_base=None, log_level=None, verb_name='build', build_base='build', install_base='install', merge_install=False, symlink_install=False, test_result_base=None, continue_on_error=False, executor='parallel', parallel_workers=5, event_handlers=None, ignore_user_meta=False, metas=['./colcon.meta'], base_paths=['.'], packages_ignore=None, packages_ignore_regex=None, paths=None, packages_up_to=None, packages_up_to_regex=None, packages_above=None, packages_above_and_dependencies=None, packages_above_depth=None, packages_select_by_dep=None, packages_skip_by_dep=None, packages_skip_up_to=None, packages_select_build_failed=False, packages_skip_build_finished=False, packages_select_test_failures=False, packages_skip_test_passed=False, packages_select=None, packages_skip=None, packages_select_regex=None, packages_skip_regex=None, packages_start=None, packages_end=None, allow_overriding=[], cmake_args=None, cmake_target=None, cmake_target_skip_unavailable=False, cmake_clean_cache=False, cmake_clean_first=False, cmake_force_configure=False, ament_cmake_args=None, catkin_cmake_args=None, catkin_skip_building_tests=False, verb_parser=<colcon_defaults.argument_parser.defaults.DefaultArgumentsDecorator object at 0xffff94d5be80>, verb_extension=<colcon_core.verb.build.BuildVerb object at 0xffff94cc6050>, main=<bound method BuildVerb.main of <colcon_core.verb.build.BuildVerb object at 0xffff94cc6050>>)
[0.219s] Level 1:colcon.colcon_core.package_discovery:discover_packages(colcon_meta) check parameters
[0.219s] Level 1:colcon.colcon_core.package_discovery:discover_packages(recursive) check parameters
[0.220s] Level 1:colcon.colcon_core.package_discovery:discover_packages(ignore) check parameters
[0.220s] Level 1:colcon.colcon_core.package_discovery:discover_packages(path) check parameters
[0.220s] Level 1:colcon.colcon_core.package_discovery:discover_packages(colcon_meta) discover
[0.220s] Level 1:colcon.colcon_core.package_discovery:discover_packages(recursive) discover
[0.220s] INFO:colcon.colcon_core.package_discovery:Crawling recursively for packages in '/home/ubuntu/dev_ws'
[0.220s] Level 1:colcon.colcon_core.package_identification:_identify(.) by extensions ['ignore', 'ignore_ament_install']
[0.220s] Level 1:colcon.colcon_core.package_identification:_identify(.) by extension 'ignore'
[0.220s] Level 1:colcon.colcon_core.package_identification:_identify(.) by extension 'ignore_ament_install'
[0.220s] Level 1:colcon.colcon_core.package_identification:_identify(.) by extensions ['colcon_pkg']
[0.220s] Level 1:colcon.colcon_core.package_identification:_identify(.) by extension 'colcon_pkg'
[0.220s] Level 1:colcon.colcon_core.package_identification:_identify(.) by extensions ['colcon_meta']
[0.220s] Level 1:colcon.colcon_core.package_identification:_identify(.) by extension 'colcon_meta'
[0.220s] Level 1:colcon.colcon_core.package_identification:_identify(.) by extensions ['ros']
[0.220s] Level 1:colcon.colcon_core.package_identification:_identify(.) by extension 'ros'
[0.227s] Level 1:colcon.colcon_core.package_identification:_identify(.) by extensions ['cmake', 'python']
[0.228s] Level 1:colcon.colcon_core.package_identification:_identify(.) by extension 'cmake'
[0.228s] Level 1:colcon.colcon_core.package_identification:_identify(.) by extension 'python'
[0.228s] Level 1:colcon.colcon_core.package_identification:_identify(.) by extensions ['python_setup_py']
[0.228s] Level 1:colcon.colcon_core.package_identification:_identify(.) by extension 'python_setup_py'
[0.228s] Level 1:colcon.colcon_core.package_identification:_identify(build) by extensions ['ignore', 'ignore_ament_install']
[0.228s] Level 1:colcon.colcon_core.package_identification:_identify(build) by extension 'ignore'
[0.228s] Level 1:colcon.colcon_core.package_identification:_identify(build) ignored
[0.228s] Level 1:colcon.colcon_core.package_identification:_identify(install) by extensions ['ignore', 'ignore_ament_install']
[0.228s] Level 1:colcon.colcon_core.package_identification:_identify(install) by extension 'ignore'
[0.228s] Level 1:colcon.colcon_core.package_identification:_identify(install) ignored
[0.228s] Level 1:colcon.colcon_core.package_identification:_identify(log) by extensions ['ignore', 'ignore_ament_install']
[0.228s] Level 1:colcon.colcon_core.package_identification:_identify(log) by extension 'ignore'
[0.228s] Level 1:colcon.colcon_core.package_identification:_identify(log) ignored
[0.228s] Level 1:colcon.colcon_core.package_identification:_identify(src) by extensions ['ignore', 'ignore_ament_install']
[0.228s] Level 1:colcon.colcon_core.package_identification:_identify(src) by extension 'ignore'
[0.229s] Level 1:colcon.colcon_core.package_identification:_identify(src) by extension 'ignore_ament_install'
[0.229s] Level 1:colcon.colcon_core.package_identification:_identify(src) by extensions ['colcon_pkg']
[0.229s] Level 1:colcon.colcon_core.package_identification:_identify(src) by extension 'colcon_pkg'
[0.229s] Level 1:colcon.colcon_core.package_identification:_identify(src) by extensions ['colcon_meta']
[0.229s] Level 1:colcon.colcon_core.package_identification:_identify(src) by extension 'colcon_meta'
[0.229s] Level 1:colcon.colcon_core.package_identification:_identify(src) by extensions ['ros']
[0.229s] Level 1:colcon.colcon_core.package_identification:_identify(src) by extension 'ros'
[0.229s] Level 1:colcon.colcon_core.package_identification:_identify(src) by extensions ['cmake', 'python']
[0.229s] Level 1:colcon.colcon_core.package_identification:_identify(src) by extension 'cmake'
[0.229s] Level 1:colcon.colcon_core.package_identification:_identify(src) by extension 'python'
[0.229s] Level 1:colcon.colcon_core.package_identification:_identify(src) by extensions ['python_setup_py']
[0.229s] Level 1:colcon.colcon_core.package_identification:_identify(src) by extension 'python_setup_py'
[0.229s] Level 1:colcon.colcon_core.package_identification:_identify(src/auv_app) by extensions ['ignore', 'ignore_ament_install']
[0.229s] Level 1:colcon.colcon_core.package_identification:_identify(src/auv_app) by extension 'ignore'
[0.230s] Level 1:colcon.colcon_core.package_identification:_identify(src/auv_app) by extension 'ignore_ament_install'
[0.230s] Level 1:colcon.colcon_core.package_identification:_identify(src/auv_app) by extensions ['colcon_pkg']
[0.230s] Level 1:colcon.colcon_core.package_identification:_identify(src/auv_app) by extension 'colcon_pkg'
[0.230s] Level 1:colcon.colcon_core.package_identification:_identify(src/auv_app) by extensions ['colcon_meta']
[0.230s] Level 1:colcon.colcon_core.package_identification:_identify(src/auv_app) by extension 'colcon_meta'
[0.230s] Level 1:colcon.colcon_core.package_identification:_identify(src/auv_app) by extensions ['ros']
[0.230s] Level 1:colcon.colcon_core.package_identification:_identify(src/auv_app) by extension 'ros'
[0.231s] DEBUG:colcon.colcon_core.package_identification:Package 'src/auv_app' with type 'ros.ament_python' and name 'auv_app'
[0.231s] Level 1:colcon.colcon_core.package_identification:_identify(src/auv_bringup) by extensions ['ignore', 'ignore_ament_install']
[0.232s] Level 1:colcon.colcon_core.package_identification:_identify(src/auv_bringup) by extension 'ignore'
[0.232s] Level 1:colcon.colcon_core.package_identification:_identify(src/auv_bringup) by extension 'ignore_ament_install'
[0.232s] Level 1:colcon.colcon_core.package_identification:_identify(src/auv_bringup) by extensions ['colcon_pkg']
[0.232s] Level 1:colcon.colcon_core.package_identification:_identify(src/auv_bringup) by extension 'colcon_pkg'
[0.232s] Level 1:colcon.colcon_core.package_identification:_identify(src/auv_bringup) by extensions ['colcon_meta']
[0.232s] Level 1:colcon.colcon_core.package_identification:_identify(src/auv_bringup) by extension 'colcon_meta'
[0.232s] Level 1:colcon.colcon_core.package_identification:_identify(src/auv_bringup) by extensions ['ros']
[0.232s] Level 1:colcon.colcon_core.package_identification:_identify(src/auv_bringup) by extension 'ros'
[0.232s] DEBUG:colcon.colcon_core.package_identification:Package 'src/auv_bringup' with type 'ros.ament_cmake' and name 'auv_bringup'
[0.232s] Level 1:colcon.colcon_core.package_identification:_identify(src/auv_description) by extensions ['ignore', 'ignore_ament_install']
[0.233s] Level 1:colcon.colcon_core.package_identification:_identify(src/auv_description) by extension 'ignore'
[0.233s] Level 1:colcon.colcon_core.package_identification:_identify(src/auv_description) by extension 'ignore_ament_install'
[0.233s] Level 1:colcon.colcon_core.package_identification:_identify(src/auv_description) by extensions ['colcon_pkg']
[0.233s] Level 1:colcon.colcon_core.package_identification:_identify(src/auv_description) by extension 'colcon_pkg'
[0.233s] Level 1:colcon.colcon_core.package_identification:_identify(src/auv_description) by extensions ['colcon_meta']
[0.233s] Level 1:colcon.colcon_core.package_identification:_identify(src/auv_description) by extension 'colcon_meta'
[0.233s] Level 1:colcon.colcon_core.package_identification:_identify(src/auv_description) by extensions ['ros']
[0.233s] Level 1:colcon.colcon_core.package_identification:_identify(src/auv_description) by extension 'ros'
[0.233s] DEBUG:colcon.colcon_core.package_identification:Package 'src/auv_description' with type 'ros.ament_cmake' and name 'auv_description'
[0.233s] Level 1:colcon.colcon_core.package_identification:_identify(src/auv_gazebo) by extensions ['ignore', 'ignore_ament_install']
[0.233s] Level 1:colcon.colcon_core.package_identification:_identify(src/auv_gazebo) by extension 'ignore'
[0.233s] Level 1:colcon.colcon_core.package_identification:_identify(src/auv_gazebo) by extension 'ignore_ament_install'
[0.233s] Level 1:colcon.colcon_core.package_identification:_identify(src/auv_gazebo) by extensions ['colcon_pkg']
[0.233s] Level 1:colcon.colcon_core.package_identification:_identify(src/auv_gazebo) by extension 'colcon_pkg'
[0.233s] Level 1:colcon.colcon_core.package_identification:_identify(src/auv_gazebo) by extensions ['colcon_meta']
[0.233s] Level 1:colcon.colcon_core.package_identification:_identify(src/auv_gazebo) by extension 'colcon_meta'
[0.233s] Level 1:colcon.colcon_core.package_identification:_identify(src/auv_gazebo) by extensions ['ros']
[0.233s] Level 1:colcon.colcon_core.package_identification:_identify(src/auv_gazebo) by extension 'ros'
[0.234s] DEBUG:colcon.colcon_core.package_identification:Package 'src/auv_gazebo' with type 'ros.ament_cmake' and name 'auv_gazebo'
[0.234s] Level 1:colcon.colcon_core.package_discovery:discover_packages(recursive) using defaults
[0.234s] Level 1:colcon.colcon_core.package_discovery:discover_packages(ignore) discover
[0.234s] Level 1:colcon.colcon_core.package_discovery:discover_packages(ignore) using defaults
[0.234s] Level 1:colcon.colcon_core.package_discovery:discover_packages(path) discover
[0.234s] Level 1:colcon.colcon_core.package_discovery:discover_packages(path) using defaults
[0.249s] Level 1:colcon.colcon_core.package_discovery:discover_packages(prefix_path) check parameters
[0.249s] Level 1:colcon.colcon_core.package_discovery:discover_packages(prefix_path) discover
[0.251s] DEBUG:colcon.colcon_installed_package_information.package_discovery:Found 304 installed packages in /opt/ros/humble
[0.252s] Level 1:colcon.colcon_core.package_discovery:discover_packages(prefix_path) using defaults
[0.290s] Level 5:colcon.colcon_core.verb:set package 'auv_app' build argument 'cmake_args' from command line to 'None'
[0.290s] Level 5:colcon.colcon_core.verb:set package 'auv_app' build argument 'cmake_target' from command line to 'None'
[0.290s] Level 5:colcon.colcon_core.verb:set package 'auv_app' build argument 'cmake_target_skip_unavailable' from command line to 'False'
[0.290s] Level 5:colcon.colcon_core.verb:set package 'auv_app' build argument 'cmake_clean_cache' from command line to 'False'
[0.290s] Level 5:colcon.colcon_core.verb:set package 'auv_app' build argument 'cmake_clean_first' from command line to 'False'
[0.290s] Level 5:colcon.colcon_core.verb:set package 'auv_app' build argument 'cmake_force_configure' from command line to 'False'
[0.290s] Level 5:colcon.colcon_core.verb:set package 'auv_app' build argument 'ament_cmake_args' from command line to 'None'
[0.290s] Level 5:colcon.colcon_core.verb:set package 'auv_app' build argument 'catkin_cmake_args' from command line to 'None'
[0.290s] Level 5:colcon.colcon_core.verb:set package 'auv_app' build argument 'catkin_skip_building_tests' from command line to 'False'
[0.290s] DEBUG:colcon.colcon_core.verb:Building package 'auv_app' with the following arguments: {'ament_cmake_args': None, 'build_base': '/home/ubuntu/dev_ws/build/auv_app', 'catkin_cmake_args': None, 'catkin_skip_building_tests': False, 'cmake_args': None, 'cmake_clean_cache': False, 'cmake_clean_first': False, 'cmake_force_configure': False, 'cmake_target': None, 'cmake_target_skip_unavailable': False, 'install_base': '/home/ubuntu/dev_ws/install/auv_app', 'merge_install': False, 'path': '/home/ubuntu/dev_ws/src/auv_app', 'symlink_install': False, 'test_result_base': None}
[0.291s] Level 5:colcon.colcon_core.verb:set package 'auv_bringup' build argument 'cmake_args' from command line to 'None'
[0.291s] Level 5:colcon.colcon_core.verb:set package 'auv_bringup' build argument 'cmake_target' from command line to 'None'
[0.291s] Level 5:colcon.colcon_core.verb:set package 'auv_bringup' build argument 'cmake_target_skip_unavailable' from command line to 'False'
[0.291s] Level 5:colcon.colcon_core.verb:set package 'auv_bringup' build argument 'cmake_clean_cache' from command line to 'False'
[0.291s] Level 5:colcon.colcon_core.verb:set package 'auv_bringup' build argument 'cmake_clean_first' from command line to 'False'
[0.291s] Level 5:colcon.colcon_core.verb:set package 'auv_bringup' build argument 'cmake_force_configure' from command line to 'False'
[0.291s] Level 5:colcon.colcon_core.verb:set package 'auv_bringup' build argument 'ament_cmake_args' from command line to 'None'
[0.291s] Level 5:colcon.colcon_core.verb:set package 'auv_bringup' build argument 'catkin_cmake_args' from command line to 'None'
[0.291s] Level 5:colcon.colcon_core.verb:set package 'auv_bringup' build argument 'catkin_skip_building_tests' from command line to 'False'
[0.291s] DEBUG:colcon.colcon_core.verb:Building package 'auv_bringup' with the following arguments: {'ament_cmake_args': None, 'build_base': '/home/ubuntu/dev_ws/build/auv_bringup', 'catkin_cmake_args': None, 'catkin_skip_building_tests': False, 'cmake_args': None, 'cmake_clean_cache': False, 'cmake_clean_first': False, 'cmake_force_configure': False, 'cmake_target': None, 'cmake_target_skip_unavailable': False, 'install_base': '/home/ubuntu/dev_ws/install/auv_bringup', 'merge_install': False, 'path': '/home/ubuntu/dev_ws/src/auv_bringup', 'symlink_install': False, 'test_result_base': None}
[0.292s] Level 5:colcon.colcon_core.verb:set package 'auv_description' build argument 'cmake_args' from command line to 'None'
[0.292s] Level 5:colcon.colcon_core.verb:set package 'auv_description' build argument 'cmake_target' from command line to 'None'
[0.292s] Level 5:colcon.colcon_core.verb:set package 'auv_description' build argument 'cmake_target_skip_unavailable' from command line to 'False'
[0.292s] Level 5:colcon.colcon_core.verb:set package 'auv_description' build argument 'cmake_clean_cache' from command line to 'False'
[0.292s] Level 5:colcon.colcon_core.verb:set package 'auv_description' build argument 'cmake_clean_first' from command line to 'False'
[0.292s] Level 5:colcon.colcon_core.verb:set package 'auv_description' build argument 'cmake_force_configure' from command line to 'False'
[0.292s] Level 5:colcon.colcon_core.verb:set package 'auv_description' build argument 'ament_cmake_args' from command line to 'None'
[0.292s] Level 5:colcon.colcon_core.verb:set package 'auv_description' build argument 'catkin_cmake_args' from command line to 'None'
[0.292s] Level 5:colcon.colcon_core.verb:set package 'auv_description' build argument 'catkin_skip_building_tests' from command line to 'False'
[0.292s] DEBUG:colcon.colcon_core.verb:Building package 'auv_description' with the following arguments: {'ament_cmake_args': None, 'build_base': '/home/ubuntu/dev_ws/build/auv_description', 'catkin_cmake_args': None, 'catkin_skip_building_tests': False, 'cmake_args': None, 'cmake_clean_cache': False, 'cmake_clean_first': False, 'cmake_force_configure': False, 'cmake_target': None, 'cmake_target_skip_unavailable': False, 'install_base': '/home/ubuntu/dev_ws/install/auv_description', 'merge_install': False, 'path': '/home/ubuntu/dev_ws/src/auv_description', 'symlink_install': False, 'test_result_base': None}
[0.293s] Level 5:colcon.colcon_core.verb:set package 'auv_gazebo' build argument 'cmake_args' from command line to 'None'
[0.293s] Level 5:colcon.colcon_core.verb:set package 'auv_gazebo' build argument 'cmake_target' from command line to 'None'
[0.293s] Level 5:colcon.colcon_core.verb:set package 'auv_gazebo' build argument 'cmake_target_skip_unavailable' from command line to 'False'
[0.293s] Level 5:colcon.colcon_core.verb:set package 'auv_gazebo' build argument 'cmake_clean_cache' from command line to 'False'
[0.293s] Level 5:colcon.colcon_core.verb:set package 'auv_gazebo' build argument 'cmake_clean_first' from command line to 'False'
[0.293s] Level 5:colcon.colcon_core.verb:set package 'auv_gazebo' build argument 'cmake_force_configure' from command line to 'False'
[0.293s] Level 5:colcon.colcon_core.verb:set package 'auv_gazebo' build argument 'ament_cmake_args' from command line to 'None'
[0.293s] Level 5:colcon.colcon_core.verb:set package 'auv_gazebo' build argument 'catkin_cmake_args' from command line to 'None'
[0.293s] Level 5:colcon.colcon_core.verb:set package 'auv_gazebo' build argument 'catkin_skip_building_tests' from command line to 'False'
[0.293s] DEBUG:colcon.colcon_core.verb:Building package 'auv_gazebo' with the following arguments: {'ament_cmake_args': None, 'build_base': '/home/ubuntu/dev_ws/build/auv_gazebo', 'catkin_cmake_args': None, 'catkin_skip_building_tests': False, 'cmake_args': None, 'cmake_clean_cache': False, 'cmake_clean_first': False, 'cmake_force_configure': False, 'cmake_target': None, 'cmake_target_skip_unavailable': False, 'install_base': '/home/ubuntu/dev_ws/install/auv_gazebo', 'merge_install': False, 'path': '/home/ubuntu/dev_ws/src/auv_gazebo', 'symlink_install': False, 'test_result_base': None}
[0.294s] INFO:colcon.colcon_core.executor:Executing jobs using 'parallel' executor
[0.302s] DEBUG:colcon.colcon_parallel_executor.executor.parallel:run_until_complete
[0.302s] INFO:colcon.colcon_ros.task.ament_python.build:Building ROS package in '/home/ubuntu/dev_ws/src/auv_app' with build type 'ament_python'
[0.302s] Level 1:colcon.colcon_core.shell:create_environment_hook('auv_app', 'ament_prefix_path')
[0.305s] INFO:colcon.colcon_core.plugin_system:Skipping extension 'colcon_core.shell.bat': Not used on non-Windows systems
[0.305s] INFO:colcon.colcon_core.shell:Creating environment hook '/home/ubuntu/dev_ws/install/auv_app/share/auv_app/hook/ament_prefix_path.ps1'
[0.305s] INFO:colcon.colcon_core.shell:Creating environment descriptor '/home/ubuntu/dev_ws/install/auv_app/share/auv_app/hook/ament_prefix_path.dsv'
[0.305s] INFO:colcon.colcon_core.shell:Creating environment hook '/home/ubuntu/dev_ws/install/auv_app/share/auv_app/hook/ament_prefix_path.sh'
[0.306s] INFO:colcon.colcon_core.shell:Skip shell extension 'powershell' for command environment: Not usable outside of PowerShell
[0.306s] DEBUG:colcon.colcon_core.shell:Skip shell extension 'dsv' for command environment
[0.313s] INFO:colcon.colcon_ros.task.ament_cmake.build:Building ROS package in '/home/ubuntu/dev_ws/src/auv_bringup' with build type 'ament_cmake'
[0.313s] INFO:colcon.colcon_cmake.task.cmake.build:Building CMake package in '/home/ubuntu/dev_ws/src/auv_bringup'
[0.314s] INFO:colcon.colcon_core.shell:Skip shell extension 'powershell' for command environment: Not usable outside of PowerShell
[0.314s] DEBUG:colcon.colcon_core.shell:Skip shell extension 'dsv' for command environment
[0.331s] INFO:colcon.colcon_ros.task.ament_cmake.build:Building ROS package in '/home/ubuntu/dev_ws/src/auv_description' with build type 'ament_cmake'
[0.331s] INFO:colcon.colcon_cmake.task.cmake.build:Building CMake package in '/home/ubuntu/dev_ws/src/auv_description'
[0.332s] INFO:colcon.colcon_core.shell:Skip shell extension 'powershell' for command environment: Not usable outside of PowerShell
[0.332s] DEBUG:colcon.colcon_core.shell:Skip shell extension 'dsv' for command environment
[0.339s] INFO:colcon.colcon_ros.task.ament_cmake.build:Building ROS package in '/home/ubuntu/dev_ws/src/auv_gazebo' with build type 'ament_cmake'
[0.339s] INFO:colcon.colcon_cmake.task.cmake.build:Building CMake package in '/home/ubuntu/dev_ws/src/auv_gazebo'
[0.339s] INFO:colcon.colcon_core.shell:Skip shell extension 'powershell' for command environment: Not usable outside of PowerShell
[0.339s] DEBUG:colcon.colcon_core.shell:Skip shell extension 'dsv' for command environment
[0.501s] INFO:colcon.colcon_core.task.python.build:Building Python package in '/home/ubuntu/dev_ws/src/auv_app'
[0.501s] INFO:colcon.colcon_core.shell:Skip shell extension 'powershell' for command environment: Not usable outside of PowerShell
[0.501s] DEBUG:colcon.colcon_core.shell:Skip shell extension 'dsv' for command environment
[0.507s] DEBUG:colcon.colcon_core.event_handler.log_command:Invoking command in '/home/ubuntu/dev_ws/build/auv_bringup': CMAKE_PREFIX_PATH=/opt/ros/humble /usr/bin/cmake --build /home/ubuntu/dev_ws/build/auv_bringup -- -j5 -l5
[0.509s] DEBUG:colcon.colcon_core.event_handler.log_command:Invoking command in '/home/ubuntu/dev_ws/build/auv_description': CMAKE_PREFIX_PATH=/opt/ros/humble /usr/bin/cmake --build /home/ubuntu/dev_ws/build/auv_description -- -j5 -l5
[0.526s] DEBUG:colcon.colcon_core.event_handler.log_command:Invoking command in '/home/ubuntu/dev_ws/build/auv_gazebo': CMAKE_PREFIX_PATH=/opt/ros/humble /usr/bin/cmake --build /home/ubuntu/dev_ws/build/auv_gazebo -- -j5 -l5
[0.588s] DEBUG:colcon.colcon_core.event_handler.log_command:Invoked command in '/home/ubuntu/dev_ws/build/auv_description' returned '0': CMAKE_PREFIX_PATH=/opt/ros/humble /usr/bin/cmake --build /home/ubuntu/dev_ws/build/auv_description -- -j5 -l5
[0.617s] DEBUG:colcon.colcon_core.event_handler.log_command:Invoked command in '/home/ubuntu/dev_ws/build/auv_bringup' returned '0': CMAKE_PREFIX_PATH=/opt/ros/humble /usr/bin/cmake --build /home/ubuntu/dev_ws/build/auv_bringup -- -j5 -l5
[0.672s] DEBUG:colcon.colcon_core.event_handler.log_command:Invoking command in '/home/ubuntu/dev_ws/build/auv_bringup': CMAKE_PREFIX_PATH=/opt/ros/humble /usr/bin/cmake --install /home/ubuntu/dev_ws/build/auv_bringup
[0.686s] DEBUG:colcon.colcon_core.event_handler.log_command:Invoking command in '/home/ubuntu/dev_ws/build/auv_description': CMAKE_PREFIX_PATH=/opt/ros/humble /usr/bin/cmake --install /home/ubuntu/dev_ws/build/auv_description
[0.699s] DEBUG:colcon.colcon_core.event_handler.log_command:Invoked command in '/home/ubuntu/dev_ws/build/auv_gazebo' returned '0': CMAKE_PREFIX_PATH=/opt/ros/humble /usr/bin/cmake --build /home/ubuntu/dev_ws/build/auv_gazebo -- -j5 -l5
[0.712s] Level 1:colcon.colcon_core.environment:create_environment_scripts_only(auv_bringup)
[0.715s] Level 1:colcon.colcon_core.environment:checking '/home/ubuntu/dev_ws/install/auv_bringup' for CMake module files
[0.715s] Level 1:colcon.colcon_core.environment:checking '/home/ubuntu/dev_ws/install/auv_bringup' for CMake config files
[0.715s] Level 1:colcon.colcon_core.shell:create_environment_hook('auv_bringup', 'cmake_prefix_path')
[0.716s] INFO:colcon.colcon_core.shell:Creating environment hook '/home/ubuntu/dev_ws/install/auv_bringup/share/auv_bringup/hook/cmake_prefix_path.ps1'
[0.716s] INFO:colcon.colcon_core.shell:Creating environment descriptor '/home/ubuntu/dev_ws/install/auv_bringup/share/auv_bringup/hook/cmake_prefix_path.dsv'
[0.716s] INFO:colcon.colcon_core.shell:Creating environment hook '/home/ubuntu/dev_ws/install/auv_bringup/share/auv_bringup/hook/cmake_prefix_path.sh'
[0.717s] Level 1:colcon.colcon_core.environment:checking '/home/ubuntu/dev_ws/install/auv_bringup/bin'
[0.717s] Level 1:colcon.colcon_core.environment:checking '/home/ubuntu/dev_ws/install/auv_bringup/lib/pkgconfig/auv_bringup.pc'
[0.717s] Level 1:colcon.colcon_core.environment:checking '/home/ubuntu/dev_ws/install/auv_bringup/lib/python3.10/site-packages'
[0.717s] Level 1:colcon.colcon_core.environment:checking '/home/ubuntu/dev_ws/install/auv_bringup/bin'
[0.718s] INFO:colcon.colcon_core.shell:Creating package script '/home/ubuntu/dev_ws/install/auv_bringup/share/auv_bringup/package.ps1'
[0.722s] INFO:colcon.colcon_core.shell:Creating package descriptor '/home/ubuntu/dev_ws/install/auv_bringup/share/auv_bringup/package.dsv'
[0.722s] DEBUG:colcon.colcon_core.event_handler.log_command:Invoked command in '/home/ubuntu/dev_ws/build/auv_bringup' returned '0': CMAKE_PREFIX_PATH=/opt/ros/humble /usr/bin/cmake --install /home/ubuntu/dev_ws/build/auv_bringup
[0.723s] INFO:colcon.colcon_core.shell:Creating package script '/home/ubuntu/dev_ws/install/auv_bringup/share/auv_bringup/package.sh'
[0.730s] INFO:colcon.colcon_core.shell:Creating package script '/home/ubuntu/dev_ws/install/auv_bringup/share/auv_bringup/package.bash'
[0.730s] INFO:colcon.colcon_core.shell:Creating package script '/home/ubuntu/dev_ws/install/auv_bringup/share/auv_bringup/package.zsh'
[0.731s] Level 1:colcon.colcon_core.environment:create_file_with_runtime_dependencies(/home/ubuntu/dev_ws/install/auv_bringup/share/colcon-core/packages/auv_bringup)
[0.743s] Level 1:colcon.colcon_core.environment:create_environment_scripts_only(auv_description)
[0.744s] Level 1:colcon.colcon_core.environment:checking '/home/ubuntu/dev_ws/install/auv_description' for CMake module files
[0.744s] Level 1:colcon.colcon_core.environment:checking '/home/ubuntu/dev_ws/install/auv_description' for CMake config files
[0.744s] Level 1:colcon.colcon_core.shell:create_environment_hook('auv_description', 'cmake_prefix_path')
[0.745s] INFO:colcon.colcon_core.shell:Creating environment hook '/home/ubuntu/dev_ws/install/auv_description/share/auv_description/hook/cmake_prefix_path.ps1'
[0.746s] INFO:colcon.colcon_core.shell:Creating environment descriptor '/home/ubuntu/dev_ws/install/auv_description/share/auv_description/hook/cmake_prefix_path.dsv'
[0.746s] INFO:colcon.colcon_core.shell:Creating environment hook '/home/ubuntu/dev_ws/install/auv_description/share/auv_description/hook/cmake_prefix_path.sh'
[0.746s] Level 1:colcon.colcon_core.environment:checking '/home/ubuntu/dev_ws/install/auv_description/bin'
[0.746s] Level 1:colcon.colcon_core.environment:checking '/home/ubuntu/dev_ws/install/auv_description/lib/pkgconfig/auv_description.pc'
[0.746s] Level 1:colcon.colcon_core.environment:checking '/home/ubuntu/dev_ws/install/auv_description/lib/python3.10/site-packages'
[0.746s] Level 1:colcon.colcon_core.environment:checking '/home/ubuntu/dev_ws/install/auv_description/bin'
[0.747s] INFO:colcon.colcon_core.shell:Creating package script '/home/ubuntu/dev_ws/install/auv_description/share/auv_description/package.ps1'
[0.747s] INFO:colcon.colcon_core.shell:Creating package descriptor '/home/ubuntu/dev_ws/install/auv_description/share/auv_description/package.dsv'
[0.748s] DEBUG:colcon.colcon_core.event_handler.log_command:Invoked command in '/home/ubuntu/dev_ws/build/auv_description' returned '0': CMAKE_PREFIX_PATH=/opt/ros/humble /usr/bin/cmake --install /home/ubuntu/dev_ws/build/auv_description
[0.748s] INFO:colcon.colcon_core.shell:Creating package script '/home/ubuntu/dev_ws/install/auv_description/share/auv_description/package.sh'
[0.748s] INFO:colcon.colcon_core.shell:Creating package script '/home/ubuntu/dev_ws/install/auv_description/share/auv_description/package.bash'
[0.749s] INFO:colcon.colcon_core.shell:Creating package script '/home/ubuntu/dev_ws/install/auv_description/share/auv_description/package.zsh'
[0.749s] Level 1:colcon.colcon_core.environment:create_file_with_runtime_dependencies(/home/ubuntu/dev_ws/install/auv_description/share/colcon-core/packages/auv_description)
[0.804s] DEBUG:colcon.colcon_core.event_handler.log_command:Invoking command in '/home/ubuntu/dev_ws/src/auv_app': PYTHONPATH=/home/ubuntu/dev_ws/build/auv_app/prefix_override:/home/ubuntu/dev_ws/install/auv_app/lib/python3.10/site-packages:${PYTHONPATH} /usr/bin/python3 setup.py egg_info --egg-base ../../build/auv_app build --build-base /home/ubuntu/dev_ws/build/auv_app/build install --record /home/ubuntu/dev_ws/build/auv_app/install.log --single-version-externally-managed
[0.817s] Level 1:colcon.colcon_core.environment:create_environment_scripts_only(auv_bringup)
[0.818s] Level 1:colcon.colcon_core.environment:checking '/home/ubuntu/dev_ws/install/auv_bringup' for CMake module files
[0.819s] Level 1:colcon.colcon_core.environment:checking '/home/ubuntu/dev_ws/install/auv_bringup' for CMake config files
[0.819s] Level 1:colcon.colcon_core.shell:create_environment_hook('auv_bringup', 'cmake_prefix_path')
[0.819s] INFO:colcon.colcon_core.shell:Creating environment hook '/home/ubuntu/dev_ws/install/auv_bringup/share/auv_bringup/hook/cmake_prefix_path.ps1'
[0.820s] INFO:colcon.colcon_core.shell:Creating environment descriptor '/home/ubuntu/dev_ws/install/auv_bringup/share/auv_bringup/hook/cmake_prefix_path.dsv'
[0.820s] INFO:colcon.colcon_core.shell:Creating environment hook '/home/ubuntu/dev_ws/install/auv_bringup/share/auv_bringup/hook/cmake_prefix_path.sh'
[0.820s] Level 1:colcon.colcon_core.environment:checking '/home/ubuntu/dev_ws/install/auv_bringup/bin'
[0.820s] Level 1:colcon.colcon_core.environment:checking '/home/ubuntu/dev_ws/install/auv_bringup/lib/pkgconfig/auv_bringup.pc'
[0.820s] Level 1:colcon.colcon_core.environment:checking '/home/ubuntu/dev_ws/install/auv_bringup/lib/python3.10/site-packages'
[0.820s] Level 1:colcon.colcon_core.environment:checking '/home/ubuntu/dev_ws/install/auv_bringup/bin'
[0.821s] INFO:colcon.colcon_core.shell:Creating package script '/home/ubuntu/dev_ws/install/auv_bringup/share/auv_bringup/package.ps1'
[0.821s] INFO:colcon.colcon_core.shell:Creating package descriptor '/home/ubuntu/dev_ws/install/auv_bringup/share/auv_bringup/package.dsv'
[0.821s] INFO:colcon.colcon_core.shell:Creating package script '/home/ubuntu/dev_ws/install/auv_bringup/share/auv_bringup/package.sh'
[0.822s] INFO:colcon.colcon_core.shell:Creating package script '/home/ubuntu/dev_ws/install/auv_bringup/share/auv_bringup/package.bash'
[0.822s] INFO:colcon.colcon_core.shell:Creating package script '/home/ubuntu/dev_ws/install/auv_bringup/share/auv_bringup/package.zsh'
[0.822s] Level 1:colcon.colcon_core.environment:create_file_with_runtime_dependencies(/home/ubuntu/dev_ws/install/auv_bringup/share/colcon-core/packages/auv_bringup)
[0.824s] DEBUG:colcon.colcon_core.event_handler.log_command:Invoking command in '/home/ubuntu/dev_ws/build/auv_gazebo': CMAKE_PREFIX_PATH=/opt/ros/humble /usr/bin/cmake --install /home/ubuntu/dev_ws/build/auv_gazebo
[0.848s] Level 1:colcon.colcon_core.environment:create_environment_scripts_only(auv_description)
[0.849s] Level 1:colcon.colcon_core.environment:checking '/home/ubuntu/dev_ws/install/auv_description' for CMake module files
[0.849s] Level 1:colcon.colcon_core.environment:checking '/home/ubuntu/dev_ws/install/auv_description' for CMake config files
[0.850s] Level 1:colcon.colcon_core.shell:create_environment_hook('auv_description', 'cmake_prefix_path')
[0.851s] INFO:colcon.colcon_core.shell:Creating environment hook '/home/ubuntu/dev_ws/install/auv_description/share/auv_description/hook/cmake_prefix_path.ps1'
[0.852s] INFO:colcon.colcon_core.shell:Creating environment descriptor '/home/ubuntu/dev_ws/install/auv_description/share/auv_description/hook/cmake_prefix_path.dsv'
[0.852s] INFO:colcon.colcon_core.shell:Creating environment hook '/home/ubuntu/dev_ws/install/auv_description/share/auv_description/hook/cmake_prefix_path.sh'
[0.853s] Level 1:colcon.colcon_core.environment:checking '/home/ubuntu/dev_ws/install/auv_description/bin'
[0.853s] Level 1:colcon.colcon_core.environment:checking '/home/ubuntu/dev_ws/install/auv_description/lib/pkgconfig/auv_description.pc'
[0.853s] Level 1:colcon.colcon_core.environment:checking '/home/ubuntu/dev_ws/install/auv_description/lib/python3.10/site-packages'
[0.853s] Level 1:colcon.colcon_core.environment:checking '/home/ubuntu/dev_ws/install/auv_description/bin'
[0.853s] INFO:colcon.colcon_core.shell:Creating package script '/home/ubuntu/dev_ws/install/auv_description/share/auv_description/package.ps1'
[0.854s] INFO:colcon.colcon_core.shell:Creating package descriptor '/home/ubuntu/dev_ws/install/auv_description/share/auv_description/package.dsv'
[0.854s] INFO:colcon.colcon_core.shell:Creating package script '/home/ubuntu/dev_ws/install/auv_description/share/auv_description/package.sh'
[0.854s] INFO:colcon.colcon_core.shell:Creating package script '/home/ubuntu/dev_ws/install/auv_description/share/auv_description/package.bash'
[0.854s] INFO:colcon.colcon_core.shell:Creating package script '/home/ubuntu/dev_ws/install/auv_description/share/auv_description/package.zsh'
[0.855s] Level 1:colcon.colcon_core.environment:create_file_with_runtime_dependencies(/home/ubuntu/dev_ws/install/auv_description/share/colcon-core/packages/auv_description)
[0.855s] Level 1:colcon.colcon_core.environment:create_environment_scripts_only(auv_gazebo)
[0.856s] Level 1:colcon.colcon_core.environment:checking '/home/ubuntu/dev_ws/install/auv_gazebo' for CMake module files
[0.857s] Level 1:colcon.colcon_core.environment:checking '/home/ubuntu/dev_ws/install/auv_gazebo' for CMake config files
[0.857s] Level 1:colcon.colcon_core.shell:create_environment_hook('auv_gazebo', 'cmake_prefix_path')
[0.858s] INFO:colcon.colcon_core.shell:Creating environment hook '/home/ubuntu/dev_ws/install/auv_gazebo/share/auv_gazebo/hook/cmake_prefix_path.ps1'
[0.858s] DEBUG:colcon.colcon_core.event_handler.log_command:Invoked command in '/home/ubuntu/dev_ws/build/auv_gazebo' returned '0': CMAKE_PREFIX_PATH=/opt/ros/humble /usr/bin/cmake --install /home/ubuntu/dev_ws/build/auv_gazebo
[0.858s] INFO:colcon.colcon_core.shell:Creating environment descriptor '/home/ubuntu/dev_ws/install/auv_gazebo/share/auv_gazebo/hook/cmake_prefix_path.dsv'
[0.858s] INFO:colcon.colcon_core.shell:Creating environment hook '/home/ubuntu/dev_ws/install/auv_gazebo/share/auv_gazebo/hook/cmake_prefix_path.sh'
[0.859s] Level 1:colcon.colcon_core.environment:checking '/home/ubuntu/dev_ws/install/auv_gazebo/bin'
[0.859s] Level 1:colcon.colcon_core.environment:checking '/home/ubuntu/dev_ws/install/auv_gazebo/lib/pkgconfig/auv_gazebo.pc'
[0.859s] Level 1:colcon.colcon_core.environment:checking '/home/ubuntu/dev_ws/install/auv_gazebo/lib/python3.10/site-packages'
[0.859s] Level 1:colcon.colcon_core.environment:checking '/home/ubuntu/dev_ws/install/auv_gazebo/bin'
[0.860s] INFO:colcon.colcon_core.shell:Creating package script '/home/ubuntu/dev_ws/install/auv_gazebo/share/auv_gazebo/package.ps1'
[0.860s] INFO:colcon.colcon_core.shell:Creating package descriptor '/home/ubuntu/dev_ws/install/auv_gazebo/share/auv_gazebo/package.dsv'
[0.860s] INFO:colcon.colcon_core.shell:Creating package script '/home/ubuntu/dev_ws/install/auv_gazebo/share/auv_gazebo/package.sh'
[0.860s] INFO:colcon.colcon_core.shell:Creating package script '/home/ubuntu/dev_ws/install/auv_gazebo/share/auv_gazebo/package.bash'
[0.860s] INFO:colcon.colcon_core.shell:Creating package script '/home/ubuntu/dev_ws/install/auv_gazebo/share/auv_gazebo/package.zsh'
[0.861s] Level 1:colcon.colcon_core.environment:create_file_with_runtime_dependencies(/home/ubuntu/dev_ws/install/auv_gazebo/share/colcon-core/packages/auv_gazebo)
[0.919s] Level 1:colcon.colcon_core.environment:create_environment_scripts_only(auv_gazebo)
[0.920s] Level 1:colcon.colcon_core.environment:checking '/home/ubuntu/dev_ws/install/auv_gazebo' for CMake module files
[0.920s] Level 1:colcon.colcon_core.environment:checking '/home/ubuntu/dev_ws/install/auv_gazebo' for CMake config files
[0.920s] Level 1:colcon.colcon_core.shell:create_environment_hook('auv_gazebo', 'cmake_prefix_path')
[0.921s] INFO:colcon.colcon_core.shell:Creating environment hook '/home/ubuntu/dev_ws/install/auv_gazebo/share/auv_gazebo/hook/cmake_prefix_path.ps1'
[0.921s] INFO:colcon.colcon_core.shell:Creating environment descriptor '/home/ubuntu/dev_ws/install/auv_gazebo/share/auv_gazebo/hook/cmake_prefix_path.dsv'
[0.921s] INFO:colcon.colcon_core.shell:Creating environment hook '/home/ubuntu/dev_ws/install/auv_gazebo/share/auv_gazebo/hook/cmake_prefix_path.sh'
[0.921s] Level 1:colcon.colcon_core.environment:checking '/home/ubuntu/dev_ws/install/auv_gazebo/bin'
[0.921s] Level 1:colcon.colcon_core.environment:checking '/home/ubuntu/dev_ws/install/auv_gazebo/lib/pkgconfig/auv_gazebo.pc'
[0.922s] Level 1:colcon.colcon_core.environment:checking '/home/ubuntu/dev_ws/install/auv_gazebo/lib/python3.10/site-packages'
[0.922s] Level 1:colcon.colcon_core.environment:checking '/home/ubuntu/dev_ws/install/auv_gazebo/bin'
[0.922s] INFO:colcon.colcon_core.shell:Creating package script '/home/ubuntu/dev_ws/install/auv_gazebo/share/auv_gazebo/package.ps1'
[0.923s] INFO:colcon.colcon_core.shell:Creating package descriptor '/home/ubuntu/dev_ws/install/auv_gazebo/share/auv_gazebo/package.dsv'
[0.923s] INFO:colcon.colcon_core.shell:Creating package script '/home/ubuntu/dev_ws/install/auv_gazebo/share/auv_gazebo/package.sh'
[0.923s] INFO:colcon.colcon_core.shell:Creating package script '/home/ubuntu/dev_ws/install/auv_gazebo/share/auv_gazebo/package.bash'
[0.923s] INFO:colcon.colcon_core.shell:Creating package script '/home/ubuntu/dev_ws/install/auv_gazebo/share/auv_gazebo/package.zsh'
[0.923s] Level 1:colcon.colcon_core.environment:create_file_with_runtime_dependencies(/home/ubuntu/dev_ws/install/auv_gazebo/share/colcon-core/packages/auv_gazebo)
[1.025s] Level 1:colcon.colcon_core.environment:checking '/home/ubuntu/dev_ws/install/auv_app' for CMake module files
[1.025s] Level 1:colcon.colcon_core.environment:checking '/home/ubuntu/dev_ws/install/auv_app' for CMake config files
[1.025s] Level 1:colcon.colcon_core.environment:checking '/home/ubuntu/dev_ws/install/auv_app/lib'
[1.025s] Level 1:colcon.colcon_core.environment:checking '/home/ubuntu/dev_ws/install/auv_app/bin'
[1.026s] Level 1:colcon.colcon_core.environment:checking '/home/ubuntu/dev_ws/install/auv_app/lib/pkgconfig/auv_app.pc'
[1.026s] Level 1:colcon.colcon_core.environment:checking '/home/ubuntu/dev_ws/install/auv_app/lib/python3.10/site-packages'
[1.026s] Level 1:colcon.colcon_core.shell:create_environment_hook('auv_app', 'pythonpath')
[1.026s] INFO:colcon.colcon_core.shell:Creating environment hook '/home/ubuntu/dev_ws/install/auv_app/share/auv_app/hook/pythonpath.ps1'
[1.027s] INFO:colcon.colcon_core.shell:Creating environment descriptor '/home/ubuntu/dev_ws/install/auv_app/share/auv_app/hook/pythonpath.dsv'
[1.027s] DEBUG:colcon.colcon_core.event_handler.log_command:Invoked command in '/home/ubuntu/dev_ws/src/auv_app' returned '0': PYTHONPATH=/home/ubuntu/dev_ws/build/auv_app/prefix_override:/home/ubuntu/dev_ws/install/auv_app/lib/python3.10/site-packages:${PYTHONPATH} /usr/bin/python3 setup.py egg_info --egg-base ../../build/auv_app build --build-base /home/ubuntu/dev_ws/build/auv_app/build install --record /home/ubuntu/dev_ws/build/auv_app/install.log --single-version-externally-managed
[1.028s] INFO:colcon.colcon_core.shell:Creating environment hook '/home/ubuntu/dev_ws/install/auv_app/share/auv_app/hook/pythonpath.sh'
[1.028s] Level 1:colcon.colcon_core.environment:checking '/home/ubuntu/dev_ws/install/auv_app/bin'
[1.028s] Level 1:colcon.colcon_core.environment:create_environment_scripts_only(auv_app)
[1.029s] INFO:colcon.colcon_core.shell:Creating package script '/home/ubuntu/dev_ws/install/auv_app/share/auv_app/package.ps1'
[1.029s] INFO:colcon.colcon_core.shell:Creating package descriptor '/home/ubuntu/dev_ws/install/auv_app/share/auv_app/package.dsv'
[1.030s] INFO:colcon.colcon_core.shell:Creating package script '/home/ubuntu/dev_ws/install/auv_app/share/auv_app/package.sh'
[1.030s] INFO:colcon.colcon_core.shell:Creating package script '/home/ubuntu/dev_ws/install/auv_app/share/auv_app/package.bash'
[1.030s] INFO:colcon.colcon_core.shell:Creating package script '/home/ubuntu/dev_ws/install/auv_app/share/auv_app/package.zsh'
[1.031s] Level 1:colcon.colcon_core.environment:create_file_with_runtime_dependencies(/home/ubuntu/dev_ws/install/auv_app/share/colcon-core/packages/auv_app)
[1.031s] DEBUG:colcon.colcon_parallel_executor.executor.parallel:closing loop
[1.031s] DEBUG:colcon.colcon_parallel_executor.executor.parallel:loop closed
[1.031s] DEBUG:colcon.colcon_parallel_executor.executor.parallel:run_until_complete finished with '0'
[1.031s] DEBUG:colcon.colcon_core.event_reactor:joining thread
[1.035s] INFO:colcon.colcon_core.plugin_system:Skipping extension 'colcon_notification.desktop_notification.terminal_notifier': Not used on non-Darwin systems
[1.035s] INFO:colcon.colcon_core.plugin_system:Skipping extension 'colcon_notification.desktop_notification.win32': Not used on non-Windows systems
[1.035s] INFO:colcon.colcon_notification.desktop_notification:Sending desktop notification using 'notify2'
[1.064s] DEBUG:colcon.colcon_core.event_reactor:joined thread
[1.065s] INFO:colcon.colcon_core.shell:Creating prefix script '/home/ubuntu/dev_ws/install/local_setup.ps1'
[1.066s] INFO:colcon.colcon_core.shell:Creating prefix util module '/home/ubuntu/dev_ws/install/_local_setup_util_ps1.py'
[1.067s] INFO:colcon.colcon_core.shell:Creating prefix chain script '/home/ubuntu/dev_ws/install/setup.ps1'
[1.068s] INFO:colcon.colcon_core.shell:Creating prefix script '/home/ubuntu/dev_ws/install/local_setup.sh'
[1.068s] INFO:colcon.colcon_core.shell:Creating prefix util module '/home/ubuntu/dev_ws/install/_local_setup_util_sh.py'
[1.068s] INFO:colcon.colcon_core.shell:Creating prefix chain script '/home/ubuntu/dev_ws/install/setup.sh'
[1.069s] INFO:colcon.colcon_core.shell:Creating prefix script '/home/ubuntu/dev_ws/install/local_setup.bash'
[1.070s] INFO:colcon.colcon_core.shell:Creating prefix chain script '/home/ubuntu/dev_ws/install/setup.bash'
[1.075s] INFO:colcon.colcon_core.shell:Creating prefix script '/home/ubuntu/dev_ws/install/local_setup.zsh'
[1.075s] INFO:colcon.colcon_core.shell:Creating prefix chain script '/home/ubuntu/dev_ws/install/setup.zsh'
