-- Install configuration: ""
-- Installing: /home/ubuntu/dev_ws/install/auv_bringup/share/auv_bringup/launch
-- Installing: /home/ubuntu/dev_ws/install/auv_bringup/share/auv_bringup/launch/auv.launch.py
-- Installing: /home/ubuntu/dev_ws/install/auv_bringup/share/auv_bringup/config
-- Installing: /home/ubuntu/dev_ws/install/auv_bringup/share/auv_bringup/config/ros_gz_example_bridge.yaml
-- Installing: /home/ubuntu/dev_ws/install/auv_bringup/share/auv_bringup/config/rover.rviz
-- Installing: /home/ubuntu/dev_ws/install/auv_bringup/share/auv_bringup/config/bridge.yaml
-- Installing: /home/ubuntu/dev_ws/install/auv_bringup/share/ament_index/resource_index/package_run_dependencies/auv_bringup
-- Installing: /home/ubuntu/dev_ws/install/auv_bringup/share/ament_index/resource_index/parent_prefix_path/auv_bringup
-- Installing: /home/ubuntu/dev_ws/install/auv_bringup/share/auv_bringup/environment/ament_prefix_path.sh
-- Installing: /home/ubuntu/dev_ws/install/auv_bringup/share/auv_bringup/environment/ament_prefix_path.dsv
-- Installing: /home/ubuntu/dev_ws/install/auv_bringup/share/auv_bringup/environment/path.sh
-- Installing: /home/ubuntu/dev_ws/install/auv_bringup/share/auv_bringup/environment/path.dsv
-- Installing: /home/ubuntu/dev_ws/install/auv_bringup/share/auv_bringup/local_setup.bash
-- Installing: /home/ubuntu/dev_ws/install/auv_bringup/share/auv_bringup/local_setup.sh
-- Installing: /home/ubuntu/dev_ws/install/auv_bringup/share/auv_bringup/local_setup.zsh
-- Installing: /home/ubuntu/dev_ws/install/auv_bringup/share/auv_bringup/local_setup.dsv
-- Installing: /home/ubuntu/dev_ws/install/auv_bringup/share/auv_bringup/package.dsv
-- Installing: /home/ubuntu/dev_ws/install/auv_bringup/share/ament_index/resource_index/packages/auv_bringup
-- Installing: /home/ubuntu/dev_ws/install/auv_bringup/share/auv_bringup/cmake/auv_bringupConfig.cmake
-- Installing: /home/ubuntu/dev_ws/install/auv_bringup/share/auv_bringup/cmake/auv_bringupConfig-version.cmake
-- Installing: /home/ubuntu/dev_ws/install/auv_bringup/share/auv_bringup/package.xml
