[0.161s] Invoking command in '/home/ubuntu/dev_ws/build/auv_gazebo': CMAKE_PREFIX_PATH=/opt/ros/humble /usr/bin/cmake /home/ubuntu/dev_ws/src/auv_gazebo -DCMAKE_INSTALL_PREFIX=/home/ubuntu/dev_ws/install/auv_gazebo
[0.177s] -- Looking for ignition-plugin1 -- found version 1.3.0
[0.177s] -- Searching for dependencies of ignition-plugin1
[0.177s] -- Searching for <ignition-plugin1> component [register]
[0.178s] -- Looking for ignition-plugin1-register -- found version 1.3.0
[0.178s] -- Searching for dependencies of ignition-plugin1-register
[0.178s] -- Looking for ignition-plugin1 - found
[0.178s] 
[0.179s] -- Looking for ignition-gazebo6 -- found version 6.11.0
[0.179s] -- Searching for dependencies of ignition-gazebo6
[0.179s] -- Looking for sdformat12 -- found version 12.5.0
[0.179s] -- Searching for dependencies of sdformat12
[0.183s] -- Checking for module 'tinyxml2'
[0.195s] --   Found tinyxml2, version 9.0.0
[0.224s] -- Looking for ignition-math6 -- found version 6.12.0
[0.224s] -- Searching for dependencies of ignition-math6
[0.225s] -- Looking for ignition-utils1 -- found version 1.4.0
[0.225s] -- Searching for dependencies of ignition-utils1
[0.226s] -- Looking for ignition-plugin1 -- found version 1.3.0
[0.227s] -- Searching for dependencies of ignition-plugin1
[0.227s] -- Searching for <ignition-plugin1> component [loader]
[0.227s] -- Looking for ignition-plugin1-loader -- found version 1.3.0
[0.227s] -- Searching for dependencies of ignition-plugin1-loader
[0.227s] -- Searching for <ignition-plugin1> component [register]
[0.228s] -- Looking for ignition-transport11 -- found version 11.2.0
[0.228s] -- Searching for dependencies of ignition-transport11
[0.276s] -- Config-file not installed for ZeroMQ -- checking for pkg-config
[0.277s] -- Checking for module 'libzmq >= 4'
[0.286s] --   Found libzmq , version 4.3.4
[0.321s] -- Checking for module 'uuid'
[0.331s] --   Found uuid, version 2.37.2
[0.360s] -- Looking for ignition-utils1 -- found version 1.4.0
[0.360s] -- Searching for dependencies of ignition-utils1
[0.360s] -- Searching for <ignition-utils1> component [cli]
[0.360s] -- Looking for ignition-utils1-cli -- found version 1.4.0
[0.361s] -- Searching for dependencies of ignition-utils1-cli
[0.361s] -- Looking for ignition-msgs8 -- found version 8.6.0
[0.362s] -- Searching for dependencies of ignition-msgs8
[0.384s] -- Looking for ignition-math6 -- found version 6.12.0
[0.403s] -- Searching for <ignition-transport11> component [log]
[0.403s] -- Looking for ignition-transport11-log -- found version 11.2.0
[0.404s] -- Searching for dependencies of ignition-transport11-log
[0.404s] -- Looking for ignition-msgs8 -- found version 8.6.0
[0.405s] -- Looking for ignition-common4 -- found version 4.5.2
[0.405s] -- Searching for dependencies of ignition-common4
[0.405s] -- Looking for dlfcn.h - found
[0.405s] -- Looking for libdl - found
[0.412s] -- Searching for <ignition-common4> component [profiler]
[0.412s] -- Looking for ignition-common4-profiler -- found version 4.5.2
[0.413s] -- Searching for dependencies of ignition-common4-profiler
[0.413s] -- Searching for <ignition-common4> component [events]
[0.413s] -- Looking for ignition-common4-events -- found version 4.5.2
[0.413s] -- Searching for dependencies of ignition-common4-events
[0.414s] -- Looking for ignition-math6 -- found version 6.12.0
[0.414s] -- Searching for <ignition-common4> component [av]
[0.414s] -- Looking for ignition-common4-av -- found version 4.5.2
[0.415s] -- Searching for dependencies of ignition-common4-av
[0.419s] -- Checking for module 'libswscale'
[0.430s] --   Found libswscale, version 5.9.100
[0.459s] -- Checking for module 'libavdevice >= 56.4.100'
[0.471s] --   Found libavdevice , version 58.13.100
[0.505s] -- Checking for module 'libavformat'
[0.516s] --   Found libavformat, version 58.76.100
[0.553s] -- Checking for module 'libavcodec'
[0.564s] --   Found libavcodec, version 58.134.100
[0.595s] -- Checking for module 'libavutil'
[0.605s] --   Found libavutil, version 56.70.100
[0.630s] -- Looking for ignition-fuel_tools7 -- found version 7.1.0
[0.630s] -- Searching for dependencies of ignition-fuel_tools7
[0.667s] -- Checking for module 'jsoncpp'
[0.678s] --   Found jsoncpp, version 1.9.5
[0.712s] -- Checking for module 'libzip'
[0.722s] --   Found libzip, version 1.7.3
[0.748s] -- Looking for ignition-common4 -- found version 4.5.2
[0.749s] -- Looking for ignition-math6 -- found version 6.12.0
[0.749s] -- Looking for ignition-msgs8 -- found version 8.6.0
[0.749s] -- Looking for ignition-gui6 -- found version 6.6.1
[0.750s] -- Searching for dependencies of ignition-gui6
[0.780s] -- Looking for ignition-math6 -- found version 6.12.0
[0.780s] -- Looking for ignition-common4 -- found version 4.5.2
[0.781s] -- Looking for ignition-plugin1 -- found version 1.3.0
[0.781s] -- Looking for ignition-transport11 -- found version 11.2.0
[0.781s] -- Looking for ignition-rendering6 -- found version 6.5.1
[0.782s] -- Searching for dependencies of ignition-rendering6
[0.782s] -- Looking for ignition-math6 -- found version 6.12.0
[0.782s] -- Searching for dependencies of ignition-math6
[0.782s] -- Searching for <ignition-math6> component [eigen3]
[0.783s] -- Looking for ignition-math6-eigen3 -- found version 6.12.0
[0.783s] -- Searching for dependencies of ignition-math6-eigen3
[0.784s] -- Looking for ignition-common4 -- found version 4.5.2
[0.784s] -- Searching for dependencies of ignition-common4
[0.784s] -- Looking for dlfcn.h - found
[0.784s] -- Looking for libdl - found
[0.791s] -- Searching for <ignition-common4> component [graphics]
[0.791s] -- Looking for ignition-common4-graphics -- found version 4.5.2
[0.792s] -- Searching for dependencies of ignition-common4-graphics
[0.792s] -- Looking for ignition-math6 -- found version 6.12.0
[0.792s] -- Looking for ignition-utils1 -- found version 1.4.0
[0.792s] -- Searching for <ignition-common4> component [events]
[0.793s] -- Looking for ignition-plugin1 -- found version 1.3.0
[0.793s] -- Searching for dependencies of ignition-plugin1
[0.793s] -- Searching for <ignition-plugin1> component [all]
[0.794s] -- Looking for all libraries of ignition-plugin1 -- found version 1.3.0
[0.794s] -- Looking for ignition-plugin1 -- found version 1.3.0
[0.795s] -- Looking for ignition-msgs8 -- found version 8.6.0
[0.806s] -- Looking for ignition-physics5 -- found version 5.2.0
[0.806s] -- Searching for dependencies of ignition-physics5
[0.806s] -- Looking for ignition-math6 -- found version 6.12.0
[0.807s] -- Looking for ignition-plugin1 -- found version 1.3.0
[0.807s] -- Looking for ignition-utils1 -- found version 1.4.0
[0.808s] -- Searching for <ignition-physics5> component [heightmap]
[0.808s] -- Looking for ignition-physics5-heightmap -- found version 5.2.0
[0.808s] -- Searching for dependencies of ignition-physics5-heightmap
[0.808s] -- Looking for ignition-common4 -- found version 4.5.2
[0.809s] -- Searching for <ignition-physics5> component [mesh]
[0.809s] -- Looking for ignition-physics5-mesh -- found version 5.2.0
[0.809s] -- Searching for dependencies of ignition-physics5-mesh
[0.810s] -- Looking for ignition-common4 -- found version 4.5.2
[0.810s] -- Searching for <ignition-physics5> component [sdf]
[0.810s] -- Looking for ignition-physics5-sdf -- found version 5.2.0
[0.810s] -- Searching for dependencies of ignition-physics5-sdf
[0.811s] -- Looking for sdformat12 -- found version 12.5.0
[0.811s] -- Looking for ignition-sensors6 -- found version 6.6.0
[0.812s] -- Searching for dependencies of ignition-sensors6
[0.834s] -- Looking for ignition-math6 -- found version 6.12.0
[0.835s] -- Looking for ignition-common4 -- found version 4.5.2
[0.835s] -- Looking for ignition-transport11 -- found version 11.2.0
[0.835s] -- Looking for ignition-rendering6 -- found version 6.5.1
[0.835s] -- Looking for ignition-msgs8 -- found version 8.6.0
[0.836s] -- Looking for sdformat12 -- found version 12.5.0
[0.836s] -- Searching for <ignition-sensors6> component [air_pressure]
[0.836s] -- Looking for ignition-sensors6-air_pressure -- found version 6.6.0
[0.837s] -- Searching for dependencies of ignition-sensors6-air_pressure
[0.837s] -- Searching for <ignition-sensors6> component [altimeter]
[0.837s] -- Looking for ignition-sensors6-altimeter -- found version 6.6.0
[0.838s] -- Searching for dependencies of ignition-sensors6-altimeter
[0.838s] -- Searching for <ignition-sensors6> component [imu]
[0.838s] -- Looking for ignition-sensors6-imu -- found version 6.6.0
[0.838s] -- Searching for dependencies of ignition-sensors6-imu
[0.839s] -- Searching for <ignition-sensors6> component [force_torque]
[0.839s] -- Looking for ignition-sensors6-force_torque -- found version 6.6.0
[0.839s] -- Searching for dependencies of ignition-sensors6-force_torque
[0.840s] -- Searching for <ignition-sensors6> component [logical_camera]
[0.840s] -- Looking for ignition-sensors6-logical_camera -- found version 6.6.0
[0.840s] -- Searching for dependencies of ignition-sensors6-logical_camera
[0.840s] -- Searching for <ignition-sensors6> component [magnetometer]
[0.841s] -- Looking for ignition-sensors6-magnetometer -- found version 6.6.0
[0.841s] -- Searching for dependencies of ignition-sensors6-magnetometer
[0.841s] -- Searching for <ignition-sensors6> component [navsat]
[0.842s] -- Looking for ignition-sensors6-navsat -- found version 6.6.0
[0.842s] -- Searching for dependencies of ignition-sensors6-navsat
[0.842s] -- Searching for <ignition-sensors6> component [rendering]
[0.843s] -- Looking for ignition-sensors6-rendering -- found version 6.6.0
[0.843s] -- Searching for dependencies of ignition-sensors6-rendering
[0.843s] -- Searching for <ignition-sensors6> component [lidar]
[0.843s] -- Looking for ignition-sensors6-lidar -- found version 6.6.0
[0.844s] -- Searching for dependencies of ignition-sensors6-lidar
[0.844s] -- Searching for <ignition-sensors6> component [gpu_lidar]
[0.844s] -- Looking for ignition-sensors6-gpu_lidar -- found version 6.6.0
[0.845s] -- Searching for dependencies of ignition-sensors6-gpu_lidar
[0.845s] -- Searching for <ignition-sensors6> component [camera]
[0.845s] -- Looking for ignition-sensors6-camera -- found version 6.6.0
[0.845s] -- Searching for dependencies of ignition-sensors6-camera
[0.846s] -- Searching for <ignition-sensors6> component [boundingbox_camera]
[0.846s] -- Looking for ignition-sensors6-boundingbox_camera -- found version 6.6.0
[0.846s] -- Searching for dependencies of ignition-sensors6-boundingbox_camera
[0.847s] -- Searching for <ignition-sensors6> component [segmentation_camera]
[0.847s] -- Looking for ignition-sensors6-segmentation_camera -- found version 6.6.0
[0.847s] -- Searching for dependencies of ignition-sensors6-segmentation_camera
[0.847s] -- Searching for <ignition-sensors6> component [depth_camera]
[0.848s] -- Looking for ignition-sensors6-depth_camera -- found version 6.6.0
[0.848s] -- Searching for dependencies of ignition-sensors6-depth_camera
[0.848s] -- Searching for <ignition-sensors6> component [rgbd_camera]
[0.848s] -- Looking for ignition-sensors6-rgbd_camera -- found version 6.6.0
[0.849s] -- Searching for dependencies of ignition-sensors6-rgbd_camera
[0.849s] -- Searching for <ignition-sensors6> component [thermal_camera]
[0.849s] -- Looking for ignition-sensors6-thermal_camera -- found version 6.6.0
[0.850s] -- Searching for dependencies of ignition-sensors6-thermal_camera
[0.850s] -- Looking for ignition-rendering6 -- found version 6.5.1
[0.850s] -- Looking for ignition-math6 -- found version 6.12.0
[0.851s] -- Looking for ignition-utils1 -- found version 1.4.0
[0.872s] -- Looking for ignition-gazebo6 - found
[0.872s] 
[0.872s] -- Configuring done
[0.874s] [33mCMake Warning (dev) at CMakeLists.txt:13 (add_library):
[0.874s]   Policy CMP0115 is not set: Source file extensions must be explicit.  Run
[0.874s]   "cmake --help-policy CMP0115" for policy details.  Use the cmake_policy
[0.875s]   command to set the policy and suppress this warning.
[0.875s] 
[0.875s]   File:
[0.875s] 
[0.875s]     /home/ubuntu/dev_ws/src/auv_gazebo/HelloWorld.cc
[0.875s] This warning is for project developers.  Use -Wno-dev to suppress it.
[0.875s] [0m
[0.885s] -- Generating done
[0.887s] -- Build files have been written to: /home/ubuntu/dev_ws/build/auv_gazebo
[0.892s] Invoked command in '/home/ubuntu/dev_ws/build/auv_gazebo' returned '0': CMAKE_PREFIX_PATH=/opt/ros/humble /usr/bin/cmake /home/ubuntu/dev_ws/src/auv_gazebo -DCMAKE_INSTALL_PREFIX=/home/ubuntu/dev_ws/install/auv_gazebo
[0.893s] Invoking command in '/home/ubuntu/dev_ws/build/auv_gazebo': CMAKE_PREFIX_PATH=/opt/ros/humble /usr/bin/cmake --build /home/ubuntu/dev_ws/build/auv_gazebo -- -j5 -l5
[0.935s] [ 50%] [32mBuilding CXX object CMakeFiles/HelloWorld.dir/HelloWorld.cc.o[0m
[0.991s] [01m[K/home/ubuntu/dev_ws/src/auv_gazebo/HelloWorld.cc:21:10:[m[K [01;31m[Kfatal error: [m[Kgz/common/Console.hh: No such file or directory
[0.991s]    21 | #include [01;31m[K<gz/common/Console.hh>[m[K
[0.991s]       |          [01;31m[K^~~~~~~~~~~~~~~~~~~~~~[m[K
[0.991s] compilation terminated.
[0.993s] gmake[2]: *** [CMakeFiles/HelloWorld.dir/build.make:76: CMakeFiles/HelloWorld.dir/HelloWorld.cc.o] Error 1
[0.993s] gmake[1]: *** [CMakeFiles/Makefile2:83: CMakeFiles/HelloWorld.dir/all] Error 2
[0.993s] gmake: *** [Makefile:91: all] Error 2
[0.995s] Invoked command in '/home/ubuntu/dev_ws/build/auv_gazebo' returned '2': CMAKE_PREFIX_PATH=/opt/ros/humble /usr/bin/cmake --build /home/ubuntu/dev_ws/build/auv_gazebo -- -j5 -l5
