-- Install configuration: ""
-- Up-to-date: /home/ubuntu/dev_ws/install/auv_description/share/auv_description/model
-- Up-to-date: /home/ubuntu/dev_ws/install/auv_description/share/auv_description/model/auv.xacro
-- Up-to-date: /home/ubuntu/dev_ws/install/auv_description/share/auv_description/model/inertial_macros.xacro
-- Up-to-date: /home/ubuntu/dev_ws/install/auv_description/share/auv_description/model/materials.xacro
-- Up-to-date: /home/ubuntu/dev_ws/install/auv_description/share/auv_description/environment/auv_description.dsv
-- Up-to-date: /home/ubuntu/dev_ws/install/auv_description/share/auv_description/environment/auv_description.sh
-- Up-to-date: /home/ubuntu/dev_ws/install/auv_description/share/ament_index/resource_index/package_run_dependencies/auv_description
-- Up-to-date: /home/ubuntu/dev_ws/install/auv_description/share/ament_index/resource_index/parent_prefix_path/auv_description
-- Up-to-date: /home/ubuntu/dev_ws/install/auv_description/share/auv_description/environment/ament_prefix_path.sh
-- Up-to-date: /home/ubuntu/dev_ws/install/auv_description/share/auv_description/environment/ament_prefix_path.dsv
-- Up-to-date: /home/ubuntu/dev_ws/install/auv_description/share/auv_description/environment/path.sh
-- Up-to-date: /home/ubuntu/dev_ws/install/auv_description/share/auv_description/environment/path.dsv
-- Up-to-date: /home/ubuntu/dev_ws/install/auv_description/share/auv_description/local_setup.bash
-- Up-to-date: /home/ubuntu/dev_ws/install/auv_description/share/auv_description/local_setup.sh
-- Up-to-date: /home/ubuntu/dev_ws/install/auv_description/share/auv_description/local_setup.zsh
-- Up-to-date: /home/ubuntu/dev_ws/install/auv_description/share/auv_description/local_setup.dsv
-- Installing: /home/ubuntu/dev_ws/install/auv_description/share/auv_description/package.dsv
-- Up-to-date: /home/ubuntu/dev_ws/install/auv_description/share/ament_index/resource_index/packages/auv_description
-- Up-to-date: /home/ubuntu/dev_ws/install/auv_description/share/auv_description/cmake/auv_descriptionConfig.cmake
-- Up-to-date: /home/ubuntu/dev_ws/install/auv_description/share/auv_description/cmake/auv_descriptionConfig-version.cmake
-- Up-to-date: /home/ubuntu/dev_ws/install/auv_description/share/auv_description/package.xml
