[0.475s] Invoking command in '/home/ubuntu/dev_ws/build/auv_app': PYTHONPATH=/home/ubuntu/dev_ws/build/auv_app/prefix_override:/home/ubuntu/dev_ws/install/auv_app/lib/python3.10/site-packages:${PYTHONPATH} /usr/bin/python3 setup.py develop --uninstall --editable --build-directory /home/ubuntu/dev_ws/build/auv_app/build
[0.632s] running develop
[0.632s] /usr/lib/python3/dist-packages/setuptools/command/easy_install.py:158: EasyInstallDeprecationWarning: easy_install command is deprecated. Use build and pip and other standards-based tools.
[0.632s]   warnings.warn(
[0.665s] /usr/lib/python3/dist-packages/pkg_resources/__init__.py:116: PkgResourcesDeprecationWarning: 1.16.0-unknown is an invalid version and will not be supported in a future release
[0.665s]   warnings.warn(
[0.666s] /usr/lib/python3/dist-packages/pkg_resources/__init__.py:116: PkgResourcesDeprecationWarning: 0.1.43ubuntu1 is an invalid version and will not be supported in a future release
[0.666s]   warnings.warn(
[0.666s] /usr/lib/python3/dist-packages/pkg_resources/__init__.py:116: PkgResourcesDeprecationWarning: 1.1build1 is an invalid version and will not be supported in a future release
[0.666s]   warnings.warn(
[0.746s] Invoked command in '/home/ubuntu/dev_ws/build/auv_app' returned '0': PYTHONPATH=/home/ubuntu/dev_ws/build/auv_app/prefix_override:/home/ubuntu/dev_ws/install/auv_app/lib/python3.10/site-packages:${PYTHONPATH} /usr/bin/python3 setup.py develop --uninstall --editable --build-directory /home/ubuntu/dev_ws/build/auv_app/build
[0.747s] Invoking command in '/home/ubuntu/dev_ws/src/auv_app': PYTHONPATH=/home/ubuntu/dev_ws/build/auv_app/prefix_override:/home/ubuntu/dev_ws/install/auv_app/lib/python3.10/site-packages:${PYTHONPATH} /usr/bin/python3 setup.py egg_info --egg-base ../../build/auv_app build --build-base /home/ubuntu/dev_ws/build/auv_app/build install --record /home/ubuntu/dev_ws/build/auv_app/install.log --single-version-externally-managed
[0.888s] running egg_info
[0.888s] writing ../../build/auv_app/auv_app.egg-info/PKG-INFO
[0.889s] writing dependency_links to ../../build/auv_app/auv_app.egg-info/dependency_links.txt
[0.889s] writing entry points to ../../build/auv_app/auv_app.egg-info/entry_points.txt
[0.889s] writing requirements to ../../build/auv_app/auv_app.egg-info/requires.txt
[0.889s] writing top-level names to ../../build/auv_app/auv_app.egg-info/top_level.txt
[0.890s] reading manifest file '../../build/auv_app/auv_app.egg-info/SOURCES.txt'
[0.891s] writing manifest file '../../build/auv_app/auv_app.egg-info/SOURCES.txt'
[0.891s] running build
[0.891s] running build_py
[0.891s] copying auv_app/pose_estimator.py -> /home/ubuntu/dev_ws/build/auv_app/build/lib/auv_app
[0.891s] running install
[0.891s] running install_lib
[0.892s] copying /home/ubuntu/dev_ws/build/auv_app/build/lib/auv_app/pose_estimator.py -> /home/ubuntu/dev_ws/install/auv_app/lib/python3.10/site-packages/auv_app
[0.892s] byte-compiling /home/ubuntu/dev_ws/install/auv_app/lib/python3.10/site-packages/auv_app/pose_estimator.py to pose_estimator.cpython-310.pyc
[0.893s] running install_data
[0.893s] running install_egg_info
[0.895s] removing '/home/ubuntu/dev_ws/install/auv_app/lib/python3.10/site-packages/auv_app-0.0.0-py3.10.egg-info' (and everything under it)
[0.895s] Copying ../../build/auv_app/auv_app.egg-info to /home/ubuntu/dev_ws/install/auv_app/lib/python3.10/site-packages/auv_app-0.0.0-py3.10.egg-info
[0.896s] running install_scripts
[0.911s] Installing pose_estimator script to /home/ubuntu/dev_ws/install/auv_app/lib/auv_app
[0.911s] writing list of installed files to '/home/ubuntu/dev_ws/build/auv_app/install.log'
[0.930s] Invoked command in '/home/ubuntu/dev_ws/src/auv_app' returned '0': PYTHONPATH=/home/ubuntu/dev_ws/build/auv_app/prefix_override:/home/ubuntu/dev_ws/install/auv_app/lib/python3.10/site-packages:${PYTHONPATH} /usr/bin/python3 setup.py egg_info --egg-base ../../build/auv_app build --build-base /home/ubuntu/dev_ws/build/auv_app/build install --record /home/ubuntu/dev_ws/build/auv_app/install.log --single-version-externally-managed
