[0.230s] DEBUG:colcon:Command line arguments: ['/usr/bin/colcon', 'build']
[0.230s] DEBUG:colcon:Parsed command line arguments: Namespace(log_base=None, log_level=None, verb_name='build', build_base='build', install_base='install', merge_install=False, symlink_install=False, test_result_base=None, continue_on_error=False, executor='parallel', parallel_workers=5, event_handlers=None, ignore_user_meta=False, metas=['./colcon.meta'], base_paths=['.'], packages_ignore=None, packages_ignore_regex=None, paths=None, packages_up_to=None, packages_up_to_regex=None, packages_above=None, packages_above_and_dependencies=None, packages_above_depth=None, packages_select_by_dep=None, packages_skip_by_dep=None, packages_skip_up_to=None, packages_select_build_failed=False, packages_skip_build_finished=False, packages_select_test_failures=False, packages_skip_test_passed=False, packages_select=None, packages_skip=None, packages_select_regex=None, packages_skip_regex=None, packages_start=None, packages_end=None, allow_overriding=[], cmake_args=None, cmake_target=None, cmake_target_skip_unavailable=False, cmake_clean_cache=False, cmake_clean_first=False, cmake_force_configure=False, ament_cmake_args=None, catkin_cmake_args=None, catkin_skip_building_tests=False, verb_parser=<colcon_defaults.argument_parser.defaults.DefaultArgumentsDecorator object at 0xffff86023ee0>, verb_extension=<colcon_core.verb.build.BuildVerb object at 0xffff85f960b0>, main=<bound method BuildVerb.main of <colcon_core.verb.build.BuildVerb object at 0xffff85f960b0>>)
[0.254s] Level 1:colcon.colcon_core.package_discovery:discover_packages(colcon_meta) check parameters
[0.254s] Level 1:colcon.colcon_core.package_discovery:discover_packages(recursive) check parameters
[0.254s] Level 1:colcon.colcon_core.package_discovery:discover_packages(ignore) check parameters
[0.254s] Level 1:colcon.colcon_core.package_discovery:discover_packages(path) check parameters
[0.254s] Level 1:colcon.colcon_core.package_discovery:discover_packages(colcon_meta) discover
[0.254s] Level 1:colcon.colcon_core.package_discovery:discover_packages(recursive) discover
[0.254s] INFO:colcon.colcon_core.package_discovery:Crawling recursively for packages in '/home/ubuntu/dev_ws'
[0.254s] Level 1:colcon.colcon_core.package_identification:_identify(.) by extensions ['ignore', 'ignore_ament_install']
[0.254s] Level 1:colcon.colcon_core.package_identification:_identify(.) by extension 'ignore'
[0.254s] Level 1:colcon.colcon_core.package_identification:_identify(.) by extension 'ignore_ament_install'
[0.254s] Level 1:colcon.colcon_core.package_identification:_identify(.) by extensions ['colcon_pkg']
[0.254s] Level 1:colcon.colcon_core.package_identification:_identify(.) by extension 'colcon_pkg'
[0.254s] Level 1:colcon.colcon_core.package_identification:_identify(.) by extensions ['colcon_meta']
[0.254s] Level 1:colcon.colcon_core.package_identification:_identify(.) by extension 'colcon_meta'
[0.254s] Level 1:colcon.colcon_core.package_identification:_identify(.) by extensions ['ros']
[0.254s] Level 1:colcon.colcon_core.package_identification:_identify(.) by extension 'ros'
[0.265s] Level 1:colcon.colcon_core.package_identification:_identify(.) by extensions ['cmake', 'python']
[0.265s] Level 1:colcon.colcon_core.package_identification:_identify(.) by extension 'cmake'
[0.265s] Level 1:colcon.colcon_core.package_identification:_identify(.) by extension 'python'
[0.265s] Level 1:colcon.colcon_core.package_identification:_identify(.) by extensions ['python_setup_py']
[0.265s] Level 1:colcon.colcon_core.package_identification:_identify(.) by extension 'python_setup_py'
[0.266s] Level 1:colcon.colcon_core.package_identification:_identify(build) by extensions ['ignore', 'ignore_ament_install']
[0.266s] Level 1:colcon.colcon_core.package_identification:_identify(build) by extension 'ignore'
[0.266s] Level 1:colcon.colcon_core.package_identification:_identify(build) ignored
[0.266s] Level 1:colcon.colcon_core.package_identification:_identify(install) by extensions ['ignore', 'ignore_ament_install']
[0.266s] Level 1:colcon.colcon_core.package_identification:_identify(install) by extension 'ignore'
[0.266s] Level 1:colcon.colcon_core.package_identification:_identify(install) ignored
[0.266s] Level 1:colcon.colcon_core.package_identification:_identify(log) by extensions ['ignore', 'ignore_ament_install']
[0.266s] Level 1:colcon.colcon_core.package_identification:_identify(log) by extension 'ignore'
[0.266s] Level 1:colcon.colcon_core.package_identification:_identify(log) ignored
[0.266s] Level 1:colcon.colcon_core.package_identification:_identify(src) by extensions ['ignore', 'ignore_ament_install']
[0.266s] Level 1:colcon.colcon_core.package_identification:_identify(src) by extension 'ignore'
[0.266s] Level 1:colcon.colcon_core.package_identification:_identify(src) by extension 'ignore_ament_install'
[0.266s] Level 1:colcon.colcon_core.package_identification:_identify(src) by extensions ['colcon_pkg']
[0.266s] Level 1:colcon.colcon_core.package_identification:_identify(src) by extension 'colcon_pkg'
[0.266s] Level 1:colcon.colcon_core.package_identification:_identify(src) by extensions ['colcon_meta']
[0.266s] Level 1:colcon.colcon_core.package_identification:_identify(src) by extension 'colcon_meta'
[0.266s] Level 1:colcon.colcon_core.package_identification:_identify(src) by extensions ['ros']
[0.266s] Level 1:colcon.colcon_core.package_identification:_identify(src) by extension 'ros'
[0.266s] Level 1:colcon.colcon_core.package_identification:_identify(src) by extensions ['cmake', 'python']
[0.266s] Level 1:colcon.colcon_core.package_identification:_identify(src) by extension 'cmake'
[0.266s] Level 1:colcon.colcon_core.package_identification:_identify(src) by extension 'python'
[0.266s] Level 1:colcon.colcon_core.package_identification:_identify(src) by extensions ['python_setup_py']
[0.266s] Level 1:colcon.colcon_core.package_identification:_identify(src) by extension 'python_setup_py'
[0.267s] Level 1:colcon.colcon_core.package_identification:_identify(src/auv_app) by extensions ['ignore', 'ignore_ament_install']
[0.267s] Level 1:colcon.colcon_core.package_identification:_identify(src/auv_app) by extension 'ignore'
[0.267s] Level 1:colcon.colcon_core.package_identification:_identify(src/auv_app) by extension 'ignore_ament_install'
[0.267s] Level 1:colcon.colcon_core.package_identification:_identify(src/auv_app) by extensions ['colcon_pkg']
[0.267s] Level 1:colcon.colcon_core.package_identification:_identify(src/auv_app) by extension 'colcon_pkg'
[0.267s] Level 1:colcon.colcon_core.package_identification:_identify(src/auv_app) by extensions ['colcon_meta']
[0.267s] Level 1:colcon.colcon_core.package_identification:_identify(src/auv_app) by extension 'colcon_meta'
[0.267s] Level 1:colcon.colcon_core.package_identification:_identify(src/auv_app) by extensions ['ros']
[0.267s] Level 1:colcon.colcon_core.package_identification:_identify(src/auv_app) by extension 'ros'
[0.269s] DEBUG:colcon.colcon_core.package_identification:Package 'src/auv_app' with type 'ros.ament_python' and name 'auv_app'
[0.269s] Level 1:colcon.colcon_core.package_identification:_identify(src/auv_bringup) by extensions ['ignore', 'ignore_ament_install']
[0.269s] Level 1:colcon.colcon_core.package_identification:_identify(src/auv_bringup) by extension 'ignore'
[0.269s] Level 1:colcon.colcon_core.package_identification:_identify(src/auv_bringup) by extension 'ignore_ament_install'
[0.269s] Level 1:colcon.colcon_core.package_identification:_identify(src/auv_bringup) by extensions ['colcon_pkg']
[0.269s] Level 1:colcon.colcon_core.package_identification:_identify(src/auv_bringup) by extension 'colcon_pkg'
[0.269s] Level 1:colcon.colcon_core.package_identification:_identify(src/auv_bringup) by extensions ['colcon_meta']
[0.269s] Level 1:colcon.colcon_core.package_identification:_identify(src/auv_bringup) by extension 'colcon_meta'
[0.269s] Level 1:colcon.colcon_core.package_identification:_identify(src/auv_bringup) by extensions ['ros']
[0.269s] Level 1:colcon.colcon_core.package_identification:_identify(src/auv_bringup) by extension 'ros'
[0.269s] DEBUG:colcon.colcon_core.package_identification:Package 'src/auv_bringup' with type 'ros.ament_cmake' and name 'auv_bringup'
[0.269s] Level 1:colcon.colcon_core.package_identification:_identify(src/auv_description) by extensions ['ignore', 'ignore_ament_install']
[0.269s] Level 1:colcon.colcon_core.package_identification:_identify(src/auv_description) by extension 'ignore'
[0.269s] Level 1:colcon.colcon_core.package_identification:_identify(src/auv_description) by extension 'ignore_ament_install'
[0.269s] Level 1:colcon.colcon_core.package_identification:_identify(src/auv_description) by extensions ['colcon_pkg']
[0.269s] Level 1:colcon.colcon_core.package_identification:_identify(src/auv_description) by extension 'colcon_pkg'
[0.270s] Level 1:colcon.colcon_core.package_identification:_identify(src/auv_description) by extensions ['colcon_meta']
[0.270s] Level 1:colcon.colcon_core.package_identification:_identify(src/auv_description) by extension 'colcon_meta'
[0.270s] Level 1:colcon.colcon_core.package_identification:_identify(src/auv_description) by extensions ['ros']
[0.270s] Level 1:colcon.colcon_core.package_identification:_identify(src/auv_description) by extension 'ros'
[0.270s] DEBUG:colcon.colcon_core.package_identification:Package 'src/auv_description' with type 'ros.ament_cmake' and name 'auv_description'
[0.270s] Level 1:colcon.colcon_core.package_identification:_identify(src/auv_gazebo) by extensions ['ignore', 'ignore_ament_install']
[0.270s] Level 1:colcon.colcon_core.package_identification:_identify(src/auv_gazebo) by extension 'ignore'
[0.270s] Level 1:colcon.colcon_core.package_identification:_identify(src/auv_gazebo) by extension 'ignore_ament_install'
[0.270s] Level 1:colcon.colcon_core.package_identification:_identify(src/auv_gazebo) by extensions ['colcon_pkg']
[0.270s] Level 1:colcon.colcon_core.package_identification:_identify(src/auv_gazebo) by extension 'colcon_pkg'
[0.270s] Level 1:colcon.colcon_core.package_identification:_identify(src/auv_gazebo) by extensions ['colcon_meta']
[0.270s] Level 1:colcon.colcon_core.package_identification:_identify(src/auv_gazebo) by extension 'colcon_meta'
[0.270s] Level 1:colcon.colcon_core.package_identification:_identify(src/auv_gazebo) by extensions ['ros']
[0.270s] Level 1:colcon.colcon_core.package_identification:_identify(src/auv_gazebo) by extension 'ros'
[0.270s] DEBUG:colcon.colcon_core.package_identification:Package 'src/auv_gazebo' with type 'ros.ament_cmake' and name 'auv_gazebo'
[0.270s] Level 1:colcon.colcon_core.package_discovery:discover_packages(recursive) using defaults
[0.271s] Level 1:colcon.colcon_core.package_discovery:discover_packages(ignore) discover
[0.271s] Level 1:colcon.colcon_core.package_discovery:discover_packages(ignore) using defaults
[0.271s] Level 1:colcon.colcon_core.package_discovery:discover_packages(path) discover
[0.271s] Level 1:colcon.colcon_core.package_discovery:discover_packages(path) using defaults
[0.289s] Level 1:colcon.colcon_core.package_discovery:discover_packages(prefix_path) check parameters
[0.289s] Level 1:colcon.colcon_core.package_discovery:discover_packages(prefix_path) discover
[0.291s] DEBUG:colcon.colcon_installed_package_information.package_discovery:Found 304 installed packages in /opt/ros/humble
[0.293s] Level 1:colcon.colcon_core.package_discovery:discover_packages(prefix_path) using defaults
[0.340s] Level 5:colcon.colcon_core.verb:set package 'auv_app' build argument 'cmake_args' from command line to 'None'
[0.340s] Level 5:colcon.colcon_core.verb:set package 'auv_app' build argument 'cmake_target' from command line to 'None'
[0.340s] Level 5:colcon.colcon_core.verb:set package 'auv_app' build argument 'cmake_target_skip_unavailable' from command line to 'False'
[0.340s] Level 5:colcon.colcon_core.verb:set package 'auv_app' build argument 'cmake_clean_cache' from command line to 'False'
[0.340s] Level 5:colcon.colcon_core.verb:set package 'auv_app' build argument 'cmake_clean_first' from command line to 'False'
[0.340s] Level 5:colcon.colcon_core.verb:set package 'auv_app' build argument 'cmake_force_configure' from command line to 'False'
[0.340s] Level 5:colcon.colcon_core.verb:set package 'auv_app' build argument 'ament_cmake_args' from command line to 'None'
[0.340s] Level 5:colcon.colcon_core.verb:set package 'auv_app' build argument 'catkin_cmake_args' from command line to 'None'
[0.340s] Level 5:colcon.colcon_core.verb:set package 'auv_app' build argument 'catkin_skip_building_tests' from command line to 'False'
[0.340s] DEBUG:colcon.colcon_core.verb:Building package 'auv_app' with the following arguments: {'ament_cmake_args': None, 'build_base': '/home/ubuntu/dev_ws/build/auv_app', 'catkin_cmake_args': None, 'catkin_skip_building_tests': False, 'cmake_args': None, 'cmake_clean_cache': False, 'cmake_clean_first': False, 'cmake_force_configure': False, 'cmake_target': None, 'cmake_target_skip_unavailable': False, 'install_base': '/home/ubuntu/dev_ws/install/auv_app', 'merge_install': False, 'path': '/home/ubuntu/dev_ws/src/auv_app', 'symlink_install': False, 'test_result_base': None}
[0.341s] Level 5:colcon.colcon_core.verb:set package 'auv_bringup' build argument 'cmake_args' from command line to 'None'
[0.341s] Level 5:colcon.colcon_core.verb:set package 'auv_bringup' build argument 'cmake_target' from command line to 'None'
[0.341s] Level 5:colcon.colcon_core.verb:set package 'auv_bringup' build argument 'cmake_target_skip_unavailable' from command line to 'False'
[0.341s] Level 5:colcon.colcon_core.verb:set package 'auv_bringup' build argument 'cmake_clean_cache' from command line to 'False'
[0.341s] Level 5:colcon.colcon_core.verb:set package 'auv_bringup' build argument 'cmake_clean_first' from command line to 'False'
[0.341s] Level 5:colcon.colcon_core.verb:set package 'auv_bringup' build argument 'cmake_force_configure' from command line to 'False'
[0.341s] Level 5:colcon.colcon_core.verb:set package 'auv_bringup' build argument 'ament_cmake_args' from command line to 'None'
[0.341s] Level 5:colcon.colcon_core.verb:set package 'auv_bringup' build argument 'catkin_cmake_args' from command line to 'None'
[0.341s] Level 5:colcon.colcon_core.verb:set package 'auv_bringup' build argument 'catkin_skip_building_tests' from command line to 'False'
[0.341s] DEBUG:colcon.colcon_core.verb:Building package 'auv_bringup' with the following arguments: {'ament_cmake_args': None, 'build_base': '/home/ubuntu/dev_ws/build/auv_bringup', 'catkin_cmake_args': None, 'catkin_skip_building_tests': False, 'cmake_args': None, 'cmake_clean_cache': False, 'cmake_clean_first': False, 'cmake_force_configure': False, 'cmake_target': None, 'cmake_target_skip_unavailable': False, 'install_base': '/home/ubuntu/dev_ws/install/auv_bringup', 'merge_install': False, 'path': '/home/ubuntu/dev_ws/src/auv_bringup', 'symlink_install': False, 'test_result_base': None}
[0.341s] Level 5:colcon.colcon_core.verb:set package 'auv_description' build argument 'cmake_args' from command line to 'None'
[0.342s] Level 5:colcon.colcon_core.verb:set package 'auv_description' build argument 'cmake_target' from command line to 'None'
[0.342s] Level 5:colcon.colcon_core.verb:set package 'auv_description' build argument 'cmake_target_skip_unavailable' from command line to 'False'
[0.342s] Level 5:colcon.colcon_core.verb:set package 'auv_description' build argument 'cmake_clean_cache' from command line to 'False'
[0.342s] Level 5:colcon.colcon_core.verb:set package 'auv_description' build argument 'cmake_clean_first' from command line to 'False'
[0.342s] Level 5:colcon.colcon_core.verb:set package 'auv_description' build argument 'cmake_force_configure' from command line to 'False'
[0.342s] Level 5:colcon.colcon_core.verb:set package 'auv_description' build argument 'ament_cmake_args' from command line to 'None'
[0.342s] Level 5:colcon.colcon_core.verb:set package 'auv_description' build argument 'catkin_cmake_args' from command line to 'None'
[0.342s] Level 5:colcon.colcon_core.verb:set package 'auv_description' build argument 'catkin_skip_building_tests' from command line to 'False'
[0.342s] DEBUG:colcon.colcon_core.verb:Building package 'auv_description' with the following arguments: {'ament_cmake_args': None, 'build_base': '/home/ubuntu/dev_ws/build/auv_description', 'catkin_cmake_args': None, 'catkin_skip_building_tests': False, 'cmake_args': None, 'cmake_clean_cache': False, 'cmake_clean_first': False, 'cmake_force_configure': False, 'cmake_target': None, 'cmake_target_skip_unavailable': False, 'install_base': '/home/ubuntu/dev_ws/install/auv_description', 'merge_install': False, 'path': '/home/ubuntu/dev_ws/src/auv_description', 'symlink_install': False, 'test_result_base': None}
[0.342s] Level 5:colcon.colcon_core.verb:set package 'auv_gazebo' build argument 'cmake_args' from command line to 'None'
[0.342s] Level 5:colcon.colcon_core.verb:set package 'auv_gazebo' build argument 'cmake_target' from command line to 'None'
[0.342s] Level 5:colcon.colcon_core.verb:set package 'auv_gazebo' build argument 'cmake_target_skip_unavailable' from command line to 'False'
[0.342s] Level 5:colcon.colcon_core.verb:set package 'auv_gazebo' build argument 'cmake_clean_cache' from command line to 'False'
[0.342s] Level 5:colcon.colcon_core.verb:set package 'auv_gazebo' build argument 'cmake_clean_first' from command line to 'False'
[0.342s] Level 5:colcon.colcon_core.verb:set package 'auv_gazebo' build argument 'cmake_force_configure' from command line to 'False'
[0.342s] Level 5:colcon.colcon_core.verb:set package 'auv_gazebo' build argument 'ament_cmake_args' from command line to 'None'
[0.342s] Level 5:colcon.colcon_core.verb:set package 'auv_gazebo' build argument 'catkin_cmake_args' from command line to 'None'
[0.342s] Level 5:colcon.colcon_core.verb:set package 'auv_gazebo' build argument 'catkin_skip_building_tests' from command line to 'False'
[0.342s] DEBUG:colcon.colcon_core.verb:Building package 'auv_gazebo' with the following arguments: {'ament_cmake_args': None, 'build_base': '/home/ubuntu/dev_ws/build/auv_gazebo', 'catkin_cmake_args': None, 'catkin_skip_building_tests': False, 'cmake_args': None, 'cmake_clean_cache': False, 'cmake_clean_first': False, 'cmake_force_configure': False, 'cmake_target': None, 'cmake_target_skip_unavailable': False, 'install_base': '/home/ubuntu/dev_ws/install/auv_gazebo', 'merge_install': False, 'path': '/home/ubuntu/dev_ws/src/auv_gazebo', 'symlink_install': False, 'test_result_base': None}
[0.343s] INFO:colcon.colcon_core.executor:Executing jobs using 'parallel' executor
[0.344s] DEBUG:colcon.colcon_parallel_executor.executor.parallel:run_until_complete
[0.344s] INFO:colcon.colcon_ros.task.ament_python.build:Building ROS package in '/home/ubuntu/dev_ws/src/auv_app' with build type 'ament_python'
[0.345s] Level 1:colcon.colcon_core.shell:create_environment_hook('auv_app', 'ament_prefix_path')
[0.347s] INFO:colcon.colcon_core.plugin_system:Skipping extension 'colcon_core.shell.bat': Not used on non-Windows systems
[0.348s] INFO:colcon.colcon_core.shell:Creating environment hook '/home/ubuntu/dev_ws/install/auv_app/share/auv_app/hook/ament_prefix_path.ps1'
[0.348s] INFO:colcon.colcon_core.shell:Creating environment descriptor '/home/ubuntu/dev_ws/install/auv_app/share/auv_app/hook/ament_prefix_path.dsv'
[0.349s] INFO:colcon.colcon_core.shell:Creating environment hook '/home/ubuntu/dev_ws/install/auv_app/share/auv_app/hook/ament_prefix_path.sh'
[0.350s] INFO:colcon.colcon_core.shell:Skip shell extension 'powershell' for command environment: Not usable outside of PowerShell
[0.350s] DEBUG:colcon.colcon_core.shell:Skip shell extension 'dsv' for command environment
[0.352s] INFO:colcon.colcon_ros.task.ament_cmake.build:Building ROS package in '/home/ubuntu/dev_ws/src/auv_bringup' with build type 'ament_cmake'
[0.352s] INFO:colcon.colcon_cmake.task.cmake.build:Building CMake package in '/home/ubuntu/dev_ws/src/auv_bringup'
[0.353s] INFO:colcon.colcon_core.shell:Skip shell extension 'powershell' for command environment: Not usable outside of PowerShell
[0.353s] DEBUG:colcon.colcon_core.shell:Skip shell extension 'dsv' for command environment
[0.355s] INFO:colcon.colcon_ros.task.ament_cmake.build:Building ROS package in '/home/ubuntu/dev_ws/src/auv_description' with build type 'ament_cmake'
[0.356s] INFO:colcon.colcon_cmake.task.cmake.build:Building CMake package in '/home/ubuntu/dev_ws/src/auv_description'
[0.356s] INFO:colcon.colcon_core.shell:Skip shell extension 'powershell' for command environment: Not usable outside of PowerShell
[0.356s] DEBUG:colcon.colcon_core.shell:Skip shell extension 'dsv' for command environment
[0.359s] INFO:colcon.colcon_ros.task.ament_cmake.build:Building ROS package in '/home/ubuntu/dev_ws/src/auv_gazebo' with build type 'ament_cmake'
[0.359s] INFO:colcon.colcon_cmake.task.cmake.build:Building CMake package in '/home/ubuntu/dev_ws/src/auv_gazebo'
[0.360s] INFO:colcon.colcon_core.shell:Skip shell extension 'powershell' for command environment: Not usable outside of PowerShell
[0.360s] DEBUG:colcon.colcon_core.shell:Skip shell extension 'dsv' for command environment
[0.529s] INFO:colcon.colcon_core.task.python.build:Building Python package in '/home/ubuntu/dev_ws/src/auv_app'
[0.530s] INFO:colcon.colcon_core.shell:Skip shell extension 'powershell' for command environment: Not usable outside of PowerShell
[0.530s] DEBUG:colcon.colcon_core.shell:Skip shell extension 'dsv' for command environment
[0.536s] DEBUG:colcon.colcon_core.event_handler.log_command:Invoking command in '/home/ubuntu/dev_ws/build/auv_bringup': CMAKE_PREFIX_PATH=/opt/ros/humble /usr/bin/cmake --build /home/ubuntu/dev_ws/build/auv_bringup -- -j5 -l5
[0.538s] DEBUG:colcon.colcon_core.event_handler.log_command:Invoking command in '/home/ubuntu/dev_ws/build/auv_description': CMAKE_PREFIX_PATH=/opt/ros/humble /usr/bin/cmake /home/ubuntu/dev_ws/src/auv_description -DCMAKE_INSTALL_PREFIX=/home/ubuntu/dev_ws/install/auv_description
[0.542s] DEBUG:colcon.colcon_core.event_handler.log_command:Invoking command in '/home/ubuntu/dev_ws/build/auv_gazebo': CMAKE_PREFIX_PATH=/opt/ros/humble /usr/bin/cmake /home/ubuntu/dev_ws/src/auv_gazebo -DCMAKE_INSTALL_PREFIX=/home/ubuntu/dev_ws/install/auv_gazebo
[0.585s] DEBUG:colcon.colcon_core.event_handler.log_command:Invoked command in '/home/ubuntu/dev_ws/build/auv_bringup' returned '0': CMAKE_PREFIX_PATH=/opt/ros/humble /usr/bin/cmake --build /home/ubuntu/dev_ws/build/auv_bringup -- -j5 -l5
[0.618s] DEBUG:colcon.colcon_core.event_handler.log_command:Invoking command in '/home/ubuntu/dev_ws/build/auv_bringup': CMAKE_PREFIX_PATH=/opt/ros/humble /usr/bin/cmake --install /home/ubuntu/dev_ws/build/auv_bringup
[0.631s] Level 1:colcon.colcon_core.environment:create_environment_scripts_only(auv_bringup)
[0.631s] DEBUG:colcon.colcon_core.event_handler.log_command:Invoked command in '/home/ubuntu/dev_ws/build/auv_bringup' returned '0': CMAKE_PREFIX_PATH=/opt/ros/humble /usr/bin/cmake --install /home/ubuntu/dev_ws/build/auv_bringup
[0.635s] Level 1:colcon.colcon_core.environment:checking '/home/ubuntu/dev_ws/install/auv_bringup' for CMake module files
[0.635s] Level 1:colcon.colcon_core.environment:checking '/home/ubuntu/dev_ws/install/auv_bringup' for CMake config files
[0.636s] Level 1:colcon.colcon_core.shell:create_environment_hook('auv_bringup', 'cmake_prefix_path')
[0.636s] INFO:colcon.colcon_core.shell:Creating environment hook '/home/ubuntu/dev_ws/install/auv_bringup/share/auv_bringup/hook/cmake_prefix_path.ps1'
[0.637s] INFO:colcon.colcon_core.shell:Creating environment descriptor '/home/ubuntu/dev_ws/install/auv_bringup/share/auv_bringup/hook/cmake_prefix_path.dsv'
[0.637s] INFO:colcon.colcon_core.shell:Creating environment hook '/home/ubuntu/dev_ws/install/auv_bringup/share/auv_bringup/hook/cmake_prefix_path.sh'
[0.637s] Level 1:colcon.colcon_core.environment:checking '/home/ubuntu/dev_ws/install/auv_bringup/bin'
[0.637s] Level 1:colcon.colcon_core.environment:checking '/home/ubuntu/dev_ws/install/auv_bringup/lib/pkgconfig/auv_bringup.pc'
[0.638s] Level 1:colcon.colcon_core.environment:checking '/home/ubuntu/dev_ws/install/auv_bringup/lib/python3.10/site-packages'
[0.638s] Level 1:colcon.colcon_core.environment:checking '/home/ubuntu/dev_ws/install/auv_bringup/bin'
[0.638s] INFO:colcon.colcon_core.shell:Creating package script '/home/ubuntu/dev_ws/install/auv_bringup/share/auv_bringup/package.ps1'
[0.639s] INFO:colcon.colcon_core.shell:Creating package descriptor '/home/ubuntu/dev_ws/install/auv_bringup/share/auv_bringup/package.dsv'
[0.639s] INFO:colcon.colcon_core.shell:Creating package script '/home/ubuntu/dev_ws/install/auv_bringup/share/auv_bringup/package.sh'
[0.640s] INFO:colcon.colcon_core.shell:Creating package script '/home/ubuntu/dev_ws/install/auv_bringup/share/auv_bringup/package.bash'
[0.640s] INFO:colcon.colcon_core.shell:Creating package script '/home/ubuntu/dev_ws/install/auv_bringup/share/auv_bringup/package.zsh'
[0.641s] Level 1:colcon.colcon_core.environment:create_file_with_runtime_dependencies(/home/ubuntu/dev_ws/install/auv_bringup/share/colcon-core/packages/auv_bringup)
[0.671s] Level 1:colcon.colcon_core.environment:create_environment_scripts_only(auv_bringup)
[0.672s] Level 1:colcon.colcon_core.environment:checking '/home/ubuntu/dev_ws/install/auv_bringup' for CMake module files
[0.673s] Level 1:colcon.colcon_core.environment:checking '/home/ubuntu/dev_ws/install/auv_bringup' for CMake config files
[0.673s] Level 1:colcon.colcon_core.shell:create_environment_hook('auv_bringup', 'cmake_prefix_path')
[0.674s] INFO:colcon.colcon_core.shell:Creating environment hook '/home/ubuntu/dev_ws/install/auv_bringup/share/auv_bringup/hook/cmake_prefix_path.ps1'
[0.674s] INFO:colcon.colcon_core.shell:Creating environment descriptor '/home/ubuntu/dev_ws/install/auv_bringup/share/auv_bringup/hook/cmake_prefix_path.dsv'
[0.674s] INFO:colcon.colcon_core.shell:Creating environment hook '/home/ubuntu/dev_ws/install/auv_bringup/share/auv_bringup/hook/cmake_prefix_path.sh'
[0.675s] Level 1:colcon.colcon_core.environment:checking '/home/ubuntu/dev_ws/install/auv_bringup/bin'
[0.675s] Level 1:colcon.colcon_core.environment:checking '/home/ubuntu/dev_ws/install/auv_bringup/lib/pkgconfig/auv_bringup.pc'
[0.675s] Level 1:colcon.colcon_core.environment:checking '/home/ubuntu/dev_ws/install/auv_bringup/lib/python3.10/site-packages'
[0.675s] Level 1:colcon.colcon_core.environment:checking '/home/ubuntu/dev_ws/install/auv_bringup/bin'
[0.676s] INFO:colcon.colcon_core.shell:Creating package script '/home/ubuntu/dev_ws/install/auv_bringup/share/auv_bringup/package.ps1'
[0.677s] INFO:colcon.colcon_core.shell:Creating package descriptor '/home/ubuntu/dev_ws/install/auv_bringup/share/auv_bringup/package.dsv'
[0.678s] INFO:colcon.colcon_core.shell:Creating package script '/home/ubuntu/dev_ws/install/auv_bringup/share/auv_bringup/package.sh'
[0.678s] INFO:colcon.colcon_core.shell:Creating package script '/home/ubuntu/dev_ws/install/auv_bringup/share/auv_bringup/package.bash'
[0.678s] INFO:colcon.colcon_core.shell:Creating package script '/home/ubuntu/dev_ws/install/auv_bringup/share/auv_bringup/package.zsh'
[0.679s] Level 1:colcon.colcon_core.environment:create_file_with_runtime_dependencies(/home/ubuntu/dev_ws/install/auv_bringup/share/colcon-core/packages/auv_bringup)
[0.700s] DEBUG:colcon.colcon_core.event_handler.log_command:Invoked command in '/home/ubuntu/dev_ws/build/auv_gazebo' returned '1': CMAKE_PREFIX_PATH=/opt/ros/humble /usr/bin/cmake /home/ubuntu/dev_ws/src/auv_gazebo -DCMAKE_INSTALL_PREFIX=/home/ubuntu/dev_ws/install/auv_gazebo
[0.712s] Level 1:colcon.colcon_core.environment:create_environment_scripts_only(auv_gazebo)
[0.713s] Level 1:colcon.colcon_core.environment:checking '/home/ubuntu/dev_ws/install/auv_gazebo' for CMake module files
[0.713s] Level 1:colcon.colcon_core.environment:checking '/home/ubuntu/dev_ws/install/auv_gazebo' for CMake config files
[0.713s] Level 1:colcon.colcon_core.environment:checking '/home/ubuntu/dev_ws/install/auv_gazebo/bin'
[0.714s] Level 1:colcon.colcon_core.environment:checking '/home/ubuntu/dev_ws/install/auv_gazebo/lib/pkgconfig/auv_gazebo.pc'
[0.714s] Level 1:colcon.colcon_core.environment:checking '/home/ubuntu/dev_ws/install/auv_gazebo/lib/python3.10/site-packages'
[0.714s] Level 1:colcon.colcon_core.environment:checking '/home/ubuntu/dev_ws/install/auv_gazebo/bin'
[0.714s] INFO:colcon.colcon_core.shell:Creating package script '/home/ubuntu/dev_ws/install/auv_gazebo/share/auv_gazebo/package.ps1'
[0.715s] INFO:colcon.colcon_core.shell:Creating package descriptor '/home/ubuntu/dev_ws/install/auv_gazebo/share/auv_gazebo/package.dsv'
[0.715s] INFO:colcon.colcon_core.shell:Creating package script '/home/ubuntu/dev_ws/install/auv_gazebo/share/auv_gazebo/package.sh'
[0.715s] INFO:colcon.colcon_core.shell:Creating package script '/home/ubuntu/dev_ws/install/auv_gazebo/share/auv_gazebo/package.bash'
[0.715s] INFO:colcon.colcon_core.shell:Creating package script '/home/ubuntu/dev_ws/install/auv_gazebo/share/auv_gazebo/package.zsh'
[0.715s] Level 1:colcon.colcon_core.environment:create_file_with_runtime_dependencies(/home/ubuntu/dev_ws/install/auv_gazebo/share/colcon-core/packages/auv_gazebo)
[0.771s] DEBUG:colcon.colcon_parallel_executor.executor.parallel:closing loop
[0.771s] DEBUG:colcon.colcon_parallel_executor.executor.parallel:loop closed
[0.771s] DEBUG:colcon.colcon_parallel_executor.executor.parallel:run_until_complete finished with '1'
[0.771s] DEBUG:colcon.colcon_core.event_reactor:joining thread
[0.776s] INFO:colcon.colcon_core.plugin_system:Skipping extension 'colcon_notification.desktop_notification.terminal_notifier': Not used on non-Darwin systems
[0.776s] INFO:colcon.colcon_core.plugin_system:Skipping extension 'colcon_notification.desktop_notification.win32': Not used on non-Windows systems
[0.776s] INFO:colcon.colcon_notification.desktop_notification:Sending desktop notification using 'notify2'
[0.998s] DEBUG:colcon.colcon_core.event_reactor:joined thread
[1.000s] INFO:colcon.colcon_core.shell:Creating prefix script '/home/ubuntu/dev_ws/install/local_setup.ps1'
[1.001s] INFO:colcon.colcon_core.shell:Creating prefix util module '/home/ubuntu/dev_ws/install/_local_setup_util_ps1.py'
[1.002s] INFO:colcon.colcon_core.shell:Creating prefix chain script '/home/ubuntu/dev_ws/install/setup.ps1'
[1.003s] INFO:colcon.colcon_core.shell:Creating prefix script '/home/ubuntu/dev_ws/install/local_setup.sh'
[1.004s] INFO:colcon.colcon_core.shell:Creating prefix util module '/home/ubuntu/dev_ws/install/_local_setup_util_sh.py'
[1.004s] INFO:colcon.colcon_core.shell:Creating prefix chain script '/home/ubuntu/dev_ws/install/setup.sh'
[1.005s] INFO:colcon.colcon_core.shell:Creating prefix script '/home/ubuntu/dev_ws/install/local_setup.bash'
[1.005s] INFO:colcon.colcon_core.shell:Creating prefix chain script '/home/ubuntu/dev_ws/install/setup.bash'
[1.006s] INFO:colcon.colcon_core.shell:Creating prefix script '/home/ubuntu/dev_ws/install/local_setup.zsh'
[1.006s] INFO:colcon.colcon_core.shell:Creating prefix chain script '/home/ubuntu/dev_ws/install/setup.zsh'
