[0.018s] Invoking command in '/home/ubuntu/dev_ws/build/ros_gz_example_gazebo': CMAKE_PREFIX_PATH=/opt/ros/humble /usr/bin/cmake /home/ubuntu/dev_ws/src/ros_gz_example_gazebo -DBUILD_TESTING=ON -DCMAKE_INSTALL_PREFIX=/home/ubuntu/dev_ws/install/ros_gz_example_gazebo
[0.029s] -- Found ament_cmake: 1.3.4 (/opt/ros/humble/share/ament_cmake/cmake)
[0.145s] [31mCMake Error at CMakeLists.txt:7 (find_package):
[0.145s]   By not providing "Findgz-cmake3.cmake" in CMAKE_MODULE_PATH this project
[0.145s]   has asked CMake to find a package configuration file provided by
[0.145s]   "gz-cmake3", but CMake did not find one.
[0.145s] 
[0.145s]   Could not find a package configuration file provided by "gz-cmake3" with
[0.145s]   any of the following names:
[0.145s] 
[0.145s]     gz-cmake3Config.cmake
[0.145s]     gz-cmake3-config.cmake
[0.146s] 
[0.146s]   Add the installation prefix of "gz-cmake3" to CMAKE_PREFIX_PATH or set
[0.146s]   "gz-cmake3_DIR" to a directory containing one of the above files.  If
[0.146s]   "gz-cmake3" provides a separate development package or SDK, be sure it has
[0.146s]   been installed.
[0.146s] 
[0.146s] [0m
[0.146s] -- Configuring incomplete, errors occurred!
[0.146s] See also "/home/ubuntu/dev_ws/build/ros_gz_example_gazebo/CMakeFiles/CMakeOutput.log".
[0.148s] Invoked command in '/home/ubuntu/dev_ws/build/ros_gz_example_gazebo' returned '1': CMAKE_PREFIX_PATH=/opt/ros/humble /usr/bin/cmake /home/ubuntu/dev_ws/src/ros_gz_example_gazebo -DBUILD_TESTING=ON -DCMAKE_INSTALL_PREFIX=/home/ubuntu/dev_ws/install/ros_gz_example_gazebo
