[0.164s] Invoking command in '/home/ubuntu/dev_ws/build/auv_bringup': CMAKE_PREFIX_PATH=/opt/ros/humble /usr/bin/cmake --build /home/ubuntu/dev_ws/build/auv_bringup -- -j5 -l5
[0.184s] -- Found ament_cmake: 1.3.4 (/opt/ros/humble/share/ament_cmake/cmake)
[0.293s] -- Found ament_lint_auto: 0.12.6 (/opt/ros/humble/share/ament_lint_auto/cmake)
[0.338s] -- Configuring done
[0.341s] -- Generating done
[0.342s] -- Build files have been written to: /home/ubuntu/dev_ws/build/auv_bringup
[0.364s] Invoked command in '/home/ubuntu/dev_ws/build/auv_bringup' returned '0': CMAKE_PREFIX_PATH=/opt/ros/humble /usr/bin/cmake --build /home/ubuntu/dev_ws/build/auv_bringup -- -j5 -l5
[0.388s] Invoking command in '/home/ubuntu/dev_ws/build/auv_bringup': CMAKE_PREFIX_PATH=/opt/ros/humble /usr/bin/cmake --install /home/ubuntu/dev_ws/build/auv_bringup
[0.394s] -- Install configuration: ""
[0.394s] -- Up-to-date: /home/ubuntu/dev_ws/install/auv_bringup/share/auv_bringup/launch
[0.394s] -- Up-to-date: /home/ubuntu/dev_ws/install/auv_bringup/share/auv_bringup/launch/auv.launch.py
[0.395s] -- Up-to-date: /home/ubuntu/dev_ws/install/auv_bringup/share/auv_bringup/config
[0.395s] -- Up-to-date: /home/ubuntu/dev_ws/install/auv_bringup/share/auv_bringup/config/ros_gz_example_bridge.yaml
[0.396s] -- Up-to-date: /home/ubuntu/dev_ws/install/auv_bringup/share/auv_bringup/config/rover.rviz
[0.396s] -- Up-to-date: /home/ubuntu/dev_ws/install/auv_bringup/share/auv_bringup/config/bridge.yaml
[0.396s] -- Up-to-date: /home/ubuntu/dev_ws/install/auv_bringup/share/ament_index/resource_index/package_run_dependencies/auv_bringup
[0.396s] -- Up-to-date: /home/ubuntu/dev_ws/install/auv_bringup/share/ament_index/resource_index/parent_prefix_path/auv_bringup
[0.396s] -- Up-to-date: /home/ubuntu/dev_ws/install/auv_bringup/share/auv_bringup/environment/ament_prefix_path.sh
[0.396s] -- Installing: /home/ubuntu/dev_ws/install/auv_bringup/share/auv_bringup/environment/ament_prefix_path.dsv
[0.396s] -- Up-to-date: /home/ubuntu/dev_ws/install/auv_bringup/share/auv_bringup/environment/path.sh
[0.397s] -- Installing: /home/ubuntu/dev_ws/install/auv_bringup/share/auv_bringup/environment/path.dsv
[0.397s] -- Up-to-date: /home/ubuntu/dev_ws/install/auv_bringup/share/auv_bringup/local_setup.bash
[0.397s] -- Up-to-date: /home/ubuntu/dev_ws/install/auv_bringup/share/auv_bringup/local_setup.sh
[0.397s] -- Up-to-date: /home/ubuntu/dev_ws/install/auv_bringup/share/auv_bringup/local_setup.zsh
[0.397s] -- Installing: /home/ubuntu/dev_ws/install/auv_bringup/share/auv_bringup/local_setup.dsv
[0.397s] -- Installing: /home/ubuntu/dev_ws/install/auv_bringup/share/auv_bringup/package.dsv
[0.397s] -- Up-to-date: /home/ubuntu/dev_ws/install/auv_bringup/share/ament_index/resource_index/packages/auv_bringup
[0.397s] -- Up-to-date: /home/ubuntu/dev_ws/install/auv_bringup/share/auv_bringup/cmake/auv_bringupConfig.cmake
[0.397s] -- Up-to-date: /home/ubuntu/dev_ws/install/auv_bringup/share/auv_bringup/cmake/auv_bringupConfig-version.cmake
[0.398s] -- Up-to-date: /home/ubuntu/dev_ws/install/auv_bringup/share/auv_bringup/package.xml
[0.399s] Invoked command in '/home/ubuntu/dev_ws/build/auv_bringup' returned '0': CMAKE_PREFIX_PATH=/opt/ros/humble /usr/bin/cmake --install /home/ubuntu/dev_ws/build/auv_bringup
