[0.160s] Invoking command in '/home/ubuntu/dev_ws/build/auv_gazebo': /usr/bin/cmake --build /home/ubuntu/dev_ws/build/auv_gazebo -- -j5 -l5
[0.180s] [33mCMake Warning (dev) in CMakeLists.txt:
[0.180s]   No project() command is present.  The top-level CMakeLists.txt file must
[0.180s]   contain a literal, direct call to the project() command.  Add a line of
[0.180s]   code such as
[0.180s] 
[0.180s]     project(ProjectName)
[0.180s] 
[0.180s]   near the top of the file, but after cmake_minimum_required().
[0.180s] 
[0.180s]   CMake is pretending there is a "project(Project)" command on the first
[0.181s]   line.
[0.181s] This warning is for project developers.  Use -Wno-dev to suppress it.
[0.181s] [0m
[0.185s] [31mCMake Error at CMakeLists.txt:1 (gz_add_system):
[0.185s]   Unknown CMake command "gz_add_system".
[0.185s] 
[0.185s] [0m
[0.185s] [33mCMake Warning (dev) in CMakeLists.txt:
[0.185s]   No cmake_minimum_required command is present.  A line of code such as
[0.185s] 
[0.185s]     cmake_minimum_required(VERSION 3.22)
[0.185s] 
[0.185s]   should be added at the top of the file.  The version specified may be lower
[0.185s]   if you wish to support older CMake versions for this project.  For more
[0.185s]   information run "cmake --help-policy CMP0000".
[0.185s] This warning is for project developers.  Use -Wno-dev to suppress it.
[0.185s] [0m
[0.185s] -- Configuring incomplete, errors occurred!
[0.185s] See also "/home/ubuntu/dev_ws/build/auv_gazebo/CMakeFiles/CMakeOutput.log".
[0.187s] gmake: *** [Makefile:179: cmake_check_build_system] Error 1
[0.190s] Invoked command in '/home/ubuntu/dev_ws/build/auv_gazebo' returned '2': /usr/bin/cmake --build /home/ubuntu/dev_ws/build/auv_gazebo -- -j5 -l5
