[0.164s] Invoking command in '/home/ubuntu/dev_ws/build/auv_gazebo': CMAKE_PREFIX_PATH=/opt/ros/humble /usr/bin/cmake --build /home/ubuntu/dev_ws/build/auv_gazebo -- -j5 -l5
[0.187s] -- Looking for ignition-plugin1 -- found version 1.3.0
[0.187s] -- Searching for dependencies of ignition-plugin1
[0.187s] -- Searching for <ignition-plugin1> component [register]
[0.188s] -- Looking for ignition-plugin1-register -- found version 1.3.0
[0.188s] -- Searching for dependencies of ignition-plugin1-register
[0.188s] -- Looking for ignition-plugin1 - found
[0.188s] 
[0.189s] -- Looking for ignition-gazebo6 -- found version 6.11.0
[0.189s] -- Searching for dependencies of ignition-gazebo6
[0.190s] -- Looking for sdformat12 -- found version 12.5.0
[0.190s] -- Searching for dependencies of sdformat12
[0.194s] -- Checking for module 'tinyxml2'
[0.210s] --   Found tinyxml2, version 9.0.0
[0.242s] -- Looking for ignition-math6 -- found version 6.12.0
[0.242s] -- Searching for dependencies of ignition-math6
[0.243s] -- Looking for ignition-utils1 -- found version 1.4.0
[0.243s] -- Searching for dependencies of ignition-utils1
[0.244s] -- Looking for ignition-plugin1 -- found version 1.3.0
[0.244s] -- Searching for dependencies of ignition-plugin1
[0.244s] -- Searching for <ignition-plugin1> component [loader]
[0.245s] -- Looking for ignition-plugin1-loader -- found version 1.3.0
[0.245s] -- Searching for dependencies of ignition-plugin1-loader
[0.248s] -- Searching for <ignition-plugin1> component [register]
[0.248s] -- Looking for ignition-transport11 -- found version 11.2.0
[0.248s] -- Searching for dependencies of ignition-transport11
[0.297s] -- Config-file not installed for ZeroMQ -- checking for pkg-config
[0.300s] -- Checking for module 'libzmq >= 4'
[0.312s] --   Found libzmq , version 4.3.4
[0.350s] -- Checking for module 'uuid'
[0.361s] --   Found uuid, version 2.37.2
[0.391s] -- Looking for ignition-utils1 -- found version 1.4.0
[0.391s] -- Searching for dependencies of ignition-utils1
[0.391s] -- Searching for <ignition-utils1> component [cli]
[0.391s] -- Looking for ignition-utils1-cli -- found version 1.4.0
[0.391s] -- Searching for dependencies of ignition-utils1-cli
[0.391s] -- Looking for ignition-msgs8 -- found version 8.6.0
[0.391s] -- Searching for dependencies of ignition-msgs8
[0.415s] -- Looking for ignition-math6 -- found version 6.12.0
[0.434s] -- Searching for <ignition-transport11> component [log]
[0.434s] -- Looking for ignition-transport11-log -- found version 11.2.0
[0.435s] -- Searching for dependencies of ignition-transport11-log
[0.435s] -- Looking for ignition-msgs8 -- found version 8.6.0
[0.436s] -- Looking for ignition-common4 -- found version 4.5.2
[0.436s] -- Searching for dependencies of ignition-common4
[0.436s] -- Looking for dlfcn.h - found
[0.436s] -- Looking for libdl - found
[0.443s] -- Searching for <ignition-common4> component [profiler]
[0.444s] -- Looking for ignition-common4-profiler -- found version 4.5.2
[0.444s] -- Searching for dependencies of ignition-common4-profiler
[0.444s] -- Searching for <ignition-common4> component [events]
[0.445s] -- Looking for ignition-common4-events -- found version 4.5.2
[0.445s] -- Searching for dependencies of ignition-common4-events
[0.445s] -- Looking for ignition-math6 -- found version 6.12.0
[0.445s] -- Searching for <ignition-common4> component [av]
[0.446s] -- Looking for ignition-common4-av -- found version 4.5.2
[0.446s] -- Searching for dependencies of ignition-common4-av
[0.450s] -- Checking for module 'libswscale'
[0.461s] --   Found libswscale, version 5.9.100
[0.493s] -- Checking for module 'libavdevice >= 56.4.100'
[0.503s] --   Found libavdevice , version 58.13.100
[0.538s] -- Checking for module 'libavformat'
[0.549s] --   Found libavformat, version 58.76.100
[0.582s] -- Checking for module 'libavcodec'
[0.592s] --   Found libavcodec, version 58.134.100
[0.624s] -- Checking for module 'libavutil'
[0.634s] --   Found libavutil, version 56.70.100
[0.665s] -- Looking for ignition-fuel_tools7 -- found version 7.1.0
[0.666s] -- Searching for dependencies of ignition-fuel_tools7
[0.705s] -- Checking for module 'jsoncpp'
[0.716s] --   Found jsoncpp, version 1.9.5
[0.753s] -- Checking for module 'libzip'
[0.764s] --   Found libzip, version 1.7.3
[0.798s] -- Looking for ignition-common4 -- found version 4.5.2
[0.798s] -- Looking for ignition-math6 -- found version 6.12.0
[0.798s] -- Looking for ignition-msgs8 -- found version 8.6.0
[0.799s] -- Looking for ignition-gui6 -- found version 6.6.1
[0.799s] -- Searching for dependencies of ignition-gui6
[0.828s] -- Looking for ignition-math6 -- found version 6.12.0
[0.828s] -- Looking for ignition-common4 -- found version 4.5.2
[0.828s] -- Looking for ignition-plugin1 -- found version 1.3.0
[0.829s] -- Looking for ignition-transport11 -- found version 11.2.0
[0.829s] -- Looking for ignition-rendering6 -- found version 6.5.1
[0.829s] -- Searching for dependencies of ignition-rendering6
[0.830s] -- Looking for ignition-math6 -- found version 6.12.0
[0.830s] -- Searching for dependencies of ignition-math6
[0.830s] -- Searching for <ignition-math6> component [eigen3]
[0.830s] -- Looking for ignition-math6-eigen3 -- found version 6.12.0
[0.830s] -- Searching for dependencies of ignition-math6-eigen3
[0.831s] -- Looking for ignition-common4 -- found version 4.5.2
[0.832s] -- Searching for dependencies of ignition-common4
[0.832s] -- Looking for dlfcn.h - found
[0.832s] -- Looking for libdl - found
[0.838s] -- Searching for <ignition-common4> component [graphics]
[0.839s] -- Looking for ignition-common4-graphics -- found version 4.5.2
[0.839s] -- Searching for dependencies of ignition-common4-graphics
[0.839s] -- Looking for ignition-math6 -- found version 6.12.0
[0.839s] -- Looking for ignition-utils1 -- found version 1.4.0
[0.840s] -- Searching for <ignition-common4> component [events]
[0.840s] -- Looking for ignition-plugin1 -- found version 1.3.0
[0.841s] -- Searching for dependencies of ignition-plugin1
[0.841s] -- Searching for <ignition-plugin1> component [all]
[0.841s] -- Looking for all libraries of ignition-plugin1 -- found version 1.3.0
[0.841s] -- Looking for ignition-plugin1 -- found version 1.3.0
[0.843s] -- Looking for ignition-msgs8 -- found version 8.6.0
[0.854s] -- Looking for ignition-physics5 -- found version 5.2.0
[0.854s] -- Searching for dependencies of ignition-physics5
[0.854s] -- Looking for ignition-math6 -- found version 6.12.0
[0.855s] -- Looking for ignition-plugin1 -- found version 1.3.0
[0.855s] -- Looking for ignition-utils1 -- found version 1.4.0
[0.856s] -- Searching for <ignition-physics5> component [heightmap]
[0.856s] -- Looking for ignition-physics5-heightmap -- found version 5.2.0
[0.856s] -- Searching for dependencies of ignition-physics5-heightmap
[0.856s] -- Looking for ignition-common4 -- found version 4.5.2
[0.857s] -- Searching for <ignition-physics5> component [mesh]
[0.857s] -- Looking for ignition-physics5-mesh -- found version 5.2.0
[0.857s] -- Searching for dependencies of ignition-physics5-mesh
[0.857s] -- Looking for ignition-common4 -- found version 4.5.2
[0.858s] -- Searching for <ignition-physics5> component [sdf]
[0.858s] -- Looking for ignition-physics5-sdf -- found version 5.2.0
[0.858s] -- Searching for dependencies of ignition-physics5-sdf
[0.858s] -- Looking for sdformat12 -- found version 12.5.0
[0.859s] -- Looking for ignition-sensors6 -- found version 6.6.0
[0.859s] -- Searching for dependencies of ignition-sensors6
[0.881s] -- Looking for ignition-math6 -- found version 6.12.0
[0.882s] -- Looking for ignition-common4 -- found version 4.5.2
[0.882s] -- Looking for ignition-transport11 -- found version 11.2.0
[0.882s] -- Looking for ignition-rendering6 -- found version 6.5.1
[0.883s] -- Looking for ignition-msgs8 -- found version 8.6.0
[0.883s] -- Looking for sdformat12 -- found version 12.5.0
[0.883s] -- Searching for <ignition-sensors6> component [air_pressure]
[0.884s] -- Looking for ignition-sensors6-air_pressure -- found version 6.6.0
[0.884s] -- Searching for dependencies of ignition-sensors6-air_pressure
[0.884s] -- Searching for <ignition-sensors6> component [altimeter]
[0.885s] -- Looking for ignition-sensors6-altimeter -- found version 6.6.0
[0.885s] -- Searching for dependencies of ignition-sensors6-altimeter
[0.885s] -- Searching for <ignition-sensors6> component [imu]
[0.885s] -- Looking for ignition-sensors6-imu -- found version 6.6.0
[0.886s] -- Searching for dependencies of ignition-sensors6-imu
[0.886s] -- Searching for <ignition-sensors6> component [force_torque]
[0.886s] -- Looking for ignition-sensors6-force_torque -- found version 6.6.0
[0.887s] -- Searching for dependencies of ignition-sensors6-force_torque
[0.887s] -- Searching for <ignition-sensors6> component [logical_camera]
[0.887s] -- Looking for ignition-sensors6-logical_camera -- found version 6.6.0
[0.887s] -- Searching for dependencies of ignition-sensors6-logical_camera
[0.888s] -- Searching for <ignition-sensors6> component [magnetometer]
[0.889s] -- Looking for ignition-sensors6-magnetometer -- found version 6.6.0
[0.890s] -- Searching for dependencies of ignition-sensors6-magnetometer
[0.890s] -- Searching for <ignition-sensors6> component [navsat]
[0.890s] -- Looking for ignition-sensors6-navsat -- found version 6.6.0
[0.890s] -- Searching for dependencies of ignition-sensors6-navsat
[0.890s] -- Searching for <ignition-sensors6> component [rendering]
[0.890s] -- Looking for ignition-sensors6-rendering -- found version 6.6.0
[0.890s] -- Searching for dependencies of ignition-sensors6-rendering
[0.891s] -- Searching for <ignition-sensors6> component [lidar]
[0.891s] -- Looking for ignition-sensors6-lidar -- found version 6.6.0
[0.891s] -- Searching for dependencies of ignition-sensors6-lidar
[0.892s] -- Searching for <ignition-sensors6> component [gpu_lidar]
[0.892s] -- Looking for ignition-sensors6-gpu_lidar -- found version 6.6.0
[0.892s] -- Searching for dependencies of ignition-sensors6-gpu_lidar
[0.893s] -- Searching for <ignition-sensors6> component [camera]
[0.893s] -- Looking for ignition-sensors6-camera -- found version 6.6.0
[0.893s] -- Searching for dependencies of ignition-sensors6-camera
[0.893s] -- Searching for <ignition-sensors6> component [boundingbox_camera]
[0.894s] -- Looking for ignition-sensors6-boundingbox_camera -- found version 6.6.0
[0.894s] -- Searching for dependencies of ignition-sensors6-boundingbox_camera
[0.894s] -- Searching for <ignition-sensors6> component [segmentation_camera]
[0.895s] -- Looking for ignition-sensors6-segmentation_camera -- found version 6.6.0
[0.895s] -- Searching for dependencies of ignition-sensors6-segmentation_camera
[0.895s] -- Searching for <ignition-sensors6> component [depth_camera]
[0.895s] -- Looking for ignition-sensors6-depth_camera -- found version 6.6.0
[0.896s] -- Searching for dependencies of ignition-sensors6-depth_camera
[0.896s] -- Searching for <ignition-sensors6> component [rgbd_camera]
[0.896s] -- Looking for ignition-sensors6-rgbd_camera -- found version 6.6.0
[0.897s] -- Searching for dependencies of ignition-sensors6-rgbd_camera
[0.897s] -- Searching for <ignition-sensors6> component [thermal_camera]
[0.897s] -- Looking for ignition-sensors6-thermal_camera -- found version 6.6.0
[0.897s] -- Searching for dependencies of ignition-sensors6-thermal_camera
[0.898s] -- Looking for ignition-rendering6 -- found version 6.5.1
[0.898s] -- Looking for ignition-math6 -- found version 6.12.0
[0.899s] -- Looking for ignition-utils1 -- found version 1.4.0
[0.921s] -- Looking for ignition-gazebo6 - found
[0.922s] 
[0.922s] -- Configuring done
[0.924s] [33mCMake Warning (dev) at CMakeLists.txt:13 (add_library):
[0.924s]   Policy CMP0115 is not set: Source file extensions must be explicit.  Run
[0.924s]   "cmake --help-policy CMP0115" for policy details.  Use the cmake_policy
[0.924s]   command to set the policy and suppress this warning.
[0.924s] 
[0.924s]   File:
[0.924s] 
[0.924s]     /home/ubuntu/dev_ws/src/auv_gazebo/src/HelloWorld.cc
[0.924s] This warning is for project developers.  Use -Wno-dev to suppress it.
[0.924s] [0m
[0.929s] -- Generating done
[0.931s] -- Build files have been written to: /home/ubuntu/dev_ws/build/auv_gazebo
[0.953s] [35m[1mConsolidate compiler generated dependencies of target HelloWorld[0m
[0.967s] [100%] Built target HelloWorld
[0.978s] Invoked command in '/home/ubuntu/dev_ws/build/auv_gazebo' returned '0': CMAKE_PREFIX_PATH=/opt/ros/humble /usr/bin/cmake --build /home/ubuntu/dev_ws/build/auv_gazebo -- -j5 -l5
[1.000s] Invoking command in '/home/ubuntu/dev_ws/build/auv_gazebo': CMAKE_PREFIX_PATH=/opt/ros/humble /usr/bin/cmake --install /home/ubuntu/dev_ws/build/auv_gazebo
[1.006s] -- Install configuration: ""
[1.006s] -- Installing: /home/ubuntu/dev_ws/install/auv_gazebo/share/auv_gazebo/worlds
[1.006s] -- Installing: /home/ubuntu/dev_ws/install/auv_gazebo/share/auv_gazebo/worlds/world.sdf
[1.006s] -- Installing: /home/ubuntu/dev_ws/install/auv_gazebo/share/auv_gazebo/worlds/hello_world_plugin.sdf
[1.008s] Invoked command in '/home/ubuntu/dev_ws/build/auv_gazebo' returned '0': CMAKE_PREFIX_PATH=/opt/ros/humble /usr/bin/cmake --install /home/ubuntu/dev_ws/build/auv_gazebo
