[0.158s] Invoking command in '/home/ubuntu/dev_ws/build/auv_gazebo': CMAKE_PREFIX_PATH=/opt/ros/humble /usr/bin/cmake --build /home/ubuntu/dev_ws/build/auv_gazebo -- -j5 -l5
[0.183s] -- Looking for ignition-plugin1 -- found version 1.3.0
[0.183s] -- Searching for dependencies of ignition-plugin1
[0.183s] -- Searching for <ignition-plugin1> component [register]
[0.183s] -- Looking for ignition-plugin1-register -- found version 1.3.0
[0.184s] -- Searching for dependencies of ignition-plugin1-register
[0.184s] -- Looking for ignition-gazebo6 -- found version 6.11.0
[0.185s] -- Searching for dependencies of ignition-gazebo6
[0.185s] -- Looking for sdformat12 -- found version 12.5.0
[0.185s] -- Searching for dependencies of sdformat12
[0.190s] -- Checking for module 'tinyxml2'
[0.205s] --   Found tinyxml2, version 9.0.0
[0.235s] -- Looking for ignition-math6 -- found version 6.12.0
[0.236s] -- Searching for dependencies of ignition-math6
[0.236s] -- Looking for ignition-utils1 -- found version 1.4.0
[0.236s] -- Searching for dependencies of ignition-utils1
[0.236s] -- Looking for ignition-plugin1 -- found version 1.3.0
[0.237s] -- Searching for dependencies of ignition-plugin1
[0.237s] -- Searching for <ignition-plugin1> component [loader]
[0.237s] -- Looking for ignition-plugin1-loader -- found version 1.3.0
[0.237s] -- Searching for dependencies of ignition-plugin1-loader
[0.238s] -- Searching for <ignition-plugin1> component [register]
[0.238s] -- Looking for ignition-transport11 -- found version 11.2.0
[0.239s] -- Searching for dependencies of ignition-transport11
[0.282s] -- Config-file not installed for ZeroMQ -- checking for pkg-config
[0.285s] -- Checking for module 'libzmq >= 4'
[0.296s] --   Found libzmq , version 4.3.4
[0.333s] -- Checking for module 'uuid'
[0.346s] --   Found uuid, version 2.37.2
[0.375s] -- Looking for ignition-utils1 -- found version 1.4.0
[0.375s] -- Searching for dependencies of ignition-utils1
[0.375s] -- Searching for <ignition-utils1> component [cli]
[0.376s] -- Looking for ignition-utils1-cli -- found version 1.4.0
[0.376s] -- Searching for dependencies of ignition-utils1-cli
[0.377s] -- Looking for ignition-msgs8 -- found version 8.6.0
[0.377s] -- Searching for dependencies of ignition-msgs8
[0.401s] -- Looking for ignition-math6 -- found version 6.12.0
[0.421s] -- Searching for <ignition-transport11> component [log]
[0.421s] -- Looking for ignition-transport11-log -- found version 11.2.0
[0.421s] -- Searching for dependencies of ignition-transport11-log
[0.422s] -- Looking for ignition-msgs8 -- found version 8.6.0
[0.422s] -- Looking for ignition-common4 -- found version 4.5.2
[0.423s] -- Searching for dependencies of ignition-common4
[0.423s] -- Looking for dlfcn.h - found
[0.423s] -- Looking for libdl - found
[0.430s] -- Searching for <ignition-common4> component [profiler]
[0.430s] -- Looking for ignition-common4-profiler -- found version 4.5.2
[0.430s] -- Searching for dependencies of ignition-common4-profiler
[0.431s] -- Searching for <ignition-common4> component [events]
[0.431s] -- Looking for ignition-common4-events -- found version 4.5.2
[0.431s] -- Searching for dependencies of ignition-common4-events
[0.431s] -- Looking for ignition-math6 -- found version 6.12.0
[0.432s] -- Searching for <ignition-common4> component [av]
[0.432s] -- Looking for ignition-common4-av -- found version 4.5.2
[0.432s] -- Searching for dependencies of ignition-common4-av
[0.437s] -- Checking for module 'libswscale'
[0.447s] --   Found libswscale, version 5.9.100
[0.477s] -- Checking for module 'libavdevice >= 56.4.100'
[0.488s] --   Found libavdevice , version 58.13.100
[0.522s] -- Checking for module 'libavformat'
[0.534s] --   Found libavformat, version 58.76.100
[0.569s] -- Checking for module 'libavcodec'
[0.580s] --   Found libavcodec, version 58.134.100
[0.621s] -- Checking for module 'libavutil'
[0.635s] --   Found libavutil, version 56.70.100
[0.666s] -- Looking for ignition-fuel_tools7 -- found version 7.1.0
[0.666s] -- Searching for dependencies of ignition-fuel_tools7
[0.707s] -- Checking for module 'jsoncpp'
[0.720s] --   Found jsoncpp, version 1.9.5
[0.752s] -- Checking for module 'libzip'
[0.762s] --   Found libzip, version 1.7.3
[0.787s] -- Looking for ignition-common4 -- found version 4.5.2
[0.787s] -- Looking for ignition-math6 -- found version 6.12.0
[0.787s] -- Looking for ignition-msgs8 -- found version 8.6.0
[0.788s] -- Looking for ignition-gui6 -- found version 6.6.1
[0.788s] -- Searching for dependencies of ignition-gui6
[0.817s] -- Looking for ignition-math6 -- found version 6.12.0
[0.818s] -- Looking for ignition-common4 -- found version 4.5.2
[0.818s] -- Looking for ignition-plugin1 -- found version 1.3.0
[0.818s] -- Looking for ignition-transport11 -- found version 11.2.0
[0.818s] -- Looking for ignition-rendering6 -- found version 6.5.1
[0.819s] -- Searching for dependencies of ignition-rendering6
[0.819s] -- Looking for ignition-math6 -- found version 6.12.0
[0.819s] -- Searching for dependencies of ignition-math6
[0.819s] -- Searching for <ignition-math6> component [eigen3]
[0.820s] -- Looking for ignition-math6-eigen3 -- found version 6.12.0
[0.820s] -- Searching for dependencies of ignition-math6-eigen3
[0.821s] -- Looking for ignition-common4 -- found version 4.5.2
[0.822s] -- Searching for dependencies of ignition-common4
[0.822s] -- Looking for dlfcn.h - found
[0.822s] -- Looking for libdl - found
[0.828s] -- Searching for <ignition-common4> component [graphics]
[0.829s] -- Looking for ignition-common4-graphics -- found version 4.5.2
[0.829s] -- Searching for dependencies of ignition-common4-graphics
[0.829s] -- Looking for ignition-math6 -- found version 6.12.0
[0.830s] -- Looking for ignition-utils1 -- found version 1.4.0
[0.830s] -- Searching for <ignition-common4> component [events]
[0.830s] -- Looking for ignition-plugin1 -- found version 1.3.0
[0.831s] -- Searching for dependencies of ignition-plugin1
[0.831s] -- Searching for <ignition-plugin1> component [all]
[0.831s] -- Looking for all libraries of ignition-plugin1 -- found version 1.3.0
[0.831s] -- Looking for ignition-plugin1 -- found version 1.3.0
[0.833s] -- Looking for ignition-msgs8 -- found version 8.6.0
[0.843s] -- Looking for ignition-physics5 -- found version 5.2.0
[0.843s] -- Searching for dependencies of ignition-physics5
[0.844s] -- Looking for ignition-math6 -- found version 6.12.0
[0.844s] -- Looking for ignition-plugin1 -- found version 1.3.0
[0.844s] -- Looking for ignition-utils1 -- found version 1.4.0
[0.845s] -- Searching for <ignition-physics5> component [heightmap]
[0.845s] -- Looking for ignition-physics5-heightmap -- found version 5.2.0
[0.845s] -- Searching for dependencies of ignition-physics5-heightmap
[0.846s] -- Looking for ignition-common4 -- found version 4.5.2
[0.846s] -- Searching for <ignition-physics5> component [mesh]
[0.846s] -- Looking for ignition-physics5-mesh -- found version 5.2.0
[0.846s] -- Searching for dependencies of ignition-physics5-mesh
[0.847s] -- Looking for ignition-common4 -- found version 4.5.2
[0.847s] -- Searching for <ignition-physics5> component [sdf]
[0.847s] -- Looking for ignition-physics5-sdf -- found version 5.2.0
[0.848s] -- Searching for dependencies of ignition-physics5-sdf
[0.848s] -- Looking for sdformat12 -- found version 12.5.0
[0.848s] -- Looking for ignition-sensors6 -- found version 6.6.0
[0.849s] -- Searching for dependencies of ignition-sensors6
[0.871s] -- Looking for ignition-math6 -- found version 6.12.0
[0.872s] -- Looking for ignition-common4 -- found version 4.5.2
[0.872s] -- Looking for ignition-transport11 -- found version 11.2.0
[0.872s] -- Looking for ignition-rendering6 -- found version 6.5.1
[0.872s] -- Looking for ignition-msgs8 -- found version 8.6.0
[0.873s] -- Looking for sdformat12 -- found version 12.5.0
[0.873s] -- Searching for <ignition-sensors6> component [air_pressure]
[0.873s] -- Looking for ignition-sensors6-air_pressure -- found version 6.6.0
[0.874s] -- Searching for dependencies of ignition-sensors6-air_pressure
[0.874s] -- Searching for <ignition-sensors6> component [altimeter]
[0.874s] -- Looking for ignition-sensors6-altimeter -- found version 6.6.0
[0.875s] -- Searching for dependencies of ignition-sensors6-altimeter
[0.875s] -- Searching for <ignition-sensors6> component [imu]
[0.875s] -- Looking for ignition-sensors6-imu -- found version 6.6.0
[0.875s] -- Searching for dependencies of ignition-sensors6-imu
[0.876s] -- Searching for <ignition-sensors6> component [force_torque]
[0.876s] -- Looking for ignition-sensors6-force_torque -- found version 6.6.0
[0.876s] -- Searching for dependencies of ignition-sensors6-force_torque
[0.877s] -- Searching for <ignition-sensors6> component [logical_camera]
[0.877s] -- Looking for ignition-sensors6-logical_camera -- found version 6.6.0
[0.877s] -- Searching for dependencies of ignition-sensors6-logical_camera
[0.877s] -- Searching for <ignition-sensors6> component [magnetometer]
[0.878s] -- Looking for ignition-sensors6-magnetometer -- found version 6.6.0
[0.878s] -- Searching for dependencies of ignition-sensors6-magnetometer
[0.878s] -- Searching for <ignition-sensors6> component [navsat]
[0.879s] -- Looking for ignition-sensors6-navsat -- found version 6.6.0
[0.879s] -- Searching for dependencies of ignition-sensors6-navsat
[0.879s] -- Searching for <ignition-sensors6> component [rendering]
[0.879s] -- Looking for ignition-sensors6-rendering -- found version 6.6.0
[0.880s] -- Searching for dependencies of ignition-sensors6-rendering
[0.880s] -- Searching for <ignition-sensors6> component [lidar]
[0.880s] -- Looking for ignition-sensors6-lidar -- found version 6.6.0
[0.881s] -- Searching for dependencies of ignition-sensors6-lidar
[0.881s] -- Searching for <ignition-sensors6> component [gpu_lidar]
[0.881s] -- Looking for ignition-sensors6-gpu_lidar -- found version 6.6.0
[0.882s] -- Searching for dependencies of ignition-sensors6-gpu_lidar
[0.882s] -- Searching for <ignition-sensors6> component [camera]
[0.882s] -- Looking for ignition-sensors6-camera -- found version 6.6.0
[0.882s] -- Searching for dependencies of ignition-sensors6-camera
[0.883s] -- Searching for <ignition-sensors6> component [boundingbox_camera]
[0.883s] -- Looking for ignition-sensors6-boundingbox_camera -- found version 6.6.0
[0.883s] -- Searching for dependencies of ignition-sensors6-boundingbox_camera
[0.884s] -- Searching for <ignition-sensors6> component [segmentation_camera]
[0.884s] -- Looking for ignition-sensors6-segmentation_camera -- found version 6.6.0
[0.884s] -- Searching for dependencies of ignition-sensors6-segmentation_camera
[0.885s] -- Searching for <ignition-sensors6> component [depth_camera]
[0.885s] -- Looking for ignition-sensors6-depth_camera -- found version 6.6.0
[0.885s] -- Searching for dependencies of ignition-sensors6-depth_camera
[0.885s] -- Searching for <ignition-sensors6> component [rgbd_camera]
[0.886s] -- Looking for ignition-sensors6-rgbd_camera -- found version 6.6.0
[0.886s] -- Searching for dependencies of ignition-sensors6-rgbd_camera
[0.886s] -- Searching for <ignition-sensors6> component [thermal_camera]
[0.886s] -- Looking for ignition-sensors6-thermal_camera -- found version 6.6.0
[0.887s] -- Searching for dependencies of ignition-sensors6-thermal_camera
[0.887s] -- Looking for ignition-rendering6 -- found version 6.5.1
[0.888s] -- Looking for ignition-math6 -- found version 6.12.0
[0.888s] -- Looking for ignition-utils1 -- found version 1.4.0
[0.912s] -- Configuring done
[0.919s] -- Generating done
[0.920s] -- Build files have been written to: /home/ubuntu/dev_ws/build/auv_gazebo
[0.952s] [ 50%] [32mBuilding CXX object CMakeFiles/HelloWorld.dir/HelloWorld.cc.o[0m
[1.001s] [01m[K/home/ubuntu/dev_ws/src/auv_gazebo/HelloWorld.cc:21:10:[m[K [01;31m[Kfatal error: [m[Kgz/common/Console.hh: No such file or directory
[1.001s]    21 | #include [01;31m[K<gz/common/Console.hh>[m[K
[1.001s]       |          [01;31m[K^~~~~~~~~~~~~~~~~~~~~~[m[K
[1.001s] compilation terminated.
[1.003s] gmake[2]: *** [CMakeFiles/HelloWorld.dir/build.make:76: CMakeFiles/HelloWorld.dir/HelloWorld.cc.o] Error 1
[1.003s] gmake[1]: *** [CMakeFiles/Makefile2:83: CMakeFiles/HelloWorld.dir/all] Error 2
[1.003s] gmake: *** [Makefile:91: all] Error 2
[1.006s] Invoked command in '/home/ubuntu/dev_ws/build/auv_gazebo' returned '2': CMAKE_PREFIX_PATH=/opt/ros/humble /usr/bin/cmake --build /home/ubuntu/dev_ws/build/auv_gazebo -- -j5 -l5
