[0.160s] Invoking command in '/home/ubuntu/dev_ws/build/auv_description': CMAKE_PREFIX_PATH=/opt/ros/humble /usr/bin/cmake --build /home/ubuntu/dev_ws/build/auv_description -- -j5 -l5
[0.179s] -- Found ament_cmake: 1.3.4 (/opt/ros/humble/share/ament_cmake/cmake)
[0.290s] -- Found ament_lint_auto: 0.12.6 (/opt/ros/humble/share/ament_lint_auto/cmake)
[0.333s] -- Configuring done
[0.335s] -- Generating done
[0.336s] -- Build files have been written to: /home/ubuntu/dev_ws/build/auv_description
[0.358s] Invoked command in '/home/ubuntu/dev_ws/build/auv_description' returned '0': CMAKE_PREFIX_PATH=/opt/ros/humble /usr/bin/cmake --build /home/ubuntu/dev_ws/build/auv_description -- -j5 -l5
[0.382s] Invoking command in '/home/ubuntu/dev_ws/build/auv_description': CMAKE_PREFIX_PATH=/opt/ros/humble /usr/bin/cmake --install /home/ubuntu/dev_ws/build/auv_description
[0.388s] -- Install configuration: ""
[0.388s] -- Installing: /home/ubuntu/dev_ws/install/auv_description/share/auv_description/model
[0.388s] -- Installing: /home/ubuntu/dev_ws/install/auv_description/share/auv_description/model/auv.xacro
[0.389s] -- Installing: /home/ubuntu/dev_ws/install/auv_description/share/auv_description/model/auv.xml
[0.389s] -- Installing: /home/ubuntu/dev_ws/install/auv_description/share/auv_description/model/auv.urdf
[0.389s] -- Installing: /home/ubuntu/dev_ws/install/auv_description/share/auv_description/model/materials.xacro
[0.389s] -- Up-to-date: /home/ubuntu/dev_ws/install/auv_description/share/auv_description/environment/auv_description.dsv
[0.389s] -- Up-to-date: /home/ubuntu/dev_ws/install/auv_description/share/auv_description/environment/auv_description.sh
[0.390s] -- Up-to-date: /home/ubuntu/dev_ws/install/auv_description/share/ament_index/resource_index/package_run_dependencies/auv_description
[0.390s] -- Up-to-date: /home/ubuntu/dev_ws/install/auv_description/share/ament_index/resource_index/parent_prefix_path/auv_description
[0.390s] -- Up-to-date: /home/ubuntu/dev_ws/install/auv_description/share/auv_description/environment/ament_prefix_path.sh
[0.390s] -- Installing: /home/ubuntu/dev_ws/install/auv_description/share/auv_description/environment/ament_prefix_path.dsv
[0.390s] -- Up-to-date: /home/ubuntu/dev_ws/install/auv_description/share/auv_description/environment/path.sh
[0.390s] -- Installing: /home/ubuntu/dev_ws/install/auv_description/share/auv_description/environment/path.dsv
[0.390s] -- Up-to-date: /home/ubuntu/dev_ws/install/auv_description/share/auv_description/local_setup.bash
[0.390s] -- Up-to-date: /home/ubuntu/dev_ws/install/auv_description/share/auv_description/local_setup.sh
[0.390s] -- Up-to-date: /home/ubuntu/dev_ws/install/auv_description/share/auv_description/local_setup.zsh
[0.390s] -- Installing: /home/ubuntu/dev_ws/install/auv_description/share/auv_description/local_setup.dsv
[0.390s] -- Installing: /home/ubuntu/dev_ws/install/auv_description/share/auv_description/package.dsv
[0.390s] -- Up-to-date: /home/ubuntu/dev_ws/install/auv_description/share/ament_index/resource_index/packages/auv_description
[0.391s] -- Up-to-date: /home/ubuntu/dev_ws/install/auv_description/share/auv_description/cmake/auv_descriptionConfig.cmake
[0.391s] -- Up-to-date: /home/ubuntu/dev_ws/install/auv_description/share/auv_description/cmake/auv_descriptionConfig-version.cmake
[0.391s] -- Up-to-date: /home/ubuntu/dev_ws/install/auv_description/share/auv_description/package.xml
[0.393s] Invoked command in '/home/ubuntu/dev_ws/build/auv_description' returned '0': CMAKE_PREFIX_PATH=/opt/ros/humble /usr/bin/cmake --install /home/ubuntu/dev_ws/build/auv_description
