[0.181s] Invoking command in '/home/ubuntu/dev_ws/build/auv_bringup': CMAKE_PREFIX_PATH=${CMAKE_PREFIX_PATH}:/home/ubuntu/dev_ws/install/auv_app:/opt/ros/humble /usr/bin/cmake /home/ubuntu/dev_ws/src/auv_bringup -DAMENT_CMAKE_SYMLINK_INSTALL=1 -DCMAKE_INSTALL_PREFIX=/home/ubuntu/dev_ws/install/auv_bringup
[0.221s] -- Found ament_cmake: 1.3.4 (/opt/ros/humble/share/ament_cmake/cmake)
[0.397s] -- Override CMake install command with custom implementation using symlinks instead of copying resources
[0.402s] -- Found ament_lint_auto: 0.12.6 (/opt/ros/humble/share/ament_lint_auto/cmake)
[0.447s] -- Configuring done
[0.450s] -- Generating done
[0.451s] -- Build files have been written to: /home/ubuntu/dev_ws/build/auv_bringup
[0.457s] Invoked command in '/home/ubuntu/dev_ws/build/auv_bringup' returned '0': CMAKE_PREFIX_PATH=${CMAKE_PREFIX_PATH}:/home/ubuntu/dev_ws/install/auv_app:/opt/ros/humble /usr/bin/cmake /home/ubuntu/dev_ws/src/auv_bringup -DAMENT_CMAKE_SYMLINK_INSTALL=1 -DCMAKE_INSTALL_PREFIX=/home/ubuntu/dev_ws/install/auv_bringup
[0.457s] Invoking command in '/home/ubuntu/dev_ws/build/auv_bringup': CMAKE_PREFIX_PATH=${CMAKE_PREFIX_PATH}:/home/ubuntu/dev_ws/install/auv_app:/opt/ros/humble /usr/bin/cmake --build /home/ubuntu/dev_ws/build/auv_bringup -- -j5 -l5
[0.545s] Invoked command in '/home/ubuntu/dev_ws/build/auv_bringup' returned '0': CMAKE_PREFIX_PATH=${CMAKE_PREFIX_PATH}:/home/ubuntu/dev_ws/install/auv_app:/opt/ros/humble /usr/bin/cmake --build /home/ubuntu/dev_ws/build/auv_bringup -- -j5 -l5
[0.662s] Invoking command in '/home/ubuntu/dev_ws/build/auv_bringup': CMAKE_PREFIX_PATH=${CMAKE_PREFIX_PATH}:/home/ubuntu/dev_ws/install/auv_app:/opt/ros/humble /usr/bin/cmake --install /home/ubuntu/dev_ws/build/auv_bringup
[0.681s] -- Install configuration: ""
[0.686s] -- Execute custom install script
[0.688s] -- Up-to-date symlink: /home/ubuntu/dev_ws/install/auv_bringup/share/auv_bringup/launch/auv.launch.py
[0.688s] -- Up-to-date symlink: /home/ubuntu/dev_ws/install/auv_bringup/share/auv_bringup/config/bridge.yaml
[0.688s] -- Up-to-date symlink: /home/ubuntu/dev_ws/install/auv_bringup/share/auv_bringup/config/default.rviz
[0.688s] -- Up-to-date symlink: /home/ubuntu/dev_ws/install/auv_bringup/share/auv_bringup/config/ros_gz_example_bridge.yaml
[0.688s] -- Up-to-date symlink: /home/ubuntu/dev_ws/install/auv_bringup/share/auv_bringup/config/rover.rviz
[0.688s] -- Up-to-date symlink: /home/ubuntu/dev_ws/install/auv_bringup/share/ament_index/resource_index/package_run_dependencies/auv_bringup
[0.688s] -- Up-to-date symlink: /home/ubuntu/dev_ws/install/auv_bringup/share/ament_index/resource_index/parent_prefix_path/auv_bringup
[0.688s] -- Up-to-date symlink: /home/ubuntu/dev_ws/install/auv_bringup/share/auv_bringup/environment/ament_prefix_path.sh
[0.688s] -- Up-to-date symlink: /home/ubuntu/dev_ws/install/auv_bringup/share/auv_bringup/environment/ament_prefix_path.dsv
[0.688s] -- Up-to-date symlink: /home/ubuntu/dev_ws/install/auv_bringup/share/auv_bringup/environment/path.sh
[0.688s] -- Up-to-date symlink: /home/ubuntu/dev_ws/install/auv_bringup/share/auv_bringup/environment/path.dsv
[0.689s] -- Up-to-date symlink: /home/ubuntu/dev_ws/install/auv_bringup/share/auv_bringup/local_setup.bash
[0.689s] -- Up-to-date symlink: /home/ubuntu/dev_ws/install/auv_bringup/share/auv_bringup/local_setup.sh
[0.689s] -- Up-to-date symlink: /home/ubuntu/dev_ws/install/auv_bringup/share/auv_bringup/local_setup.zsh
[0.689s] -- Up-to-date symlink: /home/ubuntu/dev_ws/install/auv_bringup/share/auv_bringup/local_setup.dsv
[0.689s] -- Symlinking: /home/ubuntu/dev_ws/install/auv_bringup/share/auv_bringup/package.dsv
[0.707s] -- Up-to-date symlink: /home/ubuntu/dev_ws/install/auv_bringup/share/ament_index/resource_index/packages/auv_bringup
[0.707s] -- Up-to-date symlink: /home/ubuntu/dev_ws/install/auv_bringup/share/auv_bringup/cmake/auv_bringupConfig.cmake
[0.707s] -- Up-to-date symlink: /home/ubuntu/dev_ws/install/auv_bringup/share/auv_bringup/cmake/auv_bringupConfig-version.cmake
[0.707s] -- Up-to-date symlink: /home/ubuntu/dev_ws/install/auv_bringup/share/auv_bringup/package.xml
[0.711s] Invoked command in '/home/ubuntu/dev_ws/build/auv_bringup' returned '0': CMAKE_PREFIX_PATH=${CMAKE_PREFIX_PATH}:/home/ubuntu/dev_ws/install/auv_app:/opt/ros/humble /usr/bin/cmake --install /home/ubuntu/dev_ws/build/auv_bringup
