[0.217s] Invoking command in '/home/ubuntu/dev_ws/build/auv_gazebo': CMAKE_PREFIX_PATH=${CMAKE_PREFIX_PATH}:/home/ubuntu/dev_ws/install/auv_app:/opt/ros/humble /usr/bin/cmake /home/ubuntu/dev_ws/src/auv_gazebo -DCMAKE_INSTALL_PREFIX=/home/ubuntu/dev_ws/install/auv_gazebo
[0.236s] -- Found ament_cmake: 1.3.4 (/opt/ros/humble/share/ament_cmake/cmake)
[0.445s] -- Override CMake install command with custom implementation using symlinks instead of copying resources
[0.456s] -- Looking for ignition-plugin1 -- found version 1.3.0
[0.456s] -- Searching for dependencies of ignition-plugin1
[0.456s] -- Searching for <ignition-plugin1> component [register]
[0.456s] -- Looking for ignition-plugin1-register -- found version 1.3.0
[0.457s] -- Searching for dependencies of ignition-plugin1-register
[0.457s] -- Looking for ignition-plugin1 - found
[0.457s] 
[0.457s] -- Looking for ignition-gazebo6 -- found version 6.11.0
[0.457s] -- Searching for dependencies of ignition-gazebo6
[0.457s] -- Looking for sdformat12 -- found version 12.5.0
[0.457s] -- Searching for dependencies of sdformat12
[0.477s] -- Checking for module 'tinyxml2'
[0.520s] --   Found tinyxml2, version 9.0.0
[0.627s] -- Looking for ignition-math6 -- found version 6.12.0
[0.627s] -- Searching for dependencies of ignition-math6
[0.628s] -- Looking for ignition-utils1 -- found version 1.4.0
[0.628s] -- Searching for dependencies of ignition-utils1
[0.629s] -- Looking for ignition-plugin1 -- found version 1.3.0
[0.630s] -- Searching for dependencies of ignition-plugin1
[0.630s] -- Searching for <ignition-plugin1> component [loader]
[0.630s] -- Looking for ignition-plugin1-loader -- found version 1.3.0
[0.630s] -- Searching for dependencies of ignition-plugin1-loader
[0.630s] -- Searching for <ignition-plugin1> component [register]
[0.644s] -- Looking for ignition-transport11 -- found version 11.2.0
[0.645s] -- Searching for dependencies of ignition-transport11
[0.708s] -- Config-file not installed for ZeroMQ -- checking for pkg-config
[0.713s] -- Checking for module 'libzmq >= 4'
[0.729s] --   Found libzmq , version 4.3.4
[0.808s] -- Checking for module 'uuid'
[0.822s] --   Found uuid, version 2.37.2
[0.878s] -- Looking for ignition-utils1 -- found version 1.4.0
[0.878s] -- Searching for dependencies of ignition-utils1
[0.878s] -- Searching for <ignition-utils1> component [cli]
[0.878s] -- Looking for ignition-utils1-cli -- found version 1.4.0
[0.878s] -- Searching for dependencies of ignition-utils1-cli
[0.879s] -- Looking for ignition-msgs8 -- found version 8.6.0
[0.880s] -- Searching for dependencies of ignition-msgs8
[0.922s] -- Looking for ignition-math6 -- found version 6.12.0
[0.943s] -- Searching for <ignition-transport11> component [log]
[0.943s] -- Looking for ignition-transport11-log -- found version 11.2.0
[0.944s] -- Searching for dependencies of ignition-transport11-log
[0.944s] -- Looking for ignition-msgs8 -- found version 8.6.0
[0.945s] -- Looking for ignition-common4 -- found version 4.5.2
[0.945s] -- Searching for dependencies of ignition-common4
[0.946s] -- Looking for dlfcn.h - found
[0.946s] -- Looking for libdl - found
[0.955s] -- Searching for <ignition-common4> component [profiler]
[0.958s] -- Looking for ignition-common4-profiler -- found version 4.5.2
[0.958s] -- Searching for dependencies of ignition-common4-profiler
[0.958s] -- Searching for <ignition-common4> component [events]
[0.958s] -- Looking for ignition-common4-events -- found version 4.5.2
[0.958s] -- Searching for dependencies of ignition-common4-events
[0.958s] -- Looking for ignition-math6 -- found version 6.12.0
[0.958s] -- Searching for <ignition-common4> component [av]
[0.958s] -- Looking for ignition-common4-av -- found version 4.5.2
[0.958s] -- Searching for dependencies of ignition-common4-av
[0.967s] -- Checking for module 'libswscale'
[0.984s] --   Found libswscale, version 5.9.100
[1.061s] -- Checking for module 'libavdevice >= 56.4.100'
[1.073s] --   Found libavdevice , version 58.13.100
[1.122s] -- Checking for module 'libavformat'
[1.132s] --   Found libavformat, version 58.76.100
[1.189s] -- Checking for module 'libavcodec'
[1.208s] --   Found libavcodec, version 58.134.100
[1.247s] -- Checking for module 'libavutil'
[1.278s] --   Found libavutil, version 56.70.100
[1.323s] -- Looking for ignition-fuel_tools7 -- found version 7.1.0
[1.323s] -- Searching for dependencies of ignition-fuel_tools7
[1.366s] -- Checking for module 'jsoncpp'
[1.378s] --   Found jsoncpp, version 1.9.5
[1.419s] -- Checking for module 'libzip'
[1.437s] --   Found libzip, version 1.7.3
[1.473s] -- Looking for ignition-common4 -- found version 4.5.2
[1.473s] -- Looking for ignition-math6 -- found version 6.12.0
[1.473s] -- Looking for ignition-msgs8 -- found version 8.6.0
[1.474s] -- Looking for ignition-gui6 -- found version 6.6.1
[1.474s] -- Searching for dependencies of ignition-gui6
[1.505s] -- Looking for ignition-math6 -- found version 6.12.0
[1.505s] -- Looking for ignition-common4 -- found version 4.5.2
[1.506s] -- Looking for ignition-plugin1 -- found version 1.3.0
[1.506s] -- Looking for ignition-transport11 -- found version 11.2.0
[1.506s] -- Looking for ignition-rendering6 -- found version 6.5.1
[1.507s] -- Searching for dependencies of ignition-rendering6
[1.507s] -- Looking for ignition-math6 -- found version 6.12.0
[1.507s] -- Searching for dependencies of ignition-math6
[1.507s] -- Searching for <ignition-math6> component [eigen3]
[1.507s] -- Looking for ignition-math6-eigen3 -- found version 6.12.0
[1.508s] -- Searching for dependencies of ignition-math6-eigen3
[1.509s] -- Looking for ignition-common4 -- found version 4.5.2
[1.510s] -- Searching for dependencies of ignition-common4
[1.510s] -- Looking for dlfcn.h - found
[1.510s] -- Looking for libdl - found
[1.517s] -- Searching for <ignition-common4> component [graphics]
[1.517s] -- Looking for ignition-common4-graphics -- found version 4.5.2
[1.517s] -- Searching for dependencies of ignition-common4-graphics
[1.518s] -- Looking for ignition-math6 -- found version 6.12.0
[1.518s] -- Looking for ignition-utils1 -- found version 1.4.0
[1.518s] -- Searching for <ignition-common4> component [events]
[1.519s] -- Looking for ignition-plugin1 -- found version 1.3.0
[1.519s] -- Searching for dependencies of ignition-plugin1
[1.519s] -- Searching for <ignition-plugin1> component [all]
[1.520s] -- Looking for all libraries of ignition-plugin1 -- found version 1.3.0
[1.520s] -- Looking for ignition-plugin1 -- found version 1.3.0
[1.521s] -- Looking for ignition-msgs8 -- found version 8.6.0
[1.533s] -- Looking for ignition-physics5 -- found version 5.2.0
[1.534s] -- Searching for dependencies of ignition-physics5
[1.534s] -- Looking for ignition-math6 -- found version 6.12.0
[1.534s] -- Looking for ignition-plugin1 -- found version 1.3.0
[1.535s] -- Looking for ignition-utils1 -- found version 1.4.0
[1.535s] -- Searching for <ignition-physics5> component [heightmap]
[1.536s] -- Looking for ignition-physics5-heightmap -- found version 5.2.0
[1.536s] -- Searching for dependencies of ignition-physics5-heightmap
[1.536s] -- Looking for ignition-common4 -- found version 4.5.2
[1.536s] -- Searching for <ignition-physics5> component [mesh]
[1.537s] -- Looking for ignition-physics5-mesh -- found version 5.2.0
[1.537s] -- Searching for dependencies of ignition-physics5-mesh
[1.537s] -- Looking for ignition-common4 -- found version 4.5.2
[1.538s] -- Searching for <ignition-physics5> component [sdf]
[1.538s] -- Looking for ignition-physics5-sdf -- found version 5.2.0
[1.538s] -- Searching for dependencies of ignition-physics5-sdf
[1.539s] -- Looking for sdformat12 -- found version 12.5.0
[1.539s] -- Looking for ignition-sensors6 -- found version 6.6.0
[1.539s] -- Searching for dependencies of ignition-sensors6
[1.571s] -- Looking for ignition-math6 -- found version 6.12.0
[1.571s] -- Looking for ignition-common4 -- found version 4.5.2
[1.571s] -- Looking for ignition-transport11 -- found version 11.2.0
[1.572s] -- Looking for ignition-rendering6 -- found version 6.5.1
[1.572s] -- Looking for ignition-msgs8 -- found version 8.6.0
[1.572s] -- Looking for sdformat12 -- found version 12.5.0
[1.573s] -- Searching for <ignition-sensors6> component [air_pressure]
[1.573s] -- Looking for ignition-sensors6-air_pressure -- found version 6.6.0
[1.574s] -- Searching for dependencies of ignition-sensors6-air_pressure
[1.574s] -- Searching for <ignition-sensors6> component [altimeter]
[1.574s] -- Looking for ignition-sensors6-altimeter -- found version 6.6.0
[1.575s] -- Searching for dependencies of ignition-sensors6-altimeter
[1.575s] -- Searching for <ignition-sensors6> component [imu]
[1.575s] -- Looking for ignition-sensors6-imu -- found version 6.6.0
[1.575s] -- Searching for dependencies of ignition-sensors6-imu
[1.576s] -- Searching for <ignition-sensors6> component [force_torque]
[1.576s] -- Looking for ignition-sensors6-force_torque -- found version 6.6.0
[1.576s] -- Searching for dependencies of ignition-sensors6-force_torque
[1.577s] -- Searching for <ignition-sensors6> component [logical_camera]
[1.577s] -- Looking for ignition-sensors6-logical_camera -- found version 6.6.0
[1.577s] -- Searching for dependencies of ignition-sensors6-logical_camera
[1.578s] -- Searching for <ignition-sensors6> component [magnetometer]
[1.578s] -- Looking for ignition-sensors6-magnetometer -- found version 6.6.0
[1.582s] -- Searching for dependencies of ignition-sensors6-magnetometer
[1.583s] -- Searching for <ignition-sensors6> component [navsat]
[1.583s] -- Looking for ignition-sensors6-navsat -- found version 6.6.0
[1.584s] -- Searching for dependencies of ignition-sensors6-navsat
[1.584s] -- Searching for <ignition-sensors6> component [rendering]
[1.584s] -- Looking for ignition-sensors6-rendering -- found version 6.6.0
[1.584s] -- Searching for dependencies of ignition-sensors6-rendering
[1.585s] -- Searching for <ignition-sensors6> component [lidar]
[1.585s] -- Looking for ignition-sensors6-lidar -- found version 6.6.0
[1.585s] -- Searching for dependencies of ignition-sensors6-lidar
[1.586s] -- Searching for <ignition-sensors6> component [gpu_lidar]
[1.586s] -- Looking for ignition-sensors6-gpu_lidar -- found version 6.6.0
[1.586s] -- Searching for dependencies of ignition-sensors6-gpu_lidar
[1.587s] -- Searching for <ignition-sensors6> component [camera]
[1.587s] -- Looking for ignition-sensors6-camera -- found version 6.6.0
[1.587s] -- Searching for dependencies of ignition-sensors6-camera
[1.588s] -- Searching for <ignition-sensors6> component [boundingbox_camera]
[1.588s] -- Looking for ignition-sensors6-boundingbox_camera -- found version 6.6.0
[1.588s] -- Searching for dependencies of ignition-sensors6-boundingbox_camera
[1.589s] -- Searching for <ignition-sensors6> component [segmentation_camera]
[1.589s] -- Looking for ignition-sensors6-segmentation_camera -- found version 6.6.0
[1.589s] -- Searching for dependencies of ignition-sensors6-segmentation_camera
[1.590s] -- Searching for <ignition-sensors6> component [depth_camera]
[1.590s] -- Looking for ignition-sensors6-depth_camera -- found version 6.6.0
[1.590s] -- Searching for dependencies of ignition-sensors6-depth_camera
[1.591s] -- Searching for <ignition-sensors6> component [rgbd_camera]
[1.591s] -- Looking for ignition-sensors6-rgbd_camera -- found version 6.6.0
[1.591s] -- Searching for dependencies of ignition-sensors6-rgbd_camera
[1.591s] -- Searching for <ignition-sensors6> component [thermal_camera]
[1.592s] -- Looking for ignition-sensors6-thermal_camera -- found version 6.6.0
[1.592s] -- Searching for dependencies of ignition-sensors6-thermal_camera
[1.593s] -- Looking for ignition-rendering6 -- found version 6.5.1
[1.593s] -- Looking for ignition-math6 -- found version 6.12.0
[1.594s] -- Looking for ignition-utils1 -- found version 1.4.0
[1.618s] -- Looking for ignition-gazebo6 - found
[1.618s] 
[1.687s] -- Configuring done
[1.691s] [33mCMake Warning (dev) at CMakeLists.txt:14 (add_library):
[1.691s]   Policy CMP0115 is not set: Source file extensions must be explicit.  Run
[1.691s]   "cmake --help-policy CMP0115" for policy details.  Use the cmake_policy
[1.691s]   command to set the policy and suppress this warning.
[1.691s] 
[1.691s]   File:
[1.691s] 
[1.691s]     /home/ubuntu/dev_ws/src/auv_gazebo/src/HelloWorld.cc
[1.691s] This warning is for project developers.  Use -Wno-dev to suppress it.
[1.691s] [0m
[1.702s] -- Generating done
[1.707s] -- Build files have been written to: /home/ubuntu/dev_ws/build/auv_gazebo
[1.719s] Invoked command in '/home/ubuntu/dev_ws/build/auv_gazebo' returned '0': CMAKE_PREFIX_PATH=${CMAKE_PREFIX_PATH}:/home/ubuntu/dev_ws/install/auv_app:/opt/ros/humble /usr/bin/cmake /home/ubuntu/dev_ws/src/auv_gazebo -DCMAKE_INSTALL_PREFIX=/home/ubuntu/dev_ws/install/auv_gazebo
[1.725s] Invoking command in '/home/ubuntu/dev_ws/build/auv_gazebo': CMAKE_PREFIX_PATH=${CMAKE_PREFIX_PATH}:/home/ubuntu/dev_ws/install/auv_app:/opt/ros/humble /usr/bin/cmake --build /home/ubuntu/dev_ws/build/auv_gazebo -- -j5 -l5
[1.793s] [35m[1mConsolidate compiler generated dependencies of target HelloWorld[0m
[1.821s] [100%] Built target HelloWorld
[1.837s] Invoked command in '/home/ubuntu/dev_ws/build/auv_gazebo' returned '0': CMAKE_PREFIX_PATH=${CMAKE_PREFIX_PATH}:/home/ubuntu/dev_ws/install/auv_app:/opt/ros/humble /usr/bin/cmake --build /home/ubuntu/dev_ws/build/auv_gazebo -- -j5 -l5
[1.875s] Invoking command in '/home/ubuntu/dev_ws/build/auv_gazebo': CMAKE_PREFIX_PATH=${CMAKE_PREFIX_PATH}:/home/ubuntu/dev_ws/install/auv_app:/opt/ros/humble /usr/bin/cmake --install /home/ubuntu/dev_ws/build/auv_gazebo
[1.882s] -- Install configuration: ""
[1.882s] -- Execute custom install script
[1.883s] -- Up-to-date symlink: /home/ubuntu/dev_ws/install/auv_gazebo/share/auv_gazebo/worlds/hello_world_plugin.sdf
[1.883s] -- Up-to-date symlink: /home/ubuntu/dev_ws/install/auv_gazebo/share/auv_gazebo/worlds/world.sdf
[1.883s] -- Up-to-date symlink: /home/ubuntu/dev_ws/install/auv_gazebo/share/ament_index/resource_index/package_run_dependencies/auv_gazebo
[1.883s] -- Up-to-date symlink: /home/ubuntu/dev_ws/install/auv_gazebo/share/ament_index/resource_index/parent_prefix_path/auv_gazebo
[1.883s] -- Up-to-date symlink: /home/ubuntu/dev_ws/install/auv_gazebo/share/auv_gazebo/environment/ament_prefix_path.sh
[1.883s] -- Up-to-date symlink: /home/ubuntu/dev_ws/install/auv_gazebo/share/auv_gazebo/environment/ament_prefix_path.dsv
[1.883s] -- Up-to-date symlink: /home/ubuntu/dev_ws/install/auv_gazebo/share/auv_gazebo/environment/path.sh
[1.884s] -- Up-to-date symlink: /home/ubuntu/dev_ws/install/auv_gazebo/share/auv_gazebo/environment/path.dsv
[1.884s] -- Up-to-date symlink: /home/ubuntu/dev_ws/install/auv_gazebo/share/auv_gazebo/local_setup.bash
[1.884s] -- Up-to-date symlink: /home/ubuntu/dev_ws/install/auv_gazebo/share/auv_gazebo/local_setup.sh
[1.884s] -- Up-to-date symlink: /home/ubuntu/dev_ws/install/auv_gazebo/share/auv_gazebo/local_setup.zsh
[1.884s] -- Up-to-date symlink: /home/ubuntu/dev_ws/install/auv_gazebo/share/auv_gazebo/local_setup.dsv
[1.884s] -- Symlinking: /home/ubuntu/dev_ws/install/auv_gazebo/share/auv_gazebo/package.dsv
[1.908s] -- Up-to-date symlink: /home/ubuntu/dev_ws/install/auv_gazebo/share/ament_index/resource_index/packages/auv_gazebo
[1.909s] -- Up-to-date symlink: /home/ubuntu/dev_ws/install/auv_gazebo/share/auv_gazebo/cmake/auv_gazeboConfig.cmake
[1.909s] -- Up-to-date symlink: /home/ubuntu/dev_ws/install/auv_gazebo/share/auv_gazebo/cmake/auv_gazeboConfig-version.cmake
[1.909s] -- Up-to-date symlink: /home/ubuntu/dev_ws/install/auv_gazebo/share/auv_gazebo/package.xml
[1.916s] Invoked command in '/home/ubuntu/dev_ws/build/auv_gazebo' returned '0': CMAKE_PREFIX_PATH=${CMAKE_PREFIX_PATH}:/home/ubuntu/dev_ws/install/auv_app:/opt/ros/humble /usr/bin/cmake --install /home/ubuntu/dev_ws/build/auv_gazebo
