[0.175s] Invoking command in '/home/ubuntu/dev_ws/build/auv_gazebo': CMAKE_PREFIX_PATH=${CMAKE_PREFIX_PATH}:/home/ubuntu/dev_ws/install/auv_app:/opt/ros/humble /usr/bin/cmake /home/ubuntu/dev_ws/src/auv_gazebo -DAMENT_CMAKE_SYMLINK_INSTALL=1 -DCMAKE_INSTALL_PREFIX=/home/ubuntu/dev_ws/install/auv_gazebo
[0.223s] -- Found ament_cmake: 1.3.4 (/opt/ros/humble/share/ament_cmake/cmake)
[0.387s] -- Override CMake install command with custom implementation using symlinks instead of copying resources
[0.396s] -- Looking for ignition-plugin1 -- found version 1.3.0
[0.397s] -- Searching for dependencies of ignition-plugin1
[0.397s] -- Searching for <ignition-plugin1> component [register]
[0.398s] -- Looking for ignition-plugin1-register -- found version 1.3.0
[0.398s] -- Searching for dependencies of ignition-plugin1-register
[0.398s] -- Looking for ignition-plugin1 - found
[0.398s] 
[0.399s] -- Looking for ignition-gazebo6 -- found version 6.11.0
[0.400s] -- Searching for dependencies of ignition-gazebo6
[0.407s] -- Looking for sdformat12 -- found version 12.5.0
[0.407s] -- Searching for dependencies of sdformat12
[0.418s] -- Checking for module 'tinyxml2'
[0.443s] --   Found tinyxml2, version 9.0.0
[0.516s] -- Looking for ignition-math6 -- found version 6.12.0
[0.517s] -- Searching for dependencies of ignition-math6
[0.517s] -- Looking for ignition-utils1 -- found version 1.4.0
[0.518s] -- Searching for dependencies of ignition-utils1
[0.518s] -- Looking for ignition-plugin1 -- found version 1.3.0
[0.530s] -- Searching for dependencies of ignition-plugin1
[0.531s] -- Searching for <ignition-plugin1> component [loader]
[0.531s] -- Looking for ignition-plugin1-loader -- found version 1.3.0
[0.531s] -- Searching for dependencies of ignition-plugin1-loader
[0.531s] -- Searching for <ignition-plugin1> component [register]
[0.531s] -- Looking for ignition-transport11 -- found version 11.2.0
[0.531s] -- Searching for dependencies of ignition-transport11
[0.573s] -- Config-file not installed for ZeroMQ -- checking for pkg-config
[0.584s] -- Checking for module 'libzmq >= 4'
[0.617s] --   Found libzmq , version 4.3.4
[0.726s] -- Checking for module 'uuid'
[0.737s] --   Found uuid, version 2.37.2
[0.799s] -- Looking for ignition-utils1 -- found version 1.4.0
[0.800s] -- Searching for dependencies of ignition-utils1
[0.800s] -- Searching for <ignition-utils1> component [cli]
[0.800s] -- Looking for ignition-utils1-cli -- found version 1.4.0
[0.801s] -- Searching for dependencies of ignition-utils1-cli
[0.801s] -- Looking for ignition-msgs8 -- found version 8.6.0
[0.801s] -- Searching for dependencies of ignition-msgs8
[0.831s] -- Looking for ignition-math6 -- found version 6.12.0
[0.852s] -- Searching for <ignition-transport11> component [log]
[0.852s] -- Looking for ignition-transport11-log -- found version 11.2.0
[0.853s] -- Searching for dependencies of ignition-transport11-log
[0.853s] -- Looking for ignition-msgs8 -- found version 8.6.0
[0.854s] -- Looking for ignition-common4 -- found version 4.5.2
[0.854s] -- Searching for dependencies of ignition-common4
[0.854s] -- Looking for dlfcn.h - found
[0.854s] -- Looking for libdl - found
[0.862s] -- Searching for <ignition-common4> component [profiler]
[0.862s] -- Looking for ignition-common4-profiler -- found version 4.5.2
[0.863s] -- Searching for dependencies of ignition-common4-profiler
[0.863s] -- Searching for <ignition-common4> component [events]
[0.863s] -- Looking for ignition-common4-events -- found version 4.5.2
[0.864s] -- Searching for dependencies of ignition-common4-events
[0.864s] -- Looking for ignition-math6 -- found version 6.12.0
[0.864s] -- Searching for <ignition-common4> component [av]
[0.865s] -- Looking for ignition-common4-av -- found version 4.5.2
[0.865s] -- Searching for dependencies of ignition-common4-av
[0.875s] -- Checking for module 'libswscale'
[0.896s] --   Found libswscale, version 5.9.100
[0.948s] -- Checking for module 'libavdevice >= 56.4.100'
[0.961s] --   Found libavdevice , version 58.13.100
[1.018s] -- Checking for module 'libavformat'
[1.031s] --   Found libavformat, version 58.76.100
[1.084s] -- Checking for module 'libavcodec'
[1.104s] --   Found libavcodec, version 58.134.100
[1.153s] -- Checking for module 'libavutil'
[1.168s] --   Found libavutil, version 56.70.100
[1.216s] -- Looking for ignition-fuel_tools7 -- found version 7.1.0
[1.217s] -- Searching for dependencies of ignition-fuel_tools7
[1.261s] -- Checking for module 'jsoncpp'
[1.274s] --   Found jsoncpp, version 1.9.5
[1.310s] -- Checking for module 'libzip'
[1.321s] --   Found libzip, version 1.7.3
[1.354s] -- Looking for ignition-common4 -- found version 4.5.2
[1.354s] -- Looking for ignition-math6 -- found version 6.12.0
[1.354s] -- Looking for ignition-msgs8 -- found version 8.6.0
[1.355s] -- Looking for ignition-gui6 -- found version 6.6.1
[1.355s] -- Searching for dependencies of ignition-gui6
[1.388s] -- Looking for ignition-math6 -- found version 6.12.0
[1.388s] -- Looking for ignition-common4 -- found version 4.5.2
[1.388s] -- Looking for ignition-plugin1 -- found version 1.3.0
[1.389s] -- Looking for ignition-transport11 -- found version 11.2.0
[1.389s] -- Looking for ignition-rendering6 -- found version 6.5.1
[1.389s] -- Searching for dependencies of ignition-rendering6
[1.390s] -- Looking for ignition-math6 -- found version 6.12.0
[1.390s] -- Searching for dependencies of ignition-math6
[1.390s] -- Searching for <ignition-math6> component [eigen3]
[1.391s] -- Looking for ignition-math6-eigen3 -- found version 6.12.0
[1.391s] -- Searching for dependencies of ignition-math6-eigen3
[1.392s] -- Looking for ignition-common4 -- found version 4.5.2
[1.392s] -- Searching for dependencies of ignition-common4
[1.392s] -- Looking for dlfcn.h - found
[1.392s] -- Looking for libdl - found
[1.400s] -- Searching for <ignition-common4> component [graphics]
[1.400s] -- Looking for ignition-common4-graphics -- found version 4.5.2
[1.400s] -- Searching for dependencies of ignition-common4-graphics
[1.401s] -- Looking for ignition-math6 -- found version 6.12.0
[1.401s] -- Looking for ignition-utils1 -- found version 1.4.0
[1.401s] -- Searching for <ignition-common4> component [events]
[1.402s] -- Looking for ignition-plugin1 -- found version 1.3.0
[1.402s] -- Searching for dependencies of ignition-plugin1
[1.402s] -- Searching for <ignition-plugin1> component [all]
[1.403s] -- Looking for all libraries of ignition-plugin1 -- found version 1.3.0
[1.403s] -- Looking for ignition-plugin1 -- found version 1.3.0
[1.405s] -- Looking for ignition-msgs8 -- found version 8.6.0
[1.415s] -- Looking for ignition-physics5 -- found version 5.2.0
[1.416s] -- Searching for dependencies of ignition-physics5
[1.416s] -- Looking for ignition-math6 -- found version 6.12.0
[1.418s] -- Looking for ignition-plugin1 -- found version 1.3.0
[1.418s] -- Looking for ignition-utils1 -- found version 1.4.0
[1.418s] -- Searching for <ignition-physics5> component [heightmap]
[1.418s] -- Looking for ignition-physics5-heightmap -- found version 5.2.0
[1.418s] -- Searching for dependencies of ignition-physics5-heightmap
[1.418s] -- Looking for ignition-common4 -- found version 4.5.2
[1.418s] -- Searching for <ignition-physics5> component [mesh]
[1.418s] -- Looking for ignition-physics5-mesh -- found version 5.2.0
[1.419s] -- Searching for dependencies of ignition-physics5-mesh
[1.419s] -- Looking for ignition-common4 -- found version 4.5.2
[1.419s] -- Searching for <ignition-physics5> component [sdf]
[1.419s] -- Looking for ignition-physics5-sdf -- found version 5.2.0
[1.420s] -- Searching for dependencies of ignition-physics5-sdf
[1.420s] -- Looking for sdformat12 -- found version 12.5.0
[1.420s] -- Looking for ignition-sensors6 -- found version 6.6.0
[1.421s] -- Searching for dependencies of ignition-sensors6
[1.448s] -- Looking for ignition-math6 -- found version 6.12.0
[1.448s] -- Looking for ignition-common4 -- found version 4.5.2
[1.448s] -- Looking for ignition-transport11 -- found version 11.2.0
[1.448s] -- Looking for ignition-rendering6 -- found version 6.5.1
[1.448s] -- Looking for ignition-msgs8 -- found version 8.6.0
[1.448s] -- Looking for sdformat12 -- found version 12.5.0
[1.449s] -- Searching for <ignition-sensors6> component [air_pressure]
[1.449s] -- Looking for ignition-sensors6-air_pressure -- found version 6.6.0
[1.450s] -- Searching for dependencies of ignition-sensors6-air_pressure
[1.450s] -- Searching for <ignition-sensors6> component [altimeter]
[1.450s] -- Looking for ignition-sensors6-altimeter -- found version 6.6.0
[1.451s] -- Searching for dependencies of ignition-sensors6-altimeter
[1.451s] -- Searching for <ignition-sensors6> component [imu]
[1.451s] -- Looking for ignition-sensors6-imu -- found version 6.6.0
[1.452s] -- Searching for dependencies of ignition-sensors6-imu
[1.452s] -- Searching for <ignition-sensors6> component [force_torque]
[1.452s] -- Looking for ignition-sensors6-force_torque -- found version 6.6.0
[1.453s] -- Searching for dependencies of ignition-sensors6-force_torque
[1.453s] -- Searching for <ignition-sensors6> component [logical_camera]
[1.454s] -- Looking for ignition-sensors6-logical_camera -- found version 6.6.0
[1.454s] -- Searching for dependencies of ignition-sensors6-logical_camera
[1.454s] -- Searching for <ignition-sensors6> component [magnetometer]
[1.455s] -- Looking for ignition-sensors6-magnetometer -- found version 6.6.0
[1.455s] -- Searching for dependencies of ignition-sensors6-magnetometer
[1.455s] -- Searching for <ignition-sensors6> component [navsat]
[1.455s] -- Looking for ignition-sensors6-navsat -- found version 6.6.0
[1.456s] -- Searching for dependencies of ignition-sensors6-navsat
[1.456s] -- Searching for <ignition-sensors6> component [rendering]
[1.456s] -- Looking for ignition-sensors6-rendering -- found version 6.6.0
[1.457s] -- Searching for dependencies of ignition-sensors6-rendering
[1.457s] -- Searching for <ignition-sensors6> component [lidar]
[1.457s] -- Looking for ignition-sensors6-lidar -- found version 6.6.0
[1.458s] -- Searching for dependencies of ignition-sensors6-lidar
[1.458s] -- Searching for <ignition-sensors6> component [gpu_lidar]
[1.458s] -- Looking for ignition-sensors6-gpu_lidar -- found version 6.6.0
[1.458s] -- Searching for dependencies of ignition-sensors6-gpu_lidar
[1.459s] -- Searching for <ignition-sensors6> component [camera]
[1.459s] -- Looking for ignition-sensors6-camera -- found version 6.6.0
[1.459s] -- Searching for dependencies of ignition-sensors6-camera
[1.460s] -- Searching for <ignition-sensors6> component [boundingbox_camera]
[1.460s] -- Looking for ignition-sensors6-boundingbox_camera -- found version 6.6.0
[1.460s] -- Searching for dependencies of ignition-sensors6-boundingbox_camera
[1.461s] -- Searching for <ignition-sensors6> component [segmentation_camera]
[1.461s] -- Looking for ignition-sensors6-segmentation_camera -- found version 6.6.0
[1.461s] -- Searching for dependencies of ignition-sensors6-segmentation_camera
[1.462s] -- Searching for <ignition-sensors6> component [depth_camera]
[1.462s] -- Looking for ignition-sensors6-depth_camera -- found version 6.6.0
[1.463s] -- Searching for dependencies of ignition-sensors6-depth_camera
[1.463s] -- Searching for <ignition-sensors6> component [rgbd_camera]
[1.463s] -- Looking for ignition-sensors6-rgbd_camera -- found version 6.6.0
[1.464s] -- Searching for dependencies of ignition-sensors6-rgbd_camera
[1.464s] -- Searching for <ignition-sensors6> component [thermal_camera]
[1.465s] -- Looking for ignition-sensors6-thermal_camera -- found version 6.6.0
[1.465s] -- Searching for dependencies of ignition-sensors6-thermal_camera
[1.466s] -- Looking for ignition-rendering6 -- found version 6.5.1
[1.466s] -- Looking for ignition-math6 -- found version 6.12.0
[1.467s] -- Looking for ignition-utils1 -- found version 1.4.0
[1.497s] -- Looking for ignition-gazebo6 - found
[1.497s] 
[1.557s] -- Configuring done
[1.564s] [33mCMake Warning (dev) at CMakeLists.txt:14 (add_library):
[1.564s]   Policy CMP0115 is not set: Source file extensions must be explicit.  Run
[1.564s]   "cmake --help-policy CMP0115" for policy details.  Use the cmake_policy
[1.564s]   command to set the policy and suppress this warning.
[1.564s] 
[1.564s]   File:
[1.564s] 
[1.564s]     /home/ubuntu/dev_ws/src/auv_gazebo/src/HelloWorld.cc
[1.564s] This warning is for project developers.  Use -Wno-dev to suppress it.
[1.564s] [0m
[1.576s] -- Generating done
[1.577s] -- Build files have been written to: /home/ubuntu/dev_ws/build/auv_gazebo
[1.584s] Invoked command in '/home/ubuntu/dev_ws/build/auv_gazebo' returned '0': CMAKE_PREFIX_PATH=${CMAKE_PREFIX_PATH}:/home/ubuntu/dev_ws/install/auv_app:/opt/ros/humble /usr/bin/cmake /home/ubuntu/dev_ws/src/auv_gazebo -DAMENT_CMAKE_SYMLINK_INSTALL=1 -DCMAKE_INSTALL_PREFIX=/home/ubuntu/dev_ws/install/auv_gazebo
[1.585s] Invoking command in '/home/ubuntu/dev_ws/build/auv_gazebo': CMAKE_PREFIX_PATH=${CMAKE_PREFIX_PATH}:/home/ubuntu/dev_ws/install/auv_app:/opt/ros/humble /usr/bin/cmake --build /home/ubuntu/dev_ws/build/auv_gazebo -- -j5 -l5
[1.632s] [35m[1mConsolidate compiler generated dependencies of target HelloWorld[0m
[1.657s] [100%] Built target HelloWorld
[1.671s] Invoked command in '/home/ubuntu/dev_ws/build/auv_gazebo' returned '0': CMAKE_PREFIX_PATH=${CMAKE_PREFIX_PATH}:/home/ubuntu/dev_ws/install/auv_app:/opt/ros/humble /usr/bin/cmake --build /home/ubuntu/dev_ws/build/auv_gazebo -- -j5 -l5
[1.750s] Invoking command in '/home/ubuntu/dev_ws/build/auv_gazebo': CMAKE_PREFIX_PATH=${CMAKE_PREFIX_PATH}:/home/ubuntu/dev_ws/install/auv_app:/opt/ros/humble /usr/bin/cmake --install /home/ubuntu/dev_ws/build/auv_gazebo
[1.758s] -- Install configuration: ""
[1.758s] -- Execute custom install script
[1.758s] -- Up-to-date symlink: /home/ubuntu/dev_ws/install/auv_gazebo/share/auv_gazebo/worlds/hello_world_plugin.sdf
[1.759s] -- Up-to-date symlink: /home/ubuntu/dev_ws/install/auv_gazebo/share/auv_gazebo/worlds/world.sdf
[1.759s] -- Up-to-date symlink: /home/ubuntu/dev_ws/install/auv_gazebo/share/ament_index/resource_index/package_run_dependencies/auv_gazebo
[1.760s] -- Up-to-date symlink: /home/ubuntu/dev_ws/install/auv_gazebo/share/ament_index/resource_index/parent_prefix_path/auv_gazebo
[1.760s] -- Up-to-date symlink: /home/ubuntu/dev_ws/install/auv_gazebo/share/auv_gazebo/environment/ament_prefix_path.sh
[1.760s] -- Up-to-date symlink: /home/ubuntu/dev_ws/install/auv_gazebo/share/auv_gazebo/environment/ament_prefix_path.dsv
[1.760s] -- Up-to-date symlink: /home/ubuntu/dev_ws/install/auv_gazebo/share/auv_gazebo/environment/path.sh
[1.761s] -- Up-to-date symlink: /home/ubuntu/dev_ws/install/auv_gazebo/share/auv_gazebo/environment/path.dsv
[1.761s] -- Up-to-date symlink: /home/ubuntu/dev_ws/install/auv_gazebo/share/auv_gazebo/local_setup.bash
[1.761s] -- Up-to-date symlink: /home/ubuntu/dev_ws/install/auv_gazebo/share/auv_gazebo/local_setup.sh
[1.761s] -- Up-to-date symlink: /home/ubuntu/dev_ws/install/auv_gazebo/share/auv_gazebo/local_setup.zsh
[1.761s] -- Up-to-date symlink: /home/ubuntu/dev_ws/install/auv_gazebo/share/auv_gazebo/local_setup.dsv
[1.761s] -- Symlinking: /home/ubuntu/dev_ws/install/auv_gazebo/share/auv_gazebo/package.dsv
[1.770s] -- Up-to-date symlink: /home/ubuntu/dev_ws/install/auv_gazebo/share/ament_index/resource_index/packages/auv_gazebo
[1.770s] -- Up-to-date symlink: /home/ubuntu/dev_ws/install/auv_gazebo/share/auv_gazebo/cmake/auv_gazeboConfig.cmake
[1.771s] -- Up-to-date symlink: /home/ubuntu/dev_ws/install/auv_gazebo/share/auv_gazebo/cmake/auv_gazeboConfig-version.cmake
[1.771s] -- Up-to-date symlink: /home/ubuntu/dev_ws/install/auv_gazebo/share/auv_gazebo/package.xml
[1.777s] Invoked command in '/home/ubuntu/dev_ws/build/auv_gazebo' returned '0': CMAKE_PREFIX_PATH=${CMAKE_PREFIX_PATH}:/home/ubuntu/dev_ws/install/auv_app:/opt/ros/humble /usr/bin/cmake --install /home/ubuntu/dev_ws/build/auv_gazebo
