[0.169s] Invoking command in '/home/ubuntu/dev_ws/build/auv_bringup': CMAKE_PREFIX_PATH=/opt/ros/humble /usr/bin/cmake --build /home/ubuntu/dev_ws/build/auv_bringup -- -j5 -l5
[0.250s] Invoked command in '/home/ubuntu/dev_ws/build/auv_bringup' returned '0': CMAKE_PREFIX_PATH=/opt/ros/humble /usr/bin/cmake --build /home/ubuntu/dev_ws/build/auv_bringup -- -j5 -l5
[0.319s] Invoking command in '/home/ubuntu/dev_ws/build/auv_bringup': CMAKE_PREFIX_PATH=/opt/ros/humble /usr/bin/cmake --install /home/ubuntu/dev_ws/build/auv_bringup
[0.328s] -- Install configuration: ""
[0.329s] -- Up-to-date: /home/ubuntu/dev_ws/install/auv_bringup/share/auv_bringup/launch
[0.330s] -- Installing: /home/ubuntu/dev_ws/install/auv_bringup/share/auv_bringup/launch/auv.launch.py
[0.330s] -- Up-to-date: /home/ubuntu/dev_ws/install/auv_bringup/share/auv_bringup/config
[0.331s] -- Up-to-date: /home/ubuntu/dev_ws/install/auv_bringup/share/auv_bringup/config/ros_gz_example_bridge.yaml
[0.331s] -- Up-to-date: /home/ubuntu/dev_ws/install/auv_bringup/share/auv_bringup/config/rover.rviz
[0.331s] -- Up-to-date: /home/ubuntu/dev_ws/install/auv_bringup/share/auv_bringup/config/bridge.yaml
[0.331s] -- Up-to-date: /home/ubuntu/dev_ws/install/auv_bringup/share/ament_index/resource_index/package_run_dependencies/auv_bringup
[0.332s] -- Up-to-date: /home/ubuntu/dev_ws/install/auv_bringup/share/ament_index/resource_index/parent_prefix_path/auv_bringup
[0.332s] -- Up-to-date: /home/ubuntu/dev_ws/install/auv_bringup/share/auv_bringup/environment/ament_prefix_path.sh
[0.332s] -- Up-to-date: /home/ubuntu/dev_ws/install/auv_bringup/share/auv_bringup/environment/ament_prefix_path.dsv
[0.332s] -- Up-to-date: /home/ubuntu/dev_ws/install/auv_bringup/share/auv_bringup/environment/path.sh
[0.343s] -- Up-to-date: /home/ubuntu/dev_ws/install/auv_bringup/share/auv_bringup/environment/path.dsv
[0.343s] -- Up-to-date: /home/ubuntu/dev_ws/install/auv_bringup/share/auv_bringup/local_setup.bash
[0.343s] -- Up-to-date: /home/ubuntu/dev_ws/install/auv_bringup/share/auv_bringup/local_setup.sh
[0.343s] -- Up-to-date: /home/ubuntu/dev_ws/install/auv_bringup/share/auv_bringup/local_setup.zsh
[0.343s] -- Up-to-date: /home/ubuntu/dev_ws/install/auv_bringup/share/auv_bringup/local_setup.dsv
[0.343s] -- Installing: /home/ubuntu/dev_ws/install/auv_bringup/share/auv_bringup/package.dsv
[0.343s] -- Up-to-date: /home/ubuntu/dev_ws/install/auv_bringup/share/ament_index/resource_index/packages/auv_bringup
[0.343s] -- Up-to-date: /home/ubuntu/dev_ws/install/auv_bringup/share/auv_bringup/cmake/auv_bringupConfig.cmake
[0.343s] -- Up-to-date: /home/ubuntu/dev_ws/install/auv_bringup/share/auv_bringup/cmake/auv_bringupConfig-version.cmake
[0.344s] -- Up-to-date: /home/ubuntu/dev_ws/install/auv_bringup/share/auv_bringup/package.xml
[0.362s] Invoked command in '/home/ubuntu/dev_ws/build/auv_bringup' returned '0': CMAKE_PREFIX_PATH=/opt/ros/humble /usr/bin/cmake --install /home/ubuntu/dev_ws/build/auv_bringup
